MPASM 5.75                PIC_8B_GENERAL.ASM   10-20-2022  23:11:53         PAGE  1


LOC  OBJECT CODE     LINE SOURCE TEXT
  VALUE

                      00001 ;*******************************************************************************
                      00002 ;
                      00003 ;  Create a 500 ms delay for a led to toggle its state regularly
                      00004 ;*******************************************************************************
                      00005 #include "p16f887.inc"
                      00001         LIST
                      00002 
                      00003 ;==========================================================================
                      00004 ; Build date : Jul 02 2017
                      00005 ;  MPASM PIC16F887 processor include
                      00006 ; 
                      00007 ;  (c) Copyright 1999-2017 Microchip Technology, All rights reserved
                      00008 ;==========================================================================
                      00009 
                      00810         LIST
                      00006 
                      00007 ; CONFIG1
                      00008 ; __config 0xE0D2
Warning[205]: Found directive in column 1. (__CONFIG)
2007   20D2           00009 __CONFIG _CONFIG1, _FOSC_HS & _WDTE_OFF & _PWRTE_OFF & _MCLRE_OFF & _CP_OFF & _CPD_OFF & _BOREN_OFF & _I
                            ESO_OFF & _FCMEN_OFF & _LVP_OFF
                      00010 ; CONFIG2
                      00011 ; __config 0xFEFF
Warning[205]: Found directive in column 1. (__CONFIG)
2008   3EFF           00012 __CONFIG _CONFIG2, _BOR4V_BOR21V & _WRT_OFF
                      00013  
                      00014 ; TODO PLACE VARIABLE DEFINITIONS GO HERE
                      00015 #define BANK0     BCF STATUS,RP0
                      00016 #define BANK1     BSF STATUS,RP0
                      00017  
                      00018 ;*******************************************************************************
                      00019 ; USER-DEFINED GENERAL PURPOSE REGISTER
  00000020            00020 AUX        EQU  H'20'
  00000021            00021 counter    EQU  H'21'   
  00000022            00022 pointer    EQU  H'22'
  00000023            00023 lastIndex  EQU  H'23'
                      00024   
                      00025 ; Reset Vector
                      00026 ;*******************************************************************************
                      00027 RES_VECT  CODE    0x0000            ; processor reset vector
0000   2???           00028     GOTO    START                   ; go to beginning of program
                      00029 
                      00030 ;*******************************************************************************
                      00031 
                      00032 ; TODO INSERT ISR HERE
                      00033         ORG     H'0004'
0004   0009           00034         RETFIE
                      00035 ;*******************************************************************************
                      00036 ; MAIN PROGRAM
                      00037 ;*******************************************************************************
                      00038 MAIN_PROG CODE                      ; let linker place main program
                      00039 
0000                  00040 START
MPASM 5.75                PIC_8B_GENERAL.ASM   10-20-2022  23:11:53         PAGE  2


LOC  OBJECT CODE     LINE SOURCE TEXT
  VALUE

0000   1683           00041             BANK1
0001   3000           00042             MOVLW       H'00'               ; 
Message[302]: Register in operand not in bank 0.  Ensure that bank bits are correct.
0002   0086           00043             MOVWF       TRISB               ; 8 outputs
0003   018B           00044             CLRF        INTCON              ; not interrupt enabled
Message[302]: Register in operand not in bank 0.  Ensure that bank bits are correct.
0004   1281           00045             BCF         OPTION_REG,T0CS     ; external clock
Message[302]: Register in operand not in bank 0.  Ensure that bank bits are correct.
0005   1181           00046             BCF         OPTION_REG,PSA      ; assigned to TMR0
Message[302]: Register in operand not in bank 0.  Ensure that bank bits are correct.
0006   1501           00047             BSF         OPTION_REG,PS2      ; 1
Message[302]: Register in operand not in bank 0.  Ensure that bank bits are correct.
0007   1481           00048             BSF         OPTION_REG,PS1      ; 1, 1
Message[302]: Register in operand not in bank 0.  Ensure that bank bits are correct.
0008   1401           00049             BSF         OPTION_REG,PS0      ; PRESCALER 1:256
                      00050  
0009   1283           00051             BANK0
000A   3000           00052             MOVLW       H'00'
000B   0086           00053             MOVWF       PORTB               ; B'0000 0000', outputs
000C   0181           00054             CLRF        TMR0                ; start timer0 counting
000D   01A1           00055             CLRF        counter
000E   01A2           00056             CLRF        pointer
000F   3047           00057             MOVLW       H'47'
0010   00A3           00058             MOVWF       lastIndex
                      00059 ; ------------ MAIN ROUTINE ---------------------------------------------------
0011                  00060 LOOP
0011   2???           00061             CALL        PATTERNS
0012   2???           00062             CALL        TIMING
0013   2???           00063             GOTO        LOOP
                      00064             
                      00065 ; ------------ SUBROUTINES ------------------------------------------------------
0014                  00066 TABLE
Message[305]: Using default destination of 1 (file).
0014   0782           00067         ADDWF   PCL
0015                  00068 pattern0
0015   3423           00069         RETLW   H'23'
0016   343F           00070         RETLW   H'3F'
0017   3447           00071         RETLW   H'47'
0018   347F           00072         RETLW   H'7F'
0019   34A2           00073         RETLW   H'A2'
001A   341F           00074         RETLW   H'1F'
001B   3403           00075         RETLW   H'03'
001C   3467           00076         RETLW   H'67'
001D                  00077 pattern1
001D   34FF           00078         RETLW   H'FF'
001E   347E           00079         RETLW   H'7E'
001F   34BD           00080         RETLW   H'BD'
0020   34DB           00081         RETLW   H'DB'
0021   34E7           00082         RETLW   H'E7'
0022   34DB           00083         RETLW   H'DB'
0023   34BD           00084         RETLW   H'BD'
0024   347E           00085         RETLW   H'07E'
                      00086 
MPASM 5.75                PIC_8B_GENERAL.ASM   10-20-2022  23:11:53         PAGE  3


LOC  OBJECT CODE     LINE SOURCE TEXT
  VALUE

0025                  00087 pattern2
0025   34FF           00088         RETLW H'FF'
0026   343C           00089         RETLW H'3C'
0027   3418           00090         RETLW H'18'
0028   3424           00091         RETLW H'24'
0029   3442           00092         RETLW H'42'
002A   3481           00093         RETLW H'81'
002B   34C3           00094         RETLW H'C3'
002C   3400           00095         RETLW H'00'
                      00096 
002D                  00097 pattern3
002D   3401           00098         RETLW H'01'
002E   3402           00099         RETLW H'02'
002F   3404           00100         RETLW H'04'
0030   3408           00101         RETLW H'08'
0031   3410           00102         RETLW H'10' 
0032   3420           00103         RETLW H'20'
0033   3440           00104         RETLW H'40'
0034   3480           00105         RETLW H'80'
                      00106 
0035                  00107 pattern4
0035   34FF           00108         RETLW H'FF'
0036   3481           00109         RETLW H'81'
0037   3483           00110         RETLW H'83'
0038   3487           00111         RETLW H'87'
0039   348F           00112         RETLW H'8F'
003A   349F           00113         RETLW H'9F'
003B   34BF           00114         RETLW H'BF'
003C   34FF           00115         RETLW H'FF'
                      00116 
003D                  00117 pattern5
003D   347F           00118         RETLW H'7F'
003E   343F           00119         RETLW H'3F'
003F   341F           00120         RETLW H'1F'
0040   340F           00121         RETLW H'0F'
0041   3407           00122         RETLW H'07'
0042   3403           00123         RETLW H'03'
0043   3401           00124         RETLW H'01'
0044   34FF           00125         RETLW H'FF'
                      00126 ;-------------------------------------------------------------------------------    
0045                  00127 PATTERNS    
0045   0822           00128         MOVF    pointer, W         ; copy 0 into W register
0046   2???           00129         CALL    TABLE              ; call table with hex values
0047   0086           00130         MOVWF   PORTB              ; send returned value to W into PORTB
0048   0A22           00131         INCF    pointer, W         ; increment pointer and save in W reg
0049   3923           00132         ANDLW   lastIndex          ; AND value with 0000 0111 to reset pointer
004A   00A2           00133         MOVWF   pointer            ; copy result of ANDing in pointer register    
004B   0008           00134         RETURN     
                      00135 ;-------------------------------------------------------------------------------        
004C                  00136 TIMING                              ; as timer0 counts till 255
004C   301A           00137         MOVLW   D'26'               ; it will be multipled by 256
004D   00A0           00138         MOVWF   AUX                 ; times 8 repetitions
                      00139                                     ; that equals 522240 us
MPASM 5.75                PIC_8B_GENERAL.ASM   10-20-2022  23:11:53         PAGE  4


LOC  OBJECT CODE     LINE SOURCE TEXT
  VALUE

004E   110B           00140 REPEAT  BCF     INTCON,T0IF         ; which represents 522 ms
004F   0181           00141         CLRF    TMR0                ; or 1448 ms if AUX = 16
                      00142             
0050   1D0B           00143         BTFSS   INTCON,T0IF         ; ROUTINE will be caught here
0051   2???           00144         GOTO    $ -1                ; till timer0 overflows
Message[305]: Using default destination of 1 (file).
0052   0BA0           00145         DECFSZ  AUX
0053   2???           00146         GOTO    REPEAT
0054   0008           00147         RETURN
                      00148 ; -----------------------------------------------------------------------------
20D2 3EFF             00149             END
MPASM 5.75                PIC_8B_GENERAL.ASM   10-20-2022  23:11:53         PAGE  5


SYMBOL TABLE
  LABEL                             VALUE 

ABDEN                             00000000
ABDOVF                            00000007
ACKDT                             00000005
ACKEN                             00000004
ACKSTAT                           00000006
ADCON0                            0000001F
ADCON1                            0000009F
ADCS0                             00000006
ADCS1                             00000007
ADDEN                             00000003
ADFM                              00000007
ADIE                              00000006
ADIF                              00000006
ADON                              00000000
ADRESH                            0000001E
ADRESL                            0000009E
ANS0                              00000000
ANS1                              00000001
ANS10                             00000002
ANS11                             00000003
ANS12                             00000004
ANS13                             00000005
ANS2                              00000002
ANS3                              00000003
ANS4                              00000004
ANS5                              00000005
ANS6                              00000006
ANS7                              00000007
ANS8                              00000000
ANS9                              00000001
ANSEL                             00000188
ANSELH                            00000189
AUX                               00000020
BANK0                             BCF STATUS,RP0
BANK1                             BSF STATUS,RP0
BAUDCTL                           00000187
BCLIE                             00000003
BCLIF                             00000003
BF                                00000000
BRG0                              00000000
BRG1                              00000001
BRG10                             00000002
BRG11                             00000003
BRG12                             00000004
BRG13                             00000005
BRG14                             00000006
BRG15                             00000007
BRG16                             00000003
BRG2                              00000002
BRG3                              00000003
BRG4                              00000004
BRG5                              00000005
BRG6                              00000006
MPASM 5.75                PIC_8B_GENERAL.ASM   10-20-2022  23:11:53         PAGE  6


SYMBOL TABLE
  LABEL                             VALUE 

BRG7                              00000007
BRG8                              00000000
BRG9                              00000001
BRGH                              00000002
C                                 00000000
C1CH0                             00000000
C1CH1                             00000001
C1IE                              00000005
C1IF                              00000005
C1OE                              00000005
C1ON                              00000007
C1OUT                             00000006
C1POL                             00000004
C1R                               00000002
C1RSEL                            00000005
C1SEN                             00000005
C2CH0                             00000000
C2CH1                             00000001
C2IE                              00000006
C2IF                              00000006
C2OE                              00000005
C2ON                              00000007
C2OUT                             00000006
C2POL                             00000004
C2R                               00000002
C2REN                             00000004
C2RSEL                            00000004
C2SYNC                            00000000
CCP1CON                           00000017
CCP1IE                            00000002
CCP1IF                            00000002
CCP1M0                            00000000
CCP1M1                            00000001
CCP1M2                            00000002
CCP1M3                            00000003
CCP1X                             00000005
CCP1Y                             00000004
CCP2CON                           0000001D
CCP2IE                            00000000
CCP2IF                            00000000
CCP2M0                            00000000
CCP2M1                            00000001
CCP2M2                            00000002
CCP2M3                            00000003
CCP2X                             00000005
CCP2Y                             00000004
CCPR1                             00000015
CCPR1H                            00000016
CCPR1L                            00000015
CCPR2                             0000001B
CCPR2H                            0000001C
CCPR2L                            0000001B
CHS0                              00000002
MPASM 5.75                PIC_8B_GENERAL.ASM   10-20-2022  23:11:53         PAGE  7


SYMBOL TABLE
  LABEL                             VALUE 

CHS1                              00000003
CHS2                              00000004
CHS3                              00000005
CKE                               00000006
CKP                               00000004
CM1CON0                           00000107
CM2CON0                           00000108
CM2CON1                           00000109
CREN                              00000004
CSRC                              00000007
D                                 00000005
DATA_ADDRESS                      00000005
DC                                00000001
DC1B0                             00000004
DC1B1                             00000005
DC2B0                             00000004
DC2B1                             00000005
D_A                               00000005
D_NOT_A                           00000005
ECCPAS                            0000009C
ECCPAS0                           00000004
ECCPAS1                           00000005
ECCPAS2                           00000006
ECCPASE                           00000007
EEADR                             0000010D
EEADRH                            0000010F
EECON1                            0000018C
EECON2                            0000018D
EEDAT                             0000010C
EEDATA                            0000010C
EEDATH                            0000010E
EEIE                              00000004
EEIF                              00000004
EEPGD                             00000007
F                                 00000001
FERR                              00000002
FSR                               00000004
FVREN                             00000000
GCEN                              00000007
GIE                               00000007
GO                                00000001
GO_DONE                           00000001
GO_NOT_DONE                       00000001
HTS                               00000002
I2C_DATA                          00000005
I2C_READ                          00000002
I2C_START                         00000003
I2C_STOP                          00000004
INDF                              00000000
INTCON                            0000000B
INTE                              00000004
INTEDG                            00000006
INTF                              00000001
MPASM 5.75                PIC_8B_GENERAL.ASM   10-20-2022  23:11:53         PAGE  8


SYMBOL TABLE
  LABEL                             VALUE 

IOCB                              00000096
IOCB0                             00000000
IOCB1                             00000001
IOCB2                             00000002
IOCB3                             00000003
IOCB4                             00000004
IOCB5                             00000005
IOCB6                             00000006
IOCB7                             00000007
IRCF0                             00000004
IRCF1                             00000005
IRCF2                             00000006
IRP                               00000007
LOOP                              00000011
LTS                               00000001
MC1OUT                            00000007
MC2OUT                            00000006
MSK                               00000093
MSK0                              00000000
MSK1                              00000001
MSK2                              00000002
MSK3                              00000003
MSK4                              00000004
MSK5                              00000005
MSK6                              00000006
MSK7                              00000007
NOT_A                             00000005
NOT_ADDRESS                       00000005
NOT_BO                            00000000
NOT_BOR                           00000000
NOT_DONE                          00000001
NOT_PD                            00000003
NOT_POR                           00000001
NOT_RBPU                          00000007
NOT_RC8                           00000006
NOT_T1SYNC                        00000002
NOT_TO                            00000004
NOT_TX8                           00000006
NOT_W                             00000002
NOT_WRITE                         00000002
OERR                              00000001
OPTION_REG                        00000081
OSCCON                            0000008F
OSCTUNE                           00000090
OSFIE                             00000007
OSFIF                             00000007
OSTS                              00000003
P                                 00000004
P1M0                              00000006
P1M1                              00000007
PATTERNS                          00000045
PCL                               00000002
PCLATH                            0000000A
MPASM 5.75                PIC_8B_GENERAL.ASM   10-20-2022  23:11:53         PAGE  9


SYMBOL TABLE
  LABEL                             VALUE 

PCON                              0000008E
PDC0                              00000000
PDC1                              00000001
PDC2                              00000002
PDC3                              00000003
PDC4                              00000004
PDC5                              00000005
PDC6                              00000006
PEIE                              00000006
PEN                               00000002
PIE1                              0000008C
PIE2                              0000008D
PIR1                              0000000C
PIR2                              0000000D
PORTA                             00000005
PORTB                             00000006
PORTC                             00000007
PORTD                             00000008
PORTE                             00000009
PR2                               00000092
PRSEN                             00000007
PS0                               00000000
PS1                               00000001
PS2                               00000002
PSA                               00000003
PSSAC0                            00000002
PSSAC1                            00000003
PSSBD0                            00000000
PSSBD1                            00000001
PSTRCON                           0000009D
PULSR                             00000002
PULSS                             00000003
PWM1CON                           0000009B
R                                 00000002
RA0                               00000000
RA1                               00000001
RA2                               00000002
RA3                               00000003
RA4                               00000004
RA5                               00000005
RA6                               00000006
RA7                               00000007
RB0                               00000000
RB1                               00000001
RB2                               00000002
RB3                               00000003
RB4                               00000004
RB5                               00000005
RB6                               00000006
RB7                               00000007
RBIE                              00000003
RBIF                              00000000
RC0                               00000000
MPASM 5.75                PIC_8B_GENERAL.ASM   10-20-2022  23:11:53         PAGE 10


SYMBOL TABLE
  LABEL                             VALUE 

RC1                               00000001
RC2                               00000002
RC3                               00000003
RC4                               00000004
RC5                               00000005
RC6                               00000006
RC7                               00000007
RC8_9                             00000006
RC9                               00000006
RCD8                              00000000
RCEN                              00000003
RCIDL                             00000006
RCIE                              00000005
RCIF                              00000005
RCREG                             0000001A
RCSTA                             00000018
RD                                00000000
RD0                               00000000
RD1                               00000001
RD2                               00000002
RD3                               00000003
RD4                               00000004
RD5                               00000005
RD6                               00000006
RD7                               00000007
RE0                               00000000
RE1                               00000001
RE2                               00000002
RE3                               00000003
READ_WRITE                        00000002
REPEAT                            0000004E
RP0                               00000005
RP1                               00000006
RSEN                              00000001
RX9                               00000006
RX9D                              00000000
R_NOT_W                           00000002
R_W                               00000002
S                                 00000003
SBOREN                            00000004
SCKP                              00000004
SCS                               00000000
SEN                               00000000
SENDB                             00000003
SMP                               00000007
SPBRG                             00000099
SPBRGH                            0000009A
SPEN                              00000007
SR0                               00000006
SR1                               00000007
SRCON                             00000185
SREN                              00000005
SSPADD                            00000093
MPASM 5.75                PIC_8B_GENERAL.ASM   10-20-2022  23:11:53         PAGE 11


SYMBOL TABLE
  LABEL                             VALUE 

SSPBUF                            00000013
SSPCON                            00000014
SSPCON2                           00000091
SSPEN                             00000005
SSPIE                             00000003
SSPIF                             00000003
SSPM0                             00000000
SSPM1                             00000001
SSPM2                             00000002
SSPM3                             00000003
SSPMSK                            00000093
SSPOV                             00000006
SSPSTAT                           00000094
START                             00000000
STATUS                            00000003
STRA                              00000000
STRB                              00000001
STRC                              00000002
STRD                              00000003
STRSYNC                           00000004
SWDTEN                            00000000
SYNC                              00000004
T0CS                              00000005
T0IE                              00000005
T0IF                              00000002
T0SE                              00000004
T1CKPS0                           00000004
T1CKPS1                           00000005
T1CON                             00000010
T1GINV                            00000007
T1GIV                             00000007
T1GSS                             00000001
T1INSYNC                          00000002
T1OSCEN                           00000003
T1SYNC                            00000002
T2CKPS0                           00000000
T2CKPS1                           00000001
T2CON                             00000012
TABLE                             00000014
TIMING                            0000004C
TMR0                              00000001
TMR0IE                            00000005
TMR0IF                            00000002
TMR1                              0000000E
TMR1CS                            00000001
TMR1GE                            00000006
TMR1H                             0000000F
TMR1IE                            00000000
TMR1IF                            00000000
TMR1L                             0000000E
TMR1ON                            00000000
TMR2                              00000011
TMR2IE                            00000001
MPASM 5.75                PIC_8B_GENERAL.ASM   10-20-2022  23:11:53         PAGE 12


SYMBOL TABLE
  LABEL                             VALUE 

TMR2IF                            00000001
TMR2ON                            00000002
TOUTPS0                           00000003
TOUTPS1                           00000004
TOUTPS2                           00000005
TOUTPS3                           00000006
TRISA                             00000085
TRISA0                            00000000
TRISA1                            00000001
TRISA2                            00000002
TRISA3                            00000003
TRISA4                            00000004
TRISA5                            00000005
TRISA6                            00000006
TRISA7                            00000007
TRISB                             00000086
TRISB0                            00000000
TRISB1                            00000001
TRISB2                            00000002
TRISB3                            00000003
TRISB4                            00000004
TRISB5                            00000005
TRISB6                            00000006
TRISB7                            00000007
TRISC                             00000087
TRISC0                            00000000
TRISC1                            00000001
TRISC2                            00000002
TRISC3                            00000003
TRISC4                            00000004
TRISC5                            00000005
TRISC6                            00000006
TRISC7                            00000007
TRISD                             00000088
TRISD0                            00000000
TRISD1                            00000001
TRISD2                            00000002
TRISD3                            00000003
TRISD4                            00000004
TRISD5                            00000005
TRISD6                            00000006
TRISD7                            00000007
TRISE                             00000089
TRISE0                            00000000
TRISE1                            00000001
TRISE2                            00000002
TRISE3                            00000003
TRMT                              00000001
TUN0                              00000000
TUN1                              00000001
TUN2                              00000002
TUN3                              00000003
TUN4                              00000004
MPASM 5.75                PIC_8B_GENERAL.ASM   10-20-2022  23:11:53         PAGE 13


SYMBOL TABLE
  LABEL                             VALUE 

TX8_9                             00000006
TX9                               00000006
TX9D                              00000000
TXD8                              00000000
TXEN                              00000005
TXIE                              00000004
TXIF                              00000004
TXREG                             00000019
TXSTA                             00000098
UA                                00000001
ULPWUE                            00000005
ULPWUIE                           00000002
ULPWUIF                           00000002
VCFG0                             00000004
VCFG1                             00000005
VR0                               00000000
VR1                               00000001
VR2                               00000002
VR3                               00000003
VRCON                             00000097
VREN                              00000007
VROE                              00000006
VRR                               00000005
VRSS                              00000004
W                                 00000000
WCOL                              00000007
WDTCON                            00000105
WDTPS0                            00000001
WDTPS1                            00000002
WDTPS2                            00000003
WDTPS3                            00000004
WPUB                              00000095
WPUB0                             00000000
WPUB1                             00000001
WPUB2                             00000002
WPUB3                             00000003
WPUB4                             00000004
WPUB5                             00000005
WPUB6                             00000006
WPUB7                             00000007
WR                                00000001
WREN                              00000002
WRERR                             00000003
WUE                               00000001
Z                                 00000002
_BOR21V                           00003EFF
_BOR40V                           00003FFF
_BOR4V_BOR21V                     00003EFF
_BOR4V_BOR40V                     00003FFF
_BOREN_NSLEEP                     00003EFF
_BOREN_OFF                        00003CFF
_BOREN_ON                         00003FFF
_BOREN_SBODEN                     00003DFF
MPASM 5.75                PIC_8B_GENERAL.ASM   10-20-2022  23:11:53         PAGE 14


SYMBOL TABLE
  LABEL                             VALUE 

_BOR_NSLEEP                       00003EFF
_BOR_OFF                          00003CFF
_BOR_ON                           00003FFF
_BOR_SBODEN                       00003DFF
_CONFIG1                          00002007
_CONFIG2                          00002008
_CPD_OFF                          00003FFF
_CPD_ON                           00003F7F
_CP_OFF                           00003FFF
_CP_ON                            00003FBF
_DEBUG_OFF                        00003FFF
_DEBUG_ON                         00001FFF
_DEVID1                           00002006
_EC_OSC                           00003FFB
_EXTRC                            00003FFF
_EXTRCIO                          00003FFE
_EXTRC_OSC_CLKOUT                 00003FFF
_EXTRC_OSC_NOCLKOUT               00003FFE
_FCMEN_OFF                        000037FF
_FCMEN_ON                         00003FFF
_FOSC_EC                          00003FFB
_FOSC_EXTRC_CLKOUT                00003FFF
_FOSC_EXTRC_NOCLKOUT              00003FFE
_FOSC_HS                          00003FFA
_FOSC_INTRC_CLKOUT                00003FFD
_FOSC_INTRC_NOCLKOUT              00003FFC
_FOSC_LP                          00003FF8
_FOSC_XT                          00003FF9
_HS_OSC                           00003FFA
_IDLOC0                           00002000
_IDLOC1                           00002001
_IDLOC2                           00002002
_IDLOC3                           00002003
_IESO_OFF                         00003BFF
_IESO_ON                          00003FFF
_INTOSC                           00003FFD
_INTOSCIO                         00003FFC
_INTRC_OSC_CLKOUT                 00003FFD
_INTRC_OSC_NOCLKOUT               00003FFC
_LP_OSC                           00003FF8
_LVP_OFF                          00002FFF
_LVP_ON                           00003FFF
_MAIN_PROG_0051                   00000051
_MCLRE_OFF                        00003FDF
_MCLRE_ON                         00003FFF
_PWRTE_OFF                        00003FFF
_PWRTE_ON                         00003FEF
_WDTE_OFF                         00003FF7
_WDTE_ON                          00003FFF
_WDT_OFF                          00003FF7
_WDT_ON                           00003FFF
_WRT_1FOURTH                      00003BFF
_WRT_256                          00003DFF
MPASM 5.75                PIC_8B_GENERAL.ASM   10-20-2022  23:11:53         PAGE 15


SYMBOL TABLE
  LABEL                             VALUE 

_WRT_HALF                         000039FF
_WRT_OFF                          00003FFF
_XT_OSC                           00003FF9
__16F887                          00000001
counter                           00000021
lastIndex                         00000023
pattern0                          00000015
pattern1                          0000001D
pattern2                          00000025
pattern3                          0000002D
pattern4                          00000035
pattern5                          0000003D
pointer                           00000022

Errors   :     0
Warnings :     2 reported,     0 suppressed
Messages :     8 reported,     0 suppressed

