MPASM 5.75                 PIC_8B_SIMPLE.ASM   10-24-2022  3:32:54         PAGE  1


LOC  OBJECT CODE     LINE SOURCE TEXT
  VALUE

                      00001 ;*******************************************************************************
                      00002 ; TODO INSERT INCLUDE CODE HERE
                      00003 #include "p10f200.inc"
                      00001         LIST
                      00002 
                      00003 ;==========================================================================
                      00004 ; Build date : Jul 02 2017
                      00005 ;  MPASM PIC10F200 processor include
                      00006 ; 
                      00007 ;  (c) Copyright 1999-2017 Microchip Technology, All rights reserved
                      00008 ;==========================================================================
                      00009 
                      00152         LIST
                      00004 #define  OFFSET  H'0C'    
                      00005     
                      00006 ; __config 0xFFEB
0FFF   0FEB           00007  __CONFIG _WDTE_OFF & _CP_OFF & _MCLRE_OFF
                      00008 ;*******************************************************************************
                      00009 ; TODO PLACE VARIABLE DEFINITIONS
  00000010            00010 countCycl   EQU   H'10'
  00000011            00011 maxCount    EQU   H'11'
                      00012 
                      00013 ;*******************************************************************************
                      00014 ; Reset Vector
                      00015 ;*******************************************************************************
                      00016 RES_VECT  CODE    0x0000            ; processor reset vector
0000   0A??           00017     GOTO    START                   ; go to beginning of program
                      00018 
                      00019 ;*******************************************************************************
                      00020 ; MAIN PROGRAM
                      00021 ;*******************************************************************************
                      00022 MAIN_PROG CODE                      ; let linker place main program
                      00023 
0000                  00024 START                               ; set TMR0 as timer, rising edge
0000   0CFF           00025     MOVLW   ~(1<<T0CS) | ~(1<<T0SE) | ~(1<<PSA)
0001   0002           00026     OPTION                          ; assign prescaler to timer0        
                      00027     ;----------------------------------------------------------------    
0002   0C07           00028     MOVLW   (1<<PS2) |  (1<<PS1) | (1<<PS0)   
0003   0002           00029     OPTION                          ; prescaler 1:256
                      00030     ;----------------------------------------------------------------    
0004   0CFD           00031     MOVLW   ~(1<<GP1) ; set GP1 and GP3 as an output
0005   0006           00032     TRIS    GPIO
                      00033     ;----------------------------------------------------------------    
0006   0CFF           00034     MOVLW   ~(1<<GP0) | ~(1<<GP2)   ; set GP0 and GP2 also as output
0007   0006           00035     TRIS    GPIO
                      00036     ;----------------------------------------------------------------    
0008   0CFD           00037     MOVLW   ~(1<<GP1) ; clear GP1 and GP3 pins
Message[305]: Using default destination of 1 (file).
0009   0166           00038     ANDWF    GPIO
                      00039     ;----------------------------------------------------------------    
000A   0C05           00040     MOVLW   (1<<GP0) | (1<<GP2)     ; set GP0 and GP2 pins
Message[305]: Using default destination of 1 (file).
000B   0126           00041     IORWF   GPIO
MPASM 5.75                 PIC_8B_SIMPLE.ASM   10-24-2022  3:32:54         PAGE  2


LOC  OBJECT CODE     LINE SOURCE TEXT
  VALUE

                      00042     ;----------------------------------------------------------------        
000C   0CF4           00043     MOVLW   H'F4'                   ; save 244
000D   0031           00044     MOVWF   maxCount                ; into temporary register
                      00045     ;----------------------------------------------------------------    
000E   0004           00046     CLRWDT                          ; clear watchdog timer
                      00047     
                      00048 ;===============================================================================
                      00049 ;  Main program
                      00050 ;===============================================================================
000F                  00051 LOOP
000F   09??           00052     CALL    TOGGLE
0010   09??           00053     CALL    TMR0_DELAY              ; wait for one second
0011   09??           00054     CALL    TOGGLE
0012   09??           00055     CALL    TMR0_DELAY_2sec         ; wait for one second
0013   0A??           00056     GOTO    LOOP                    ; repeat procedure
                      00057 
                      00058 ;==============================================================================
                      00059 ;  Subroutines
                      00060 ;==============================================================================
0014                  00061 TOGGLE
0014   0C0F           00062     MOVLW   H'0F'                   ; mask 0000 1111
Message[305]: Using default destination of 1 (file).
0015   01A6           00063     XORWF   GPIO                    ; toggle led state on GPIO
Warning[227]: Substituting RETLW 0 for RETURN pseudo-op
0016   0800           00064     RETURN
                      00065     
                      00066 ;==============================================================================
                      00067 ;  TMR0 Subroutine
                      00068 ;==============================================================================
0017                  00069 TMR0_DELAY
0017   0C0C           00070     MOVLW   OFFSET                  ; Yes, so copy offset value of 12
                      00071                                     ; again into TMR0, since 256-244=12
0018   0021           00072     MOVWF   TMR0                    ; tmr0 is ready for new couting cycle
0019   0C10           00073     MOVLW    D'16'                  ; total interrupt cycles for a 1 sec delay
001A   0030           00074     MOVWF   countCycl               ; prepare register for decrementing in ISR
001B                  00075 WAIT
001B   0201           00076     MOVF    TMR0,W                  ; read timer0 value, store it in W
Message[305]: Using default destination of 1 (file).
001C   00B1           00077     SUBWF   maxCount                ; subtract W from 244       
001D   0743           00078     BTFSS   STATUS,Z                ; Is zero set? 
001E   0A??           00079     GOTO    WAIT                    ; No, because W - 244 != 0
                      00080    
001F   0C0C           00081     MOVLW   OFFSET                  ; Yes, so copy offset value of 12
                      00082                                     ; again into TMR0, since 256-244=12
0020   0021           00083     MOVWF   TMR0                    ; tmr0 is ready for new couting cycle
0021   02F0           00084     DECFSZ  countCycl,F             ; the variable has the value 16
0022   0A??           00085     GOTO    WAIT                    ; for the number of cycles till the
0023   0C10           00086     MOVLW    D'16'                  ; total interrupt cycles for a 1 sec delay
0024   0030           00087     MOVWF   countCycl               ; prepare register for decrementing in ISR
                      00088 
Warning[227]: Substituting RETLW 0 for RETURN pseudo-op
0025   0800           00089     RETURN                          ; delay function reaches 1 second
                      00090 ;-------------------------------------------------------------------------------
MPASM 5.75                 PIC_8B_SIMPLE.ASM   10-24-2022  3:32:54         PAGE  3


LOC  OBJECT CODE     LINE SOURCE TEXT
  VALUE

0026                  00091 TMR0_DELAY_2sec
0026   0C0C           00092     MOVLW   OFFSET                  ; Yes, so copy offset value of 12
                      00093                                     ; again into TMR0, since 256-244=12
0027   0021           00094     MOVWF   TMR0                    ; tmr0 is ready for new couting cycle
0028   0C20           00095     MOVLW    D'32'                  ; total interrupt cycles for a 1 sec delay
0029   0030           00096     MOVWF   countCycl               ; prepare register for decrementing in ISR
002A                  00097 WAIT2
002A   0201           00098     MOVF    TMR0,W                  ; read timer0 value, store it in W
Message[305]: Using default destination of 1 (file).
002B   00B1           00099     SUBWF   maxCount                ; subtract W from 244       
002C   0743           00100     BTFSS   STATUS,Z                ; Is zero set? 
002D   0A??           00101     GOTO    WAIT2                   ; No, because W - 244 != 0
                      00102    
002E   0C0C           00103     MOVLW   OFFSET                  ; Yes, so copy offset value of 12
                      00104                                     ; again into TMR0, since 256-244=12
002F   0021           00105     MOVWF   TMR0                    ; tmr0 is ready for new couting cycle
0030   02F0           00106     DECFSZ  countCycl,F             ; the variable has the value 16
0031   0A??           00107     GOTO    WAIT2                   ; for the number of cycles till the
0032   0C20           00108     MOVLW    D'32'                  ; total interrupt cycles for a 1 sec delay
0033   0030           00109     MOVWF   countCycl               ; prepare register for decrementing in ISR
                      00110 
Warning[227]: Substituting RETLW 0 for RETURN pseudo-op
0034   0800           00111     RETURN                          ; delay function reaches 1 second
                      00112     
                      00113 ;*******************************************************************************
0FEB                  00114     END
MPASM 5.75                 PIC_8B_SIMPLE.ASM   10-24-2022  3:32:54         PAGE  4


SYMBOL TABLE
  LABEL                             VALUE 

C                                 00000000
CAL0                              00000001
CAL1                              00000002
CAL2                              00000003
CAL3                              00000004
CAL4                              00000005
CAL5                              00000006
CAL6                              00000007
DC                                00000001
F                                 00000001
FOSC4                             00000000
FSR                               00000004
GP0                               00000000
GP1                               00000001
GP2                               00000002
GP3                               00000003
GPIO                              00000006
GPWUF                             00000007
INDF                              00000000
LOOP                              0000000F
NOT_GPPU                          00000006
NOT_GPWU                          00000007
NOT_PD                            00000003
NOT_TO                            00000004
OFFSET                            H'0C'
OSCCAL                            00000005
PCL                               00000002
PS0                               00000000
PS1                               00000001
PS2                               00000002
PSA                               00000003
START                             00000000
STATUS                            00000003
T0CS                              00000005
T0SE                              00000004
TMR0                              00000001
TMR0_DELAY                        00000017
TMR0_DELAY_2sec                   00000026
TOGGLE                            00000014
TRISIO0                           00000000
TRISIO1                           00000001
TRISIO2                           00000002
TRISIO3                           00000003
W                                 00000000
WAIT                              0000001B
WAIT2                             0000002A
Z                                 00000002
_CONFIG                           00000FFF
_CP_OFF                           00000FFF
_CP_ON                            00000FF7
_IDLOC0                           00000100
_IDLOC1                           00000101
_IDLOC2                           00000102
MPASM 5.75                 PIC_8B_SIMPLE.ASM   10-24-2022  3:32:54         PAGE  5


SYMBOL TABLE
  LABEL                             VALUE 

_IDLOC3                           00000103
_IntRC_OSC                        00000FFF
_MCLRE_OFF                        00000FEF
_MCLRE_ON                         00000FFF
_OSC_IntRC                        00000FFF
_WDTE_OFF                         00000FFB
_WDTE_ON                          00000FFF
_WDT_OFF                          00000FFB
_WDT_ON                           00000FFF
__10F200                          00000001
countCycl                         00000010
maxCount                          00000011

Errors   :     0
Warnings :     3 reported,     0 suppressed
Messages :     5 reported,     0 suppressed

