MPASM 5.75                 PIC_8B_SIMPLE.ASM   10-24-2022  1:35:57         PAGE  1


LOC  OBJECT CODE     LINE SOURCE TEXT
  VALUE

                      00001 ;***********************************************************
                      00002 ; INT1.ASM M. Bates 12/6/66 Ver 2.1
                      00003 ; ***********************************************************
                      00004 ; Minimal program to demonstrate interrupts.
                      00005 ;
                      00006 ; An output binary count to LEDs on PortB, bits 1-7
                      00007 ; is interrupted by an active low input at RB0/INT.
                      00008 ; The Interrupt Service Routine sets all outputs high,
                      00009 ; and waits for RA4 to go low before returning to
                      00010 ; the main program.
                      00011 ; Connect push button inputs to RB0 and RA4
                      00012 ;
                      00013 ;
                      00014 ; Processor: PIC 16F84
                      00015 ; Hardware: PIC Modular Demo System
                      00016 ; (reset switch connected to RB0)
                      00017     
                      00018 ; TODO INSERT CONFIG CODE HERE USING CONFIG BITS GENERATOR
                      00019 #include "p16f627a.inc"
                      00001         LIST
                      00002 
                      00003 ;==========================================================================
                      00004 ; Build date : Jul 02 2017
                      00005 ;  MPASM PIC16F627A processor include
                      00006 ; 
                      00007 ;  (c) Copyright 1999-2017 Microchip Technology, All rights reserved
                      00008 ;==========================================================================
                      00009 
                      00386         LIST
                      00020 
                      00021 ; CONFIG
                      00022 ; __config 0xFF18
2007   3F18           00023  __CONFIG _FOSC_INTOSCIO & _WDTE_OFF & _PWRTE_OFF & _MCLRE_OFF & _BOREN_OFF & _LVP_OFF & _CPD_OFF & _CP_
                            OFF
                      00024 
                      00025 ; ****************************************************************  
                      00026 ; Register Label Equates........................................
                      00027 ; ****************************************************************  
  0000000C            00028 timer   EQU     H'0C'               ; GPR1 = delay counter
  0000000D            00029 tempb   EQU     H'0D'               ; GPR2 = Output temp. store
                      00030 
                      00031 ; ****************************************************************      
                      00032 ; Input Bit Label Equates .......................................
                      00033 ; **************************************************************** 
  00000000            00034 intin   EQU     RB0                 ; Interrupt input = RB0
  00000004            00035 resin   EQU     RA4                 ; Restart input = RA4
                      00036 ;
                      00037 ; ****************************************************************
                      00038 ;  reset vector 
                      00039 ; ****************************************************************      
                      00040 RES_VECT  CODE    0x0000            ; processor reset vector
0000   2???           00041     GOTO    START                   ; go to beginning of program
                      00042     
MPASM 5.75                 PIC_8B_SIMPLE.ASM   10-24-2022  1:35:57         PAGE  2


LOC  OBJECT CODE     LINE SOURCE TEXT
  VALUE

                      00043 ; ****************************************************************
                      00044 ; interrupt vectors address
                      00045 ; ****************************************************************    
                      00046     ORG     H'0004'
0004   2???           00047     GOTO    RB0_ISR
                      00048 
                      00049 ; ****************************************************************
                      00050 ;  start of program         
                      00051 ; ****************************************************************          
                      00052 MAIN_PROG CODE              ; let linker place main program
                      00053 
0000                  00054 START
0000   1683           00055     BSF     STATUS,RP0      ; access bank 1
0001   3001           00056     MOVLW   B'00000001'     ; Set data direction bits
Message[302]: Register in operand not in bank 0.  Ensure that bank bits are correct.
0002   0086           00057     MOVWF   TRISB           ; and load TRISB
0003   3007           00058     MOVLW   H'07'
0004   009F           00059     MOVWF   CMCON           ; turn off comparators
                      00060     
                      00061     ;-----------------------------------------------------
0005   1283           00062     BCF     STATUS,RP0      ; access bank 0
0006   0186           00063     CLRF    PORTB
0007   3090           00064     MOVLW   B'10010000'     ; Enable RB0 interrupt in
0008   008B           00065     MOVWF   INTCON          ; Interrupt Control Register
                      00066     
                      00067 ; ****************************************************************          
                      00068 ; Main output loop .............................................
                      00069 ; ****************************************************************          
0009                  00070 COUNT
Message[305]: Using default destination of 1 (file).
0009   0A86           00071     INCF    PORTB            ; Increment LED display
000A   2???           00072     CALL    Delay            ; Execute delay subroutine
000B   2???           00073     GOTO    COUNT            ; Repeat main loop always
                      00074     
                      00075 ; **************************************************************** 
                      00076 ; Interrupt Service Routine at address 004........................
                      00077 ; ****************************************************************     
000C                  00078 RB0_ISR
                      00079     
000C   1C8B           00080     BTFSS   INTCON,INTF         ; check interrupt flag state
000D   2???           00081     GOTO    exitISR             ; leave interrupt if flag is not set
                      00082     
000E   0806           00083     MOVF    PORTB,W             ; Save current output value
Warning[219]: Invalid RAM location specified.
000F   008D           00084     MOVWF   tempb               ; in temporary register
0010   30FF           00085     MOVLW   B'11111111'         ; Switch LEDs 1-7 on
0011   0086           00086     MOVWF   PORTB
0012                  00087 Wait 
0012   1A05           00088     BTFSC   PORTA,  resin       ; Wait for restart input
0013   2???           00089     GOTO    Wait                ; to go low
Warning[219]: Invalid RAM location specified.
0014   080D           00090     MOVF    tempb,w             ; Restore previous output
0015   0086           00091     MOVWF   PORTB               ; at the LEDs
MPASM 5.75                 PIC_8B_SIMPLE.ASM   10-24-2022  1:35:57         PAGE  3


LOC  OBJECT CODE     LINE SOURCE TEXT
  VALUE

0016   108B           00092     BCF     INTCON,INTF         ; Clear RB0 interrupt flag
0017                  00093 exitISR    
0017   0009           00094     RETFIE                      ; Return from interrupt
                      00095             
                      00096 ; ***************************************************************
                      00097 ; DELAY subroutine.............................................
                      00098 ; ***************************************************************
0018                  00099 Delay 
0018   30FF           00100     MOVLW   H'FF'           ; Delay count literal is
0019   008C           00101     MOVWF   timer           ; loaded into spare register
001A                  00102 Again
Message[305]: Using default destination of 1 (file).
001A   0B8C           00103     DECFSZ  timer           ; Decrement timer register
001B   2???           00104     GOTO    Again           ; and repeat until zero then
001C   0008           00105     RETURN                  ; return to main program
                      00106              
                      00107 ; ************************************************************
3F18                  00108     END ; Terminate source code
MPASM 5.75                 PIC_8B_SIMPLE.ASM   10-24-2022  1:35:57         PAGE  4


SYMBOL TABLE
  LABEL                             VALUE 

ADDEN                             00000003
ADEN                              00000003
Again                             0000001A
BRGH                              00000002
C                                 00000000
C1INV                             00000004
C1OUT                             00000006
C2INV                             00000005
C2OUT                             00000007
CCP1CON                           00000017
CCP1IE                            00000002
CCP1IF                            00000002
CCP1M0                            00000000
CCP1M1                            00000001
CCP1M2                            00000002
CCP1M3                            00000003
CCP1X                             00000005
CCP1Y                             00000004
CCPR1                             00000015
CCPR1H                            00000016
CCPR1L                            00000015
CIS                               00000003
CM0                               00000000
CM1                               00000001
CM2                               00000002
CMCON                             0000001F
CMIE                              00000006
CMIF                              00000006
COUNT                             00000009
CREN                              00000004
CSRC                              00000007
DATA_CP_OFF                       00003FFF
DATA_CP_ON                        00003EFF
DC                                00000001
Delay                             00000018
EEADR                             0000009B
EECON1                            0000009C
EECON2                            0000009D
EEDATA                            0000009A
EEIE                              00000007
EEIF                              00000007
F                                 00000001
FERR                              00000002
FSR                               00000004
GIE                               00000007
INDF                              00000000
INTCON                            0000000B
INTE                              00000004
INTEDG                            00000006
INTF                              00000001
IRP                               00000007
NOT_BO                            00000000
NOT_BOD                           00000000
MPASM 5.75                 PIC_8B_SIMPLE.ASM   10-24-2022  1:35:57         PAGE  5


SYMBOL TABLE
  LABEL                             VALUE 

NOT_BOR                           00000000
NOT_PD                            00000003
NOT_POR                           00000001
NOT_RBPU                          00000007
NOT_T1SYNC                        00000002
NOT_TO                            00000004
OERR                              00000001
OPTION_REG                        00000081
OSCF                              00000003
PCL                               00000002
PCLATH                            0000000A
PCON                              0000008E
PEIE                              00000006
PIE1                              0000008C
PIR1                              0000000C
PORTA                             00000005
PORTB                             00000006
PR2                               00000092
PS0                               00000000
PS1                               00000001
PS2                               00000002
PSA                               00000003
RA0                               00000000
RA1                               00000001
RA2                               00000002
RA3                               00000003
RA4                               00000004
RA5                               00000005
RA6                               00000006
RA7                               00000007
RB0                               00000000
RB0_ISR                           0000000C
RB1                               00000001
RB2                               00000002
RB3                               00000003
RB4                               00000004
RB5                               00000005
RB6                               00000006
RB7                               00000007
RBIE                              00000003
RBIF                              00000000
RCIE                              00000005
RCIF                              00000005
RCREG                             0000001A
RCSTA                             00000018
RD                                00000000
RP0                               00000005
RP1                               00000006
RX9                               00000006
RX9D                              00000000
SPBRG                             00000099
SPEN                              00000007
SREN                              00000005
MPASM 5.75                 PIC_8B_SIMPLE.ASM   10-24-2022  1:35:57         PAGE  6


SYMBOL TABLE
  LABEL                             VALUE 

START                             00000000
STATUS                            00000003
SYNC                              00000004
T0CS                              00000005
T0IE                              00000005
T0IF                              00000002
T0SE                              00000004
T1CKPS0                           00000004
T1CKPS1                           00000005
T1CON                             00000010
T1OSCEN                           00000003
T2CKPS0                           00000000
T2CKPS1                           00000001
T2CON                             00000012
TMR0                              00000001
TMR0IE                            00000005
TMR0IF                            00000002
TMR1                              0000000E
TMR1CS                            00000001
TMR1H                             0000000F
TMR1IE                            00000000
TMR1IF                            00000000
TMR1L                             0000000E
TMR1ON                            00000000
TMR2                              00000011
TMR2IE                            00000001
TMR2IF                            00000001
TMR2ON                            00000002
TOUTPS0                           00000003
TOUTPS1                           00000004
TOUTPS2                           00000005
TOUTPS3                           00000006
TRISA                             00000085
TRISA0                            00000000
TRISA1                            00000001
TRISA2                            00000002
TRISA3                            00000003
TRISA4                            00000004
TRISA5                            00000005
TRISA6                            00000006
TRISA7                            00000007
TRISB                             00000086
TRISB0                            00000000
TRISB1                            00000001
TRISB2                            00000002
TRISB3                            00000003
TRISB4                            00000004
TRISB5                            00000005
TRISB6                            00000006
TRISB7                            00000007
TRMT                              00000001
TX9                               00000006
TX9D                              00000000
MPASM 5.75                 PIC_8B_SIMPLE.ASM   10-24-2022  1:35:57         PAGE  7


SYMBOL TABLE
  LABEL                             VALUE 

TXEN                              00000005
TXIE                              00000004
TXIF                              00000004
TXREG                             00000019
TXSTA                             00000098
VR0                               00000000
VR1                               00000001
VR2                               00000002
VR3                               00000003
VRCON                             0000009F
VREN                              00000007
VROE                              00000006
VRR                               00000005
W                                 00000000
WR                                00000001
WREN                              00000002
WRERR                             00000003
Wait                              00000012
Z                                 00000002
_BODEN_OFF                        00003FBF
_BODEN_ON                         00003FFF
_BOREN_OFF                        00003FBF
_BOREN_ON                         00003FFF
_CONFIG                           00002007
_CPD_OFF                          00003FFF
_CPD_ON                           00003EFF
_CP_OFF                           00003FFF
_CP_ON                            00001FFF
_DEVID1                           00002006
_ER_OSC_CLKOUT                    00003FFF
_ER_OSC_NOCLKOUT                  00003FFE
_EXTCLK_OSC                       00003FEF
_FOSC_ECIO                        00003FEF
_FOSC_EXTRCCLK                    00003FFF
_FOSC_EXTRCIO                     00003FFE
_FOSC_HS                          00003FEE
_FOSC_INTOSCCLK                   00003FFD
_FOSC_INTOSCIO                    00003FFC
_FOSC_LP                          00003FEC
_FOSC_XT                          00003FED
_HS_OSC                           00003FEE
_IDLOC0                           00002000
_IDLOC1                           00002001
_IDLOC2                           00002002
_IDLOC3                           00002003
_INTOSC_OSC_CLKOUT                00003FFD
_INTOSC_OSC_NOCLKOUT              00003FFC
_INTRC_OSC_CLKOUT                 00003FFD
_INTRC_OSC_NOCLKOUT               00003FFC
_LP_OSC                           00003FEC
_LVP_OFF                          00003F7F
_LVP_ON                           00003FFF
_MCLRE_OFF                        00003FDF
MPASM 5.75                 PIC_8B_SIMPLE.ASM   10-24-2022  1:35:57         PAGE  8


SYMBOL TABLE
  LABEL                             VALUE 

_MCLRE_ON                         00003FFF
_PWRTE_OFF                        00003FFF
_PWRTE_ON                         00003FF7
_RC_OSC_CLKOUT                    00003FFF
_RC_OSC_NOCLKOUT                  00003FFE
_WDTE_OFF                         00003FFB
_WDTE_ON                          00003FFF
_WDT_OFF                          00003FFB
_WDT_ON                           00003FFF
_XT_OSC                           00003FED
__16F627A                         00000001
exitISR                           00000017
intin                             00000000
resin                             00000004
tempb                             0000000D
timer                             0000000C

Errors   :     0
Warnings :     2 reported,     0 suppressed
Messages :     3 reported,     0 suppressed

