MPASM 5.75                PIC_8B_GENERAL.ASM   9-27-2022  1:10:54         PAGE  1


LOC  OBJECT CODE     LINE SOURCE TEXT
  VALUE

                      00001 ;*******************************************************************************
                      00002 ; TODO INSERT CONFIG HERE
                      00003 #include "p16f627a.inc"
                      00001         LIST
                      00002 
                      00003 ;==========================================================================
                      00004 ; Build date : Jul 02 2017
                      00005 ;  MPASM PIC16F627A processor include
                      00006 ; 
                      00007 ;  (c) Copyright 1999-2017 Microchip Technology, All rights reserved
                      00008 ;==========================================================================
                      00009 
                      00386         LIST
                      00004 
                      00005 ; CONFIG
                      00006 ; __config 0xFF19
2007   3F19           00007  __CONFIG _FOSC_INTOSCCLK & _WDTE_OFF & _PWRTE_OFF & _MCLRE_OFF & _BOREN_OFF & _LVP_OFF & _CPD_OFF & _CP
                            _OFF
                      00008 
                      00009 ; TODO PLACE VARIABLE DEFINITIONS GO HERE
                      00010  #define BANK0  BCF STATUS,RP0
                      00011  #define BANK1  BSF STATUS,RP0
                      00012  
                      00013  #define LED    PORTB,RB0
                      00014  #define BTN    PORTB,RA1
                      00015 ;*******************************************************************************
                      00016 ; Reset Vector
                      00017 ;*******************************************************************************
                      00018 
                      00019 RES_VECT  CODE    0x0000            ; processor reset vector
0000   2???           00020     GOTO    START                   ; go to beginning of program
                      00021 
                      00022 ;*******************************************************************************
                      00023 
                      00024 ;*******************************************************************************
                      00025 ; TODO INSERT ISR HERE
                      00026         ORG         H'0004'
0004   0009           00027         RETFIE
                      00028 ;*******************************************************************************
                      00029 ; MAIN PROGRAM
                      00030 ;*******************************************************************************
                      00031 
                      00032 MAIN_PROG CODE                      ; let linker place main program
                      00033 
0000                  00034 START
0000   1683           00035         BANK1
0001   3000           00036         MOVLW       H'00'           ; your instructions
Message[302]: Register in operand not in bank 0.  Ensure that bank bits are correct.
0002   0086           00037         MOVWF       TRISB           ; output
                      00038         
0003   3002           00039         MOVLW       H'02'           ; your instructions
Message[302]: Register in operand not in bank 0.  Ensure that bank bits are correct.
0004   0085           00040         MOVWF       TRISA           ; output
MPASM 5.75                PIC_8B_GENERAL.ASM   9-27-2022  1:10:54         PAGE  2


LOC  OBJECT CODE     LINE SOURCE TEXT
  VALUE

                      00041 
0005   1283           00042         BANK0
0006   3000           00043         MOVLW       H'00'
0007   0086           00044         MOVWF       PORTB           ; b'00000000
                      00045         
0008   3002           00046         MOVLW       H'02'
0009   0085           00047         MOVWF       PORTA           ; b'00000010
                      00048 
000A                  00049 CONTROL
000A   1C86           00050         BTFSS       BTN             ; test, skip next line
                      00051                                     ; if bit is set
000B   2???           00052         GOTO        TURN_OFF
                      00053                                     ; at this portA bit 0 is not set
                      00054         ; switch is pressed, active low action
000C   1406           00055         BSF         LED             ; RB0 is high
000D   2???           00056         GOTO        CONTROL
                      00057 
000E                  00058 TURN_OFF
000E   1006           00059         BCF         LED
000F   2???           00060         GOTO        CONTROL 
                      00061         
                      00062 ;*******************************************************************************
3F19                  00063     END
MPASM 5.75                PIC_8B_GENERAL.ASM   9-27-2022  1:10:54         PAGE  3


SYMBOL TABLE
  LABEL                             VALUE 

ADDEN                             00000003
ADEN                              00000003
BANK0                             BCF STATUS,RP0
BANK1                             BSF STATUS,RP0
BRGH                              00000002
BTN                               PORTB,RA1
C                                 00000000
C1INV                             00000004
C1OUT                             00000006
C2INV                             00000005
C2OUT                             00000007
CCP1CON                           00000017
CCP1IE                            00000002
CCP1IF                            00000002
CCP1M0                            00000000
CCP1M1                            00000001
CCP1M2                            00000002
CCP1M3                            00000003
CCP1X                             00000005
CCP1Y                             00000004
CCPR1                             00000015
CCPR1H                            00000016
CCPR1L                            00000015
CIS                               00000003
CM0                               00000000
CM1                               00000001
CM2                               00000002
CMCON                             0000001F
CMIE                              00000006
CMIF                              00000006
CONTROL                           0000000A
CREN                              00000004
CSRC                              00000007
DATA_CP_OFF                       00003FFF
DATA_CP_ON                        00003EFF
DC                                00000001
EEADR                             0000009B
EECON1                            0000009C
EECON2                            0000009D
EEDATA                            0000009A
EEIE                              00000007
EEIF                              00000007
F                                 00000001
FERR                              00000002
FSR                               00000004
GIE                               00000007
INDF                              00000000
INTCON                            0000000B
INTE                              00000004
INTEDG                            00000006
INTF                              00000001
IRP                               00000007
LED                               PORTB,RB0
MPASM 5.75                PIC_8B_GENERAL.ASM   9-27-2022  1:10:54         PAGE  4


SYMBOL TABLE
  LABEL                             VALUE 

NOT_BO                            00000000
NOT_BOD                           00000000
NOT_BOR                           00000000
NOT_PD                            00000003
NOT_POR                           00000001
NOT_RBPU                          00000007
NOT_T1SYNC                        00000002
NOT_TO                            00000004
OERR                              00000001
OPTION_REG                        00000081
OSCF                              00000003
PCL                               00000002
PCLATH                            0000000A
PCON                              0000008E
PEIE                              00000006
PIE1                              0000008C
PIR1                              0000000C
PORTA                             00000005
PORTB                             00000006
PR2                               00000092
PS0                               00000000
PS1                               00000001
PS2                               00000002
PSA                               00000003
RA0                               00000000
RA1                               00000001
RA2                               00000002
RA3                               00000003
RA4                               00000004
RA5                               00000005
RA6                               00000006
RA7                               00000007
RB0                               00000000
RB1                               00000001
RB2                               00000002
RB3                               00000003
RB4                               00000004
RB5                               00000005
RB6                               00000006
RB7                               00000007
RBIE                              00000003
RBIF                              00000000
RCIE                              00000005
RCIF                              00000005
RCREG                             0000001A
RCSTA                             00000018
RD                                00000000
RP0                               00000005
RP1                               00000006
RX9                               00000006
RX9D                              00000000
SPBRG                             00000099
SPEN                              00000007
MPASM 5.75                PIC_8B_GENERAL.ASM   9-27-2022  1:10:54         PAGE  5


SYMBOL TABLE
  LABEL                             VALUE 

SREN                              00000005
START                             00000000
STATUS                            00000003
SYNC                              00000004
T0CS                              00000005
T0IE                              00000005
T0IF                              00000002
T0SE                              00000004
T1CKPS0                           00000004
T1CKPS1                           00000005
T1CON                             00000010
T1OSCEN                           00000003
T2CKPS0                           00000000
T2CKPS1                           00000001
T2CON                             00000012
TMR0                              00000001
TMR0IE                            00000005
TMR0IF                            00000002
TMR1                              0000000E
TMR1CS                            00000001
TMR1H                             0000000F
TMR1IE                            00000000
TMR1IF                            00000000
TMR1L                             0000000E
TMR1ON                            00000000
TMR2                              00000011
TMR2IE                            00000001
TMR2IF                            00000001
TMR2ON                            00000002
TOUTPS0                           00000003
TOUTPS1                           00000004
TOUTPS2                           00000005
TOUTPS3                           00000006
TRISA                             00000085
TRISA0                            00000000
TRISA1                            00000001
TRISA2                            00000002
TRISA3                            00000003
TRISA4                            00000004
TRISA5                            00000005
TRISA6                            00000006
TRISA7                            00000007
TRISB                             00000086
TRISB0                            00000000
TRISB1                            00000001
TRISB2                            00000002
TRISB3                            00000003
TRISB4                            00000004
TRISB5                            00000005
TRISB6                            00000006
TRISB7                            00000007
TRMT                              00000001
TURN_OFF                          0000000E
MPASM 5.75                PIC_8B_GENERAL.ASM   9-27-2022  1:10:54         PAGE  6


SYMBOL TABLE
  LABEL                             VALUE 

TX9                               00000006
TX9D                              00000000
TXEN                              00000005
TXIE                              00000004
TXIF                              00000004
TXREG                             00000019
TXSTA                             00000098
VR0                               00000000
VR1                               00000001
VR2                               00000002
VR3                               00000003
VRCON                             0000009F
VREN                              00000007
VROE                              00000006
VRR                               00000005
W                                 00000000
WR                                00000001
WREN                              00000002
WRERR                             00000003
Z                                 00000002
_BODEN_OFF                        00003FBF
_BODEN_ON                         00003FFF
_BOREN_OFF                        00003FBF
_BOREN_ON                         00003FFF
_CONFIG                           00002007
_CPD_OFF                          00003FFF
_CPD_ON                           00003EFF
_CP_OFF                           00003FFF
_CP_ON                            00001FFF
_DEVID1                           00002006
_ER_OSC_CLKOUT                    00003FFF
_ER_OSC_NOCLKOUT                  00003FFE
_EXTCLK_OSC                       00003FEF
_FOSC_ECIO                        00003FEF
_FOSC_EXTRCCLK                    00003FFF
_FOSC_EXTRCIO                     00003FFE
_FOSC_HS                          00003FEE
_FOSC_INTOSCCLK                   00003FFD
_FOSC_INTOSCIO                    00003FFC
_FOSC_LP                          00003FEC
_FOSC_XT                          00003FED
_HS_OSC                           00003FEE
_IDLOC0                           00002000
_IDLOC1                           00002001
_IDLOC2                           00002002
_IDLOC3                           00002003
_INTOSC_OSC_CLKOUT                00003FFD
_INTOSC_OSC_NOCLKOUT              00003FFC
_INTRC_OSC_CLKOUT                 00003FFD
_INTRC_OSC_NOCLKOUT               00003FFC
_LP_OSC                           00003FEC
_LVP_OFF                          00003F7F
_LVP_ON                           00003FFF
MPASM 5.75                PIC_8B_GENERAL.ASM   9-27-2022  1:10:54         PAGE  7


SYMBOL TABLE
  LABEL                             VALUE 

_MCLRE_OFF                        00003FDF
_MCLRE_ON                         00003FFF
_PWRTE_OFF                        00003FFF
_PWRTE_ON                         00003FF7
_RC_OSC_CLKOUT                    00003FFF
_RC_OSC_NOCLKOUT                  00003FFE
_WDTE_OFF                         00003FFB
_WDTE_ON                          00003FFF
_WDT_OFF                          00003FFB
_WDT_ON                           00003FFF
_XT_OSC                           00003FED
__16F627A                         00000001

Errors   :     0
Warnings :     0 reported,     0 suppressed
Messages :     2 reported,     0 suppressed

