MPASM 5.75                PIC_8B_GENERAL.ASM   10-5-2022  0:36:12         PAGE  1


LOC  OBJECT CODE     LINE SOURCE TEXT
  VALUE

                      00001 ;*******************************************************************************
                      00002 ;   Once I  have understood how timer0 works, it is easier to grasp the
                      00003 ;   timer2. To calculate its overflow time, use the following formula:
                      00004 ;
                      00005 ;   overflow = machine cycle x PR2 x prescaler x postscaler
                      00006 ;   
                      00007 ;       Prescalers: 1:1, 1:4, 1:16 (increment by one every x machine cycles)
                      00008 ;   
                      00009 ;   It is not possible to increment timer2 by an external event (what is possible
                      00010 ;   in the case tmr0). 
                      00011 ;
                      00012 ;   Its postscaler is an overflow counter: once it is overflowed, wait a bit
                      00013 ;   more and go on imcrementing it accordig to the preset ratio (1:1 to 1:16)
                      00014 ;   
                      00015 ;    PR2 is used to compare the tmr2 counting with its preset value.
                      00016 ;   Clk freq = 4 Mhz, for pic = 1 Mhz, time = 1 us
                      00017 ;                                   bit6    bit5     bit4      bit3
                      00018 ;   I have to set T2CON register (TOUTPS3, TOUTPS2, TOUTPS1, TOUTPS0,
                      00019 ;     are used for postscaler settings {0 0 0 0 = 1:1, 0001 = 1:2 ... 1111 = 1:16}, 
                      00020 ;    TMR2ON - bit2, T2CKPS1/T2CKPS0 - bit1, bit0 for prescaler settings
                      00021 ;     {0:0, 0:1, 1:1 or 1:0} )
                      00022 ;
                      00023 ;   In PIE1 register I have to enable its bit1 (TMR2IE) to enable tmr1 interrpution
                      00024 ;    and in PIR1, its bit1 and the TMR2IF which has be cleared when it is set
                      00025 ; 
                      00026 ; ====== PWM ========================================================================
                      00027 ;       Period     = (PR2 + 1) * machine_cycle * prescaler
                      00028 ;                      256     *   1e-6        *  16       = 4.096 ms
                      00029 ; (for HS = 16MHz)             *   4e-6                    = 16.384 ms
                      00030 ; 
                      00031 ;     Frequency = 1 / 0.00496  ->  244.14 Hz
                      00032 ;     Frequency = 1 / 0.016384 ->  61.035 Hz 
                      00033 ;*******************************************************************************
                      00034 #include "p16f628a.inc"
                      00001         LIST
                      00002 
                      00003 ;==========================================================================
                      00004 ; Build date : Jul 02 2017
                      00005 ;  MPASM PIC16F628A processor include
                      00006 ; 
                      00007 ;  (c) Copyright 1999-2017 Microchip Technology, All rights reserved
                      00008 ;==========================================================================
                      00009 
                      00386         LIST
                      00035 
                      00036 ; CONFIG
                      00037 ; __config 0xFF19
2007   3F19           00038  __CONFIG _FOSC_INTOSCCLK & _WDTE_OFF & _PWRTE_OFF & _MCLRE_OFF & _BOREN_OFF & _LVP_OFF & _CPD_OFF & _CP
                            _OFF
                      00039  
                      00040 #define BANK0   BCF STATUS,RP0
                      00041 #define BANK1   BSF STATUS,RP0
                      00042 
MPASM 5.75                PIC_8B_GENERAL.ASM   10-5-2022  0:36:12         PAGE  2


LOC  OBJECT CODE     LINE SOURCE TEXT
  VALUE

                      00043 #define BTN1    PORTB,RB0
                      00044 #define BTN2    PORTB,RB1
                      00045  
                      00046 ; TODO PLACE VARIABLE DEFINITIONS GO HERE
Warning[205]: Found directive in column 1. (CBLOCK)
                      00047 CBLOCK      H'20'
  00000020            00048     OLD_STATUS
  00000021            00049     OLD_W
Warning[205]: Found directive in column 1. (ENDC)
                      00050 ENDC
                      00051 ;*******************************************************************************
                      00052 ; Reset Vector
                      00053 ;*******************************************************************************
                      00054 
                      00055 RES_VECT  CODE    0x0000            ; processor reset vector
0000   2???           00056     GOTO    START                   ; go to beginning of program
                      00057 
                      00058 ;*******************************************************************************
                      00059 
                      00060 ;*******************************************************************************
                      00061 
                      00062 ; TODO INSERT ISR HERE
                      00063         ORG         H'0004'
0004   2???           00064         GOTO    ISR
                      00065 ;*******************************************************************************
                      00066 ; MAIN PROGRAM
                      00067 ;*******************************************************************************
                      00068 
                      00069 MAIN_PROG CODE                      ; let linker place main program
                      00070 
0000                  00071 START
                      00072 
0000   1683           00073     BANK1
0001   3056           00074     MOVLW       H'56'                ; copy 0b01010110 into W register
Message[302]: Register in operand not in bank 0.  Ensure that bank bits are correct.
0002   0081           00075     MOVWF       OPTION_REG           ;
0003   30F7           00076     MOVLW       H'F7'                ; load work with  1111 0111
Message[302]: Register in operand not in bank 0.  Ensure that bank bits are correct.
0004   0086           00077     MOVWF       TRISB                ; RB3 as output, other pins - inputs, CCP1
0005   30FF           00078     MOVLW       H'FF'                ; load work reg with D'255'
Message[302]: Register in operand not in bank 0.  Ensure that bank bits are correct.
0006   0092           00079     MOVWF       PR2                  ; equals 255
                      00080     
0007   1283           00081     BANK0
0008   3007           00082     MOVLW       H'07'                ; copy 0000 0111 into W reg
0009   009F           00083     MOVWF       CMCON                ; disable comparators
000A   30E0           00084     MOVLW       H'E0'                ; copy 1110 000b into W reg
000B   008B           00085     MOVWF       INTCON               ; enable tmr0 interrupt
000C   3006           00086     MOVLW       H'06'                ; copy 0110 into W reg
000D   0092           00087     MOVWF       T2CON                ; enable tmr2 with prescaler 1:16
000E   0195           00088     CLRF        CCPR1L               ; rest CCPR1L (inital duty cycle = 0%, 128 for 50%)
000F   300C           00089     MOVLW       H'0C'                ; copy 0000 1100b into W reg for pwm mode
0010   0097           00090     MOVWF       CCP1CON              ; enable pwm mode, compare/capture pwm
MPASM 5.75                PIC_8B_GENERAL.ASM   10-5-2022  0:36:12         PAGE  3


LOC  OBJECT CODE     LINE SOURCE TEXT
  VALUE

                      00091 
0011   2???           00092     GOTO        $
                      00093 ; -----------------------------------------------------------------------------
0012                  00094 ISR
                      00095         ; SAVE CONTEXT
0012   00A1           00096         MOVWF       OLD_W           ; save context in W register
0013   0E03           00097         SWAPF       STATUS,W        ; set STATUS to W
0014   1283           00098         BANK0                       ; select bank 0 (default for reset)
0015   00A0           00099         MOVWF       OLD_STATUS      ; save STATUS
                      00100 
                      00101 ;------------------------------------------------------------------------------
0016   1D0B           00102         BTFSS       INTCON, T0IF    ; Has timer 2 overflowed?
0017   2???           00103         GOTO        EXIT_ISR        ; NO, jump to ISR end
0018   110B           00104         BCF         INTCON, T0IF    ; Yes, clear flag by software
0019   306C           00105         MOVLW       D'108'
001A   0081           00106         MOVWF       TMR0            ; Reset timer0
001B   1C06           00107         BTFSS       BTN1            ; has button 1 been pressed?
001C   2???           00108         GOTO        INC_PWM         ; Yes, increment PWM
001D   1C86           00109         BTFSS       BTN2            ; No, has button 2 been pressed?
001E   2???           00110         GOTO        DEC_PWM         ; Yes, decrement PWM
001F   2???           00111         GOTO        EXIT_ISR        ; No, exit interrupt service routine
                      00112 
0020                  00113 INC_PWM
0020   30FF           00114         MOVLW       D'255'
0021   0615           00115         XORWF       CCPR1L, W       ; W = W xor CCPR1L (reg for PWM, capture/compare mode)
0022   1903           00116         BTFSC       STATUS, Z       ; Is CCPR1L = 255?
0023   2???           00117         GOTO        EXIT_ISR        ; Yes, exit ISR
0024   0A95           00118         INCF        CCPR1L, F       ; No, increment PWM
0025   2???           00119         GOTO        EXIT_ISR
                      00120         
0026                  00121 DEC_PWM
0026   3000           00122         MOVLW       D'0'
0027   0615           00123         XORWF       CCPR1L, W       ; W = W xor CCPR1L (reg for PWM, capture/compare mode)
0028   1903           00124         BTFSC       STATUS, Z       ; Is CCPR1L = 0?
0029   2???           00125         GOTO        EXIT_ISR        ; Yes, exit ISR
002A   0395           00126         DECF        CCPR1L, F       ; No, decrement PWM
                      00127         
                      00128 ;------------------------------------------------------------------------------
002B                  00129 EXIT_ISR                
                      00130         ; Restore context
002B   0E20           00131         SWAPF       OLD_STATUS,W    ; saved status to W
002C   0803           00132         MOVFW       STATUS          ; to STATUS register
002D   0EA1           00133         SWAPF       OLD_W,F         ; swap File reg in itself
002E   0E21           00134         SWAPF       OLD_W,W         ; re-swap back to W
                      00135         
002F   0009           00136         RETFIE
                      00137 ;------------------------------------------------------------------------------
3F19                  00138         END
MPASM 5.75                PIC_8B_GENERAL.ASM   10-5-2022  0:36:12         PAGE  4


SYMBOL TABLE
  LABEL                             VALUE 

ADDEN                             00000003
ADEN                              00000003
BANK0                             BCF STATUS,RP0
BANK1                             BSF STATUS,RP0
BRGH                              00000002
BTN1                              PORTB,RB0
BTN2                              PORTB,RB1
C                                 00000000
C1INV                             00000004
C1OUT                             00000006
C2INV                             00000005
C2OUT                             00000007
CCP1CON                           00000017
CCP1IE                            00000002
CCP1IF                            00000002
CCP1M0                            00000000
CCP1M1                            00000001
CCP1M2                            00000002
CCP1M3                            00000003
CCP1X                             00000005
CCP1Y                             00000004
CCPR1                             00000015
CCPR1H                            00000016
CCPR1L                            00000015
CIS                               00000003
CM0                               00000000
CM1                               00000001
CM2                               00000002
CMCON                             0000001F
CMIE                              00000006
CMIF                              00000006
CREN                              00000004
CSRC                              00000007
DATA_CP_OFF                       00003FFF
DATA_CP_ON                        00003EFF
DC                                00000001
DEC_PWM                           00000026
EEADR                             0000009B
EECON1                            0000009C
EECON2                            0000009D
EEDATA                            0000009A
EEIE                              00000007
EEIF                              00000007
EXIT_ISR                          0000002B
F                                 00000001
FERR                              00000002
FSR                               00000004
GIE                               00000007
INC_PWM                           00000020
INDF                              00000000
INTCON                            0000000B
INTE                              00000004
INTEDG                            00000006
MPASM 5.75                PIC_8B_GENERAL.ASM   10-5-2022  0:36:12         PAGE  5


SYMBOL TABLE
  LABEL                             VALUE 

INTF                              00000001
IRP                               00000007
ISR                               00000012
NOT_BO                            00000000
NOT_BOD                           00000000
NOT_BOR                           00000000
NOT_PD                            00000003
NOT_POR                           00000001
NOT_RBPU                          00000007
NOT_T1SYNC                        00000002
NOT_TO                            00000004
OERR                              00000001
OLD_STATUS                        00000020
OLD_W                             00000021
OPTION_REG                        00000081
OSCF                              00000003
PCL                               00000002
PCLATH                            0000000A
PCON                              0000008E
PEIE                              00000006
PIE1                              0000008C
PIR1                              0000000C
PORTA                             00000005
PORTB                             00000006
PR2                               00000092
PS0                               00000000
PS1                               00000001
PS2                               00000002
PSA                               00000003
RA0                               00000000
RA1                               00000001
RA2                               00000002
RA3                               00000003
RA4                               00000004
RA5                               00000005
RA6                               00000006
RA7                               00000007
RB0                               00000000
RB1                               00000001
RB2                               00000002
RB3                               00000003
RB4                               00000004
RB5                               00000005
RB6                               00000006
RB7                               00000007
RBIE                              00000003
RBIF                              00000000
RCIE                              00000005
RCIF                              00000005
RCREG                             0000001A
RCSTA                             00000018
RD                                00000000
RP0                               00000005
MPASM 5.75                PIC_8B_GENERAL.ASM   10-5-2022  0:36:12         PAGE  6


SYMBOL TABLE
  LABEL                             VALUE 

RP1                               00000006
RX9                               00000006
RX9D                              00000000
SPBRG                             00000099
SPEN                              00000007
SREN                              00000005
START                             00000000
STATUS                            00000003
SYNC                              00000004
T0CS                              00000005
T0IE                              00000005
T0IF                              00000002
T0SE                              00000004
T1CKPS0                           00000004
T1CKPS1                           00000005
T1CON                             00000010
T1OSCEN                           00000003
T2CKPS0                           00000000
T2CKPS1                           00000001
T2CON                             00000012
TMR0                              00000001
TMR0IE                            00000005
TMR0IF                            00000002
TMR1                              0000000E
TMR1CS                            00000001
TMR1H                             0000000F
TMR1IE                            00000000
TMR1IF                            00000000
TMR1L                             0000000E
TMR1ON                            00000000
TMR2                              00000011
TMR2IE                            00000001
TMR2IF                            00000001
TMR2ON                            00000002
TOUTPS0                           00000003
TOUTPS1                           00000004
TOUTPS2                           00000005
TOUTPS3                           00000006
TRISA                             00000085
TRISA0                            00000000
TRISA1                            00000001
TRISA2                            00000002
TRISA3                            00000003
TRISA4                            00000004
TRISA5                            00000005
TRISA6                            00000006
TRISA7                            00000007
TRISB                             00000086
TRISB0                            00000000
TRISB1                            00000001
TRISB2                            00000002
TRISB3                            00000003
TRISB4                            00000004
MPASM 5.75                PIC_8B_GENERAL.ASM   10-5-2022  0:36:12         PAGE  7


SYMBOL TABLE
  LABEL                             VALUE 

TRISB5                            00000005
TRISB6                            00000006
TRISB7                            00000007
TRMT                              00000001
TX9                               00000006
TX9D                              00000000
TXEN                              00000005
TXIE                              00000004
TXIF                              00000004
TXREG                             00000019
TXSTA                             00000098
VR0                               00000000
VR1                               00000001
VR2                               00000002
VR3                               00000003
VRCON                             0000009F
VREN                              00000007
VROE                              00000006
VRR                               00000005
W                                 00000000
WR                                00000001
WREN                              00000002
WRERR                             00000003
Z                                 00000002
_BODEN_OFF                        00003FBF
_BODEN_ON                         00003FFF
_BOREN_OFF                        00003FBF
_BOREN_ON                         00003FFF
_CONFIG                           00002007
_CPD_OFF                          00003FFF
_CPD_ON                           00003EFF
_CP_OFF                           00003FFF
_CP_ON                            00001FFF
_DEVID1                           00002006
_ER_OSC_CLKOUT                    00003FFF
_ER_OSC_NOCLKOUT                  00003FFE
_EXTCLK_OSC                       00003FEF
_FOSC_ECIO                        00003FEF
_FOSC_EXTRCCLK                    00003FFF
_FOSC_EXTRCIO                     00003FFE
_FOSC_HS                          00003FEE
_FOSC_INTOSCCLK                   00003FFD
_FOSC_INTOSCIO                    00003FFC
_FOSC_LP                          00003FEC
_FOSC_XT                          00003FED
_HS_OSC                           00003FEE
_IDLOC0                           00002000
_IDLOC1                           00002001
_IDLOC2                           00002002
_IDLOC3                           00002003
_INTOSC_OSC_CLKOUT                00003FFD
_INTOSC_OSC_NOCLKOUT              00003FFC
_INTRC_OSC_CLKOUT                 00003FFD
MPASM 5.75                PIC_8B_GENERAL.ASM   10-5-2022  0:36:12         PAGE  8


SYMBOL TABLE
  LABEL                             VALUE 

_INTRC_OSC_NOCLKOUT               00003FFC
_LP_OSC                           00003FEC
_LVP_OFF                          00003F7F
_LVP_ON                           00003FFF
_MAIN_PROG_0011                   00000011
_MCLRE_OFF                        00003FDF
_MCLRE_ON                         00003FFF
_PWRTE_OFF                        00003FFF
_PWRTE_ON                         00003FF7
_RC_OSC_CLKOUT                    00003FFF
_RC_OSC_NOCLKOUT                  00003FFE
_WDTE_OFF                         00003FFB
_WDTE_ON                          00003FFF
_WDT_OFF                          00003FFB
_WDT_ON                           00003FFF
_XT_OSC                           00003FED
__16F628A                         00000001

Errors   :     0
Warnings :     2 reported,     0 suppressed
Messages :     3 reported,     0 suppressed

