MPASM 5.75                PIC_8B_GENERAL.ASM   10-22-2022  1:52:59         PAGE  1


LOC  OBJECT CODE     LINE SOURCE TEXT
  VALUE

                      00001 
                      00002 ;=================================================================
                      00003 ; Description
                      00004 ;       Program to blink pic12f675 as a test
                      00005 ;       PORTB. TMR0 is used to generat
                      00006 ;=================================================================
                      00007 #include "p12f675.inc"
                      00001         LIST
                      00002 
                      00003 ;==========================================================================
                      00004 ; Build date : Jul 02 2017
                      00005 ;  MPASM PIC12F675 processor include
                      00006 ; 
                      00007 ;  (c) Copyright 1999-2017 Microchip Technology, All rights reserved
                      00008 ;==========================================================================
                      00009 
                      00367         LIST
                      00008 
                      00009 ; __config 0xF1B5
2007   3FB4           00010  __CONFIG _FOSC_INTRCIO & _WDTE_OFF & _PWRTE_OFF & _MCLRE_ON & _BOREN_OFF & _CP_OFF & _CPD_OFF
                      00011 
                      00012 ;=================================================================
                      00013 ; MACROS
                      00014 ;============================================================
                      00015 ; Macros to select the register banks
                      00016 Bank0   MACRO               ; Select RAM bank 0
                      00017         BCF     STATUS,RP0
                      00018         ENDM
                      00019 ;----------------------------------------------
                      00020 Bank1   MACRO               ; Select RAM bank 1
                      00021         BSF     STATUS,RP0
                      00022         ENDM
                      00023         
                      00024 ;===============================================================================
                      00025 ; variables in PIC RAM
                      00026 ;===============================================================================
                      00027 ; Local variables
Warning[205]: Found directive in column 1. (CBLOCK)
                      00028 CBLOCK           H'20'   ; Start of block
  00000020            00029     COUNT
  00000021            00030     COUNT2
Warning[205]: Found directive in column 1. (ENDC)
                      00031 ENDC
                      00032 ;===============================================================================
                      00033 RES_VECT  CODE    H'0000'            ; processor reset vector
0000   2???           00034     GOTO    START                   ; go to beginning of program
                      00035 ;===============================================================================
                      00036 ; add interrupts here if used
                      00037     ORG     H'0004'
0004   0009           00038     RETFIE
                      00039 ;===============================================================================    
                      00040 ; PROGRAM
                      00041 ;===============================================================================
MPASM 5.75                PIC_8B_GENERAL.ASM   10-22-2022  1:52:59         PAGE  2


LOC  OBJECT CODE     LINE SOURCE TEXT
  VALUE

                      00042 MAIN_PROG CODE                      ; let linker place main program
                      00043 
0000                  00044 START
                      00045     Bank0           
0000   1283               M         BCF     STATUS,RP0
0001   0185           00046     CLRF    GPIO                    ; clear gpio
0002   3007           00047     MOVLW   H'07'                   ; copy value to W reg
0003   0099           00048     MOVWF   CMCON                   ; turn off comparators
                      00049     ;---------------------------------------------------------------------------
                      00050     Bank1                           ; select bank 1  
0004   1683               M         BSF     STATUS,RP0
Message[302]: Register in operand not in bank 0.  Ensure that bank bits are correct.
0005   019F           00051     CLRF    ANSEL                   ; gpio as digital
0006   3000           00052     MOVLW   H'00'                   ; copy value to W reg 
Message[302]: Register in operand not in bank 0.  Ensure that bank bits are correct.
0007   0085           00053     MOVWF   TRISIO                  ; to set up GPIO as output
0008   23FF           00054     CALL    3FFh                    ; get CALL value to callibrate
Message[302]: Register in operand not in bank 0.  Ensure that bank bits are correct.
0009   0090           00055     MOVWF   OSCCAL                  ; the 4 MHz internal oscillator
000A   30D7           00056     MOVLW   H'D7'                   ; B'11010111'
Message[302]: Register in operand not in bank 0.  Ensure that bank bits are correct.
000B   0081           00057     MOVWF   OPTION_REG      
                      00058         ; bit7 - rbpu (internal pull-ups), 0 enable, 1 disabled
                      00059         ; bit6 - intedg, 0 falling edge, 1 raising edge
                      00060         ; bit5 - tocs (tmr0 clock src), 0 - interal clock, 1 ra4/tockI bit src
                      00061         ; bit4 - tose (tmr0 edge select), 0 inc low-to-high, 1 inc high-to-low
                      00062         ; bit3 - psa (prescaler assing) 1 to WDT, 0 to timer0
                      00063         ; bit2-0: value for timer0 prescaler --> 101 = 1:64, 111 = 1:256 (max)
                      00064         ; 000 = 1:2, 010 = 1:8, 100 = 1:32, 110 = 1:128, 001 = 1:3, 011 = 1:16
                      00065         
                      00066 ;-------------------------------------------------------------------------------    
                      00067     Bank0                           ; go back bank 0
000C   1283               M         BCF     STATUS,RP0
000D   3025           00068     MOVLW   (1<<GP0) | (1<<GP2) | (1<<GP5)          
Message[305]: Using default destination of 1 (file).
000E   0485           00069     IORWF   GPIO                    ; set gp0, gp2 and gp5
000F   30FF           00070     MOVLW   ~(1<<GP1) | ~(1<<GP4)
Message[305]: Using default destination of 1 (file).
0010   0585           00071     ANDWF   GPIO                    ; clear gp1 and gp4
0011   1405           00072     BSF     GPIO, GP0
0012   0064           00073     CLRWDT                          ; clear watchdog timer
0013   0181           00074     CLRF    TMR0                    ; clear timer0
                      00075     
                      00076 ;*******************************************************************************
                      00077 ;   Main routine
                      00078 ;*******************************************************************************
0014                  00079 MAIN
0014   3037           00080     MOVLW   H'37'                   ; load W with 0011 0111
Message[305]: Using default destination of 1 (file).
0015   0685           00081     XORWF   GPIO                    ; to invert led states
0016   300A           00082     MOVLW   D'10'
0017   00A0           00083     MOVWF   COUNT                   ; wait some time...
0018                  00084 FOR
MPASM 5.75                PIC_8B_GENERAL.ASM   10-22-2022  1:52:59         PAGE  3


LOC  OBJECT CODE     LINE SOURCE TEXT
  VALUE

0018   2???           00085     CALL    TMR0_DELAY
0019   0BA0           00086     DECFSZ  COUNT,F
001A   2???           00087     GOTO    FOR
001B   2???           00088     GOTO    MAIN                    ; and then repeat it
                      00089 ;*******************************************************************************
                      00090 ;   Program subroutines 
                      00091 ;*******************************************************************************    
                      00092 ; procedure meant to delay 50 machine cycles
001C                  00093 DELAY
001C   3046           00094     MOVLW      D'70'        ; repeat 22 machine cycles
001D   00A1           00095     MOVWF      COUNT2
001E                  00096 REPEAT
001E   0BA1           00097     DECFSZ     COUNT2,F     ; decrement counter
001F   2???           00098     GOTO       REPEAT       ; continue if not 0
0020   0008           00099     RETURN
                      00100 
                      00101 ; ------------ SUBROUTINE -----------------------------------------------------
                      00102 ; THIS IS USED TO SLOW DOWN LED BLINKING
0021                  00103 TMR0_DELAY
0021   0181           00104     CLRF       TMR0         ; clear SFR for timer0
                      00105 ; routine tests the value in the TMR0 by subtracting 0xff from
                      00106 ; the value in TMR0. The zero flag is set if TMR = 0xff
                      00107 ; substraction is done for TMR0 overflow to be detect, since GOTO
                      00108 ; take two machine cycles, a detection would occur otherwise.
0022                  00109 CYCLE
0022   0801           00110     MOVF       TMR0,W       ; read timer0 value, store it in W
0023   3CFF           00111     SUBLW      H'FF'        ; subtract max value
                      00112         
                      00113 ; now zero flag is set if value in tmr0 = 0xFF
0024   2???           00114     CALL       DELAY
0025   1D03           00115     BTFSS      STATUS,Z     ; test for zero value
0026   2???           00116     GOTO       CYCLE
0027   0008           00117     RETURN
                      00118 
                      00119 ;*******************************************************************************
                      00120 ;   End of PIC program
                      00121 ;*******************************************************************************    
3FB4                  00122     END
MPASM 5.75                PIC_8B_GENERAL.ASM   10-22-2022  1:52:59         PAGE  4


SYMBOL TABLE
  LABEL                             VALUE 

ADCON0                            0000001F
ADCS0                             00000004
ADCS1                             00000005
ADCS2                             00000006
ADFM                              00000007
ADIE                              00000006
ADIF                              00000006
ADON                              00000000
ADRESH                            0000001E
ADRESL                            0000009E
ANS0                              00000000
ANS1                              00000001
ANS2                              00000002
ANS3                              00000003
ANSEL                             0000009F
Bank0                             
Bank1                             
C                                 00000000
CAL0                              00000002
CAL1                              00000003
CAL2                              00000004
CAL3                              00000005
CAL4                              00000006
CAL5                              00000007
CHS0                              00000002
CHS1                              00000003
CINV                              00000004
CIS                               00000003
CM0                               00000000
CM1                               00000001
CM2                               00000002
CMCON                             00000019
CMIE                              00000003
CMIF                              00000003
COUNT                             00000020
COUNT2                            00000021
COUT                              00000006
CYCLE                             00000022
DC                                00000001
DELAY                             0000001C
EEADR                             0000009B
EECON1                            0000009C
EECON2                            0000009D
EEDAT                             0000009A
EEDATA                            0000009A
EEIE                              00000007
EEIF                              00000007
F                                 00000001
FOR                               00000018
FSR                               00000004
GIE                               00000007
GO                                00000001
GO_DONE                           00000001
MPASM 5.75                PIC_8B_GENERAL.ASM   10-22-2022  1:52:59         PAGE  5


SYMBOL TABLE
  LABEL                             VALUE 

GO_NOT_DONE                       00000001
GP0                               00000000
GP1                               00000001
GP2                               00000002
GP3                               00000003
GP4                               00000004
GP5                               00000005
GPIE                              00000003
GPIF                              00000000
GPIO                              00000005
GPIO0                             00000000
GPIO1                             00000001
GPIO2                             00000002
GPIO3                             00000003
GPIO4                             00000004
GPIO5                             00000005
INDF                              00000000
INTCON                            0000000B
INTE                              00000004
INTEDG                            00000006
INTF                              00000001
IOC                               00000096
IOC0                              00000000
IOC1                              00000001
IOC2                              00000002
IOC3                              00000003
IOC4                              00000004
IOC5                              00000005
IOCB                              00000096
IOCB0                             00000000
IOCB1                             00000001
IOCB2                             00000002
IOCB3                             00000003
IOCB4                             00000004
IOCB5                             00000005
IRP                               00000007
MAIN                              00000014
NOT_BOD                           00000000
NOT_BOR                           00000000
NOT_DONE                          00000001
NOT_GPPU                          00000007
NOT_PD                            00000003
NOT_POR                           00000001
NOT_T1SYNC                        00000002
NOT_TO                            00000004
OPTION_REG                        00000081
OSCCAL                            00000090
PCL                               00000002
PCLATH                            0000000A
PCON                              0000008E
PEIE                              00000006
PIE1                              0000008C
PIR1                              0000000C
MPASM 5.75                PIC_8B_GENERAL.ASM   10-22-2022  1:52:59         PAGE  6


SYMBOL TABLE
  LABEL                             VALUE 

PS0                               00000000
PS1                               00000001
PS2                               00000002
PSA                               00000003
RD                                00000000
REPEAT                            0000001E
RP0                               00000005
RP1                               00000006
START                             00000000
STATUS                            00000003
T0CS                              00000005
T0IE                              00000005
T0IF                              00000002
T0SE                              00000004
T1CKPS0                           00000004
T1CKPS1                           00000005
T1CON                             00000010
T1IE                              00000000
T1IF                              00000000
T1OSCEN                           00000003
TMR0                              00000001
TMR0IE                            00000005
TMR0IF                            00000002
TMR0_DELAY                        00000021
TMR1                              0000000E
TMR1CS                            00000001
TMR1GE                            00000006
TMR1H                             0000000F
TMR1IE                            00000000
TMR1IF                            00000000
TMR1L                             0000000E
TMR1ON                            00000000
TRISIO                            00000085
TRISIO0                           00000000
TRISIO1                           00000001
TRISIO2                           00000002
TRISIO3                           00000003
TRISIO4                           00000004
TRISIO5                           00000005
VCFG                              00000006
VR0                               00000000
VR1                               00000001
VR2                               00000002
VR3                               00000003
VRCON                             00000099
VREN                              00000007
VRR                               00000005
W                                 00000000
WPU                               00000095
WPU0                              00000000
WPU1                              00000001
WPU2                              00000002
WPU4                              00000004
MPASM 5.75                PIC_8B_GENERAL.ASM   10-22-2022  1:52:59         PAGE  7


SYMBOL TABLE
  LABEL                             VALUE 

WPU5                              00000005
WR                                00000001
WREN                              00000002
WRERR                             00000003
Z                                 00000002
_BODEN_OFF                        00003FBF
_BODEN_ON                         00003FFF
_BOREN_OFF                        00003FBF
_BOREN_ON                         00003FFF
_CONFIG                           00002007
_CPD_OFF                          00003FFF
_CPD_ON                           00003EFF
_CP_OFF                           00003FFF
_CP_ON                            00003F7F
_DEVID1                           00002006
_EC_OSC                           00003FFB
_EXTRC_OSC_CLKOUT                 00003FFF
_EXTRC_OSC_NOCLKOUT               00003FFE
_FOSC_EC                          00003FFB
_FOSC_EXTRCCLK                    00003FFF
_FOSC_EXTRCIO                     00003FFE
_FOSC_HS                          00003FFA
_FOSC_INTRCCLK                    00003FFD
_FOSC_INTRCIO                     00003FFC
_FOSC_LP                          00003FF8
_FOSC_XT                          00003FF9
_HS_OSC                           00003FFA
_IDLOC0                           00002000
_IDLOC1                           00002001
_IDLOC2                           00002002
_IDLOC3                           00002003
_INTRC_OSC_CLKOUT                 00003FFD
_INTRC_OSC_NOCLKOUT               00003FFC
_LP_OSC                           00003FF8
_MCLRE_OFF                        00003FDF
_MCLRE_ON                         00003FFF
_PWRTE_OFF                        00003FFF
_PWRTE_ON                         00003FEF
_WDTE_OFF                         00003FF7
_WDTE_ON                          00003FFF
_WDT_OFF                          00003FF7
_WDT_ON                           00003FFF
_XT_OSC                           00003FF9
__12F675                          00000001

Errors   :     0
Warnings :     2 reported,     0 suppressed
Messages :     7 reported,     0 suppressed

