MPASM 5.75                PIC_8B_GENERAL.ASM   9-28-2022  2:38:46         PAGE  1


LOC  OBJECT CODE     LINE SOURCE TEXT
  VALUE

                      00001 
                      00002 ;*******************************************************************************
                      00003 #include "p16f887.inc"
                      00001         LIST
                      00002 
                      00003 ;==========================================================================
                      00004 ; Build date : Jul 02 2017
                      00005 ;  MPASM PIC16F887 processor include
                      00006 ; 
                      00007 ;  (c) Copyright 1999-2017 Microchip Technology, All rights reserved
                      00008 ;==========================================================================
                      00009 
                      00810         LIST
                      00004 
                      00005 ; CONFIG1
                      00006 ; __config 0xE0D2
2007   20D2           00007  __CONFIG _CONFIG1, _FOSC_HS & _WDTE_OFF & _PWRTE_OFF & _MCLRE_OFF & _CP_OFF & _CPD_OFF & _BOREN_OFF & _
                            IESO_OFF & _FCMEN_OFF & _LVP_OFF
                      00008 
                      00009  ; CONFIG2
                      00010 ; __config 0xFEFF
2008   3EFF           00011  __CONFIG _CONFIG2, _BOR4V_BOR21V & _WRT_OFF
                      00012  
                      00013 ; TODO PLACE VARIABLE DEFINITIONS GO HERE
                      00014  #define BANK0  BCF STATUS,RP0
                      00015  #define BANK1  BSF STATUS,RP0
                      00016  
                      00017 ;******************************************************************************
                      00018   cblock        H'20'   ; REGISTRADORES DE USO GERAL, 'VARIAVEIS
                      00019                         ; INICIO DO REGISTRADOR
  00000020            00020     COUNT_H             ; high order byte
  00000021            00021     COUNT_M             ; medium order byte
  00000022            00022     COUNT_L             ; low order byte
                      00023   endc
                      00024 ;*******************************************************************************
                      00025 ; Reset Vector
                      00026 ;*******************************************************************************
                      00027 
                      00028 RES_VECT  CODE    0x0000            ; processor reset vector
0000   2???           00029     GOTO    START                   ; go to beginning of program
                      00030 
                      00031 ;*******************************************************************************
                      00032 
                      00033 ; TODO INSERT ISR HERE
                      00034         ORG         H'0004'
0004   0009           00035         RETFIE
                      00036 ;*******************************************************************************
                      00037 ; MAIN PROGRAM
                      00038 ;*******************************************************************************
                      00039 
                      00040 MAIN_PROG CODE                      ; let linker place main program
                      00041 
0000                  00042 START
MPASM 5.75                PIC_8B_GENERAL.ASM   9-28-2022  2:38:46         PAGE  2


LOC  OBJECT CODE     LINE SOURCE TEXT
  VALUE

0000   0181           00043         CLRF        TMR0
0001   0064           00044         CLRWDT
                      00045         
0002   1683           00046         BANK1
0003   30D0           00047         MOVLW       H'D0'           ; B'1101 0000'
Message[302]: Register in operand not in bank 0.  Ensure that bank bits are correct.
0004   0081           00048         MOVWF       OPTION_REG      
                      00049         ; bit7 - rbpu (internal pull-ups), 0 enable, 1 disabled
                      00050         ; bit6 - intedg, 0 falling edge, 1 raising edge
                      00051         ; bit5 - tocs (tmr0 clock src), 0 - interal clock, 1 ra4/tockI bit src
                      00052         ; bit4 - tose (tmr0 edge select), 0 inc low-to-high, 1 inc high-to-low
                      00053         ; bit3 - psa (prescaler assing) 1 to WDT, 0 to timer0
                      00054         ; bit2-0: value for timer0 prescaler --> 101 = 1:64, 111 = 1:256 (max)
                      00055         ; *000 = 1:2, 010 = 1:8, 100 = 1:32, 110 = 1:128, 001 = 1:3, 011 = 1:16
0005   3000           00056         MOVLW       H'00'           ; bit0 input for button
Message[302]: Register in operand not in bank 0.  Ensure that bank bits are correct.
0006   0086           00057         MOVWF       TRISB           ; 4 inputs + 4 outputs
                      00058 
0007   1283           00059         BANK0
0008   3000           00060         MOVLW       H'00'           ; set LEDs on line 0 and 1
0009   0086           00061         MOVWF       PORTB
                      00062 
                      00063 ; ====================================
                      00064 ;  toggle all leds wired to portb
                      00065 ; ====================================
000A                  00066 MAIN
000A   0906           00067         COMF        PORTB,RB0       ; turn led on AND off
000B   2???           00068         CALL        ONE_HALF_SEC    ; initiliaze counters and delay
000C   2???           00069         CALL        TMR0_DELAY
                      00070         
000D   2???           00071         GOTO        MAIN
                      00072 
                      00073 ; ------------ SUBROUTINE 1 -----------------------------------------------------
                      00074 ; variables count_l, count_m, count_h hold the low, middle and high-order
                      00075 ; bytes of the delay period in timer units. The prescaler is assigned to timer0
                      00076 ; and set up so that timer runs at 1:2 rate. This means that every time the
                      00077 ; counter reaches 128 (0x80) a total of 256 machine cycles have elapsed. The 
                      00078 ; value 0x80 is detected by testing bit 7 of the counter register.
                      00079 ; Note:
                      00080 ;  The timer0 register provides the low-order level of the count. since the counter
                      00081 ; counts up from zero, in order to ensure that the initial low-level delay count
                      00082 ; is correct, the value 128 - (xx/2) must be calculated where xx is the value in
                      00083 ; the original count_l register. First calculate xx/2 by bit shifting
000E                  00084 TMR0_DELAY
000E   1003           00085         BCF         STATUS,C        ; clear Carry flag
000F   0CA2           00086         RRF         COUNT_L,F       ; divide by witha right shift
0010   0822           00087         MOVF        COUNT_L,W       ; now substract 128 - (xx/2)
0011   3C80           00088         SUBLW       D'128'
0012   0081           00089         MOVWF       TMR0            ; now store the adjusted value in tmr0
                      00090 
                      00091 ; this routine tests timer overflow by testing bit 7 of the tmr0 register
0013                  00092 CYCLE
0013   1F81           00093         BTFSS       TMR0,7          ; is bit 7 set?
MPASM 5.75                PIC_8B_GENERAL.ASM   9-28-2022  2:38:46         PAGE  3


LOC  OBJECT CODE     LINE SOURCE TEXT
  VALUE

0014   2???           00094         GOTO        CYCLE
                      00095 ; at this point tmr0 bit 7 is set
0015   1381           00096         BCF         TMR0,7          ; all other bits are preserved
                      00097 ; subtract 256 from beat countre by decrementing the mid-order byte
0016   0BA1           00098         DECFSZ      COUNT_M,F
0017   2???           00099         GOTO        CYCLE
                      00100 ; at this point the mid-order byte has overflowed
                      00101 ; high-order byte must be decremented
0018   0BA0           00102         DECFSZ      COUNT_H,F
0019   2???           00103         GOTO        CYCLE
                      00104 ; at this point time cycle has elapsed
001A   0008           00105         RETURN
                      00106 ; =============================================================================
                      00107 ; Set register variables for a one-half second delay
                      00108 ; =============================================================================
                      00109 ; This was originally designed for a PIC16F84 at 4 MHz, it is older than PIC16F628
                      00110 ; Timer is set up for 500000 clock beats as follows: 
                      00111 ;      500,000 = 0x07      0xA1     0x20
                      00112 ;                count_h  count_m   count_;
001B                  00113 ONE_HALF_SEC
                      00114         
001B   3007           00115             MOVLW           H'07'
001C   00A0           00116             MOVWF           COUNT_H
001D   3001           00117             MOVLW           H'01'
001E   00A1           00118             MOVWF           COUNT_M
001F   3020           00119             MOVLW           H'20'
0020   00A2           00120             MOVWF           COUNT_L
0021   0008           00121             RETURN
                      00122 ; -----------------------------------------------------------------------------
20D2 3EFF             00123         END
MPASM 5.75                PIC_8B_GENERAL.ASM   9-28-2022  2:38:46         PAGE  4


SYMBOL TABLE
  LABEL                             VALUE 

ABDEN                             00000000
ABDOVF                            00000007
ACKDT                             00000005
ACKEN                             00000004
ACKSTAT                           00000006
ADCON0                            0000001F
ADCON1                            0000009F
ADCS0                             00000006
ADCS1                             00000007
ADDEN                             00000003
ADFM                              00000007
ADIE                              00000006
ADIF                              00000006
ADON                              00000000
ADRESH                            0000001E
ADRESL                            0000009E
ANS0                              00000000
ANS1                              00000001
ANS10                             00000002
ANS11                             00000003
ANS12                             00000004
ANS13                             00000005
ANS2                              00000002
ANS3                              00000003
ANS4                              00000004
ANS5                              00000005
ANS6                              00000006
ANS7                              00000007
ANS8                              00000000
ANS9                              00000001
ANSEL                             00000188
ANSELH                            00000189
BANK0                             BCF STATUS,RP0
BANK1                             BSF STATUS,RP0
BAUDCTL                           00000187
BCLIE                             00000003
BCLIF                             00000003
BF                                00000000
BRG0                              00000000
BRG1                              00000001
BRG10                             00000002
BRG11                             00000003
BRG12                             00000004
BRG13                             00000005
BRG14                             00000006
BRG15                             00000007
BRG16                             00000003
BRG2                              00000002
BRG3                              00000003
BRG4                              00000004
BRG5                              00000005
BRG6                              00000006
BRG7                              00000007
MPASM 5.75                PIC_8B_GENERAL.ASM   9-28-2022  2:38:46         PAGE  5


SYMBOL TABLE
  LABEL                             VALUE 

BRG8                              00000000
BRG9                              00000001
BRGH                              00000002
C                                 00000000
C1CH0                             00000000
C1CH1                             00000001
C1IE                              00000005
C1IF                              00000005
C1OE                              00000005
C1ON                              00000007
C1OUT                             00000006
C1POL                             00000004
C1R                               00000002
C1RSEL                            00000005
C1SEN                             00000005
C2CH0                             00000000
C2CH1                             00000001
C2IE                              00000006
C2IF                              00000006
C2OE                              00000005
C2ON                              00000007
C2OUT                             00000006
C2POL                             00000004
C2R                               00000002
C2REN                             00000004
C2RSEL                            00000004
C2SYNC                            00000000
CCP1CON                           00000017
CCP1IE                            00000002
CCP1IF                            00000002
CCP1M0                            00000000
CCP1M1                            00000001
CCP1M2                            00000002
CCP1M3                            00000003
CCP1X                             00000005
CCP1Y                             00000004
CCP2CON                           0000001D
CCP2IE                            00000000
CCP2IF                            00000000
CCP2M0                            00000000
CCP2M1                            00000001
CCP2M2                            00000002
CCP2M3                            00000003
CCP2X                             00000005
CCP2Y                             00000004
CCPR1                             00000015
CCPR1H                            00000016
CCPR1L                            00000015
CCPR2                             0000001B
CCPR2H                            0000001C
CCPR2L                            0000001B
CHS0                              00000002
CHS1                              00000003
MPASM 5.75                PIC_8B_GENERAL.ASM   9-28-2022  2:38:46         PAGE  6


SYMBOL TABLE
  LABEL                             VALUE 

CHS2                              00000004
CHS3                              00000005
CKE                               00000006
CKP                               00000004
CM1CON0                           00000107
CM2CON0                           00000108
CM2CON1                           00000109
COUNT_H                           00000020
COUNT_L                           00000022
COUNT_M                           00000021
CREN                              00000004
CSRC                              00000007
CYCLE                             00000013
D                                 00000005
DATA_ADDRESS                      00000005
DC                                00000001
DC1B0                             00000004
DC1B1                             00000005
DC2B0                             00000004
DC2B1                             00000005
D_A                               00000005
D_NOT_A                           00000005
ECCPAS                            0000009C
ECCPAS0                           00000004
ECCPAS1                           00000005
ECCPAS2                           00000006
ECCPASE                           00000007
EEADR                             0000010D
EEADRH                            0000010F
EECON1                            0000018C
EECON2                            0000018D
EEDAT                             0000010C
EEDATA                            0000010C
EEDATH                            0000010E
EEIE                              00000004
EEIF                              00000004
EEPGD                             00000007
F                                 00000001
FERR                              00000002
FSR                               00000004
FVREN                             00000000
GCEN                              00000007
GIE                               00000007
GO                                00000001
GO_DONE                           00000001
GO_NOT_DONE                       00000001
HTS                               00000002
I2C_DATA                          00000005
I2C_READ                          00000002
I2C_START                         00000003
I2C_STOP                          00000004
INDF                              00000000
INTCON                            0000000B
MPASM 5.75                PIC_8B_GENERAL.ASM   9-28-2022  2:38:46         PAGE  7


SYMBOL TABLE
  LABEL                             VALUE 

INTE                              00000004
INTEDG                            00000006
INTF                              00000001
IOCB                              00000096
IOCB0                             00000000
IOCB1                             00000001
IOCB2                             00000002
IOCB3                             00000003
IOCB4                             00000004
IOCB5                             00000005
IOCB6                             00000006
IOCB7                             00000007
IRCF0                             00000004
IRCF1                             00000005
IRCF2                             00000006
IRP                               00000007
LTS                               00000001
MAIN                              0000000A
MC1OUT                            00000007
MC2OUT                            00000006
MSK                               00000093
MSK0                              00000000
MSK1                              00000001
MSK2                              00000002
MSK3                              00000003
MSK4                              00000004
MSK5                              00000005
MSK6                              00000006
MSK7                              00000007
NOT_A                             00000005
NOT_ADDRESS                       00000005
NOT_BO                            00000000
NOT_BOR                           00000000
NOT_DONE                          00000001
NOT_PD                            00000003
NOT_POR                           00000001
NOT_RBPU                          00000007
NOT_RC8                           00000006
NOT_T1SYNC                        00000002
NOT_TO                            00000004
NOT_TX8                           00000006
NOT_W                             00000002
NOT_WRITE                         00000002
OERR                              00000001
ONE_HALF_SEC                      0000001B
OPTION_REG                        00000081
OSCCON                            0000008F
OSCTUNE                           00000090
OSFIE                             00000007
OSFIF                             00000007
OSTS                              00000003
P                                 00000004
P1M0                              00000006
MPASM 5.75                PIC_8B_GENERAL.ASM   9-28-2022  2:38:46         PAGE  8


SYMBOL TABLE
  LABEL                             VALUE 

P1M1                              00000007
PCL                               00000002
PCLATH                            0000000A
PCON                              0000008E
PDC0                              00000000
PDC1                              00000001
PDC2                              00000002
PDC3                              00000003
PDC4                              00000004
PDC5                              00000005
PDC6                              00000006
PEIE                              00000006
PEN                               00000002
PIE1                              0000008C
PIE2                              0000008D
PIR1                              0000000C
PIR2                              0000000D
PORTA                             00000005
PORTB                             00000006
PORTC                             00000007
PORTD                             00000008
PORTE                             00000009
PR2                               00000092
PRSEN                             00000007
PS0                               00000000
PS1                               00000001
PS2                               00000002
PSA                               00000003
PSSAC0                            00000002
PSSAC1                            00000003
PSSBD0                            00000000
PSSBD1                            00000001
PSTRCON                           0000009D
PULSR                             00000002
PULSS                             00000003
PWM1CON                           0000009B
R                                 00000002
RA0                               00000000
RA1                               00000001
RA2                               00000002
RA3                               00000003
RA4                               00000004
RA5                               00000005
RA6                               00000006
RA7                               00000007
RB0                               00000000
RB1                               00000001
RB2                               00000002
RB3                               00000003
RB4                               00000004
RB5                               00000005
RB6                               00000006
RB7                               00000007
MPASM 5.75                PIC_8B_GENERAL.ASM   9-28-2022  2:38:46         PAGE  9


SYMBOL TABLE
  LABEL                             VALUE 

RBIE                              00000003
RBIF                              00000000
RC0                               00000000
RC1                               00000001
RC2                               00000002
RC3                               00000003
RC4                               00000004
RC5                               00000005
RC6                               00000006
RC7                               00000007
RC8_9                             00000006
RC9                               00000006
RCD8                              00000000
RCEN                              00000003
RCIDL                             00000006
RCIE                              00000005
RCIF                              00000005
RCREG                             0000001A
RCSTA                             00000018
RD                                00000000
RD0                               00000000
RD1                               00000001
RD2                               00000002
RD3                               00000003
RD4                               00000004
RD5                               00000005
RD6                               00000006
RD7                               00000007
RE0                               00000000
RE1                               00000001
RE2                               00000002
RE3                               00000003
READ_WRITE                        00000002
RP0                               00000005
RP1                               00000006
RSEN                              00000001
RX9                               00000006
RX9D                              00000000
R_NOT_W                           00000002
R_W                               00000002
S                                 00000003
SBOREN                            00000004
SCKP                              00000004
SCS                               00000000
SEN                               00000000
SENDB                             00000003
SMP                               00000007
SPBRG                             00000099
SPBRGH                            0000009A
SPEN                              00000007
SR0                               00000006
SR1                               00000007
SRCON                             00000185
MPASM 5.75                PIC_8B_GENERAL.ASM   9-28-2022  2:38:46         PAGE 10


SYMBOL TABLE
  LABEL                             VALUE 

SREN                              00000005
SSPADD                            00000093
SSPBUF                            00000013
SSPCON                            00000014
SSPCON2                           00000091
SSPEN                             00000005
SSPIE                             00000003
SSPIF                             00000003
SSPM0                             00000000
SSPM1                             00000001
SSPM2                             00000002
SSPM3                             00000003
SSPMSK                            00000093
SSPOV                             00000006
SSPSTAT                           00000094
START                             00000000
STATUS                            00000003
STRA                              00000000
STRB                              00000001
STRC                              00000002
STRD                              00000003
STRSYNC                           00000004
SWDTEN                            00000000
SYNC                              00000004
T0CS                              00000005
T0IE                              00000005
T0IF                              00000002
T0SE                              00000004
T1CKPS0                           00000004
T1CKPS1                           00000005
T1CON                             00000010
T1GINV                            00000007
T1GIV                             00000007
T1GSS                             00000001
T1INSYNC                          00000002
T1OSCEN                           00000003
T1SYNC                            00000002
T2CKPS0                           00000000
T2CKPS1                           00000001
T2CON                             00000012
TMR0                              00000001
TMR0IE                            00000005
TMR0IF                            00000002
TMR0_DELAY                        0000000E
TMR1                              0000000E
TMR1CS                            00000001
TMR1GE                            00000006
TMR1H                             0000000F
TMR1IE                            00000000
TMR1IF                            00000000
TMR1L                             0000000E
TMR1ON                            00000000
TMR2                              00000011
MPASM 5.75                PIC_8B_GENERAL.ASM   9-28-2022  2:38:46         PAGE 11


SYMBOL TABLE
  LABEL                             VALUE 

TMR2IE                            00000001
TMR2IF                            00000001
TMR2ON                            00000002
TOUTPS0                           00000003
TOUTPS1                           00000004
TOUTPS2                           00000005
TOUTPS3                           00000006
TRISA                             00000085
TRISA0                            00000000
TRISA1                            00000001
TRISA2                            00000002
TRISA3                            00000003
TRISA4                            00000004
TRISA5                            00000005
TRISA6                            00000006
TRISA7                            00000007
TRISB                             00000086
TRISB0                            00000000
TRISB1                            00000001
TRISB2                            00000002
TRISB3                            00000003
TRISB4                            00000004
TRISB5                            00000005
TRISB6                            00000006
TRISB7                            00000007
TRISC                             00000087
TRISC0                            00000000
TRISC1                            00000001
TRISC2                            00000002
TRISC3                            00000003
TRISC4                            00000004
TRISC5                            00000005
TRISC6                            00000006
TRISC7                            00000007
TRISD                             00000088
TRISD0                            00000000
TRISD1                            00000001
TRISD2                            00000002
TRISD3                            00000003
TRISD4                            00000004
TRISD5                            00000005
TRISD6                            00000006
TRISD7                            00000007
TRISE                             00000089
TRISE0                            00000000
TRISE1                            00000001
TRISE2                            00000002
TRISE3                            00000003
TRMT                              00000001
TUN0                              00000000
TUN1                              00000001
TUN2                              00000002
TUN3                              00000003
MPASM 5.75                PIC_8B_GENERAL.ASM   9-28-2022  2:38:46         PAGE 12


SYMBOL TABLE
  LABEL                             VALUE 

TUN4                              00000004
TX8_9                             00000006
TX9                               00000006
TX9D                              00000000
TXD8                              00000000
TXEN                              00000005
TXIE                              00000004
TXIF                              00000004
TXREG                             00000019
TXSTA                             00000098
UA                                00000001
ULPWUE                            00000005
ULPWUIE                           00000002
ULPWUIF                           00000002
VCFG0                             00000004
VCFG1                             00000005
VR0                               00000000
VR1                               00000001
VR2                               00000002
VR3                               00000003
VRCON                             00000097
VREN                              00000007
VROE                              00000006
VRR                               00000005
VRSS                              00000004
W                                 00000000
WCOL                              00000007
WDTCON                            00000105
WDTPS0                            00000001
WDTPS1                            00000002
WDTPS2                            00000003
WDTPS3                            00000004
WPUB                              00000095
WPUB0                             00000000
WPUB1                             00000001
WPUB2                             00000002
WPUB3                             00000003
WPUB4                             00000004
WPUB5                             00000005
WPUB6                             00000006
WPUB7                             00000007
WR                                00000001
WREN                              00000002
WRERR                             00000003
WUE                               00000001
Z                                 00000002
_BOR21V                           00003EFF
_BOR40V                           00003FFF
_BOR4V_BOR21V                     00003EFF
_BOR4V_BOR40V                     00003FFF
_BOREN_NSLEEP                     00003EFF
_BOREN_OFF                        00003CFF
_BOREN_ON                         00003FFF
MPASM 5.75                PIC_8B_GENERAL.ASM   9-28-2022  2:38:46         PAGE 13


SYMBOL TABLE
  LABEL                             VALUE 

_BOREN_SBODEN                     00003DFF
_BOR_NSLEEP                       00003EFF
_BOR_OFF                          00003CFF
_BOR_ON                           00003FFF
_BOR_SBODEN                       00003DFF
_CONFIG1                          00002007
_CONFIG2                          00002008
_CPD_OFF                          00003FFF
_CPD_ON                           00003F7F
_CP_OFF                           00003FFF
_CP_ON                            00003FBF
_DEBUG_OFF                        00003FFF
_DEBUG_ON                         00001FFF
_DEVID1                           00002006
_EC_OSC                           00003FFB
_EXTRC                            00003FFF
_EXTRCIO                          00003FFE
_EXTRC_OSC_CLKOUT                 00003FFF
_EXTRC_OSC_NOCLKOUT               00003FFE
_FCMEN_OFF                        000037FF
_FCMEN_ON                         00003FFF
_FOSC_EC                          00003FFB
_FOSC_EXTRC_CLKOUT                00003FFF
_FOSC_EXTRC_NOCLKOUT              00003FFE
_FOSC_HS                          00003FFA
_FOSC_INTRC_CLKOUT                00003FFD
_FOSC_INTRC_NOCLKOUT              00003FFC
_FOSC_LP                          00003FF8
_FOSC_XT                          00003FF9
_HS_OSC                           00003FFA
_IDLOC0                           00002000
_IDLOC1                           00002001
_IDLOC2                           00002002
_IDLOC3                           00002003
_IESO_OFF                         00003BFF
_IESO_ON                          00003FFF
_INTOSC                           00003FFD
_INTOSCIO                         00003FFC
_INTRC_OSC_CLKOUT                 00003FFD
_INTRC_OSC_NOCLKOUT               00003FFC
_LP_OSC                           00003FF8
_LVP_OFF                          00002FFF
_LVP_ON                           00003FFF
_MCLRE_OFF                        00003FDF
_MCLRE_ON                         00003FFF
_PWRTE_OFF                        00003FFF
_PWRTE_ON                         00003FEF
_WDTE_OFF                         00003FF7
_WDTE_ON                          00003FFF
_WDT_OFF                          00003FF7
_WDT_ON                           00003FFF
_WRT_1FOURTH                      00003BFF
_WRT_256                          00003DFF
MPASM 5.75                PIC_8B_GENERAL.ASM   9-28-2022  2:38:46         PAGE 14


SYMBOL TABLE
  LABEL                             VALUE 

_WRT_HALF                         000039FF
_WRT_OFF                          00003FFF
_XT_OSC                           00003FF9
__16F887                          00000001

Errors   :     0
Warnings :     0 reported,     0 suppressed
Messages :     2 reported,     0 suppressed

