MPASM 5.75                 PIC_8B_SIMPLE.ASM   10-20-2022  3:39:52         PAGE  1


LOC  OBJECT CODE     LINE SOURCE TEXT
  VALUE

                      00001 
                      00002 ;*******************************************************************************
                      00003 ;  USART communication, control leds from keyboard
                      00004 ;*******************************************************************************
                      00005 #include "p16f887.inc"
                      00001         LIST
                      00002 
                      00003 ;==========================================================================
                      00004 ; Build date : Jul 02 2017
                      00005 ;  MPASM PIC16F887 processor include
                      00006 ; 
                      00007 ;  (c) Copyright 1999-2017 Microchip Technology, All rights reserved
                      00008 ;==========================================================================
                      00009 
                      00810         LIST
                      00006     
                      00007 ; __config 0xE0D7
2007   20F7           00008  __CONFIG _CONFIG1, _FOSC_EXTRC_CLKOUT & _WDTE_OFF & _PWRTE_OFF & _MCLRE_ON & _CP_OFF & _CPD_OFF & _BORE
                            N_OFF & _IESO_OFF & _FCMEN_OFF & _LVP_OFF
                      00009 
                      00010 ; __config 0xFEFF
2008   3EFF           00011  __CONFIG _CONFIG2, _BOR4V_BOR21V & _WRT_OFF
                      00012 
                      00013 ;*******************************************************************************
                      00014 ; Variable definitions
                      00015 ;*******************************************************************************
                      00016  CBLOCK         H'20'
  00000020            00017     rcv_data
  00000021            00018     errFlag
  00000022            00019     OLD_W
  00000023            00020     OLD_STATUS
  00000024            00021     OLD_PCLATH
  00000025            00022     OLD_FSR
  00000026            00023     COUNTER
                      00024  ENDC 
                      00025 ;*******************************************************************************
                      00026 ; Bank selection MACROS
                      00027 ;*******************************************************************************
                      00028 Bank0   MACRO               ; Select RAM bank 0
                      00029         bcf     STATUS,RP0
                      00030         bcf     STATUS,RP1
                      00031         ENDM
                      00032 ;----------------------------------------------
                      00033 Bank1   MACRO               ; Select RAM bank 1
                      00034         bsf     STATUS,RP0
                      00035         bcf     STATUS,RP1
                      00036         ENDM
                      00037 ;-----------------------------------------------
                      00038 Bank2   MACRO               ; Select RAM bank 2
                      00039         bcf     STATUS,RP0
                      00040         bsf     STATUS,RP1
                      00041         ENDM
                      00042 ;----------------------------------------------
MPASM 5.75                 PIC_8B_SIMPLE.ASM   10-20-2022  3:39:52         PAGE  2


LOC  OBJECT CODE     LINE SOURCE TEXT
  VALUE

                      00043 Bank3   MACRO               ; Select RAM bank 3
                      00044         bsf     STATUS,RP0
                      00045         bsf     STATUS,RP1
                      00046         ENDM 
                      00047 
                      00048 ;*******************************************************************************
                      00049 ; Reset Vector
                      00050 ;*******************************************************************************
                      00051 
                      00052 RES_VECT  CODE    0x0000            ; processor reset vector
0000   2???           00053     GOTO    START                   ; go to beginning of program
                      00054     
                      00055 ;*******************************************************************************
                      00056     org         H'0004'
0004   2???           00057     GOTO    USART_ISR
                      00058     
                      00059 ; TODO INSERT ISR HERE
                      00060 
                      00061 ;*******************************************************************************
                      00062 ; MAIN PROGRAM
                      00063 ;*******************************************************************************
                      00064 
                      00065 MAIN_PROG CODE                     ; let linker place main program
                      00066 ;---------------------------------------------------------------
                      00067 ; asynchronous reception setup
                      00068 ;---------------------------------------------------------------
0000                  00069 START:
                      00070                                 
                      00071     Bank1                       ; select RAM Bank 1
0000   1683               M         bsf     STATUS,RP0
0001   1303               M         bcf     STATUS,RP1
                      00072                                 ; transmit status and control register
                      00073                                 ; high baud rate select bit
Message[302]: Register in operand not in bank 0.  Ensure that bank bits are correct.
0002   1118           00074     BCF     TXSTA, BRGH         ; async mode, low speed
Message[302]: Register in operand not in bank 0.  Ensure that bank bits are correct.
0003   1218           00075     BCF     TXSTA, SYNC         ; choose asynchronous operation
0004   3085           00076     MOVLW   H'85'               ; configure timer 0         prescaler
Message[302]: Register in operand not in bank 0.  Ensure that bank bits are correct.
0005   0081           00077     MOVWF   OPTION_REG          ; pull-up disabled, Fosc/4, 1:64
Message[302]: Register in operand not in bank 0.  Ensure that bank bits are correct.
0006   168C           00078     BSF     PIE1, RCIE          ; enable interrupt to detect incoming data
0007   3080           00079     MOVLW   H'80'               ;
0008   008B           00080     MOVWF   INTCON              ; enable global, peripheral, timer0 interrupts
0009   3000           00081     MOVLW   H'00'
Message[302]: Register in operand not in bank 0.  Ensure that bank bits are correct.
000A   0088           00082     MOVWF   TRISD               ; all portD as output
Message[302]: Register in operand not in bank 0.  Ensure that bank bits are correct.
000B   0086           00083     MOVWF   TRISB               ; all portB as output
000C   30F0           00084     MOVLW   H'F0'
Message[302]: Register in operand not in bank 0.  Ensure that bank bits are correct.
000D   0087           00085     MOVWF   TRISC               ; bits 7 and 6 (5, 4) as inputs
                      00086 ;------------------------------------------------------------    
MPASM 5.75                 PIC_8B_SIMPLE.ASM   10-20-2022  3:39:52         PAGE  3


LOC  OBJECT CODE     LINE SOURCE TEXT
  VALUE

                      00087     Bank0                       ; select bank 0
000E   1283               M         bcf     STATUS,RP0
000F   1303               M         bcf     STATUS,RP1
                      00088                                 ; receive status and control register
                      00089                                 ; spen stands for serial port enable bit
0010   1798           00090     BSF     RCSTA, SPEN         ; enable the serial port
0011   1618           00091     BSF     RCSTA, CREN         ; enable data reception
                      00092                                 ; continuous receive enable bit 
0012   1408           00093     BSF     PORTD, RD0          ; turn on led on RD0
0013   1088           00094     BCF     PORTD, RD1          ; turn off led on RD1
0014   1506           00095     BSF     PORTB, RB2          ; turn on led on RB2
0015   0181           00096     CLRF    TMR0                ; initialize tmr0 counter (it counts up to 255)
                      00097 ;-------------------------------------------------------------
                      00098     Bank2                       ; select bank 2
0016   1283               M         bcf     STATUS,RP0
0017   1703               M         bsf     STATUS,RP1
Message[302]: Register in operand not in bank 0.  Ensure that bank bits are correct.
0018   1387           00099     BCF     CM1CON0, C1ON       ; turn off comparator 1
Message[302]: Register in operand not in bank 0.  Ensure that bank bits are correct.
0019   1388           00100     BCF     CM2CON0, C2ON       ; turn off comparator 2
                      00101 ;--------------------------------------------------------------
                      00102     Bank3                          ; select bank 3
001A   1683               M         bsf     STATUS,RP0
001B   1703               M         bsf     STATUS,RP1
001C   3000           00103     MOVLW   H'00'                  ; load W with zero to 
Message[302]: Register in operand not in bank 0.  Ensure that bank bits are correct.
001D   0089           00104     MOVWF   ANSELH                 ; all ports as digital output
Message[302]: Register in operand not in bank 0.  Ensure that bank bits are correct.
001E   0088           00105     MOVWF   ANSEL
Message[302]: Register in operand not in bank 0.  Ensure that bank bits are correct.
001F   1187           00106     BCF     BAUDCTL, BRG16         ; set 8 bit baud rate generator bit
0020   3019           00107     MOVLW   D'25'                  ; 9600 baud rate, at 16 MHz, 8 bit, low speed
Message[302]: Register in operand not in bank 0.  Ensure that bank bits are correct.
0021   0099           00108     MOVWF   SPBRG                  ; for high speed, BRG16 should be set, 
                      00109                                    ; and this value would be 103
                      00110                                   
                      00111 ;*******************************************************************************
                      00112     Bank0                          ; leave bank3 and go back to bank0
0022   1283               M         bcf     STATUS,RP0
0023   1303               M         bcf     STATUS,RP1
0024   30F5           00113     MOVLW   D'245'
0025   00A6           00114     MOVWF   COUNTER                ; setup counter for LED blink delay
0026                  00115 Main:
0026   2???           00116     GOTO    Main                   ; all the logic happends in the ISR
                      00117     
                      00118 ;*******************************************************************************
                      00119 ;  interrupt service routine
                      00120 ;*******************************************************************************    
0027                  00121 USART_ISR:
                      00122         ; save context
0027   00A2           00123         MOVWF   OLD_W           ; save W
0028   1283           00124         BCF     STATUS, RP0     ; access BANK0
0029   0E03           00125         SWAPF   STATUS, W       ; store status in W
MPASM 5.75                 PIC_8B_SIMPLE.ASM   10-20-2022  3:39:52         PAGE  4


LOC  OBJECT CODE     LINE SOURCE TEXT
  VALUE

002A   00A3           00126         MOVWF   OLD_STATUS      ; save status
002B   080A           00127         MOVF    PCLATH, W       ; store pclath in W
002C   00A4           00128         MOVWF   OLD_PCLATH      ; save pclath
002D   0804           00129         MOVF    FSR, W          ; store fsr in W
002E   00A5           00130         MOVWF   OLD_FSR         ; save fsr
                      00131 ;-----------------------------------------------
                      00132 
                      00133         Bank0    
002F   1283               M         bcf     STATUS,RP0
0030   1303               M         bcf     STATUS,RP1
0031   1D0B           00134         BTFSS   INTCON, T0IF      ; is it a timer0 interrupt?
0032   2???           00135         GOTO    exitISR           ; it not (T0IF = 0), leave ISR
0033   110B           00136         BCF     INTCON, T0IF      ; if it is, clear flag.
0034   0181           00137         CLRF    TMR0              ; restart timer0 counting  
Message[305]: Using default destination of 1 (file).
0035   0BA6           00138         DECFSZ  COUNTER           ; decrement counter and skip
0036   2???           00139         GOTO    usart             ; this line, when it reaches 0
0037   2???           00140         CALL    blinkLed
                      00141         ; is an USART RX interrupt?
0038   1A8C           00142 usart:  BTFSC   PIR1, RCIF      ; Test bit 5 
0039   1683           00143         BSF     STATUS, RP0     ; Bank 1 if RCIF set
                      00144 
                      00145         Bank1
003A   1683               M         bsf     STATUS,RP0
003B   1303               M         bcf     STATUS,RP1
Message[302]: Register in operand not in bank 0.  Ensure that bank bits are correct.
003C   1E8C           00146         BTFSS   PIE1, RCIE      ; test if interrupt is enabled
003D   2???           00147         GOTO    exitISR
                      00148         
                      00149         Bank0
003E   1283               M         bcf     STATUS,RP0
003F   1303               M         bcf     STATUS,RP1
                      00150         ; Test for overrun and framing errors.
                      00151         ; Bit 1 (OERR) of the RCSTA register detects overrun
                      00152         ; Bit 2 (FERR) of the RCSTA register detects framing error
0040   1898           00153         BTFSC   RCSTA, OERR     ; Test for overrun error   
0041   2???           00154         GOTO    overflowErr     ; Error handler
0042   1918           00155         BTFSC   RCSTA, FERR     ; Test for framing error
0043   2???           00156         GOTO    frameErr        ; Error handler
                      00157         
                      00158         ; read the RCSTA register to get the error flags
0044   081A           00159         MOVF    RCREG, W        ; get the 8 least significant data bits
0045   00A0           00160         MOVWF   rcv_data        ; copy value into variable
                      00161         ;-----------------------
0046   3049           00162         MOVLW   H'49'
Message[305]: Using default destination of 1 (file).
0047   02A0           00163         SUBWF   rcv_data        ; check whether it is a '1' (ASCII: 0x49)
0048   1903           00164         BTFSC   STATUS, Z       ; if Z flag not set?
0049   2???           00165         GOTO    toggleGreen     ; No, it is 1 (0x49-0x49 = 0, Z = 1)
                      00166                                 ; so, toggle green led
004A   2???           00167         GOTO    secondCmd                               
                      00168 ;-----------------------------------------------        
004B                  00169 blinkLed:
MPASM 5.75                 PIC_8B_SIMPLE.ASM   10-20-2022  3:39:52         PAGE  5


LOC  OBJECT CODE     LINE SOURCE TEXT
  VALUE

004B   3004           00170         MOVLW   H'04'
Message[305]: Using default destination of 1 (file).
004C   0686           00171         XORWF   PORTB
004D   30F5           00172         MOVLW   D'245'
004E   00A6           00173         MOVWF   COUNTER         ; reload counter with 245
004F   0008           00174         RETURN
                      00175 ;-----------------------------------------------                
0050                  00176 toggleGreen:
0050   3001           00177         MOVLW   H'01'
Message[305]: Using default destination of 1 (file).
0051   0688           00178         XORWF   PORTD           ; change LED state
0052   2???           00179         GOTO    exitISR
                      00180 ;-------------------------------        
0053                  00181 secondCmd:                      ; Yes, it is zero, so come to this label        
0053   3050           00182         MOVLW   H'50'
Message[305]: Using default destination of 1 (file).
0054   02A0           00183         SUBWF   rcv_data        ; check whether it is a '2' (ASCII: 0x50)
0055   1903           00184         BTFSC   STATUS, Z       ; Is Z flag not set?
0056   2???           00185         GOTO    toggleRed       ; No, it is set, since 0x50-0x50 = 0, Z = 1
                      00186                                 ; so, toggle red led
0057   2???           00187         GOTO    exitISR         ; Z flag is zero, so leave ISR
                      00188 ;-------------------------------
0058                  00189 toggleRed:
0058   3002           00190         MOVLW   H'02'
Message[305]: Using default destination of 1 (file).
0059   0688           00191         XORWF   PORTD           ; change LED state
005A   2???           00192         GOTO    exitISR
                      00193         
                      00194 ;==========================;
                      00195 ;     error handlers       ;
                      00196 ;==========================;
005B                  00197 overflowErr:
005B   1421           00198         BSF     errFlag, 0          ; Bit 0 is overrun error
                      00199         ; Reset system, because if an overrun occurred, clear the OERR flag
005C   1218           00200         BCF     RCSTA,CREN          ; Clear continuous receive bit
005D   1618           00201         BSF     RCSTA,CREN          ; Set to re-enable reception
005E   2???           00202         GOTO    exitISR
                      00203 
005F                  00204 frameErr:
005F   14A1           00205         BSF     errFlag, 1          ; Bit 1 is framing error
0060   081A           00206         MOVF    RCREG, W            ; Read and throw away bad data
                      00207         
                      00208 ;======================================;
                      00209 ;   end of interrupt service routine   ;
                      00210 ;======================================;
0061                  00211 exitISR:
                      00212         ; restore context
                      00213         Bank0
0061   1283               M         bcf     STATUS,RP0
0062   1303               M         bcf     STATUS,RP1
0063   0825           00214         MOVF    OLD_FSR, W          ; Recover FSR value
0064   0084           00215         MOVWF   FSR                 ; Restore in register
0065   0824           00216         MOVF    OLD_PCLATH, w       ; Recover PCLATH value
MPASM 5.75                 PIC_8B_SIMPLE.ASM   10-20-2022  3:39:52         PAGE  6


LOC  OBJECT CODE     LINE SOURCE TEXT
  VALUE

0066   008A           00217         MOVWF   PCLATH              ; Restore in register
                      00218 
0067   0E23           00219         SWAPF   OLD_STATUS, W
0068   0803           00220         MOVFW   STATUS
0069   0EA2           00221         SWAPF   OLD_W, F
006A   0E22           00222         SWAPF   OLD_W, W
                      00223    
006B   0009           00224         RETFIE
                      00225 ;*******************************************************************************        
20F7 3EFF             00226         END
MPASM 5.75                 PIC_8B_SIMPLE.ASM   10-20-2022  3:39:52         PAGE  7


SYMBOL TABLE
  LABEL                             VALUE 

ABDEN                             00000000
ABDOVF                            00000007
ACKDT                             00000005
ACKEN                             00000004
ACKSTAT                           00000006
ADCON0                            0000001F
ADCON1                            0000009F
ADCS0                             00000006
ADCS1                             00000007
ADDEN                             00000003
ADFM                              00000007
ADIE                              00000006
ADIF                              00000006
ADON                              00000000
ADRESH                            0000001E
ADRESL                            0000009E
ANS0                              00000000
ANS1                              00000001
ANS10                             00000002
ANS11                             00000003
ANS12                             00000004
ANS13                             00000005
ANS2                              00000002
ANS3                              00000003
ANS4                              00000004
ANS5                              00000005
ANS6                              00000006
ANS7                              00000007
ANS8                              00000000
ANS9                              00000001
ANSEL                             00000188
ANSELH                            00000189
BAUDCTL                           00000187
BCLIE                             00000003
BCLIF                             00000003
BF                                00000000
BRG0                              00000000
BRG1                              00000001
BRG10                             00000002
BRG11                             00000003
BRG12                             00000004
BRG13                             00000005
BRG14                             00000006
BRG15                             00000007
BRG16                             00000003
BRG2                              00000002
BRG3                              00000003
BRG4                              00000004
BRG5                              00000005
BRG6                              00000006
BRG7                              00000007
BRG8                              00000000
BRG9                              00000001
MPASM 5.75                 PIC_8B_SIMPLE.ASM   10-20-2022  3:39:52         PAGE  8


SYMBOL TABLE
  LABEL                             VALUE 

BRGH                              00000002
Bank0                             
Bank1                             
Bank2                             
Bank3                             
C                                 00000000
C1CH0                             00000000
C1CH1                             00000001
C1IE                              00000005
C1IF                              00000005
C1OE                              00000005
C1ON                              00000007
C1OUT                             00000006
C1POL                             00000004
C1R                               00000002
C1RSEL                            00000005
C1SEN                             00000005
C2CH0                             00000000
C2CH1                             00000001
C2IE                              00000006
C2IF                              00000006
C2OE                              00000005
C2ON                              00000007
C2OUT                             00000006
C2POL                             00000004
C2R                               00000002
C2REN                             00000004
C2RSEL                            00000004
C2SYNC                            00000000
CCP1CON                           00000017
CCP1IE                            00000002
CCP1IF                            00000002
CCP1M0                            00000000
CCP1M1                            00000001
CCP1M2                            00000002
CCP1M3                            00000003
CCP1X                             00000005
CCP1Y                             00000004
CCP2CON                           0000001D
CCP2IE                            00000000
CCP2IF                            00000000
CCP2M0                            00000000
CCP2M1                            00000001
CCP2M2                            00000002
CCP2M3                            00000003
CCP2X                             00000005
CCP2Y                             00000004
CCPR1                             00000015
CCPR1H                            00000016
CCPR1L                            00000015
CCPR2                             0000001B
CCPR2H                            0000001C
CCPR2L                            0000001B
MPASM 5.75                 PIC_8B_SIMPLE.ASM   10-20-2022  3:39:52         PAGE  9


SYMBOL TABLE
  LABEL                             VALUE 

CHS0                              00000002
CHS1                              00000003
CHS2                              00000004
CHS3                              00000005
CKE                               00000006
CKP                               00000004
CM1CON0                           00000107
CM2CON0                           00000108
CM2CON1                           00000109
COUNTER                           00000026
CREN                              00000004
CSRC                              00000007
D                                 00000005
DATA_ADDRESS                      00000005
DC                                00000001
DC1B0                             00000004
DC1B1                             00000005
DC2B0                             00000004
DC2B1                             00000005
D_A                               00000005
D_NOT_A                           00000005
ECCPAS                            0000009C
ECCPAS0                           00000004
ECCPAS1                           00000005
ECCPAS2                           00000006
ECCPASE                           00000007
EEADR                             0000010D
EEADRH                            0000010F
EECON1                            0000018C
EECON2                            0000018D
EEDAT                             0000010C
EEDATA                            0000010C
EEDATH                            0000010E
EEIE                              00000004
EEIF                              00000004
EEPGD                             00000007
F                                 00000001
FERR                              00000002
FSR                               00000004
FVREN                             00000000
GCEN                              00000007
GIE                               00000007
GO                                00000001
GO_DONE                           00000001
GO_NOT_DONE                       00000001
HTS                               00000002
I2C_DATA                          00000005
I2C_READ                          00000002
I2C_START                         00000003
I2C_STOP                          00000004
INDF                              00000000
INTCON                            0000000B
INTE                              00000004
MPASM 5.75                 PIC_8B_SIMPLE.ASM   10-20-2022  3:39:52         PAGE 10


SYMBOL TABLE
  LABEL                             VALUE 

INTEDG                            00000006
INTF                              00000001
IOCB                              00000096
IOCB0                             00000000
IOCB1                             00000001
IOCB2                             00000002
IOCB3                             00000003
IOCB4                             00000004
IOCB5                             00000005
IOCB6                             00000006
IOCB7                             00000007
IRCF0                             00000004
IRCF1                             00000005
IRCF2                             00000006
IRP                               00000007
LTS                               00000001
MC1OUT                            00000007
MC2OUT                            00000006
MSK                               00000093
MSK0                              00000000
MSK1                              00000001
MSK2                              00000002
MSK3                              00000003
MSK4                              00000004
MSK5                              00000005
MSK6                              00000006
MSK7                              00000007
Main                              00000026
NOT_A                             00000005
NOT_ADDRESS                       00000005
NOT_BO                            00000000
NOT_BOR                           00000000
NOT_DONE                          00000001
NOT_PD                            00000003
NOT_POR                           00000001
NOT_RBPU                          00000007
NOT_RC8                           00000006
NOT_T1SYNC                        00000002
NOT_TO                            00000004
NOT_TX8                           00000006
NOT_W                             00000002
NOT_WRITE                         00000002
OERR                              00000001
OLD_FSR                           00000025
OLD_PCLATH                        00000024
OLD_STATUS                        00000023
OLD_W                             00000022
OPTION_REG                        00000081
OSCCON                            0000008F
OSCTUNE                           00000090
OSFIE                             00000007
OSFIF                             00000007
OSTS                              00000003
MPASM 5.75                 PIC_8B_SIMPLE.ASM   10-20-2022  3:39:52         PAGE 11


SYMBOL TABLE
  LABEL                             VALUE 

P                                 00000004
P1M0                              00000006
P1M1                              00000007
PCL                               00000002
PCLATH                            0000000A
PCON                              0000008E
PDC0                              00000000
PDC1                              00000001
PDC2                              00000002
PDC3                              00000003
PDC4                              00000004
PDC5                              00000005
PDC6                              00000006
PEIE                              00000006
PEN                               00000002
PIE1                              0000008C
PIE2                              0000008D
PIR1                              0000000C
PIR2                              0000000D
PORTA                             00000005
PORTB                             00000006
PORTC                             00000007
PORTD                             00000008
PORTE                             00000009
PR2                               00000092
PRSEN                             00000007
PS0                               00000000
PS1                               00000001
PS2                               00000002
PSA                               00000003
PSSAC0                            00000002
PSSAC1                            00000003
PSSBD0                            00000000
PSSBD1                            00000001
PSTRCON                           0000009D
PULSR                             00000002
PULSS                             00000003
PWM1CON                           0000009B
R                                 00000002
RA0                               00000000
RA1                               00000001
RA2                               00000002
RA3                               00000003
RA4                               00000004
RA5                               00000005
RA6                               00000006
RA7                               00000007
RB0                               00000000
RB1                               00000001
RB2                               00000002
RB3                               00000003
RB4                               00000004
RB5                               00000005
MPASM 5.75                 PIC_8B_SIMPLE.ASM   10-20-2022  3:39:52         PAGE 12


SYMBOL TABLE
  LABEL                             VALUE 

RB6                               00000006
RB7                               00000007
RBIE                              00000003
RBIF                              00000000
RC0                               00000000
RC1                               00000001
RC2                               00000002
RC3                               00000003
RC4                               00000004
RC5                               00000005
RC6                               00000006
RC7                               00000007
RC8_9                             00000006
RC9                               00000006
RCD8                              00000000
RCEN                              00000003
RCIDL                             00000006
RCIE                              00000005
RCIF                              00000005
RCREG                             0000001A
RCSTA                             00000018
RD                                00000000
RD0                               00000000
RD1                               00000001
RD2                               00000002
RD3                               00000003
RD4                               00000004
RD5                               00000005
RD6                               00000006
RD7                               00000007
RE0                               00000000
RE1                               00000001
RE2                               00000002
RE3                               00000003
READ_WRITE                        00000002
RP0                               00000005
RP1                               00000006
RSEN                              00000001
RX9                               00000006
RX9D                              00000000
R_NOT_W                           00000002
R_W                               00000002
S                                 00000003
SBOREN                            00000004
SCKP                              00000004
SCS                               00000000
SEN                               00000000
SENDB                             00000003
SMP                               00000007
SPBRG                             00000099
SPBRGH                            0000009A
SPEN                              00000007
SR0                               00000006
MPASM 5.75                 PIC_8B_SIMPLE.ASM   10-20-2022  3:39:52         PAGE 13


SYMBOL TABLE
  LABEL                             VALUE 

SR1                               00000007
SRCON                             00000185
SREN                              00000005
SSPADD                            00000093
SSPBUF                            00000013
SSPCON                            00000014
SSPCON2                           00000091
SSPEN                             00000005
SSPIE                             00000003
SSPIF                             00000003
SSPM0                             00000000
SSPM1                             00000001
SSPM2                             00000002
SSPM3                             00000003
SSPMSK                            00000093
SSPOV                             00000006
SSPSTAT                           00000094
START                             00000000
STATUS                            00000003
STRA                              00000000
STRB                              00000001
STRC                              00000002
STRD                              00000003
STRSYNC                           00000004
SWDTEN                            00000000
SYNC                              00000004
T0CS                              00000005
T0IE                              00000005
T0IF                              00000002
T0SE                              00000004
T1CKPS0                           00000004
T1CKPS1                           00000005
T1CON                             00000010
T1GINV                            00000007
T1GIV                             00000007
T1GSS                             00000001
T1INSYNC                          00000002
T1OSCEN                           00000003
T1SYNC                            00000002
T2CKPS0                           00000000
T2CKPS1                           00000001
T2CON                             00000012
TMR0                              00000001
TMR0IE                            00000005
TMR0IF                            00000002
TMR1                              0000000E
TMR1CS                            00000001
TMR1GE                            00000006
TMR1H                             0000000F
TMR1IE                            00000000
TMR1IF                            00000000
TMR1L                             0000000E
TMR1ON                            00000000
MPASM 5.75                 PIC_8B_SIMPLE.ASM   10-20-2022  3:39:52         PAGE 14


SYMBOL TABLE
  LABEL                             VALUE 

TMR2                              00000011
TMR2IE                            00000001
TMR2IF                            00000001
TMR2ON                            00000002
TOUTPS0                           00000003
TOUTPS1                           00000004
TOUTPS2                           00000005
TOUTPS3                           00000006
TRISA                             00000085
TRISA0                            00000000
TRISA1                            00000001
TRISA2                            00000002
TRISA3                            00000003
TRISA4                            00000004
TRISA5                            00000005
TRISA6                            00000006
TRISA7                            00000007
TRISB                             00000086
TRISB0                            00000000
TRISB1                            00000001
TRISB2                            00000002
TRISB3                            00000003
TRISB4                            00000004
TRISB5                            00000005
TRISB6                            00000006
TRISB7                            00000007
TRISC                             00000087
TRISC0                            00000000
TRISC1                            00000001
TRISC2                            00000002
TRISC3                            00000003
TRISC4                            00000004
TRISC5                            00000005
TRISC6                            00000006
TRISC7                            00000007
TRISD                             00000088
TRISD0                            00000000
TRISD1                            00000001
TRISD2                            00000002
TRISD3                            00000003
TRISD4                            00000004
TRISD5                            00000005
TRISD6                            00000006
TRISD7                            00000007
TRISE                             00000089
TRISE0                            00000000
TRISE1                            00000001
TRISE2                            00000002
TRISE3                            00000003
TRMT                              00000001
TUN0                              00000000
TUN1                              00000001
TUN2                              00000002
MPASM 5.75                 PIC_8B_SIMPLE.ASM   10-20-2022  3:39:52         PAGE 15


SYMBOL TABLE
  LABEL                             VALUE 

TUN3                              00000003
TUN4                              00000004
TX8_9                             00000006
TX9                               00000006
TX9D                              00000000
TXD8                              00000000
TXEN                              00000005
TXIE                              00000004
TXIF                              00000004
TXREG                             00000019
TXSTA                             00000098
UA                                00000001
ULPWUE                            00000005
ULPWUIE                           00000002
ULPWUIF                           00000002
USART_ISR                         00000027
VCFG0                             00000004
VCFG1                             00000005
VR0                               00000000
VR1                               00000001
VR2                               00000002
VR3                               00000003
VRCON                             00000097
VREN                              00000007
VROE                              00000006
VRR                               00000005
VRSS                              00000004
W                                 00000000
WCOL                              00000007
WDTCON                            00000105
WDTPS0                            00000001
WDTPS1                            00000002
WDTPS2                            00000003
WDTPS3                            00000004
WPUB                              00000095
WPUB0                             00000000
WPUB1                             00000001
WPUB2                             00000002
WPUB3                             00000003
WPUB4                             00000004
WPUB5                             00000005
WPUB6                             00000006
WPUB7                             00000007
WR                                00000001
WREN                              00000002
WRERR                             00000003
WUE                               00000001
Z                                 00000002
_BOR21V                           00003EFF
_BOR40V                           00003FFF
_BOR4V_BOR21V                     00003EFF
_BOR4V_BOR40V                     00003FFF
_BOREN_NSLEEP                     00003EFF
MPASM 5.75                 PIC_8B_SIMPLE.ASM   10-20-2022  3:39:52         PAGE 16


SYMBOL TABLE
  LABEL                             VALUE 

_BOREN_OFF                        00003CFF
_BOREN_ON                         00003FFF
_BOREN_SBODEN                     00003DFF
_BOR_NSLEEP                       00003EFF
_BOR_OFF                          00003CFF
_BOR_ON                           00003FFF
_BOR_SBODEN                       00003DFF
_CONFIG1                          00002007
_CONFIG2                          00002008
_CPD_OFF                          00003FFF
_CPD_ON                           00003F7F
_CP_OFF                           00003FFF
_CP_ON                            00003FBF
_DEBUG_OFF                        00003FFF
_DEBUG_ON                         00001FFF
_DEVID1                           00002006
_EC_OSC                           00003FFB
_EXTRC                            00003FFF
_EXTRCIO                          00003FFE
_EXTRC_OSC_CLKOUT                 00003FFF
_EXTRC_OSC_NOCLKOUT               00003FFE
_FCMEN_OFF                        000037FF
_FCMEN_ON                         00003FFF
_FOSC_EC                          00003FFB
_FOSC_EXTRC_CLKOUT                00003FFF
_FOSC_EXTRC_NOCLKOUT              00003FFE
_FOSC_HS                          00003FFA
_FOSC_INTRC_CLKOUT                00003FFD
_FOSC_INTRC_NOCLKOUT              00003FFC
_FOSC_LP                          00003FF8
_FOSC_XT                          00003FF9
_HS_OSC                           00003FFA
_IDLOC0                           00002000
_IDLOC1                           00002001
_IDLOC2                           00002002
_IDLOC3                           00002003
_IESO_OFF                         00003BFF
_IESO_ON                          00003FFF
_INTOSC                           00003FFD
_INTOSCIO                         00003FFC
_INTRC_OSC_CLKOUT                 00003FFD
_INTRC_OSC_NOCLKOUT               00003FFC
_LP_OSC                           00003FF8
_LVP_OFF                          00002FFF
_LVP_ON                           00003FFF
_MCLRE_OFF                        00003FDF
_MCLRE_ON                         00003FFF
_PWRTE_OFF                        00003FFF
_PWRTE_ON                         00003FEF
_WDTE_OFF                         00003FF7
_WDTE_ON                          00003FFF
_WDT_OFF                          00003FF7
_WDT_ON                           00003FFF
MPASM 5.75                 PIC_8B_SIMPLE.ASM   10-20-2022  3:39:52         PAGE 17


SYMBOL TABLE
  LABEL                             VALUE 

_WRT_1FOURTH                      00003BFF
_WRT_256                          00003DFF
_WRT_HALF                         000039FF
_WRT_OFF                          00003FFF
_XT_OSC                           00003FF9
__16F887                          00000001
blinkLed                          0000004B
errFlag                           00000021
exitISR                           00000061
frameErr                          0000005F
overflowErr                       0000005B
rcv_data                          00000020
secondCmd                         00000053
toggleGreen                       00000050
toggleRed                         00000058
usart                             00000038

Errors   :     0
Warnings :     0 reported,     0 suppressed
Messages :    20 reported,     0 suppressed

