MPASM 5.75            NEW_PIC_8B_GENERAL.ASM   9-27-2022  0:33:18         PAGE  1


LOC  OBJECT CODE     LINE SOURCE TEXT
  VALUE

                      00001 
                      00002 ;*******************************************************************************
                      00003  #include "p16f876a.inc"
                      00001         LIST
                      00002 
                      00003 ;==========================================================================
                      00004 ; Build date : Jul 02 2017
                      00005 ;  MPASM PIC16F876A processor include
                      00006 ; 
                      00007 ;  (c) Copyright 1999-2017 Microchip Technology, All rights reserved
                      00008 ;==========================================================================
                      00009 
                      00525         LIST
                      00004 
                      00005  ; CONFIG
                      00006  ; __config 0xFF3A
2007   3F3A           00007  __CONFIG _FOSC_HS & _WDTE_OFF & _PWRTE_OFF & _BOREN_OFF & _LVP_OFF & _CPD_OFF & _WRT_OFF & _CP_OFF
                      00008 
                      00009 ;*******************************************************************************
                      00010 ;
                      00011 ; TODO Step #2 - Configuration Word Setup
                      00012 ;
                      00013 ; The 'CONFIG' directive is used to embed the configuration word within the
                      00014 ; .asm file. MPLAB X requires users to embed their configuration words
                      00015 ; into source code.  See the device datasheet for additional information
                      00016 ; on configuration word settings.  Device configuration bits descriptions
                      00017 ; are in C:\Program Files\Microchip\MPLABX\mpasmx\P<device_name>.inc
                      00018 ; (may change depending on your MPLAB X installation directory).
                      00019 ;
                      00020 ; MPLAB X has a feature which generates configuration bits source code.  Go to
                      00021 ; Window > PIC Memory Views > Configuration Bits.  Configure each field as
                      00022 ; needed and select 'Generate Source Code to Output'.  The resulting code which
                      00023 ; appears in the 'Output Window' > 'Config Bits Source' tab may be copied
                      00024 ; below.
                      00025 ;
                      00026 ;*******************************************************************************
                      00027 ; TODO Step #3 - Variable Definitions
                      00028 ;
                      00029 ; Refer to datasheet for available data memory (RAM) organization assuming
                      00030 ; relocatible code organization (which is an option in project
                      00031 ; properties > mpasm (Global Options)).  Absolute mode generally should
                      00032 ; be used sparingly.
                      00033 ;
                      00034 ; Example of using GPR Uninitialized Data
                      00035 ;
                      00036 ;   GPR_VAR        UDATA
                      00037 ;   MYVAR1         RES        1      ; User variable linker places
                      00038 ;   MYVAR2         RES        1      ; User variable linker places
                      00039 ;   MYVAR3         RES        1      ; User variable linker places
                      00040 ;
                      00041 ;   ; Example of using Access Uninitialized Data Section (when available)
                      00042 ;   ; The variables for the context saving in the device datasheet may need
                      00043 ;   ; memory reserved here.
MPASM 5.75            NEW_PIC_8B_GENERAL.ASM   9-27-2022  0:33:18         PAGE  2


LOC  OBJECT CODE     LINE SOURCE TEXT
  VALUE

                      00044 ;   INT_VAR        UDATA_ACS
                      00045 ;   W_TEMP         RES        1      ; w register for context saving (ACCESS)
                      00046 ;   STATUS_TEMP    RES        1      ; status used for context saving
                      00047 ;   BSR_TEMP       RES        1      ; bank select used for ISR context saving
                      00048 ;
                      00049 ;*******************************************************************************
                      00050 
                      00051 ; TODO PLACE VARIABLE DEFINITIONS GO HERE
                      00052  #define BANK0  BCF STATUS,RP0
                      00053  #define BANK1  BSF STATUS,RP0
                      00054 
                      00055  CBLOCK     H'20'
  00000020            00056     COUNT0
  00000021            00057     COUNT1
  00000022            00058     COUNT2
                      00059  ENDC
                      00060 ;*******************************************************************************
                      00061 ; Reset Vector
                      00062 ;*******************************************************************************
                      00063 
                      00064 RES_VECT  CODE    0x0000            ; processor reset vector
0000   2???           00065     GOTO    START                   ; go to beginning of program
                      00066 
                      00067 ;*******************************************************************************
                      00068 ; TODO Step #4 - Interrupt Service Routines
                      00069 ;
                      00070 ; There are a few different ways to structure interrupt routines in the 8
                      00071 ; bit device families.  On PIC18's the high priority and low priority
                      00072 ; interrupts are located at 0x0008 and 0x0018, respectively.  On PIC16's and
                      00073 ; lower the interrupt is at 0x0004.  Between device families there is subtle
                      00074 ; variation in the both the hardware supporting the ISR (for restoring
                      00075 ; interrupt context) as well as the software used to restore the context
                      00076 ; (without corrupting the STATUS bits).
                      00077 ;
                      00078 ; General formats are shown below in relocatible format.
                      00079 ;
                      00080 ;------------------------------PIC16's and below--------------------------------
                      00081 ;
                      00082 ; ISR       CODE    0x0004           ; interrupt vector location
                      00083 ;
                      00084 ;     <Search the device datasheet for 'context' and copy interrupt
                      00085 ;     context saving code here.  Older devices need context saving code,
                      00086 ;     but newer devices like the 16F#### don't need context saving code.>
                      00087 ;
                      00088 ;     RETFIE
                      00089 ;
                      00090 ;----------------------------------PIC18's--------------------------------------
                      00091 ;
                      00092 ; ISRHV     CODE    0x0008
                      00093 ;     GOTO    HIGH_ISR
                      00094 ; ISRLV     CODE    0x0018
                      00095 ;     GOTO    LOW_ISR
                      00096 ;
MPASM 5.75            NEW_PIC_8B_GENERAL.ASM   9-27-2022  0:33:18         PAGE  3


LOC  OBJECT CODE     LINE SOURCE TEXT
  VALUE

                      00097 ; ISRH      CODE                     ; let linker place high ISR routine
                      00098 ; HIGH_ISR
                      00099 ;     <Insert High Priority ISR Here - no SW context saving>
                      00100 ;     RETFIE  FAST
                      00101 ;
                      00102 ; ISRL      CODE                     ; let linker place low ISR routine
                      00103 ; LOW_ISR
                      00104 ;       <Search the device datasheet for 'context' and copy interrupt
                      00105 ;       context saving code here>
                      00106 ;     RETFIE
                      00107 ;
                      00108 ;*******************************************************************************
                      00109 
                      00110 ; TODO INSERT ISR HERE
                      00111         ORG         H'0004'
0004   0009           00112         RETFIE
                      00113 ;*******************************************************************************
                      00114 ; MAIN PROGRAM
                      00115 ;*******************************************************************************
                      00116 
                      00117 MAIN_PROG CODE                      ; let linker place main program
                      00118 
0000                  00119 START
                      00120 
                      00121     ; TODO Step #5 - Insert Your Program Here
0000   1683           00122         BANK1
0001   3000           00123         MOVLW       H'00'           ; your instructions
Message[302]: Register in operand not in bank 0.  Ensure that bank bits are correct.
0002   0086           00124         MOVWF       TRISB           ; output
                      00125 
0003                  00126 TOGGLE
0003   1283           00127         BANK0
0004   3055           00128         MOVLW       H'55'
0005   0086           00129         MOVWF       PORTB           ; b'00001010
0006   2???           00130         CALL        DELAY500ms
                      00131         
0007   30AA           00132         MOVLW       H'AA'
0008   0086           00133         MOVWF       PORTB           ; b'00001010
0009   2???           00134         CALL        DELAY500ms
                      00135         
000A   300F           00136         MOVLW       H'0F'
000B   0086           00137         MOVWF       PORTB           ; b'00001010
000C   2???           00138         CALL        DELAY500ms
                      00139         
000D   30F0           00140         MOVLW       H'F0'
000E   0086           00141         MOVWF       PORTB           ; b'00001010
000F   2???           00142         CALL        DELAY500ms
                      00143         
0010   306C           00144         MOVLW       H'6C'
0011   0086           00145         MOVWF       PORTB           ; b'00001010
0012   2???           00146         CALL        DELAY500ms
                      00147         
0013   30E4           00148         MOVLW       H'E4'
MPASM 5.75            NEW_PIC_8B_GENERAL.ASM   9-27-2022  0:33:18         PAGE  4


LOC  OBJECT CODE     LINE SOURCE TEXT
  VALUE

0014   0086           00149         MOVWF       PORTB           ; b'00001010
0015   2???           00150         CALL        DELAY500ms
                      00151 
0016   303D           00152         MOVLW       H'3D'
0017   0086           00153         MOVWF       PORTB           ; b'00001010
0018   2???           00154         CALL        DELAY500ms
                      00155         
0019   2???           00156         GOTO        TOGGLE
                      00157 ; ====================================================================
                      00158 ;       SUBROUTINE
                      00159 ; ====================================================================
                      00160 
001A                  00161 DELAY_AUX1
Warning[202]: Argument out of range.  Least significant bits used.
001A   302C           00162         MOVLW       D'300'
001B   00A0           00163         MOVWF       COUNT0
001C                  00164 CLOOP
001C   0000           00165         NOP
001D   0000           00166         NOP
001E   0BA0           00167         DECFSZ      COUNT0,1
001F   2???           00168         GOTO        CLOOP
0020   0008           00169         RETURN 
                      00170 ; --------------------------------------------------------------------
                      00171 
0021                  00172 DELAY_AUX2
0021   30C8           00173         MOVLW       D'200'
0022   00A1           00174         MOVWF       COUNT1
0023                  00175 DLOOP
0023   0000           00176         NOP
0024   0000           00177         NOP
0025   0BA1           00178         DECFSZ      COUNT1,1
0026   2???           00179         GOTO        DLOOP
0027   0008           00180         RETURN 
                      00181 ; --------------------------------------------------------------------
                      00182 ; -- NEARLY 500 ms DELAY
0028                  00183 DELAY500ms
0028   3064           00184         MOVLW       D'100'
0029   00A2           00185         MOVWF       COUNT2
002A                  00186 ELOOP
002A   2???           00187         CALL        DELAY_AUX1
002B   2???           00188         CALL        DELAY_AUX2
002C   0BA2           00189         DECFSZ      COUNT2,1
002D   2???           00190         GOTO        ELOOP
                      00191         
002E   0008           00192         RETURN
                      00193 ; ====================================================================
3F3A                  00194         END
MPASM 5.75            NEW_PIC_8B_GENERAL.ASM   9-27-2022  0:33:18         PAGE  5


SYMBOL TABLE
  LABEL                             VALUE 

ACKDT                             00000005
ACKEN                             00000004
ACKSTAT                           00000006
ADCON0                            0000001F
ADCON1                            0000009F
ADCS0                             00000006
ADCS1                             00000007
ADCS2                             00000006
ADDEN                             00000003
ADFM                              00000007
ADIE                              00000006
ADIF                              00000006
ADON                              00000000
ADRESH                            0000001E
ADRESL                            0000009E
BANK0                             BCF STATUS,RP0
BANK1                             BSF STATUS,RP0
BCLIE                             00000003
BCLIF                             00000003
BF                                00000000
BRGH                              00000002
C                                 00000000
C1INV                             00000004
C1OUT                             00000006
C2INV                             00000005
C2OUT                             00000007
CCP1CON                           00000017
CCP1IE                            00000002
CCP1IF                            00000002
CCP1M0                            00000000
CCP1M1                            00000001
CCP1M2                            00000002
CCP1M3                            00000003
CCP1X                             00000005
CCP1Y                             00000004
CCP2CON                           0000001D
CCP2IE                            00000000
CCP2IF                            00000000
CCP2M0                            00000000
CCP2M1                            00000001
CCP2M2                            00000002
CCP2M3                            00000003
CCP2X                             00000005
CCP2Y                             00000004
CCPR1                             00000015
CCPR1H                            00000016
CCPR1L                            00000015
CCPR2                             0000001B
CCPR2H                            0000001C
CCPR2L                            0000001B
CHS0                              00000003
CHS1                              00000004
CHS2                              00000005
MPASM 5.75            NEW_PIC_8B_GENERAL.ASM   9-27-2022  0:33:18         PAGE  6


SYMBOL TABLE
  LABEL                             VALUE 

CIS                               00000003
CKE                               00000006
CKP                               00000004
CLOOP                             0000001C
CM0                               00000000
CM1                               00000001
CM2                               00000002
CMCON                             0000009C
CMIE                              00000006
CMIF                              00000006
COUNT0                            00000020
COUNT1                            00000021
COUNT2                            00000022
CREN                              00000004
CSRC                              00000007
CVR0                              00000000
CVR1                              00000001
CVR2                              00000002
CVR3                              00000003
CVRCON                            0000009D
CVREN                             00000007
CVROE                             00000006
CVRR                              00000005
D                                 00000005
DATA_ADDRESS                      00000005
DC                                00000001
DELAY500ms                        00000028
DELAY_AUX1                        0000001A
DELAY_AUX2                        00000021
DLOOP                             00000023
D_A                               00000005
D_NOT_A                           00000005
EEADR                             0000010D
EEADRH                            0000010F
EECON1                            0000018C
EECON2                            0000018D
EEDATA                            0000010C
EEDATH                            0000010E
EEIE                              00000004
EEIF                              00000004
EEPGD                             00000007
ELOOP                             0000002A
F                                 00000001
FERR                              00000002
FSR                               00000004
GCEN                              00000007
GIE                               00000007
GO                                00000002
GO_DONE                           00000002
GO_NOT_DONE                       00000002
I2C_DATA                          00000005
I2C_READ                          00000002
I2C_START                         00000003
MPASM 5.75            NEW_PIC_8B_GENERAL.ASM   9-27-2022  0:33:18         PAGE  7


SYMBOL TABLE
  LABEL                             VALUE 

I2C_STOP                          00000004
INDF                              00000000
INTCON                            0000000B
INTE                              00000004
INTEDG                            00000006
INTF                              00000001
IRP                               00000007
NOT_A                             00000005
NOT_ADDRESS                       00000005
NOT_BO                            00000000
NOT_BOR                           00000000
NOT_DONE                          00000002
NOT_PD                            00000003
NOT_POR                           00000001
NOT_RBPU                          00000007
NOT_RC8                           00000006
NOT_T1SYNC                        00000002
NOT_TO                            00000004
NOT_TX8                           00000006
NOT_W                             00000002
NOT_WRITE                         00000002
OERR                              00000001
OPTION_REG                        00000081
P                                 00000004
PCFG0                             00000000
PCFG1                             00000001
PCFG2                             00000002
PCFG3                             00000003
PCL                               00000002
PCLATH                            0000000A
PCON                              0000008E
PEIE                              00000006
PEN                               00000002
PIE1                              0000008C
PIE2                              0000008D
PIR1                              0000000C
PIR2                              0000000D
PORTA                             00000005
PORTB                             00000006
PORTC                             00000007
PR2                               00000092
PS0                               00000000
PS1                               00000001
PS2                               00000002
PSA                               00000003
R                                 00000002
RA0                               00000000
RA1                               00000001
RA2                               00000002
RA3                               00000003
RA4                               00000004
RA5                               00000005
RB0                               00000000
MPASM 5.75            NEW_PIC_8B_GENERAL.ASM   9-27-2022  0:33:18         PAGE  8


SYMBOL TABLE
  LABEL                             VALUE 

RB1                               00000001
RB2                               00000002
RB3                               00000003
RB4                               00000004
RB5                               00000005
RB6                               00000006
RB7                               00000007
RBIE                              00000003
RBIF                              00000000
RC0                               00000000
RC1                               00000001
RC2                               00000002
RC3                               00000003
RC4                               00000004
RC5                               00000005
RC6                               00000006
RC7                               00000007
RC8_9                             00000006
RC9                               00000006
RCD8                              00000000
RCEN                              00000003
RCIE                              00000005
RCIF                              00000005
RCREG                             0000001A
RCSTA                             00000018
RD                                00000000
READ_WRITE                        00000002
RP0                               00000005
RP1                               00000006
RSEN                              00000001
RX9                               00000006
RX9D                              00000000
R_NOT_W                           00000002
R_W                               00000002
S                                 00000003
SEN                               00000000
SMP                               00000007
SPBRG                             00000099
SPEN                              00000007
SREN                              00000005
SSPADD                            00000093
SSPBUF                            00000013
SSPCON                            00000014
SSPCON2                           00000091
SSPEN                             00000005
SSPIE                             00000003
SSPIF                             00000003
SSPM0                             00000000
SSPM1                             00000001
SSPM2                             00000002
SSPM3                             00000003
SSPOV                             00000006
SSPSTAT                           00000094
MPASM 5.75            NEW_PIC_8B_GENERAL.ASM   9-27-2022  0:33:18         PAGE  9


SYMBOL TABLE
  LABEL                             VALUE 

START                             00000000
STATUS                            00000003
SYNC                              00000004
T0CS                              00000005
T0IE                              00000005
T0IF                              00000002
T0SE                              00000004
T1CKPS0                           00000004
T1CKPS1                           00000005
T1CON                             00000010
T1INSYNC                          00000002
T1OSCEN                           00000003
T1SYNC                            00000002
T2CKPS0                           00000000
T2CKPS1                           00000001
T2CON                             00000012
TMR0                              00000001
TMR0IE                            00000005
TMR0IF                            00000002
TMR1                              0000000E
TMR1CS                            00000001
TMR1H                             0000000F
TMR1IE                            00000000
TMR1IF                            00000000
TMR1L                             0000000E
TMR1ON                            00000000
TMR2                              00000011
TMR2IE                            00000001
TMR2IF                            00000001
TMR2ON                            00000002
TOGGLE                            00000003
TOUTPS0                           00000003
TOUTPS1                           00000004
TOUTPS2                           00000005
TOUTPS3                           00000006
TRISA                             00000085
TRISA0                            00000000
TRISA1                            00000001
TRISA2                            00000002
TRISA3                            00000003
TRISA4                            00000004
TRISA5                            00000005
TRISB                             00000086
TRISB0                            00000000
TRISB1                            00000001
TRISB2                            00000002
TRISB3                            00000003
TRISB4                            00000004
TRISB5                            00000005
TRISB6                            00000006
TRISB7                            00000007
TRISC                             00000087
TRISC0                            00000000
MPASM 5.75            NEW_PIC_8B_GENERAL.ASM   9-27-2022  0:33:18         PAGE 10


SYMBOL TABLE
  LABEL                             VALUE 

TRISC1                            00000001
TRISC2                            00000002
TRISC3                            00000003
TRISC4                            00000004
TRISC5                            00000005
TRISC6                            00000006
TRISC7                            00000007
TRMT                              00000001
TX8_9                             00000006
TX9                               00000006
TX9D                              00000000
TXD8                              00000000
TXEN                              00000005
TXIE                              00000004
TXIF                              00000004
TXREG                             00000019
TXSTA                             00000098
UA                                00000001
W                                 00000000
WCOL                              00000007
WR                                00000001
WREN                              00000002
WRERR                             00000003
Z                                 00000002
_BODEN_OFF                        00003FBF
_BODEN_ON                         00003FFF
_BOREN_OFF                        00003FBF
_BOREN_ON                         00003FFF
_CONFIG                           00002007
_CPD_OFF                          00003FFF
_CPD_ON                           00003EFF
_CP_ALL                           00001FFF
_CP_OFF                           00003FFF
_CP_ON                            00001FFF
_DEBUG_OFF                        00003FFF
_DEBUG_ON                         000037FF
_DEVID1                           00002006
_FOSC_EXTRC                       00003FFF
_FOSC_HS                          00003FFE
_FOSC_LP                          00003FFC
_FOSC_XT                          00003FFD
_HS_OSC                           00003FFE
_IDLOC0                           00002000
_IDLOC1                           00002001
_IDLOC2                           00002002
_IDLOC3                           00002003
_LP_OSC                           00003FFC
_LVP_OFF                          00003F7F
_LVP_ON                           00003FFF
_PWRTE_OFF                        00003FFF
_PWRTE_ON                         00003FF7
_RC_OSC                           00003FFF
_WDTE_OFF                         00003FFB
MPASM 5.75            NEW_PIC_8B_GENERAL.ASM   9-27-2022  0:33:18         PAGE 11


SYMBOL TABLE
  LABEL                             VALUE 

_WDTE_ON                          00003FFF
_WDT_OFF                          00003FFB
_WDT_ON                           00003FFF
_WRT_1FOURTH                      00003BFF
_WRT_256                          00003DFF
_WRT_HALF                         000039FF
_WRT_OFF                          00003FFF
_XT_OSC                           00003FFD
__16F876A                         00000001

Errors   :     0
Warnings :     1 reported,     0 suppressed
Messages :     1 reported,     0 suppressed

