MPASM 5.75                PIC_8B_GENERAL.ASM   10-4-2022  23:55:33         PAGE  1


LOC  OBJECT CODE     LINE SOURCE TEXT
  VALUE

                      00001 ;*******************************************************************************
                      00002 ;   Once I  have understood how timer0 works, it is easier to grasp the
                      00003 ;   timer2. To calculate its overflow time, use the following formula:
                      00004 ;
                      00005 ;   overflow = machine cycle x PR2 x prescaler x postscaler
                      00006 ;   
                      00007 ;       Prescalers: 1:1, 1:4, 1:16 (increment by one every x machine cycles)
                      00008 ;   
                      00009 ;   It is not possible to increment timer2 by an external event (what is possible
                      00010 ;   in the case tmr0). 
                      00011 ;
                      00012 ;   Its postscaler is an overflow counter: once it is overflowed, wait a bit
                      00013 ;   more and go on imcrementing it accordig to the preset ratio (1:1 to 1:16)
                      00014 ;   
                      00015 ;    PR2 is used to compare the tmr2 counting with its preset value.
                      00016 ;   Clk freq = 4 Mhz, for pic = 1 Mhz, time = 1 us
                      00017 ;                                   bit6    bit5     bit4      bit3
                      00018 ;   I have to set T2CON register (TOUTPS3, TOUTPS2, TOUTPS1, TOUTPS0,
                      00019 ;     are used for postscaler settings {0 0 0 0 = 1:1, 0001 = 1:2 ... 1111 = 1:16}, 
                      00020 ;    TMR2ON - bit2, T2CKPS1/T2CKPS0 - bit1, bit0 for prescaler settings
                      00021 ;     {0:0, 0:1, 1:1 or 1:0} )
                      00022 ;
                      00023 ;   In PIE1 register I have to enable its bit1 (TMR2IE) to enable tmr1 interrpution
                      00024 ;    and in PIR1, its bit1 and the TMR2IF which has be cleared when it is set
                      00025 ; 
                      00026 ;*******************************************************************************
                      00027  #include "p16f887.inc"
                      00001         LIST
                      00002 
                      00003 ;==========================================================================
                      00004 ; Build date : Jul 02 2017
                      00005 ;  MPASM PIC16F887 processor include
                      00006 ; 
                      00007 ;  (c) Copyright 1999-2017 Microchip Technology, All rights reserved
                      00008 ;==========================================================================
                      00009 
                      00810         LIST
                      00028 
                      00029 ; __config 0xE0D2
2007   20D2           00030  __CONFIG _CONFIG1, _FOSC_HS & _WDTE_OFF & _PWRTE_OFF & _MCLRE_OFF & _CP_OFF & _CPD_OFF & _BOREN_OFF & _
                            IESO_OFF & _FCMEN_OFF & _LVP_OFF
                      00031 ; CONFIG2
                      00032 ; __config 0xFEFF
2008   3EFF           00033  __CONFIG _CONFIG2, _BOR4V_BOR21V & _WRT_OFF
                      00034  
                      00035 
                      00036 #define BANK0   BCF STATUS,RP0
                      00037 #define BANK1   BSF STATUS,RP0
                      00038 
                      00039 #define LED2    PORTA, RA3
                      00040 ; TODO PLACE VARIABLE DEFINITIONS GO HERE
Warning[205]: Found directive in column 1. (CBLOCK)
                      00041 CBLOCK      H'20'
MPASM 5.75                PIC_8B_GENERAL.ASM   10-4-2022  23:55:33         PAGE  2


LOC  OBJECT CODE     LINE SOURCE TEXT
  VALUE

  00000020            00042     OLD_STATUS
  00000021            00043     OLD_W
  00000022            00044     COUNTER
  00000023            00045     COUNTER2
  00000024            00046     COUNTER3
Warning[205]: Found directive in column 1. (ENDC)
                      00047 ENDC
                      00048 ;*******************************************************************************
                      00049 ; Reset Vector
                      00050 ;*******************************************************************************
                      00051 
                      00052 RES_VECT  CODE    0x0000            ; processor reset vector
0000   2???           00053     GOTO    START                   ; go to beginning of program
                      00054 
                      00055 ;*******************************************************************************
                      00056 
                      00057 ;*******************************************************************************
                      00058 
                      00059 ; TODO INSERT ISR HERE
                      00060         ORG         H'0004'
0004   2???           00061         GOTO       TMR2_ISR
                      00062 ;*******************************************************************************
                      00063 ; MAIN PROGRAM
                      00064 ;*******************************************************************************
                      00065 
                      00066 MAIN_PROG CODE                      ; let linker place main program
                      00067 
0000                  00068 START
                      00069 
0000   1683           00070     BANK1
0001   30FE           00071     MOVLW       H'FE'                ; load work with  1111 1110
Message[302]: Register in operand not in bank 0.  Ensure that bank bits are correct.
0002   0086           00072     MOVWF       TRISB                ; RB0 AS output, other pins - input
0003   3033           00073     MOVLW       H'33'                ; load work reg with D'101'
Message[302]: Register in operand not in bank 0.  Ensure that bank bits are correct.
0004   0092           00074     MOVWF       PR2                  ; equals 51
Message[302]: Register in operand not in bank 0.  Ensure that bank bits are correct.
0005   148C           00075     BSF         PIE1, TMR2IE         ; enable timer2 interruption
                      00076     
0006   1283           00077     BANK0
0007   30FE           00078     MOVLW       H'FE'                ; load Work register with hexa value
0008   0086           00079     MOVWF       PORTB                ; RB0 AT low level
0009   3025           00080     MOVLW       H'25'                ; B'0 0100 101' - timer2 enabled with
000A   0092           00081     MOVWF       T2CON                ; postscaler 1:5 (0100) and prescaler 1:4
000B   178B           00082     BSF         INTCON, GIE          ; enable global interrupts
000C   170B           00083     BSF         INTCON, PEIE         ; enable peripheral interrupts
                      00084  
000D                  00085 LOOP
000D   0191           00086     CLRF        TMR2                 ; reset timer2 
000E   1512           00087     BSF         T2CON,TMR2ON         ; enable timer2 again
000F   1585           00088     BSF         LED2                 ; turn led on
0010   2???           00089     CALL        delay500ms           ; wait, RB0 state is kept for half second
                      00090     
MPASM 5.75                PIC_8B_GENERAL.ASM   10-4-2022  23:55:33         PAGE  3


LOC  OBJECT CODE     LINE SOURCE TEXT
  VALUE

0011   1112           00091     BCF         T2CON,TMR2ON         ; disable timer2
0012   1185           00092     BCF         LED2                 ; turn led off
0013   2???           00093     CALL        delay500ms           ; wait
0014   2???           00094     GOTO        LOOP                 ; repeat routine forever
                      00095 ; -----------------------------------------------------------------------------
0015                  00096 TMR2_ISR
                      00097         ; SAVE CONTEXT
0015   00A1           00098         MOVWF       OLD_W           ; save context in W register
0016   0E03           00099         SWAPF       STATUS,W        ; set STATUS to W
0017   1283           00100         BANK0                       ; select bank 0 (default for reset)
0018   00A0           00101         MOVWF       OLD_STATUS      ; save STATUS
                      00102 
                      00103 ;------------------------------------------------------------------------------
0019   1C8C           00104         BTFSS       PIR1, TMR2IF    ; Has timer 2 overflowed?
001A   2???           00105         GOTO        EXIT_ISR        ; NO, jump to ISR end
001B   108C           00106         BCF         PIR1, TMR2IF    ; Yes, clear flag by software
Message[305]: Using default destination of 1 (file).
001C   0986           00107         COMF        PORTB           ; invert portb state
                      00108 ; -- expected overflow time
                      00109 ;    machine cycle x PR2 x prescaler x postscaler
                      00110 ;    1e-6          * 101 *     4     *   5        = 0,00202 -> 2.02 ms
                      00111 ;                    51
                      00112 ;------------------------------------------------------------------------------
001D                  00113 EXIT_ISR                
                      00114         ; Restore context
001D   0E20           00115         SWAPF       OLD_STATUS,W    ; saved status to W
001E   0803           00116         MOVFW       STATUS          ; to STATUS register
001F   0EA1           00117         SWAPF       OLD_W,F         ; swap File reg in itself
0020   0E21           00118         SWAPF       OLD_W,W         ; re-swap back to W
                      00119         
0021   0009           00120         RETFIE
                      00121 ;------------------------------------------------------------------------------
0022                  00122 delay500ms
0022   30C8           00123         MOVLW       D'200'
0023   00A2           00124         MOVWF       COUNTER
0024                  00125 AUX1
0024   30FA           00126         MOVLW       D'250'
0025   00A3           00127         MOVWF       COUNTER2    
0026                  00128 AUX2
0026   3002           00129         MOVLW       D'2'
0027   00A4           00130         MOVWF       COUNTER3
Message[305]: Using default destination of 1 (file).
0028   0BA4           00131 FOR     DECFSZ      COUNTER3
0029   2???           00132         GOTO        FOR
002A   2???           00133         GOTO        EXIT
002B                  00134 EXIT
Message[305]: Using default destination of 1 (file).
002B   0BA3           00135         DECFSZ      COUNTER2
002C   2???           00136         GOTO        AUX2
Message[305]: Using default destination of 1 (file).
002D   0BA2           00137         DECFSZ      COUNTER
002E   2???           00138         GOTO        AUX1
                      00139         
MPASM 5.75                PIC_8B_GENERAL.ASM   10-4-2022  23:55:33         PAGE  4


LOC  OBJECT CODE     LINE SOURCE TEXT
  VALUE

002F   0008           00140         RETURN
                      00141 ;------------------------------------------------------------------------------
20D2 3EFF             00142         END
MPASM 5.75                PIC_8B_GENERAL.ASM   10-4-2022  23:55:33         PAGE  5


SYMBOL TABLE
  LABEL                             VALUE 

ABDEN                             00000000
ABDOVF                            00000007
ACKDT                             00000005
ACKEN                             00000004
ACKSTAT                           00000006
ADCON0                            0000001F
ADCON1                            0000009F
ADCS0                             00000006
ADCS1                             00000007
ADDEN                             00000003
ADFM                              00000007
ADIE                              00000006
ADIF                              00000006
ADON                              00000000
ADRESH                            0000001E
ADRESL                            0000009E
ANS0                              00000000
ANS1                              00000001
ANS10                             00000002
ANS11                             00000003
ANS12                             00000004
ANS13                             00000005
ANS2                              00000002
ANS3                              00000003
ANS4                              00000004
ANS5                              00000005
ANS6                              00000006
ANS7                              00000007
ANS8                              00000000
ANS9                              00000001
ANSEL                             00000188
ANSELH                            00000189
AUX1                              00000024
AUX2                              00000026
BANK0                             BCF STATUS,RP0
BANK1                             BSF STATUS,RP0
BAUDCTL                           00000187
BCLIE                             00000003
BCLIF                             00000003
BF                                00000000
BRG0                              00000000
BRG1                              00000001
BRG10                             00000002
BRG11                             00000003
BRG12                             00000004
BRG13                             00000005
BRG14                             00000006
BRG15                             00000007
BRG16                             00000003
BRG2                              00000002
BRG3                              00000003
BRG4                              00000004
BRG5                              00000005
MPASM 5.75                PIC_8B_GENERAL.ASM   10-4-2022  23:55:33         PAGE  6


SYMBOL TABLE
  LABEL                             VALUE 

BRG6                              00000006
BRG7                              00000007
BRG8                              00000000
BRG9                              00000001
BRGH                              00000002
C                                 00000000
C1CH0                             00000000
C1CH1                             00000001
C1IE                              00000005
C1IF                              00000005
C1OE                              00000005
C1ON                              00000007
C1OUT                             00000006
C1POL                             00000004
C1R                               00000002
C1RSEL                            00000005
C1SEN                             00000005
C2CH0                             00000000
C2CH1                             00000001
C2IE                              00000006
C2IF                              00000006
C2OE                              00000005
C2ON                              00000007
C2OUT                             00000006
C2POL                             00000004
C2R                               00000002
C2REN                             00000004
C2RSEL                            00000004
C2SYNC                            00000000
CCP1CON                           00000017
CCP1IE                            00000002
CCP1IF                            00000002
CCP1M0                            00000000
CCP1M1                            00000001
CCP1M2                            00000002
CCP1M3                            00000003
CCP1X                             00000005
CCP1Y                             00000004
CCP2CON                           0000001D
CCP2IE                            00000000
CCP2IF                            00000000
CCP2M0                            00000000
CCP2M1                            00000001
CCP2M2                            00000002
CCP2M3                            00000003
CCP2X                             00000005
CCP2Y                             00000004
CCPR1                             00000015
CCPR1H                            00000016
CCPR1L                            00000015
CCPR2                             0000001B
CCPR2H                            0000001C
CCPR2L                            0000001B
MPASM 5.75                PIC_8B_GENERAL.ASM   10-4-2022  23:55:33         PAGE  7


SYMBOL TABLE
  LABEL                             VALUE 

CHS0                              00000002
CHS1                              00000003
CHS2                              00000004
CHS3                              00000005
CKE                               00000006
CKP                               00000004
CM1CON0                           00000107
CM2CON0                           00000108
CM2CON1                           00000109
COUNTER                           00000022
COUNTER2                          00000023
COUNTER3                          00000024
CREN                              00000004
CSRC                              00000007
D                                 00000005
DATA_ADDRESS                      00000005
DC                                00000001
DC1B0                             00000004
DC1B1                             00000005
DC2B0                             00000004
DC2B1                             00000005
D_A                               00000005
D_NOT_A                           00000005
ECCPAS                            0000009C
ECCPAS0                           00000004
ECCPAS1                           00000005
ECCPAS2                           00000006
ECCPASE                           00000007
EEADR                             0000010D
EEADRH                            0000010F
EECON1                            0000018C
EECON2                            0000018D
EEDAT                             0000010C
EEDATA                            0000010C
EEDATH                            0000010E
EEIE                              00000004
EEIF                              00000004
EEPGD                             00000007
EXIT                              0000002B
EXIT_ISR                          0000001D
F                                 00000001
FERR                              00000002
FOR                               00000028
FSR                               00000004
FVREN                             00000000
GCEN                              00000007
GIE                               00000007
GO                                00000001
GO_DONE                           00000001
GO_NOT_DONE                       00000001
HTS                               00000002
I2C_DATA                          00000005
I2C_READ                          00000002
MPASM 5.75                PIC_8B_GENERAL.ASM   10-4-2022  23:55:33         PAGE  8


SYMBOL TABLE
  LABEL                             VALUE 

I2C_START                         00000003
I2C_STOP                          00000004
INDF                              00000000
INTCON                            0000000B
INTE                              00000004
INTEDG                            00000006
INTF                              00000001
IOCB                              00000096
IOCB0                             00000000
IOCB1                             00000001
IOCB2                             00000002
IOCB3                             00000003
IOCB4                             00000004
IOCB5                             00000005
IOCB6                             00000006
IOCB7                             00000007
IRCF0                             00000004
IRCF1                             00000005
IRCF2                             00000006
IRP                               00000007
LED2                              PORTA, RA3
LOOP                              0000000D
LTS                               00000001
MC1OUT                            00000007
MC2OUT                            00000006
MSK                               00000093
MSK0                              00000000
MSK1                              00000001
MSK2                              00000002
MSK3                              00000003
MSK4                              00000004
MSK5                              00000005
MSK6                              00000006
MSK7                              00000007
NOT_A                             00000005
NOT_ADDRESS                       00000005
NOT_BO                            00000000
NOT_BOR                           00000000
NOT_DONE                          00000001
NOT_PD                            00000003
NOT_POR                           00000001
NOT_RBPU                          00000007
NOT_RC8                           00000006
NOT_T1SYNC                        00000002
NOT_TO                            00000004
NOT_TX8                           00000006
NOT_W                             00000002
NOT_WRITE                         00000002
OERR                              00000001
OLD_STATUS                        00000020
OLD_W                             00000021
OPTION_REG                        00000081
OSCCON                            0000008F
MPASM 5.75                PIC_8B_GENERAL.ASM   10-4-2022  23:55:33         PAGE  9


SYMBOL TABLE
  LABEL                             VALUE 

OSCTUNE                           00000090
OSFIE                             00000007
OSFIF                             00000007
OSTS                              00000003
P                                 00000004
P1M0                              00000006
P1M1                              00000007
PCL                               00000002
PCLATH                            0000000A
PCON                              0000008E
PDC0                              00000000
PDC1                              00000001
PDC2                              00000002
PDC3                              00000003
PDC4                              00000004
PDC5                              00000005
PDC6                              00000006
PEIE                              00000006
PEN                               00000002
PIE1                              0000008C
PIE2                              0000008D
PIR1                              0000000C
PIR2                              0000000D
PORTA                             00000005
PORTB                             00000006
PORTC                             00000007
PORTD                             00000008
PORTE                             00000009
PR2                               00000092
PRSEN                             00000007
PS0                               00000000
PS1                               00000001
PS2                               00000002
PSA                               00000003
PSSAC0                            00000002
PSSAC1                            00000003
PSSBD0                            00000000
PSSBD1                            00000001
PSTRCON                           0000009D
PULSR                             00000002
PULSS                             00000003
PWM1CON                           0000009B
R                                 00000002
RA0                               00000000
RA1                               00000001
RA2                               00000002
RA3                               00000003
RA4                               00000004
RA5                               00000005
RA6                               00000006
RA7                               00000007
RB0                               00000000
RB1                               00000001
MPASM 5.75                PIC_8B_GENERAL.ASM   10-4-2022  23:55:33         PAGE 10


SYMBOL TABLE
  LABEL                             VALUE 

RB2                               00000002
RB3                               00000003
RB4                               00000004
RB5                               00000005
RB6                               00000006
RB7                               00000007
RBIE                              00000003
RBIF                              00000000
RC0                               00000000
RC1                               00000001
RC2                               00000002
RC3                               00000003
RC4                               00000004
RC5                               00000005
RC6                               00000006
RC7                               00000007
RC8_9                             00000006
RC9                               00000006
RCD8                              00000000
RCEN                              00000003
RCIDL                             00000006
RCIE                              00000005
RCIF                              00000005
RCREG                             0000001A
RCSTA                             00000018
RD                                00000000
RD0                               00000000
RD1                               00000001
RD2                               00000002
RD3                               00000003
RD4                               00000004
RD5                               00000005
RD6                               00000006
RD7                               00000007
RE0                               00000000
RE1                               00000001
RE2                               00000002
RE3                               00000003
READ_WRITE                        00000002
RP0                               00000005
RP1                               00000006
RSEN                              00000001
RX9                               00000006
RX9D                              00000000
R_NOT_W                           00000002
R_W                               00000002
S                                 00000003
SBOREN                            00000004
SCKP                              00000004
SCS                               00000000
SEN                               00000000
SENDB                             00000003
SMP                               00000007
MPASM 5.75                PIC_8B_GENERAL.ASM   10-4-2022  23:55:33         PAGE 11


SYMBOL TABLE
  LABEL                             VALUE 

SPBRG                             00000099
SPBRGH                            0000009A
SPEN                              00000007
SR0                               00000006
SR1                               00000007
SRCON                             00000185
SREN                              00000005
SSPADD                            00000093
SSPBUF                            00000013
SSPCON                            00000014
SSPCON2                           00000091
SSPEN                             00000005
SSPIE                             00000003
SSPIF                             00000003
SSPM0                             00000000
SSPM1                             00000001
SSPM2                             00000002
SSPM3                             00000003
SSPMSK                            00000093
SSPOV                             00000006
SSPSTAT                           00000094
START                             00000000
STATUS                            00000003
STRA                              00000000
STRB                              00000001
STRC                              00000002
STRD                              00000003
STRSYNC                           00000004
SWDTEN                            00000000
SYNC                              00000004
T0CS                              00000005
T0IE                              00000005
T0IF                              00000002
T0SE                              00000004
T1CKPS0                           00000004
T1CKPS1                           00000005
T1CON                             00000010
T1GINV                            00000007
T1GIV                             00000007
T1GSS                             00000001
T1INSYNC                          00000002
T1OSCEN                           00000003
T1SYNC                            00000002
T2CKPS0                           00000000
T2CKPS1                           00000001
T2CON                             00000012
TMR0                              00000001
TMR0IE                            00000005
TMR0IF                            00000002
TMR1                              0000000E
TMR1CS                            00000001
TMR1GE                            00000006
TMR1H                             0000000F
MPASM 5.75                PIC_8B_GENERAL.ASM   10-4-2022  23:55:33         PAGE 12


SYMBOL TABLE
  LABEL                             VALUE 

TMR1IE                            00000000
TMR1IF                            00000000
TMR1L                             0000000E
TMR1ON                            00000000
TMR2                              00000011
TMR2IE                            00000001
TMR2IF                            00000001
TMR2ON                            00000002
TMR2_ISR                          00000015
TOUTPS0                           00000003
TOUTPS1                           00000004
TOUTPS2                           00000005
TOUTPS3                           00000006
TRISA                             00000085
TRISA0                            00000000
TRISA1                            00000001
TRISA2                            00000002
TRISA3                            00000003
TRISA4                            00000004
TRISA5                            00000005
TRISA6                            00000006
TRISA7                            00000007
TRISB                             00000086
TRISB0                            00000000
TRISB1                            00000001
TRISB2                            00000002
TRISB3                            00000003
TRISB4                            00000004
TRISB5                            00000005
TRISB6                            00000006
TRISB7                            00000007
TRISC                             00000087
TRISC0                            00000000
TRISC1                            00000001
TRISC2                            00000002
TRISC3                            00000003
TRISC4                            00000004
TRISC5                            00000005
TRISC6                            00000006
TRISC7                            00000007
TRISD                             00000088
TRISD0                            00000000
TRISD1                            00000001
TRISD2                            00000002
TRISD3                            00000003
TRISD4                            00000004
TRISD5                            00000005
TRISD6                            00000006
TRISD7                            00000007
TRISE                             00000089
TRISE0                            00000000
TRISE1                            00000001
TRISE2                            00000002
MPASM 5.75                PIC_8B_GENERAL.ASM   10-4-2022  23:55:33         PAGE 13


SYMBOL TABLE
  LABEL                             VALUE 

TRISE3                            00000003
TRMT                              00000001
TUN0                              00000000
TUN1                              00000001
TUN2                              00000002
TUN3                              00000003
TUN4                              00000004
TX8_9                             00000006
TX9                               00000006
TX9D                              00000000
TXD8                              00000000
TXEN                              00000005
TXIE                              00000004
TXIF                              00000004
TXREG                             00000019
TXSTA                             00000098
UA                                00000001
ULPWUE                            00000005
ULPWUIE                           00000002
ULPWUIF                           00000002
VCFG0                             00000004
VCFG1                             00000005
VR0                               00000000
VR1                               00000001
VR2                               00000002
VR3                               00000003
VRCON                             00000097
VREN                              00000007
VROE                              00000006
VRR                               00000005
VRSS                              00000004
W                                 00000000
WCOL                              00000007
WDTCON                            00000105
WDTPS0                            00000001
WDTPS1                            00000002
WDTPS2                            00000003
WDTPS3                            00000004
WPUB                              00000095
WPUB0                             00000000
WPUB1                             00000001
WPUB2                             00000002
WPUB3                             00000003
WPUB4                             00000004
WPUB5                             00000005
WPUB6                             00000006
WPUB7                             00000007
WR                                00000001
WREN                              00000002
WRERR                             00000003
WUE                               00000001
Z                                 00000002
_BOR21V                           00003EFF
MPASM 5.75                PIC_8B_GENERAL.ASM   10-4-2022  23:55:33         PAGE 14


SYMBOL TABLE
  LABEL                             VALUE 

_BOR40V                           00003FFF
_BOR4V_BOR21V                     00003EFF
_BOR4V_BOR40V                     00003FFF
_BOREN_NSLEEP                     00003EFF
_BOREN_OFF                        00003CFF
_BOREN_ON                         00003FFF
_BOREN_SBODEN                     00003DFF
_BOR_NSLEEP                       00003EFF
_BOR_OFF                          00003CFF
_BOR_ON                           00003FFF
_BOR_SBODEN                       00003DFF
_CONFIG1                          00002007
_CONFIG2                          00002008
_CPD_OFF                          00003FFF
_CPD_ON                           00003F7F
_CP_OFF                           00003FFF
_CP_ON                            00003FBF
_DEBUG_OFF                        00003FFF
_DEBUG_ON                         00001FFF
_DEVID1                           00002006
_EC_OSC                           00003FFB
_EXTRC                            00003FFF
_EXTRCIO                          00003FFE
_EXTRC_OSC_CLKOUT                 00003FFF
_EXTRC_OSC_NOCLKOUT               00003FFE
_FCMEN_OFF                        000037FF
_FCMEN_ON                         00003FFF
_FOSC_EC                          00003FFB
_FOSC_EXTRC_CLKOUT                00003FFF
_FOSC_EXTRC_NOCLKOUT              00003FFE
_FOSC_HS                          00003FFA
_FOSC_INTRC_CLKOUT                00003FFD
_FOSC_INTRC_NOCLKOUT              00003FFC
_FOSC_LP                          00003FF8
_FOSC_XT                          00003FF9
_HS_OSC                           00003FFA
_IDLOC0                           00002000
_IDLOC1                           00002001
_IDLOC2                           00002002
_IDLOC3                           00002003
_IESO_OFF                         00003BFF
_IESO_ON                          00003FFF
_INTOSC                           00003FFD
_INTOSCIO                         00003FFC
_INTRC_OSC_CLKOUT                 00003FFD
_INTRC_OSC_NOCLKOUT               00003FFC
_LP_OSC                           00003FF8
_LVP_OFF                          00002FFF
_LVP_ON                           00003FFF
_MCLRE_OFF                        00003FDF
_MCLRE_ON                         00003FFF
_PWRTE_OFF                        00003FFF
_PWRTE_ON                         00003FEF
MPASM 5.75                PIC_8B_GENERAL.ASM   10-4-2022  23:55:33         PAGE 15


SYMBOL TABLE
  LABEL                             VALUE 

_WDTE_OFF                         00003FF7
_WDTE_ON                          00003FFF
_WDT_OFF                          00003FF7
_WDT_ON                           00003FFF
_WRT_1FOURTH                      00003BFF
_WRT_256                          00003DFF
_WRT_HALF                         000039FF
_WRT_OFF                          00003FFF
_XT_OSC                           00003FF9
__16F887                          00000001
delay500ms                        00000022

Errors   :     0
Warnings :     2 reported,     0 suppressed
Messages :     7 reported,     0 suppressed

