MPASM 5.75                PIC_8B_GENERAL.ASM   10-17-2022  23:19:24         PAGE  1


LOC  OBJECT CODE     LINE SOURCE TEXT
  VALUE

                      00001 
                      00002 ;*******************************************************************************
                      00003 ;  Program to use external interrupt on port RB0. It terminates the power-down
                      00004 ;    state cuased by the SLEEP instruction. A pushbutton is connected to port
                      00005 ;  RB0 and it generates the interrupt to wake the MCU up. A LED on portB, line 1, 
                      00006 ;    flashes on and off at 1/2 second intervals
                      00007 ;*******************************************************************************
                      00008 #include "p16f887.inc"
                      00001         LIST
                      00002 
                      00003 ;==========================================================================
                      00004 ; Build date : Jul 02 2017
                      00005 ;  MPASM PIC16F887 processor include
                      00006 ; 
                      00007 ;  (c) Copyright 1999-2017 Microchip Technology, All rights reserved
                      00008 ;==========================================================================
                      00009 
                      00810         LIST
                      00009     
                      00010 ; __config 0xE0D7
2007   20D7           00011  __CONFIG _CONFIG1, _FOSC_EXTRC_CLKOUT & _WDTE_OFF & _PWRTE_OFF & _MCLRE_OFF & _CP_OFF & _CPD_OFF & _BOR
                            EN_OFF & _IESO_OFF & _FCMEN_OFF & _LVP_OFF
                      00012 
                      00013 ; __config 0xFEFF
2008   3EFF           00014  __CONFIG _CONFIG2, _BOR4V_BOR21V & _WRT_OFF
                      00015 
                      00016 ; TODO PLACE VARIABLE DEFINITIONS GO HERE
                      00017  cblock         H'200'
  00000200            00018    J                            ; a counter register
  00000201            00019    K                            ; another counter register
  00000202            00020    count1                       ; auxiliary counter
  00000203            00021    count2                       ; ISR counter
  00000204            00022    OLD_W
  00000205            00023    OLD_STATUS
  00000206            00024    bitsB47                      ; store for previous value in port-B bits
  00000207            00025    temp
                      00026  endc
                      00027  
                      00028 ;*******************************************************************************
                      00029 ; Reset Vector
                      00030 ;*******************************************************************************
                      00031 
                      00032 RES_VECT  CODE    0x0000            ; processor reset vector
0000   2???           00033     GOTO    START                   ; go to beginning of program
                      00034     
                      00035 ;*******************************************************************************
                      00036     org         H'0004'
0004   2???           00037     goto    IntServ
                      00038     
                      00039 ; TODO INSERT ISR HERE
                      00040 
                      00041 ;*******************************************************************************
                      00042 ; MAIN PROGRAM
MPASM 5.75                PIC_8B_GENERAL.ASM   10-17-2022  23:19:24         PAGE  2


LOC  OBJECT CODE     LINE SOURCE TEXT
  VALUE

                      00043 ;*******************************************************************************
                      00044 
                      00045 MAIN_PROG CODE                     ; let linker place main program
                      00046 
0000                  00047 START:
                      00048     ; wiring
                      00049     ; PORTB -> RB4 = pushbutton for red led
                      00050     ;          RB7 = pushbutton for green led
                      00051     ;
                      00052     ; PORTA -> RA0 = red led
                      00053     ;          RA1 = green led
                      00054     ; set up interrupt on falling edge by
                      00055     ; clearing OPTION register bit 6
                      00056     ;
                      00057     ; BCF STATUS,RP1  (BCF   STATUS,RP0) -> goto bank 0
                      00058     ; BSF STATUS,RP1  goto bank 1
                      00059     ; BSF STATUS,RP1  +  BCF   STATUS,RP0 -> goto bank 2
                      00060     ; BSF STATUS,RP1  +  BSF   STATUS,RP0 -> goto bank 3
0000   1303           00061     BCF     STATUS, RP1            ; select bank 0  
0001   3097           00062     MOVLW   H'97'                  ; b'10010111, psa: tmr0, 1:256
Message[302]: Register in operand not in bank 0.  Ensure that bank bits are correct.
0002   0081           00063     MOVWF   OPTION_REG
0003   3000           00064     MOVLW   H'00'                  ; b'11111111
Message[302]: Register in operand not in bank 0.  Ensure that bank bits are correct.
0004   0085           00065     MOVWF   TRISA                  ; set port A for output
0005   30F0           00066     MOVLW   H'F0'                  ; b'11110000, pins 4 and 7 as input
Message[302]: Register in operand not in bank 0.  Ensure that bank bits are correct.
0006   0086           00067     MOVWF   TRISB                  ; set port B all other pins output
Message[302]: Register in operand not in bank 0.  Ensure that bank bits are correct.
0007   0096           00068     MOVWF   IOCB                   ; enable state change for RB4-7
                      00069     ;-----------------------------------------------------------------
0008   1703           00070     BSF     STATUS,RP1             ; select bank 1
0009   0186           00071     CLRF    PORTB
000A   3000           00072     MOVLW   H'00'
Warning[219]: Invalid RAM location specified.
Message[302]: Register in operand not in bank 0.  Ensure that bank bits are correct.
000B   0086           00073     MOVWF   bitsB47
000C   1405           00074     BSF     PORTA, RA0             ; set leds on line 0
000D   1485           00075     BSF     PORTA, RA1             ; and line 1 
                      00076    ;-----------------------------------------------------------------
000E   1303           00077     BCF     STATUS, RP1            ;   
000F   1683           00078     BSF     STATUS, RP0            ; select bank 2
Message[302]: Register in operand not in bank 0.  Ensure that bank bits are correct.
0010   1387           00079     BCF     CM1CON0, C1ON          ; turn off comparator 1
Message[302]: Register in operand not in bank 0.  Ensure that bank bits are correct.
0011   1388           00080     BCF     CM2CON0, C2ON          ; turn off comparator 2
                      00081 ;-------------------------------------------------------------------------------    
0012   1703           00082     BSF     STATUS, RP1            ; 
0013   1683           00083     BSF     STATUS,RP0             ; select bank 3
0014   3000           00084     MOVLW   H'00'                  ; load W with zero to 
Message[302]: Register in operand not in bank 0.  Ensure that bank bits are correct.
0015   0089           00085     MOVWF   ANSELH                 ; all ports as digital output
                      00086  
MPASM 5.75                PIC_8B_GENERAL.ASM   10-17-2022  23:19:24         PAGE  3


LOC  OBJECT CODE     LINE SOURCE TEXT
  VALUE

                      00087 ;*******************************************************************************
                      00088 ; INTERRUPT SETUP
                      00089 ;*******************************************************************************
0016   108B           00090     BCF     INTCON, INTF           ; clear the external interrupt flag
0017   178B           00091     BSF     INTCON, GIE            ; enable global interrupts (bit 7)
0018   158B           00092     BSF     INTCON, RBIE           ; enable rb0 interrupt (bit 3)
                      00093     
                      00094 ;*******************************************************************************
                      00095 ;   FLASH LED 20 times
                      00096 ;*******************************************************************************
0019                  00097 MAIN:
0019   0000           00098     NOP                            ; program does nothing since all
001A   2???           00099     GOTO    MAIN                   ; the action takes place in the ISR
                      00100     
                      00101 ;*******************************************************************************
                      00102 ; INTERRUPT SERVICE ROUTINE
                      00103 ;*******************************************************************************
001B                  00104 IntServ:
                      00105     ; first, test if source is an RB4-7 interrupt
001B   1C0B           00106     BTFSS   INTCON, RBIF
001C   2???           00107     GOTO    notRBIF
                      00108     
                      00109     ;save context
Warning[219]: Invalid RAM location specified.
Message[302]: Register in operand not in bank 0.  Ensure that bank bits are correct.
001D   0084           00110     MOVWF   OLD_W
                      00111     ;BCF    STATUS, RP0             ; access BANK1
001E   0E03           00112     SWAPF   STATUS, W
Warning[219]: Invalid RAM location specified.
Message[302]: Register in operand not in bank 0.  Ensure that bank bits are correct.
001F   0085           00113     MOVWF   OLD_STATUS
                      00114     
                      00115     ; interrupt action - it is triggered when any PORTB bits 4 to 7
                      00116     ; detect a STATUS change
                      00117     ;BSF    STATUS, RP1             ; access BANK1
0020   0806           00118     MOVF    PORTB, W                ; read PORTB bits
Warning[219]: Invalid RAM location specified.
Message[302]: Register in operand not in bank 0.  Ensure that bank bits are correct.
0021   0087           00119     MOVWF   temp                    ; save state value to temp
Warning[219]: Invalid RAM location specified.
Message[302]: Register in operand not in bank 0.  Ensure that bank bits are correct.
0022   0686           00120     XORWF   bitsB47, F              ; xor it with old bits
                      00121                                     ; store result in F
Warning[219]: Invalid RAM location specified.
Message[302]: Register in operand not in bank 0.  Ensure that bank bits are correct.
0023   1A06           00122     BTFSC   bitsB47, 4              ; check bit RB4 state
0024   2???           00123     GOTO    bit4Change              ; jump to routine if it has changed
                      00124     
Warning[219]: Invalid RAM location specified.
Message[302]: Register in operand not in bank 0.  Ensure that bank bits are correct.
0025   1B86           00125     BTFSC   bitsB47, 7              ; if not, check bit RB7 state
0026   2???           00126     GOTO    bit7Change              ; jump to routine if it has changed
                      00127     
MPASM 5.75                PIC_8B_GENERAL.ASM   10-17-2022  23:19:24         PAGE  4


LOC  OBJECT CODE     LINE SOURCE TEXT
  VALUE

                      00128     ; invalid port line change, exit
0027   2???           00129     GOTO    btnRelease
                      00130 
                      00131 ;******************** 
                      00132 ; bit4 state change ;
                      00133 ;********************
0028                  00134 bit4Change:                         ; check for signal falling edge
0028   1A06           00135     BTFSC   PORTB, RB4              ; is bit 4 high?
0029   2???           00136     GOTO    btnRelease
                      00137     ; by toggling bit 1 of PORTA turns LED on and off
002A   3002           00138     MOVLW   H'02'
002B   0685           00139     XORWF   PORTA, F                ; invert PORTA state
002C   2???           00140     GOTO    btnRelease
                      00141     
                      00142 ;******************** 
                      00143 ; bit7 state change ;
                      00144 ;********************
002D                  00145 bit7Change:                         ; check for signal falling edge
002D   1B86           00146     BTFSC   PORTB, RB7              ; is bit 4 high?
002E   2???           00147     GOTO    exitISR
                      00148     ; by toggling bit 0 of PORTA turns LED on and off
002F   3001           00149     MOVLW   H'01'
0030   0685           00150     XORWF   PORTA, F                ; invert PORTA state
                      00151 
                      00152 ;********************** 
                      00153 ; push button release ;
                      00154 ;**********************
0031                  00155 btnRelease:
0031   2???           00156     CALL    Delay                   ; debounce switch
0032   0806           00157     MOVF    PORTB, W                ; read portB into W
0033   3990           00158     ANDLW   H'90'                   ; eliminate unused bits
0034   1903           00159     BTFSC   STATUS, Z               ; check for zero
0035   2???           00160     GOTO    btnRelease              ; wait
                      00161 
                      00162 ;*********************************** 
                      00163 ; end of interrupt service routine ;
                      00164 ;***********************************
0036                  00165 exitISR:
Warning[219]: Invalid RAM location specified.
Message[302]: Register in operand not in bank 0.  Ensure that bank bits are correct.
0036   0807           00166     MOVF    temp, W                 ; store new value of PORTB
Warning[219]: Invalid RAM location specified.
Message[302]: Register in operand not in bank 0.  Ensure that bank bits are correct.
0037   0086           00167     MOVWF   bitsB47                 ; load it
                      00168     ; restore context
Warning[219]: Invalid RAM location specified.
Message[302]: Register in operand not in bank 0.  Ensure that bank bits are correct.
0038   0E05           00169     SWAPF   OLD_STATUS, W
0039   0803           00170     MOVFW   STATUS
Warning[219]: Invalid RAM location specified.
Message[302]: Register in operand not in bank 0.  Ensure that bank bits are correct.
003A   0E84           00171     SWAPF   OLD_W, F
Warning[219]: Invalid RAM location specified.
MPASM 5.75                PIC_8B_GENERAL.ASM   10-17-2022  23:19:24         PAGE  5


LOC  OBJECT CODE     LINE SOURCE TEXT
  VALUE

Message[302]: Register in operand not in bank 0.  Ensure that bank bits are correct.
003B   0E04           00172     SWAPF   OLD_W, W
                      00173 
003C                  00174 notRBIF:
003C   100B           00175     BCF     INTCON, RBIF            ; clear intcon bit 0 (interrupt flag)
003D   0009           00176     RETFIE
                      00177     
                      00178 ;*******************************************************************************
                      00179 ; SUBROUTINES
                      00180 ;******************************************************************************* 
003E                  00181 Delay:
003E   3006           00182     MOVLW   D'6'                    ; repeat it 18 machine cycles
Warning[219]: Invalid RAM location specified.
Message[302]: Register in operand not in bank 0.  Ensure that bank bits are correct.
003F   0082           00183     MOVWF   count1
Warning[219]: Invalid RAM location specified.
Message[302]: Register in operand not in bank 0.  Ensure that bank bits are correct.
0040   0B82           00184 D1: DECFSZ  count1, F
0041   2???           00185     GOTO    D1
0042   0008           00186     RETURN
                      00187     
                      00188 ;******************************************************************************* 
0043                  00189 LongDelay:
0043   30C8           00190     MOVLW   D'200'
Warning[219]: Invalid RAM location specified.
Message[302]: Register in operand not in bank 0.  Ensure that bank bits are correct.
0044   0080           00191     MOVWF   J
0045                  00192 Jloop:
Warning[219]: Invalid RAM location specified.
Message[302]: Register in operand not in bank 0.  Ensure that bank bits are correct.
0045   0081           00193     MOVWF   K
0046                  00194 Kloop:
Warning[219]: Invalid RAM location specified.
Message[302]: Register in operand not in bank 0.  Ensure that bank bits are correct.
0046   0B81           00195     DECFSZ  K, F                 ; skip next opcode if K = 0
0047   2???           00196     GOTO    Kloop
Warning[219]: Invalid RAM location specified.
Message[302]: Register in operand not in bank 0.  Ensure that bank bits are correct.
0048   0B80           00197     DECFSZ  J, F
0049   2???           00198     GOTO    Jloop
004A   0008           00199     RETURN
                      00200     
                      00201 ;*******************************************************************************    
20D7 3EFF             00202     END
MPASM 5.75                PIC_8B_GENERAL.ASM   10-17-2022  23:19:24         PAGE  6


SYMBOL TABLE
  LABEL                             VALUE 

ABDEN                             00000000
ABDOVF                            00000007
ACKDT                             00000005
ACKEN                             00000004
ACKSTAT                           00000006
ADCON0                            0000001F
ADCON1                            0000009F
ADCS0                             00000006
ADCS1                             00000007
ADDEN                             00000003
ADFM                              00000007
ADIE                              00000006
ADIF                              00000006
ADON                              00000000
ADRESH                            0000001E
ADRESL                            0000009E
ANS0                              00000000
ANS1                              00000001
ANS10                             00000002
ANS11                             00000003
ANS12                             00000004
ANS13                             00000005
ANS2                              00000002
ANS3                              00000003
ANS4                              00000004
ANS5                              00000005
ANS6                              00000006
ANS7                              00000007
ANS8                              00000000
ANS9                              00000001
ANSEL                             00000188
ANSELH                            00000189
BAUDCTL                           00000187
BCLIE                             00000003
BCLIF                             00000003
BF                                00000000
BRG0                              00000000
BRG1                              00000001
BRG10                             00000002
BRG11                             00000003
BRG12                             00000004
BRG13                             00000005
BRG14                             00000006
BRG15                             00000007
BRG16                             00000003
BRG2                              00000002
BRG3                              00000003
BRG4                              00000004
BRG5                              00000005
BRG6                              00000006
BRG7                              00000007
BRG8                              00000000
BRG9                              00000001
MPASM 5.75                PIC_8B_GENERAL.ASM   10-17-2022  23:19:24         PAGE  7


SYMBOL TABLE
  LABEL                             VALUE 

BRGH                              00000002
C                                 00000000
C1CH0                             00000000
C1CH1                             00000001
C1IE                              00000005
C1IF                              00000005
C1OE                              00000005
C1ON                              00000007
C1OUT                             00000006
C1POL                             00000004
C1R                               00000002
C1RSEL                            00000005
C1SEN                             00000005
C2CH0                             00000000
C2CH1                             00000001
C2IE                              00000006
C2IF                              00000006
C2OE                              00000005
C2ON                              00000007
C2OUT                             00000006
C2POL                             00000004
C2R                               00000002
C2REN                             00000004
C2RSEL                            00000004
C2SYNC                            00000000
CCP1CON                           00000017
CCP1IE                            00000002
CCP1IF                            00000002
CCP1M0                            00000000
CCP1M1                            00000001
CCP1M2                            00000002
CCP1M3                            00000003
CCP1X                             00000005
CCP1Y                             00000004
CCP2CON                           0000001D
CCP2IE                            00000000
CCP2IF                            00000000
CCP2M0                            00000000
CCP2M1                            00000001
CCP2M2                            00000002
CCP2M3                            00000003
CCP2X                             00000005
CCP2Y                             00000004
CCPR1                             00000015
CCPR1H                            00000016
CCPR1L                            00000015
CCPR2                             0000001B
CCPR2H                            0000001C
CCPR2L                            0000001B
CHS0                              00000002
CHS1                              00000003
CHS2                              00000004
CHS3                              00000005
MPASM 5.75                PIC_8B_GENERAL.ASM   10-17-2022  23:19:24         PAGE  8


SYMBOL TABLE
  LABEL                             VALUE 

CKE                               00000006
CKP                               00000004
CM1CON0                           00000107
CM2CON0                           00000108
CM2CON1                           00000109
CREN                              00000004
CSRC                              00000007
D                                 00000005
D1                                00000040
DATA_ADDRESS                      00000005
DC                                00000001
DC1B0                             00000004
DC1B1                             00000005
DC2B0                             00000004
DC2B1                             00000005
D_A                               00000005
D_NOT_A                           00000005
Delay                             0000003E
ECCPAS                            0000009C
ECCPAS0                           00000004
ECCPAS1                           00000005
ECCPAS2                           00000006
ECCPASE                           00000007
EEADR                             0000010D
EEADRH                            0000010F
EECON1                            0000018C
EECON2                            0000018D
EEDAT                             0000010C
EEDATA                            0000010C
EEDATH                            0000010E
EEIE                              00000004
EEIF                              00000004
EEPGD                             00000007
F                                 00000001
FERR                              00000002
FSR                               00000004
FVREN                             00000000
GCEN                              00000007
GIE                               00000007
GO                                00000001
GO_DONE                           00000001
GO_NOT_DONE                       00000001
HTS                               00000002
I2C_DATA                          00000005
I2C_READ                          00000002
I2C_START                         00000003
I2C_STOP                          00000004
INDF                              00000000
INTCON                            0000000B
INTE                              00000004
INTEDG                            00000006
INTF                              00000001
IOCB                              00000096
MPASM 5.75                PIC_8B_GENERAL.ASM   10-17-2022  23:19:24         PAGE  9


SYMBOL TABLE
  LABEL                             VALUE 

IOCB0                             00000000
IOCB1                             00000001
IOCB2                             00000002
IOCB3                             00000003
IOCB4                             00000004
IOCB5                             00000005
IOCB6                             00000006
IOCB7                             00000007
IRCF0                             00000004
IRCF1                             00000005
IRCF2                             00000006
IRP                               00000007
IntServ                           0000001B
J                                 00000200
Jloop                             00000045
K                                 00000201
Kloop                             00000046
LTS                               00000001
LongDelay                         00000043
MAIN                              00000019
MC1OUT                            00000007
MC2OUT                            00000006
MSK                               00000093
MSK0                              00000000
MSK1                              00000001
MSK2                              00000002
MSK3                              00000003
MSK4                              00000004
MSK5                              00000005
MSK6                              00000006
MSK7                              00000007
NOT_A                             00000005
NOT_ADDRESS                       00000005
NOT_BO                            00000000
NOT_BOR                           00000000
NOT_DONE                          00000001
NOT_PD                            00000003
NOT_POR                           00000001
NOT_RBPU                          00000007
NOT_RC8                           00000006
NOT_T1SYNC                        00000002
NOT_TO                            00000004
NOT_TX8                           00000006
NOT_W                             00000002
NOT_WRITE                         00000002
OERR                              00000001
OLD_STATUS                        00000205
OLD_W                             00000204
OPTION_REG                        00000081
OSCCON                            0000008F
OSCTUNE                           00000090
OSFIE                             00000007
OSFIF                             00000007
MPASM 5.75                PIC_8B_GENERAL.ASM   10-17-2022  23:19:24         PAGE 10


SYMBOL TABLE
  LABEL                             VALUE 

OSTS                              00000003
P                                 00000004
P1M0                              00000006
P1M1                              00000007
PCL                               00000002
PCLATH                            0000000A
PCON                              0000008E
PDC0                              00000000
PDC1                              00000001
PDC2                              00000002
PDC3                              00000003
PDC4                              00000004
PDC5                              00000005
PDC6                              00000006
PEIE                              00000006
PEN                               00000002
PIE1                              0000008C
PIE2                              0000008D
PIR1                              0000000C
PIR2                              0000000D
PORTA                             00000005
PORTB                             00000006
PORTC                             00000007
PORTD                             00000008
PORTE                             00000009
PR2                               00000092
PRSEN                             00000007
PS0                               00000000
PS1                               00000001
PS2                               00000002
PSA                               00000003
PSSAC0                            00000002
PSSAC1                            00000003
PSSBD0                            00000000
PSSBD1                            00000001
PSTRCON                           0000009D
PULSR                             00000002
PULSS                             00000003
PWM1CON                           0000009B
R                                 00000002
RA0                               00000000
RA1                               00000001
RA2                               00000002
RA3                               00000003
RA4                               00000004
RA5                               00000005
RA6                               00000006
RA7                               00000007
RB0                               00000000
RB1                               00000001
RB2                               00000002
RB3                               00000003
RB4                               00000004
MPASM 5.75                PIC_8B_GENERAL.ASM   10-17-2022  23:19:24         PAGE 11


SYMBOL TABLE
  LABEL                             VALUE 

RB5                               00000005
RB6                               00000006
RB7                               00000007
RBIE                              00000003
RBIF                              00000000
RC0                               00000000
RC1                               00000001
RC2                               00000002
RC3                               00000003
RC4                               00000004
RC5                               00000005
RC6                               00000006
RC7                               00000007
RC8_9                             00000006
RC9                               00000006
RCD8                              00000000
RCEN                              00000003
RCIDL                             00000006
RCIE                              00000005
RCIF                              00000005
RCREG                             0000001A
RCSTA                             00000018
RD                                00000000
RD0                               00000000
RD1                               00000001
RD2                               00000002
RD3                               00000003
RD4                               00000004
RD5                               00000005
RD6                               00000006
RD7                               00000007
RE0                               00000000
RE1                               00000001
RE2                               00000002
RE3                               00000003
READ_WRITE                        00000002
RP0                               00000005
RP1                               00000006
RSEN                              00000001
RX9                               00000006
RX9D                              00000000
R_NOT_W                           00000002
R_W                               00000002
S                                 00000003
SBOREN                            00000004
SCKP                              00000004
SCS                               00000000
SEN                               00000000
SENDB                             00000003
SMP                               00000007
SPBRG                             00000099
SPBRGH                            0000009A
SPEN                              00000007
MPASM 5.75                PIC_8B_GENERAL.ASM   10-17-2022  23:19:24         PAGE 12


SYMBOL TABLE
  LABEL                             VALUE 

SR0                               00000006
SR1                               00000007
SRCON                             00000185
SREN                              00000005
SSPADD                            00000093
SSPBUF                            00000013
SSPCON                            00000014
SSPCON2                           00000091
SSPEN                             00000005
SSPIE                             00000003
SSPIF                             00000003
SSPM0                             00000000
SSPM1                             00000001
SSPM2                             00000002
SSPM3                             00000003
SSPMSK                            00000093
SSPOV                             00000006
SSPSTAT                           00000094
START                             00000000
STATUS                            00000003
STRA                              00000000
STRB                              00000001
STRC                              00000002
STRD                              00000003
STRSYNC                           00000004
SWDTEN                            00000000
SYNC                              00000004
T0CS                              00000005
T0IE                              00000005
T0IF                              00000002
T0SE                              00000004
T1CKPS0                           00000004
T1CKPS1                           00000005
T1CON                             00000010
T1GINV                            00000007
T1GIV                             00000007
T1GSS                             00000001
T1INSYNC                          00000002
T1OSCEN                           00000003
T1SYNC                            00000002
T2CKPS0                           00000000
T2CKPS1                           00000001
T2CON                             00000012
TMR0                              00000001
TMR0IE                            00000005
TMR0IF                            00000002
TMR1                              0000000E
TMR1CS                            00000001
TMR1GE                            00000006
TMR1H                             0000000F
TMR1IE                            00000000
TMR1IF                            00000000
TMR1L                             0000000E
MPASM 5.75                PIC_8B_GENERAL.ASM   10-17-2022  23:19:24         PAGE 13


SYMBOL TABLE
  LABEL                             VALUE 

TMR1ON                            00000000
TMR2                              00000011
TMR2IE                            00000001
TMR2IF                            00000001
TMR2ON                            00000002
TOUTPS0                           00000003
TOUTPS1                           00000004
TOUTPS2                           00000005
TOUTPS3                           00000006
TRISA                             00000085
TRISA0                            00000000
TRISA1                            00000001
TRISA2                            00000002
TRISA3                            00000003
TRISA4                            00000004
TRISA5                            00000005
TRISA6                            00000006
TRISA7                            00000007
TRISB                             00000086
TRISB0                            00000000
TRISB1                            00000001
TRISB2                            00000002
TRISB3                            00000003
TRISB4                            00000004
TRISB5                            00000005
TRISB6                            00000006
TRISB7                            00000007
TRISC                             00000087
TRISC0                            00000000
TRISC1                            00000001
TRISC2                            00000002
TRISC3                            00000003
TRISC4                            00000004
TRISC5                            00000005
TRISC6                            00000006
TRISC7                            00000007
TRISD                             00000088
TRISD0                            00000000
TRISD1                            00000001
TRISD2                            00000002
TRISD3                            00000003
TRISD4                            00000004
TRISD5                            00000005
TRISD6                            00000006
TRISD7                            00000007
TRISE                             00000089
TRISE0                            00000000
TRISE1                            00000001
TRISE2                            00000002
TRISE3                            00000003
TRMT                              00000001
TUN0                              00000000
TUN1                              00000001
MPASM 5.75                PIC_8B_GENERAL.ASM   10-17-2022  23:19:24         PAGE 14


SYMBOL TABLE
  LABEL                             VALUE 

TUN2                              00000002
TUN3                              00000003
TUN4                              00000004
TX8_9                             00000006
TX9                               00000006
TX9D                              00000000
TXD8                              00000000
TXEN                              00000005
TXIE                              00000004
TXIF                              00000004
TXREG                             00000019
TXSTA                             00000098
UA                                00000001
ULPWUE                            00000005
ULPWUIE                           00000002
ULPWUIF                           00000002
VCFG0                             00000004
VCFG1                             00000005
VR0                               00000000
VR1                               00000001
VR2                               00000002
VR3                               00000003
VRCON                             00000097
VREN                              00000007
VROE                              00000006
VRR                               00000005
VRSS                              00000004
W                                 00000000
WCOL                              00000007
WDTCON                            00000105
WDTPS0                            00000001
WDTPS1                            00000002
WDTPS2                            00000003
WDTPS3                            00000004
WPUB                              00000095
WPUB0                             00000000
WPUB1                             00000001
WPUB2                             00000002
WPUB3                             00000003
WPUB4                             00000004
WPUB5                             00000005
WPUB6                             00000006
WPUB7                             00000007
WR                                00000001
WREN                              00000002
WRERR                             00000003
WUE                               00000001
Z                                 00000002
_BOR21V                           00003EFF
_BOR40V                           00003FFF
_BOR4V_BOR21V                     00003EFF
_BOR4V_BOR40V                     00003FFF
_BOREN_NSLEEP                     00003EFF
MPASM 5.75                PIC_8B_GENERAL.ASM   10-17-2022  23:19:24         PAGE 15


SYMBOL TABLE
  LABEL                             VALUE 

_BOREN_OFF                        00003CFF
_BOREN_ON                         00003FFF
_BOREN_SBODEN                     00003DFF
_BOR_NSLEEP                       00003EFF
_BOR_OFF                          00003CFF
_BOR_ON                           00003FFF
_BOR_SBODEN                       00003DFF
_CONFIG1                          00002007
_CONFIG2                          00002008
_CPD_OFF                          00003FFF
_CPD_ON                           00003F7F
_CP_OFF                           00003FFF
_CP_ON                            00003FBF
_DEBUG_OFF                        00003FFF
_DEBUG_ON                         00001FFF
_DEVID1                           00002006
_EC_OSC                           00003FFB
_EXTRC                            00003FFF
_EXTRCIO                          00003FFE
_EXTRC_OSC_CLKOUT                 00003FFF
_EXTRC_OSC_NOCLKOUT               00003FFE
_FCMEN_OFF                        000037FF
_FCMEN_ON                         00003FFF
_FOSC_EC                          00003FFB
_FOSC_EXTRC_CLKOUT                00003FFF
_FOSC_EXTRC_NOCLKOUT              00003FFE
_FOSC_HS                          00003FFA
_FOSC_INTRC_CLKOUT                00003FFD
_FOSC_INTRC_NOCLKOUT              00003FFC
_FOSC_LP                          00003FF8
_FOSC_XT                          00003FF9
_HS_OSC                           00003FFA
_IDLOC0                           00002000
_IDLOC1                           00002001
_IDLOC2                           00002002
_IDLOC3                           00002003
_IESO_OFF                         00003BFF
_IESO_ON                          00003FFF
_INTOSC                           00003FFD
_INTOSCIO                         00003FFC
_INTRC_OSC_CLKOUT                 00003FFD
_INTRC_OSC_NOCLKOUT               00003FFC
_LP_OSC                           00003FF8
_LVP_OFF                          00002FFF
_LVP_ON                           00003FFF
_MCLRE_OFF                        00003FDF
_MCLRE_ON                         00003FFF
_PWRTE_OFF                        00003FFF
_PWRTE_ON                         00003FEF
_WDTE_OFF                         00003FF7
_WDTE_ON                          00003FFF
_WDT_OFF                          00003FF7
_WDT_ON                           00003FFF
MPASM 5.75                PIC_8B_GENERAL.ASM   10-17-2022  23:19:24         PAGE 16


SYMBOL TABLE
  LABEL                             VALUE 

_WRT_1FOURTH                      00003BFF
_WRT_256                          00003DFF
_WRT_HALF                         000039FF
_WRT_OFF                          00003FFF
_XT_OSC                           00003FF9
__16F887                          00000001
bit4Change                        00000028
bit7Change                        0000002D
bitsB47                           00000206
btnRelease                        00000031
count1                            00000202
count2                            00000203
exitISR                           00000036
notRBIF                           0000003C
temp                              00000207

Errors   :     0
Warnings :    18 reported,     0 suppressed
Messages :    25 reported,     0 suppressed

