MPASM 5.75             NEWPIC_8B_GENERAL.ASM   10-11-2022  23:34:42         PAGE  1


LOC  OBJECT CODE     LINE SOURCE TEXT
  VALUE

                      00001 ;*******************************************************************************
                      00002 ;
                      00003 ; 7 segment display - common cathode ( - ), they're turned on by a HIGH signal.
                      00004 ;    
                      00005 ; wiring: a -> rb8, b -> rb9, c -> rb11, d -> rb12 
                      00006 ;          e -> rb13, f -> rb7, g -> rb6
                      00007 ;
                      00008 ; pic with an internal 16 MHz crystal
                      00009 ; ----------------------------------------------------------------------------
                      00010 ;
                      00011 ;   tmr1_overflow = (65536 - TMR1_value) * tmr1_prescaler * machine cycle)
                      00012 ;   -> TMR1_value = 65536 - ( tmr1_overflow / (tmr1_prescaler * machine cycle time))
                      00013 ;
                      00014 ;    TMR1 = 65536 - (200E-3 / (4 * 1E-6) = 15536 -> H'3CB0'
                      00015 ;
                      00016 ;*******************************************************************************
                      00017     
                      00018 #include "p16f628a.inc"
                      00001         LIST
                      00002 
                      00003 ;==========================================================================
                      00004 ; Build date : Jul 02 2017
                      00005 ;  MPASM PIC16F628A processor include
                      00006 ; 
                      00007 ;  (c) Copyright 1999-2017 Microchip Technology, All rights reserved
                      00008 ;==========================================================================
                      00009 
                      00386         LIST
                      00019 
                      00020 ; CONFIG
                      00021 ; __config 0xFF19
2007   3F19           00022  __CONFIG _FOSC_INTOSCCLK & _WDTE_OFF & _PWRTE_OFF & _MCLRE_OFF & _BOREN_OFF & _LVP_OFF & _CPD_OFF & _CP
                            _OFF
                      00023 
                      00024 
                      00025 #define BANK0   BCF STATUS,RP0
                      00026 #define BANK1   BSF STATUS,RP0
                      00027 
                      00028 #define LED1    PORTA,RA3
                      00029 #define BTN2    PORTB,RA5
                      00030  
                      00031 ; TODO PLACE VARIABLE DEFINITIONS GO HERE
Warning[205]: Found directive in column 1. (CBLOCK)
                      00032 CBLOCK      H'20'
  00000020            00033     OLD_STATUS
  00000021            00034     OLD_W
  00000022            00035     counter
  00000023            00036     timer
Warning[205]: Found directive in column 1. (ENDC)
                      00037 ENDC
                      00038 ;*******************************************************************************
                      00039 ; Reset Vector
                      00040 ;*******************************************************************************
MPASM 5.75             NEWPIC_8B_GENERAL.ASM   10-11-2022  23:34:42         PAGE  2


LOC  OBJECT CODE     LINE SOURCE TEXT
  VALUE

                      00041 
                      00042 RES_VECT  CODE    0x0000            ; processor reset vector
0000   2???           00043     goto    START                   ; go to beginning of program
                      00044 
                      00045 ;*******************************************************************************
                      00046 
                      00047 ;*******************************************************************************
                      00048 
                      00049 ; TODO INSERT ISR HERE
                      00050         org         H'0004'
0004   2???           00051         goto    TMR1_ISR
                      00052 ;*******************************************************************************
                      00053 ; MAIN PROGRAM
                      00054 ;*******************************************************************************
                      00055 
                      00056 MAIN_PROG CODE                      ; let linker place main program
                      00057 
0000                  00058 START
0000   1283           00059     BANK0
0001   100C           00060     bcf         PIR1,TMR1IF         ; clear flag if it equals 1, it skips next line
0002   018F           00061     clrf        TMR1H               ; high initialize MSB of timer1
0003   018E           00062     clrf        TMR1L               ; and low tmr1 accoring to datasheet
                      00063     
0004   1683           00064     BANK1
0005   30F7           00065     movlw       H'F7'
0006   0085           00066     movwf       PORTA               ; RA3 as input
0007   3010           00067     movlw       H'10'
Message[302]: Register in operand not in bank 0.  Ensure that bank bits are correct.
0008   0086           00068     movwf       TRISB               ; configures rb as output, except for
Message[302]: Register in operand not in bank 0.  Ensure that bank bits are correct.
0009   140C           00069     bsf         PIE1,TMR1IE         ; enables timer 1 interruption
                      00070     
000A   1283           00071     BANK0
000B   1186           00072     bcf         PORTB,RB3           ; RB3 led high
000C   3040           00073     movlw       H'40'               ; send value b1100 0000 to INTCON
000D   008B           00074     movwf       INTCON              ; set GIE and PEIE bits for global
000E   3021           00075     movlw       H'21'               ; and peripheral interrupt enabling
                      00076                                     ; unimpl.: 00, PSA: 1:4, T1OSCEN: 1 (rc0 and rc1)
                      00077                                     ; NOT_T1SYNC: 0 (async), TMR1CS: 1 (ext.clk)
                      00078                                     ; TMR1ON is enabled, 1, 0b00001001
000F   0090           00079     movwf       T1CON               ; enable timer 1 at T1CON reg, psa 1:1
                      00080    ; VALUES FOR a 32168 KHz crystal and a one second overflow time
0010   303C           00081     movlw       H'3C'               ; timer1 will be initilized with 49152 for 0.5
0011   008F           00082     movwf       TMR1H               ; initialize MSB of timer1
0012   30B0           00083     movlw       H'B0'               ; for a 0.002 sec overflow of timer1
0013   008E           00084     movwf       TMR1L               ; initialize LSB of timer1
0014   1185           00085     bcf         LED1                ; turn off led
0015   01A2           00086     clrf        counter
0016   300F           00087     movlw       H'0F'
0017   01A3           00088     clrf        timer               ; prepare both variable for later use 
                      00089 
0018                  00090 LOOP
0018   1A86           00091     btfsc       BTN2
MPASM 5.75             NEWPIC_8B_GENERAL.ASM   10-11-2022  23:34:42         PAGE  3


LOC  OBJECT CODE     LINE SOURCE TEXT
  VALUE

0019   2???           00092     goto        DISPLAY             ; subroutine will be called every 1 sec
001A   178B           00093     bsf         INTCON, GIE
                      00094     
                      00095     ; seven segment number right position: EDC.BAFG (for a common cathode one)
001B                  00096 DISPLAY
001B   2???           00097     call        UPDATE              ; get a binary sequence for character
001C   1985           00098     btfsc       LED1                ; is led1 turned on?
001D   2???           00099     call        END_PROC            ; if it is, call END_PROC
001E   2???           00100     goto        LOOP                ; it not, go back to main routine
                      00101 ;------------------------------------------------------------------------------
                      00102 ; subroutine meant to update number showed on display
                      00103 ;------------------------------------------------------------------------------
001F                  00104 CONVERT
001F   0823           00105     movf        timer,W             ; copy timer contents to Work register
0020   390F           00106     andlw       H'0F'               ; mask for counter value
0021   0782           00107     addwf       PCL,F               ; PCL = PCL + W
0022   34EE           00108     retlw       B'11101110'         ; returns '0'
0023   3428           00109     retlw       B'00101000'         ; returns '1'
0024   34CD           00110     retlw       B'11001101'         ; returns '2'
0025   346D           00111     retlw       B'01101101'         ; returns '3'
0026   342B           00112     retlw       B'00101011'         ; returns '4'
0027   3467           00113     retlw       B'01100111'         ; returns '4'
0028   34E7           00114     retlw       B'11100111'         ; returns '5'
0029   342C           00115     retlw       B'00101100'         ; returns '6'
002A   34EF           00116     retlw       B'11101111'         ; returns '7'
002B   34AF           00117     retlw       B'10101111'         ; returns '8'
002C   34E3           00118     retlw       B'11100011'         ; returns '9'
002D   34C6           00119     retlw       B'11000110'         ; returns 'A'
002E   34E9           00120     retlw       B'11101001'         ; returns 'B'
002F   34C6           00121     retlw       B'11000110'         ; returns 'C'
0030   34E9           00122     retlw       B'11101001'         ; returns 'D'
0031   34C7           00123     retlw       B'11000111'         ; returns 'E'
0032   3487           00124     retlw       B'10000111'         ; returns 'F'
                      00125 ; -----------------------------------------------------------------------------
0033                  00126 UPDATE
0033   2???           00127     call        CONVERT             ; get a binary sequence for character
0034   0086           00128     movwf       PORTB
0035   0008           00129     return
                      00130 ; -----------------------------------------------------------------------------    
0036                  00131 END_PROC
0036   018B           00132     clrf        INTCON              ; disable interruptions
0037   0008           00133     return
                      00134 ; -----------------------------------------------------------------------------
                      00135     
0038                  00136 TMR1_ISR
                      00137     ; save context because of ISR latency --------------------------
0038   00A1           00138     movwf       OLD_W
0039   0E03           00139     swapf       STATUS,W
Warning[207]: Found label after column 1. (bank0)
003A                  00140     bank0
003A   00A0           00141     movwf       OLD_STATUS
                      00142     ; --------------------------------------------------------------
                      00143     
MPASM 5.75             NEWPIC_8B_GENERAL.ASM   10-11-2022  23:34:42         PAGE  4


LOC  OBJECT CODE     LINE SOURCE TEXT
  VALUE

003B   1C0C           00144     btfss       PIR1, TMR1IF        ; has a timer 1 overflow happened?
003C   2???           00145     goto        exit_ISR            ; if not, just leave ISR
003D   100C           00146     bcf         PIR1, TMR1IF        ; clear interrupt flag
003E   303C           00147     movlw       H'3C'               ; reload timer 1 high and low registers
003F   008F           00148     movwf       TMR1H               ; with this value set for tmr1
0040   30B0           00149     movlw       H'B0'               ; I can get a 1 second timing
0041   008E           00150     movwf       TMR1L
                      00151     
                      00152     ; --- 200 ms ---
0042   0AA2           00153     incf        counter, F          ; count 200 ms five times
0043   3005           00154     movlw       H'05'               ; to obtain the desired 1 second
0044   0622           00155     xorwf       counter,W
                      00156     
                      00157     ; --- 1 sec ---
0045   0BA3           00158     decfsz      timer,F             ; decement timer
0046   2???           00159     goto        exit_ISR            ; just leave ISR if it is not equal to 0
0047   1585           00160     bsf         LED1                ; if it equals zero, turn on led
                      00161     
                      00162     ; -------- recover saved context and exit --------------------
0048                  00163 exit_ISR
0048   0E20           00164     swapf       OLD_STATUS, W
0049   0083           00165     movwf       STATUS
004A   0EA1           00166     swapf       OLD_W, F
004B   0E21           00167     swapf       OLD_W, W
                      00168     
004C   0009           00169     retfie
                      00170 ;------------------------------------------------------------------------------
3F19                  00171     END
MPASM 5.75             NEWPIC_8B_GENERAL.ASM   10-11-2022  23:34:42         PAGE  5


SYMBOL TABLE
  LABEL                             VALUE 

ADDEN                             00000003
ADEN                              00000003
BANK0                             BCF STATUS,RP0
BANK1                             BSF STATUS,RP0
BRGH                              00000002
BTN2                              PORTB,RA5
C                                 00000000
C1INV                             00000004
C1OUT                             00000006
C2INV                             00000005
C2OUT                             00000007
CCP1CON                           00000017
CCP1IE                            00000002
CCP1IF                            00000002
CCP1M0                            00000000
CCP1M1                            00000001
CCP1M2                            00000002
CCP1M3                            00000003
CCP1X                             00000005
CCP1Y                             00000004
CCPR1                             00000015
CCPR1H                            00000016
CCPR1L                            00000015
CIS                               00000003
CM0                               00000000
CM1                               00000001
CM2                               00000002
CMCON                             0000001F
CMIE                              00000006
CMIF                              00000006
CONVERT                           0000001F
CREN                              00000004
CSRC                              00000007
DATA_CP_OFF                       00003FFF
DATA_CP_ON                        00003EFF
DC                                00000001
DISPLAY                           0000001B
EEADR                             0000009B
EECON1                            0000009C
EECON2                            0000009D
EEDATA                            0000009A
EEIE                              00000007
EEIF                              00000007
END_PROC                          00000036
F                                 00000001
FERR                              00000002
FSR                               00000004
GIE                               00000007
INDF                              00000000
INTCON                            0000000B
INTE                              00000004
INTEDG                            00000006
INTF                              00000001
MPASM 5.75             NEWPIC_8B_GENERAL.ASM   10-11-2022  23:34:42         PAGE  6


SYMBOL TABLE
  LABEL                             VALUE 

IRP                               00000007
LED1                              PORTA,RA3
LOOP                              00000018
NOT_BO                            00000000
NOT_BOD                           00000000
NOT_BOR                           00000000
NOT_PD                            00000003
NOT_POR                           00000001
NOT_RBPU                          00000007
NOT_T1SYNC                        00000002
NOT_TO                            00000004
OERR                              00000001
OLD_STATUS                        00000020
OLD_W                             00000021
OPTION_REG                        00000081
OSCF                              00000003
PCL                               00000002
PCLATH                            0000000A
PCON                              0000008E
PEIE                              00000006
PIE1                              0000008C
PIR1                              0000000C
PORTA                             00000005
PORTB                             00000006
PR2                               00000092
PS0                               00000000
PS1                               00000001
PS2                               00000002
PSA                               00000003
RA0                               00000000
RA1                               00000001
RA2                               00000002
RA3                               00000003
RA4                               00000004
RA5                               00000005
RA6                               00000006
RA7                               00000007
RB0                               00000000
RB1                               00000001
RB2                               00000002
RB3                               00000003
RB4                               00000004
RB5                               00000005
RB6                               00000006
RB7                               00000007
RBIE                              00000003
RBIF                              00000000
RCIE                              00000005
RCIF                              00000005
RCREG                             0000001A
RCSTA                             00000018
RD                                00000000
RP0                               00000005
MPASM 5.75             NEWPIC_8B_GENERAL.ASM   10-11-2022  23:34:42         PAGE  7


SYMBOL TABLE
  LABEL                             VALUE 

RP1                               00000006
RX9                               00000006
RX9D                              00000000
SPBRG                             00000099
SPEN                              00000007
SREN                              00000005
START                             00000000
STATUS                            00000003
SYNC                              00000004
T0CS                              00000005
T0IE                              00000005
T0IF                              00000002
T0SE                              00000004
T1CKPS0                           00000004
T1CKPS1                           00000005
T1CON                             00000010
T1OSCEN                           00000003
T2CKPS0                           00000000
T2CKPS1                           00000001
T2CON                             00000012
TMR0                              00000001
TMR0IE                            00000005
TMR0IF                            00000002
TMR1                              0000000E
TMR1CS                            00000001
TMR1H                             0000000F
TMR1IE                            00000000
TMR1IF                            00000000
TMR1L                             0000000E
TMR1ON                            00000000
TMR1_ISR                          00000038
TMR2                              00000011
TMR2IE                            00000001
TMR2IF                            00000001
TMR2ON                            00000002
TOUTPS0                           00000003
TOUTPS1                           00000004
TOUTPS2                           00000005
TOUTPS3                           00000006
TRISA                             00000085
TRISA0                            00000000
TRISA1                            00000001
TRISA2                            00000002
TRISA3                            00000003
TRISA4                            00000004
TRISA5                            00000005
TRISA6                            00000006
TRISA7                            00000007
TRISB                             00000086
TRISB0                            00000000
TRISB1                            00000001
TRISB2                            00000002
TRISB3                            00000003
MPASM 5.75             NEWPIC_8B_GENERAL.ASM   10-11-2022  23:34:42         PAGE  8


SYMBOL TABLE
  LABEL                             VALUE 

TRISB4                            00000004
TRISB5                            00000005
TRISB6                            00000006
TRISB7                            00000007
TRMT                              00000001
TX9                               00000006
TX9D                              00000000
TXEN                              00000005
TXIE                              00000004
TXIF                              00000004
TXREG                             00000019
TXSTA                             00000098
UPDATE                            00000033
VR0                               00000000
VR1                               00000001
VR2                               00000002
VR3                               00000003
VRCON                             0000009F
VREN                              00000007
VROE                              00000006
VRR                               00000005
W                                 00000000
WR                                00000001
WREN                              00000002
WRERR                             00000003
Z                                 00000002
_BODEN_OFF                        00003FBF
_BODEN_ON                         00003FFF
_BOREN_OFF                        00003FBF
_BOREN_ON                         00003FFF
_CONFIG                           00002007
_CPD_OFF                          00003FFF
_CPD_ON                           00003EFF
_CP_OFF                           00003FFF
_CP_ON                            00001FFF
_DEVID1                           00002006
_ER_OSC_CLKOUT                    00003FFF
_ER_OSC_NOCLKOUT                  00003FFE
_EXTCLK_OSC                       00003FEF
_FOSC_ECIO                        00003FEF
_FOSC_EXTRCCLK                    00003FFF
_FOSC_EXTRCIO                     00003FFE
_FOSC_HS                          00003FEE
_FOSC_INTOSCCLK                   00003FFD
_FOSC_INTOSCIO                    00003FFC
_FOSC_LP                          00003FEC
_FOSC_XT                          00003FED
_HS_OSC                           00003FEE
_IDLOC0                           00002000
_IDLOC1                           00002001
_IDLOC2                           00002002
_IDLOC3                           00002003
_INTOSC_OSC_CLKOUT                00003FFD
MPASM 5.75             NEWPIC_8B_GENERAL.ASM   10-11-2022  23:34:42         PAGE  9


SYMBOL TABLE
  LABEL                             VALUE 

_INTOSC_OSC_NOCLKOUT              00003FFC
_INTRC_OSC_CLKOUT                 00003FFD
_INTRC_OSC_NOCLKOUT               00003FFC
_LP_OSC                           00003FEC
_LVP_OFF                          00003F7F
_LVP_ON                           00003FFF
_MCLRE_OFF                        00003FDF
_MCLRE_ON                         00003FFF
_PWRTE_OFF                        00003FFF
_PWRTE_ON                         00003FF7
_RC_OSC_CLKOUT                    00003FFF
_RC_OSC_NOCLKOUT                  00003FFE
_WDTE_OFF                         00003FFB
_WDTE_ON                          00003FFF
_WDT_OFF                          00003FFB
_WDT_ON                           00003FFF
_XT_OSC                           00003FED
__16F628A                         00000001
bank0                             0000003A
counter                           00000022
exit_ISR                          00000048
timer                             00000023

Errors   :     0
Warnings :     3 reported,     0 suppressed
Messages :     2 reported,     0 suppressed

