MPASM 5.75                PIC_8B_GENERAL.ASM   10-4-2022  22:01:11         PAGE  1


LOC  OBJECT CODE     LINE SOURCE TEXT
  VALUE

                      00001 ;*******************************************************************************
                      00002 ;
                      00003 ; For RB interrupt there is no need to configure anything in OPTION_REG
                      00004 ;  only INTCON register is needed to set it up, with GIE, RBIE, and RBF
                      00005 ;  a button is wired to RB7 and it has a pull-down resistor (connected to Vss)
                      00006 ;
                      00007 ;*******************************************************************************
                      00008 #include "p16f887.inc"
                      00001         LIST
                      00002 
                      00003 ;==========================================================================
                      00004 ; Build date : Jul 02 2017
                      00005 ;  MPASM PIC16F887 processor include
                      00006 ; 
                      00007 ;  (c) Copyright 1999-2017 Microchip Technology, All rights reserved
                      00008 ;==========================================================================
                      00009 
                      00810         LIST
                      00009 
                      00010 ; CONFIG1
                      00011 ; __config 0xE0D2
2007   20D2           00012  __CONFIG _CONFIG1, _FOSC_HS & _WDTE_OFF & _PWRTE_OFF & _MCLRE_OFF & _CP_OFF & _CPD_OFF & _BOREN_OFF & _
                            IESO_OFF & _FCMEN_OFF & _LVP_OFF
                      00013 ; CONFIG2
                      00014 ; __config 0xFEFF
2008   3EFF           00015  __CONFIG _CONFIG2, _BOR4V_BOR21V & _WRT_OFF
                      00016  
                      00017 ; TODO PLACE VARIABLE DEFINITIONS GO HERE
                      00018  #define BANK0   BCF STATUS,RP0
                      00019  #define BANK1   BSF STATUS,RP0
                      00020  
                      00021  #define LED1    PORTB,RB0
                      00022  #define LED2    PORTB,RB1
                      00023  #define LED_RB  PORTB,RB2
                      00024 ;*******************************************************************************
                      00025  CBLOCK     H'20'
  00000020            00026     OLD_STATUS
  00000021            00027     OLD_W
  00000022            00028     TIME1
  00000023            00029     TIME2   ; these registers are needed for the delay subroutine
  00000024            00030     COUNT   ; this counter is needed to call the 500ms delay twice 
  00000025            00031     COUNT2  ; this counter is needed to decrement TIME2 twice
  00000026            00032     COUNT3  ; this counter is used in the ISR, for a 2 second delay
                      00033  ENDC
                      00034 ; Reset Vector
                      00035 ;*******************************************************************************
                      00036 
                      00037 RES_VECT  CODE    0x0000            ; processor reset vector
0000   2???           00038     GOTO    START                   ; go to beginning of program
                      00039 
                      00040 ;*******************************************************************************
                      00041 
                      00042 ; TODO INSERT ISR HERE
MPASM 5.75                PIC_8B_GENERAL.ASM   10-4-2022  22:01:11         PAGE  2


LOC  OBJECT CODE     LINE SOURCE TEXT
  VALUE

                      00043         ORG     H'0004'
0004   2???           00044         GOTO    RB_ISR
                      00045 ;*******************************************************************************
                      00046 ; MAIN PROGRAM
                      00047 ;*******************************************************************************
                      00048 
                      00049 MAIN_PROG CODE                      ; let linker place main program
                      00050 
0000                  00051 START
                      00052         ; TODO Step #5 - Insert Your Program Here
0000   1683           00053             BANK1
0001   3080           00054             MOVLW       B'10000000'         ; bit7,6,5 AS OUTPUT
Message[302]: Register in operand not in bank 0.  Ensure that bank bits are correct.
0002   0086           00055             MOVWF       TRISB               ; 7 outputs + 1 input
0003   018B           00056             CLRF        INTCON
                      00057  
0004   1283           00058             BANK0
0005   3000           00059             MOVLW       H'00'
0006   0086           00060             MOVWF       PORTB               ; B'0000 0000', outputs
0007   178B           00061             BSF         INTCON,GIE          ; ENABLE global interrupt
0008   158B           00062             BSF         INTCON,RBIE         ; ENABLE RB internal interrupt
                      00063 
                      00064 ; ------------ MAIN ROUTINES ---------------------------------------------------
0009                  00065 BLINK_LED1
0009   1086           00066             BCF         LED2
000A   1406           00067             BSF         LED1
000B   3002           00068             MOVLW       D'2'
000C   00A4           00069             MOVWF       COUNT
000D   2???           00070 LED1_FOR    CALL        DELAY_500ms
Message[305]: Using default destination of 1 (file).
000E   0BA4           00071             DECFSZ      COUNT
000F   2???           00072             GOTO        LED1_FOR
0010   2???           00073             GOTO        BLINK_LED2
                      00074 ; =============================================================================     
0011                  00075 BLINK_LED2
0011   1006           00076             BCF         LED1
0012   1486           00077             BSF         LED2
0013   3002           00078             MOVLW       D'2'                ; this routine is needed to 
0014   00A4           00079             MOVWF       COUNT               ; call the delay twice
0015   2???           00080 LED2_FOR    CALL        DELAY_500ms         ; in order to create a 1 sec. delay
Message[305]: Using default destination of 1 (file).
0016   0BA4           00081             DECFSZ      COUNT
0017   2???           00082             GOTO        LED2_FOR
0018   2???           00083             GOTO        BLINK_LED1
                      00084             
                      00085 ; ------------ SUBROUTINES ------------------------------------------------------
0019                  00086 DELAY_500ms
0019   30FA           00087             MOVLW       H'FA'               ; D'250'
001A   00A2           00088             MOVWF       TIME1
001B   30FA           00089             MOVLW       H'FA'
001C                  00090 D_LOOP
001C   30FA           00091             MOVLW       H'FA'
001D   00A3           00092             MOVWF       TIME2       
MPASM 5.75                PIC_8B_GENERAL.ASM   10-4-2022  22:01:11         PAGE  3


LOC  OBJECT CODE     LINE SOURCE TEXT
  VALUE

001E   3002           00093             MOVLW       D'2'
001F   00A5           00094             MOVWF       COUNT2
0020                  00095 FOR         
Message[305]: Using default destination of 1 (file).
0020   0BA5           00096             DECFSZ      COUNT2
0021   2???           00097             GOTO        FOR
                      00098             
Message[305]: Using default destination of 1 (file).
0022   0BA3           00099             DECFSZ      TIME2
0023   2???           00100             GOTO        $ -5
                      00101             
Message[305]: Using default destination of 1 (file).
0024   0BA2           00102             DECFSZ      TIME1
0025   2???           00103             GOTO        D_LOOP             ; DELAY ends when TIME1 equals 0
0026   0008           00104             RETURN
                      00105 ;--------------- RB0 INTERRUPT SERVICE ROUTINE --------------------------------- 
0027                  00106 RB_ISR
                      00107             ; SAVE CONTEXT
0027   00A1           00108             MOVWF           OLD_W           ; save context in W register
0028   0E03           00109             SWAPF           STATUS,W        ; set STATUS to W
0029   1283           00110             BANK0                           ; select bank 0 (default for reset)
002A   00A0           00111             MOVWF           OLD_STATUS      ; save STATUS
                      00112 ;-------------------------------------------------------------------------------
002B   1006           00113             BCF         LED1
002C   1086           00114             BCF         LED2
002D   1506           00115             BSF         LED_RB
002E   3004           00116             MOVLW       D'4'
002F   00A6           00117             MOVWF       COUNT3
0030                  00118 REPEAT      
0030   2???           00119             CALL        DELAY_500ms         ; this loop is need to generate
Message[305]: Using default destination of 1 (file).
0031   0BA6           00120             DECFSZ      COUNT3              ; a nearly 2 second delay
0032   2???           00121             GOTO        REPEAT
0033   100B           00122             BCF         INTCON,RBIF
0034   1106           00123             BCF         LED_RB
                      00124 ;------------------------------------------------------------------------------
                      00125             ; RESTORE CONTEXT
0035   0E20           00126             SWAPF           OLD_STATUS,W    ; saved status to W
0036   0803           00127             MOVFW           STATUS          ; to STATUS register
0037   0EA1           00128             SWAPF           OLD_W,F         ; swap File reg in itself
0038   0E21           00129             SWAPF           OLD_W,W         ; re-swap back to W
                      00130         
0039   0009           00131             RETFIE
                      00132 ; -----------------------------------------------------------------------------
20D2 3EFF             00133             END
MPASM 5.75                PIC_8B_GENERAL.ASM   10-4-2022  22:01:11         PAGE  4


SYMBOL TABLE
  LABEL                             VALUE 

ABDEN                             00000000
ABDOVF                            00000007
ACKDT                             00000005
ACKEN                             00000004
ACKSTAT                           00000006
ADCON0                            0000001F
ADCON1                            0000009F
ADCS0                             00000006
ADCS1                             00000007
ADDEN                             00000003
ADFM                              00000007
ADIE                              00000006
ADIF                              00000006
ADON                              00000000
ADRESH                            0000001E
ADRESL                            0000009E
ANS0                              00000000
ANS1                              00000001
ANS10                             00000002
ANS11                             00000003
ANS12                             00000004
ANS13                             00000005
ANS2                              00000002
ANS3                              00000003
ANS4                              00000004
ANS5                              00000005
ANS6                              00000006
ANS7                              00000007
ANS8                              00000000
ANS9                              00000001
ANSEL                             00000188
ANSELH                            00000189
BANK0                             BCF STATUS,RP0
BANK1                             BSF STATUS,RP0
BAUDCTL                           00000187
BCLIE                             00000003
BCLIF                             00000003
BF                                00000000
BLINK_LED1                        00000009
BLINK_LED2                        00000011
BRG0                              00000000
BRG1                              00000001
BRG10                             00000002
BRG11                             00000003
BRG12                             00000004
BRG13                             00000005
BRG14                             00000006
BRG15                             00000007
BRG16                             00000003
BRG2                              00000002
BRG3                              00000003
BRG4                              00000004
BRG5                              00000005
MPASM 5.75                PIC_8B_GENERAL.ASM   10-4-2022  22:01:11         PAGE  5


SYMBOL TABLE
  LABEL                             VALUE 

BRG6                              00000006
BRG7                              00000007
BRG8                              00000000
BRG9                              00000001
BRGH                              00000002
C                                 00000000
C1CH0                             00000000
C1CH1                             00000001
C1IE                              00000005
C1IF                              00000005
C1OE                              00000005
C1ON                              00000007
C1OUT                             00000006
C1POL                             00000004
C1R                               00000002
C1RSEL                            00000005
C1SEN                             00000005
C2CH0                             00000000
C2CH1                             00000001
C2IE                              00000006
C2IF                              00000006
C2OE                              00000005
C2ON                              00000007
C2OUT                             00000006
C2POL                             00000004
C2R                               00000002
C2REN                             00000004
C2RSEL                            00000004
C2SYNC                            00000000
CCP1CON                           00000017
CCP1IE                            00000002
CCP1IF                            00000002
CCP1M0                            00000000
CCP1M1                            00000001
CCP1M2                            00000002
CCP1M3                            00000003
CCP1X                             00000005
CCP1Y                             00000004
CCP2CON                           0000001D
CCP2IE                            00000000
CCP2IF                            00000000
CCP2M0                            00000000
CCP2M1                            00000001
CCP2M2                            00000002
CCP2M3                            00000003
CCP2X                             00000005
CCP2Y                             00000004
CCPR1                             00000015
CCPR1H                            00000016
CCPR1L                            00000015
CCPR2                             0000001B
CCPR2H                            0000001C
CCPR2L                            0000001B
MPASM 5.75                PIC_8B_GENERAL.ASM   10-4-2022  22:01:11         PAGE  6


SYMBOL TABLE
  LABEL                             VALUE 

CHS0                              00000002
CHS1                              00000003
CHS2                              00000004
CHS3                              00000005
CKE                               00000006
CKP                               00000004
CM1CON0                           00000107
CM2CON0                           00000108
CM2CON1                           00000109
COUNT                             00000024
COUNT2                            00000025
COUNT3                            00000026
CREN                              00000004
CSRC                              00000007
D                                 00000005
DATA_ADDRESS                      00000005
DC                                00000001
DC1B0                             00000004
DC1B1                             00000005
DC2B0                             00000004
DC2B1                             00000005
DELAY_500ms                       00000019
D_A                               00000005
D_LOOP                            0000001C
D_NOT_A                           00000005
ECCPAS                            0000009C
ECCPAS0                           00000004
ECCPAS1                           00000005
ECCPAS2                           00000006
ECCPASE                           00000007
EEADR                             0000010D
EEADRH                            0000010F
EECON1                            0000018C
EECON2                            0000018D
EEDAT                             0000010C
EEDATA                            0000010C
EEDATH                            0000010E
EEIE                              00000004
EEIF                              00000004
EEPGD                             00000007
F                                 00000001
FERR                              00000002
FOR                               00000020
FSR                               00000004
FVREN                             00000000
GCEN                              00000007
GIE                               00000007
GO                                00000001
GO_DONE                           00000001
GO_NOT_DONE                       00000001
HTS                               00000002
I2C_DATA                          00000005
I2C_READ                          00000002
MPASM 5.75                PIC_8B_GENERAL.ASM   10-4-2022  22:01:11         PAGE  7


SYMBOL TABLE
  LABEL                             VALUE 

I2C_START                         00000003
I2C_STOP                          00000004
INDF                              00000000
INTCON                            0000000B
INTE                              00000004
INTEDG                            00000006
INTF                              00000001
IOCB                              00000096
IOCB0                             00000000
IOCB1                             00000001
IOCB2                             00000002
IOCB3                             00000003
IOCB4                             00000004
IOCB5                             00000005
IOCB6                             00000006
IOCB7                             00000007
IRCF0                             00000004
IRCF1                             00000005
IRCF2                             00000006
IRP                               00000007
LED1                              PORTB,RB0
LED1_FOR                          0000000D
LED2                              PORTB,RB1
LED2_FOR                          00000015
LED_RB                            PORTB,RB2
LTS                               00000001
MC1OUT                            00000007
MC2OUT                            00000006
MSK                               00000093
MSK0                              00000000
MSK1                              00000001
MSK2                              00000002
MSK3                              00000003
MSK4                              00000004
MSK5                              00000005
MSK6                              00000006
MSK7                              00000007
NOT_A                             00000005
NOT_ADDRESS                       00000005
NOT_BO                            00000000
NOT_BOR                           00000000
NOT_DONE                          00000001
NOT_PD                            00000003
NOT_POR                           00000001
NOT_RBPU                          00000007
NOT_RC8                           00000006
NOT_T1SYNC                        00000002
NOT_TO                            00000004
NOT_TX8                           00000006
NOT_W                             00000002
NOT_WRITE                         00000002
OERR                              00000001
OLD_STATUS                        00000020
MPASM 5.75                PIC_8B_GENERAL.ASM   10-4-2022  22:01:11         PAGE  8


SYMBOL TABLE
  LABEL                             VALUE 

OLD_W                             00000021
OPTION_REG                        00000081
OSCCON                            0000008F
OSCTUNE                           00000090
OSFIE                             00000007
OSFIF                             00000007
OSTS                              00000003
P                                 00000004
P1M0                              00000006
P1M1                              00000007
PCL                               00000002
PCLATH                            0000000A
PCON                              0000008E
PDC0                              00000000
PDC1                              00000001
PDC2                              00000002
PDC3                              00000003
PDC4                              00000004
PDC5                              00000005
PDC6                              00000006
PEIE                              00000006
PEN                               00000002
PIE1                              0000008C
PIE2                              0000008D
PIR1                              0000000C
PIR2                              0000000D
PORTA                             00000005
PORTB                             00000006
PORTC                             00000007
PORTD                             00000008
PORTE                             00000009
PR2                               00000092
PRSEN                             00000007
PS0                               00000000
PS1                               00000001
PS2                               00000002
PSA                               00000003
PSSAC0                            00000002
PSSAC1                            00000003
PSSBD0                            00000000
PSSBD1                            00000001
PSTRCON                           0000009D
PULSR                             00000002
PULSS                             00000003
PWM1CON                           0000009B
R                                 00000002
RA0                               00000000
RA1                               00000001
RA2                               00000002
RA3                               00000003
RA4                               00000004
RA5                               00000005
RA6                               00000006
MPASM 5.75                PIC_8B_GENERAL.ASM   10-4-2022  22:01:11         PAGE  9


SYMBOL TABLE
  LABEL                             VALUE 

RA7                               00000007
RB0                               00000000
RB1                               00000001
RB2                               00000002
RB3                               00000003
RB4                               00000004
RB5                               00000005
RB6                               00000006
RB7                               00000007
RBIE                              00000003
RBIF                              00000000
RB_ISR                            00000027
RC0                               00000000
RC1                               00000001
RC2                               00000002
RC3                               00000003
RC4                               00000004
RC5                               00000005
RC6                               00000006
RC7                               00000007
RC8_9                             00000006
RC9                               00000006
RCD8                              00000000
RCEN                              00000003
RCIDL                             00000006
RCIE                              00000005
RCIF                              00000005
RCREG                             0000001A
RCSTA                             00000018
RD                                00000000
RD0                               00000000
RD1                               00000001
RD2                               00000002
RD3                               00000003
RD4                               00000004
RD5                               00000005
RD6                               00000006
RD7                               00000007
RE0                               00000000
RE1                               00000001
RE2                               00000002
RE3                               00000003
READ_WRITE                        00000002
REPEAT                            00000030
RP0                               00000005
RP1                               00000006
RSEN                              00000001
RX9                               00000006
RX9D                              00000000
R_NOT_W                           00000002
R_W                               00000002
S                                 00000003
SBOREN                            00000004
MPASM 5.75                PIC_8B_GENERAL.ASM   10-4-2022  22:01:11         PAGE 10


SYMBOL TABLE
  LABEL                             VALUE 

SCKP                              00000004
SCS                               00000000
SEN                               00000000
SENDB                             00000003
SMP                               00000007
SPBRG                             00000099
SPBRGH                            0000009A
SPEN                              00000007
SR0                               00000006
SR1                               00000007
SRCON                             00000185
SREN                              00000005
SSPADD                            00000093
SSPBUF                            00000013
SSPCON                            00000014
SSPCON2                           00000091
SSPEN                             00000005
SSPIE                             00000003
SSPIF                             00000003
SSPM0                             00000000
SSPM1                             00000001
SSPM2                             00000002
SSPM3                             00000003
SSPMSK                            00000093
SSPOV                             00000006
SSPSTAT                           00000094
START                             00000000
STATUS                            00000003
STRA                              00000000
STRB                              00000001
STRC                              00000002
STRD                              00000003
STRSYNC                           00000004
SWDTEN                            00000000
SYNC                              00000004
T0CS                              00000005
T0IE                              00000005
T0IF                              00000002
T0SE                              00000004
T1CKPS0                           00000004
T1CKPS1                           00000005
T1CON                             00000010
T1GINV                            00000007
T1GIV                             00000007
T1GSS                             00000001
T1INSYNC                          00000002
T1OSCEN                           00000003
T1SYNC                            00000002
T2CKPS0                           00000000
T2CKPS1                           00000001
T2CON                             00000012
TIME1                             00000022
TIME2                             00000023
MPASM 5.75                PIC_8B_GENERAL.ASM   10-4-2022  22:01:11         PAGE 11


SYMBOL TABLE
  LABEL                             VALUE 

TMR0                              00000001
TMR0IE                            00000005
TMR0IF                            00000002
TMR1                              0000000E
TMR1CS                            00000001
TMR1GE                            00000006
TMR1H                             0000000F
TMR1IE                            00000000
TMR1IF                            00000000
TMR1L                             0000000E
TMR1ON                            00000000
TMR2                              00000011
TMR2IE                            00000001
TMR2IF                            00000001
TMR2ON                            00000002
TOUTPS0                           00000003
TOUTPS1                           00000004
TOUTPS2                           00000005
TOUTPS3                           00000006
TRISA                             00000085
TRISA0                            00000000
TRISA1                            00000001
TRISA2                            00000002
TRISA3                            00000003
TRISA4                            00000004
TRISA5                            00000005
TRISA6                            00000006
TRISA7                            00000007
TRISB                             00000086
TRISB0                            00000000
TRISB1                            00000001
TRISB2                            00000002
TRISB3                            00000003
TRISB4                            00000004
TRISB5                            00000005
TRISB6                            00000006
TRISB7                            00000007
TRISC                             00000087
TRISC0                            00000000
TRISC1                            00000001
TRISC2                            00000002
TRISC3                            00000003
TRISC4                            00000004
TRISC5                            00000005
TRISC6                            00000006
TRISC7                            00000007
TRISD                             00000088
TRISD0                            00000000
TRISD1                            00000001
TRISD2                            00000002
TRISD3                            00000003
TRISD4                            00000004
TRISD5                            00000005
MPASM 5.75                PIC_8B_GENERAL.ASM   10-4-2022  22:01:11         PAGE 12


SYMBOL TABLE
  LABEL                             VALUE 

TRISD6                            00000006
TRISD7                            00000007
TRISE                             00000089
TRISE0                            00000000
TRISE1                            00000001
TRISE2                            00000002
TRISE3                            00000003
TRMT                              00000001
TUN0                              00000000
TUN1                              00000001
TUN2                              00000002
TUN3                              00000003
TUN4                              00000004
TX8_9                             00000006
TX9                               00000006
TX9D                              00000000
TXD8                              00000000
TXEN                              00000005
TXIE                              00000004
TXIF                              00000004
TXREG                             00000019
TXSTA                             00000098
UA                                00000001
ULPWUE                            00000005
ULPWUIE                           00000002
ULPWUIF                           00000002
VCFG0                             00000004
VCFG1                             00000005
VR0                               00000000
VR1                               00000001
VR2                               00000002
VR3                               00000003
VRCON                             00000097
VREN                              00000007
VROE                              00000006
VRR                               00000005
VRSS                              00000004
W                                 00000000
WCOL                              00000007
WDTCON                            00000105
WDTPS0                            00000001
WDTPS1                            00000002
WDTPS2                            00000003
WDTPS3                            00000004
WPUB                              00000095
WPUB0                             00000000
WPUB1                             00000001
WPUB2                             00000002
WPUB3                             00000003
WPUB4                             00000004
WPUB5                             00000005
WPUB6                             00000006
WPUB7                             00000007
MPASM 5.75                PIC_8B_GENERAL.ASM   10-4-2022  22:01:11         PAGE 13


SYMBOL TABLE
  LABEL                             VALUE 

WR                                00000001
WREN                              00000002
WRERR                             00000003
WUE                               00000001
Z                                 00000002
_BOR21V                           00003EFF
_BOR40V                           00003FFF
_BOR4V_BOR21V                     00003EFF
_BOR4V_BOR40V                     00003FFF
_BOREN_NSLEEP                     00003EFF
_BOREN_OFF                        00003CFF
_BOREN_ON                         00003FFF
_BOREN_SBODEN                     00003DFF
_BOR_NSLEEP                       00003EFF
_BOR_OFF                          00003CFF
_BOR_ON                           00003FFF
_BOR_SBODEN                       00003DFF
_CONFIG1                          00002007
_CONFIG2                          00002008
_CPD_OFF                          00003FFF
_CPD_ON                           00003F7F
_CP_OFF                           00003FFF
_CP_ON                            00003FBF
_DEBUG_OFF                        00003FFF
_DEBUG_ON                         00001FFF
_DEVID1                           00002006
_EC_OSC                           00003FFB
_EXTRC                            00003FFF
_EXTRCIO                          00003FFE
_EXTRC_OSC_CLKOUT                 00003FFF
_EXTRC_OSC_NOCLKOUT               00003FFE
_FCMEN_OFF                        000037FF
_FCMEN_ON                         00003FFF
_FOSC_EC                          00003FFB
_FOSC_EXTRC_CLKOUT                00003FFF
_FOSC_EXTRC_NOCLKOUT              00003FFE
_FOSC_HS                          00003FFA
_FOSC_INTRC_CLKOUT                00003FFD
_FOSC_INTRC_NOCLKOUT              00003FFC
_FOSC_LP                          00003FF8
_FOSC_XT                          00003FF9
_HS_OSC                           00003FFA
_IDLOC0                           00002000
_IDLOC1                           00002001
_IDLOC2                           00002002
_IDLOC3                           00002003
_IESO_OFF                         00003BFF
_IESO_ON                          00003FFF
_INTOSC                           00003FFD
_INTOSCIO                         00003FFC
_INTRC_OSC_CLKOUT                 00003FFD
_INTRC_OSC_NOCLKOUT               00003FFC
_LP_OSC                           00003FF8
MPASM 5.75                PIC_8B_GENERAL.ASM   10-4-2022  22:01:11         PAGE 14


SYMBOL TABLE
  LABEL                             VALUE 

_LVP_OFF                          00002FFF
_LVP_ON                           00003FFF
_MAIN_PROG_0023                   00000023
_MCLRE_OFF                        00003FDF
_MCLRE_ON                         00003FFF
_PWRTE_OFF                        00003FFF
_PWRTE_ON                         00003FEF
_WDTE_OFF                         00003FF7
_WDTE_ON                          00003FFF
_WDT_OFF                          00003FF7
_WDT_ON                           00003FFF
_WRT_1FOURTH                      00003BFF
_WRT_256                          00003DFF
_WRT_HALF                         000039FF
_WRT_OFF                          00003FFF
_XT_OSC                           00003FF9
__16F887                          00000001

Errors   :     0
Warnings :     0 reported,     0 suppressed
Messages :     7 reported,     0 suppressed

