MPASM 5.75                PIC_8B_GENERAL.ASM   10-4-2022  23:09:32         PAGE  1


LOC  OBJECT CODE     LINE SOURCE TEXT
  VALUE

                      00001 ;*******************************************************************************
                      00002 ;   Once I  have understood how timer0 works, it is easier to grasp the
                      00003 ;   timer2. To calculate its overflow time, use the following formula:
                      00004 ;
                      00005 ;   overflow = machine cycle x PR2 x prescaler x postscaler
                      00006 ;   
                      00007 ;       Prescalers: 1:1, 1:4, 1:16 (increment by one every x machine cycles)
                      00008 ;   
                      00009 ;   It is not possible to increment timer2 by an external event (what is possible
                      00010 ;   in the case tmr0). 
                      00011 ;
                      00012 ;   Its postscaler is an overflow counter: once it is overflowed, wait a bit
                      00013 ;   more and go on imcrementing it accordig to the preset ratio (1:1 to 1:16)
                      00014 ;   
                      00015 ;    PR2 is used to compare the tmr2 counting with its preset value.
                      00016 ;   Clk freq = 4 Mhz, for pic = 1 Mhz, time = 1 us
                      00017 ;                                   bit6    bit5     bit4      bit3
                      00018 ;   I have to set T2CON register (TOUTPS3, TOUTPS2, TOUTPS1, TOUTPS0,
                      00019 ;     are used for postscaler settings {0 0 0 0 = 1:1, 0001 = 1:2 ... 1111 = 1:16}, 
                      00020 ;    TMR2ON - bit2, T2CKPS1/T2CKPS0 - bit1, bit0 for prescaler settings
                      00021 ;     {0:0, 0:1, 1:1 or 1:0} )
                      00022 ;
                      00023 ;   In PIE1 register I have to enable its bit1 (TMR2IE) to enable tmr1 interrpution
                      00024 ;    and in PIR1, its bit1 and the TMR2IF which has be cleared when it is set
                      00025 ; 
                      00026 ;*******************************************************************************
                      00027     
                      00028 #include "p16f628a.inc"
                      00001         LIST
                      00002 
                      00003 ;==========================================================================
                      00004 ; Build date : Jul 02 2017
                      00005 ;  MPASM PIC16F628A processor include
                      00006 ; 
                      00007 ;  (c) Copyright 1999-2017 Microchip Technology, All rights reserved
                      00008 ;==========================================================================
                      00009 
                      00386         LIST
                      00029     
                      00030 ; __config 0xFF19
2007   3F19           00031  __CONFIG _FOSC_INTOSCCLK & _WDTE_OFF & _PWRTE_OFF & _MCLRE_OFF & _BOREN_OFF & _LVP_OFF & _CPD_OFF & _CP
                            _OFF
                      00032 
                      00033 #define BANK0   BCF STATUS,RP0
                      00034 #define BANK1   BSF STATUS,RP0
                      00035 
                      00036 #define led1    PORTA, RA3
                      00037 #define led2    PORTA, RA2
                      00038 ; TODO PLACE VARIABLE DEFINITIONS GO HERE
Warning[205]: Found directive in column 1. (CBLOCK)
                      00039 CBLOCK      H'20'
  00000020            00040     OLD_STATUS
  00000021            00041     OLD_W
MPASM 5.75                PIC_8B_GENERAL.ASM   10-4-2022  23:09:32         PAGE  2


LOC  OBJECT CODE     LINE SOURCE TEXT
  VALUE

Warning[205]: Found directive in column 1. (ENDC)
                      00042 ENDC
                      00043 ;*******************************************************************************
                      00044 ; Reset Vector
                      00045 ;*******************************************************************************
                      00046 
                      00047 RES_VECT  CODE    0x0000            ; processor reset vector
0000   2???           00048     GOTO    START                   ; go to beginning of program
                      00049 
                      00050 ;*******************************************************************************
                      00051 
                      00052 ;*******************************************************************************
                      00053 
                      00054 ; TODO INSERT ISR HERE
                      00055         ORG         H'0004'
0004   2???           00056         GOTO       TMR2_ISR
                      00057 ;*******************************************************************************
                      00058 ; MAIN PROGRAM
                      00059 ;*******************************************************************************
                      00060 
                      00061 MAIN_PROG CODE                      ; let linker place main program
                      00062 
0000                  00063 START
                      00064 
                      00065     ; TODO Step #5 - Insert Your Program Here
0000   1683           00066     BANK1
0001   30FE           00067     MOVLW       H'FE'                ; load work with  1111 1110
Message[302]: Register in operand not in bank 0.  Ensure that bank bits are correct.
0002   0086           00068     MOVWF       TRISB                ; RB0 AS output, other pins - input
0003   3065           00069     MOVLW       H'65'                ; load work reg with D'101'
Message[302]: Register in operand not in bank 0.  Ensure that bank bits are correct.
0004   0092           00070     MOVWF       PR2                  ; equals 101
Message[302]: Register in operand not in bank 0.  Ensure that bank bits are correct.
0005   148C           00071     BSF         PIE1, TMR2IE         ; enable timer2 interruption
                      00072     
0006   1283           00073     BANK0
0007   30FE           00074     MOVLW       H'FE'                ; load Work register with hexa value
0008   0086           00075     MOVWF       PORTB                ; RB0 AT low level
0009   3025           00076     MOVLW       H'25'                ; B'0 0100 101' - timer2 enabled with
000A   0092           00077     MOVWF       T2CON                ; postscaler 1:5 (0100) and prescaler 1:4
                      00078 
000B                  00079 LOOP
                      00080     
000B   1486           00081     BSF         PORTB, RB1
000C   2???           00082     GOTO        LOOP
                      00083 ; -----------------------------------------------------------------------------
000D                  00084 TMR2_ISR
                      00085         ; SAVE CONTEXT
000D   00A1           00086         MOVWF       OLD_W           ; save context in W register
000E   0E03           00087         SWAPF       STATUS,W        ; set STATUS to W
000F   1283           00088         BANK0                       ; select bank 0 (default for reset)
0010   00A0           00089         MOVWF       OLD_STATUS      ; save STATUS
                      00090 
MPASM 5.75                PIC_8B_GENERAL.ASM   10-4-2022  23:09:32         PAGE  3


LOC  OBJECT CODE     LINE SOURCE TEXT
  VALUE

                      00091 ;------------------------------------------------------------------------------
0011   1C8C           00092         BTFSS       PIR1, TMR2IF    ; Has timer 2 overflowed?
0012   2???           00093         GOTO        EXIT_ISR        ; NO, jump to ISR end
0013   108C           00094         BCF         PIR1, TMR2IF    ; Yes, clear flag by software
Message[305]: Using default destination of 1 (file).
0014   0986           00095         COMF        PORTB           ; invert portb state
                      00096 ;------------------------------------------------------------------------------
0015                  00097 EXIT_ISR                
                      00098         ; Restore context
0015   0E20           00099         SWAPF       OLD_STATUS,W    ; saved status to W
0016   0803           00100         MOVFW       STATUS          ; to STATUS register
0017   0EA1           00101         SWAPF       OLD_W,F         ; swap File reg in itself
0018   0E21           00102         SWAPF       OLD_W,W         ; re-swap back to W
                      00103 ;------------------------------------------------------------------------------
3F19                  00104     END
MPASM 5.75                PIC_8B_GENERAL.ASM   10-4-2022  23:09:32         PAGE  4


SYMBOL TABLE
  LABEL                             VALUE 

ADDEN                             00000003
ADEN                              00000003
BANK0                             BCF STATUS,RP0
BANK1                             BSF STATUS,RP0
BRGH                              00000002
C                                 00000000
C1INV                             00000004
C1OUT                             00000006
C2INV                             00000005
C2OUT                             00000007
CCP1CON                           00000017
CCP1IE                            00000002
CCP1IF                            00000002
CCP1M0                            00000000
CCP1M1                            00000001
CCP1M2                            00000002
CCP1M3                            00000003
CCP1X                             00000005
CCP1Y                             00000004
CCPR1                             00000015
CCPR1H                            00000016
CCPR1L                            00000015
CIS                               00000003
CM0                               00000000
CM1                               00000001
CM2                               00000002
CMCON                             0000001F
CMIE                              00000006
CMIF                              00000006
CREN                              00000004
CSRC                              00000007
DATA_CP_OFF                       00003FFF
DATA_CP_ON                        00003EFF
DC                                00000001
EEADR                             0000009B
EECON1                            0000009C
EECON2                            0000009D
EEDATA                            0000009A
EEIE                              00000007
EEIF                              00000007
EXIT_ISR                          00000015
F                                 00000001
FERR                              00000002
FSR                               00000004
GIE                               00000007
INDF                              00000000
INTCON                            0000000B
INTE                              00000004
INTEDG                            00000006
INTF                              00000001
IRP                               00000007
LOOP                              0000000B
NOT_BO                            00000000
MPASM 5.75                PIC_8B_GENERAL.ASM   10-4-2022  23:09:32         PAGE  5


SYMBOL TABLE
  LABEL                             VALUE 

NOT_BOD                           00000000
NOT_BOR                           00000000
NOT_PD                            00000003
NOT_POR                           00000001
NOT_RBPU                          00000007
NOT_T1SYNC                        00000002
NOT_TO                            00000004
OERR                              00000001
OLD_STATUS                        00000020
OLD_W                             00000021
OPTION_REG                        00000081
OSCF                              00000003
PCL                               00000002
PCLATH                            0000000A
PCON                              0000008E
PEIE                              00000006
PIE1                              0000008C
PIR1                              0000000C
PORTA                             00000005
PORTB                             00000006
PR2                               00000092
PS0                               00000000
PS1                               00000001
PS2                               00000002
PSA                               00000003
RA0                               00000000
RA1                               00000001
RA2                               00000002
RA3                               00000003
RA4                               00000004
RA5                               00000005
RA6                               00000006
RA7                               00000007
RB0                               00000000
RB1                               00000001
RB2                               00000002
RB3                               00000003
RB4                               00000004
RB5                               00000005
RB6                               00000006
RB7                               00000007
RBIE                              00000003
RBIF                              00000000
RCIE                              00000005
RCIF                              00000005
RCREG                             0000001A
RCSTA                             00000018
RD                                00000000
RP0                               00000005
RP1                               00000006
RX9                               00000006
RX9D                              00000000
SPBRG                             00000099
MPASM 5.75                PIC_8B_GENERAL.ASM   10-4-2022  23:09:32         PAGE  6


SYMBOL TABLE
  LABEL                             VALUE 

SPEN                              00000007
SREN                              00000005
START                             00000000
STATUS                            00000003
SYNC                              00000004
T0CS                              00000005
T0IE                              00000005
T0IF                              00000002
T0SE                              00000004
T1CKPS0                           00000004
T1CKPS1                           00000005
T1CON                             00000010
T1OSCEN                           00000003
T2CKPS0                           00000000
T2CKPS1                           00000001
T2CON                             00000012
TMR0                              00000001
TMR0IE                            00000005
TMR0IF                            00000002
TMR1                              0000000E
TMR1CS                            00000001
TMR1H                             0000000F
TMR1IE                            00000000
TMR1IF                            00000000
TMR1L                             0000000E
TMR1ON                            00000000
TMR2                              00000011
TMR2IE                            00000001
TMR2IF                            00000001
TMR2ON                            00000002
TMR2_ISR                          0000000D
TOUTPS0                           00000003
TOUTPS1                           00000004
TOUTPS2                           00000005
TOUTPS3                           00000006
TRISA                             00000085
TRISA0                            00000000
TRISA1                            00000001
TRISA2                            00000002
TRISA3                            00000003
TRISA4                            00000004
TRISA5                            00000005
TRISA6                            00000006
TRISA7                            00000007
TRISB                             00000086
TRISB0                            00000000
TRISB1                            00000001
TRISB2                            00000002
TRISB3                            00000003
TRISB4                            00000004
TRISB5                            00000005
TRISB6                            00000006
TRISB7                            00000007
MPASM 5.75                PIC_8B_GENERAL.ASM   10-4-2022  23:09:32         PAGE  7


SYMBOL TABLE
  LABEL                             VALUE 

TRMT                              00000001
TX9                               00000006
TX9D                              00000000
TXEN                              00000005
TXIE                              00000004
TXIF                              00000004
TXREG                             00000019
TXSTA                             00000098
VR0                               00000000
VR1                               00000001
VR2                               00000002
VR3                               00000003
VRCON                             0000009F
VREN                              00000007
VROE                              00000006
VRR                               00000005
W                                 00000000
WR                                00000001
WREN                              00000002
WRERR                             00000003
Z                                 00000002
_BODEN_OFF                        00003FBF
_BODEN_ON                         00003FFF
_BOREN_OFF                        00003FBF
_BOREN_ON                         00003FFF
_CONFIG                           00002007
_CPD_OFF                          00003FFF
_CPD_ON                           00003EFF
_CP_OFF                           00003FFF
_CP_ON                            00001FFF
_DEVID1                           00002006
_ER_OSC_CLKOUT                    00003FFF
_ER_OSC_NOCLKOUT                  00003FFE
_EXTCLK_OSC                       00003FEF
_FOSC_ECIO                        00003FEF
_FOSC_EXTRCCLK                    00003FFF
_FOSC_EXTRCIO                     00003FFE
_FOSC_HS                          00003FEE
_FOSC_INTOSCCLK                   00003FFD
_FOSC_INTOSCIO                    00003FFC
_FOSC_LP                          00003FEC
_FOSC_XT                          00003FED
_HS_OSC                           00003FEE
_IDLOC0                           00002000
_IDLOC1                           00002001
_IDLOC2                           00002002
_IDLOC3                           00002003
_INTOSC_OSC_CLKOUT                00003FFD
_INTOSC_OSC_NOCLKOUT              00003FFC
_INTRC_OSC_CLKOUT                 00003FFD
_INTRC_OSC_NOCLKOUT               00003FFC
_LP_OSC                           00003FEC
_LVP_OFF                          00003F7F
MPASM 5.75                PIC_8B_GENERAL.ASM   10-4-2022  23:09:32         PAGE  8


SYMBOL TABLE
  LABEL                             VALUE 

_LVP_ON                           00003FFF
_MCLRE_OFF                        00003FDF
_MCLRE_ON                         00003FFF
_PWRTE_OFF                        00003FFF
_PWRTE_ON                         00003FF7
_RC_OSC_CLKOUT                    00003FFF
_RC_OSC_NOCLKOUT                  00003FFE
_WDTE_OFF                         00003FFB
_WDTE_ON                          00003FFF
_WDT_OFF                          00003FFB
_WDT_ON                           00003FFF
_XT_OSC                           00003FED
__16F628A                         00000001
led1                              PORTA, RA3
led2                              PORTA, RA2

Errors   :     0
Warnings :     2 reported,     0 suppressed
Messages :     4 reported,     0 suppressed

