MPASM 5.75              NEWPIC_8B_SIMPLE.ASM   10-21-2022  4:19:56         PAGE  1


LOC  OBJECT CODE     LINE SOURCE TEXT
  VALUE

                      00001 ;==============================================================
                      00002 ; Description
                      00003 ;   Program to send/receive data through USART
                      00004 ;   A USB-USART fdti convert is wired to RC7/TX and R6/RX pins
                      00005 ;==============================================================
                      00006 #include "p16f873a.inc"
                      00001         LIST
                      00002 
                      00003 ;==========================================================================
                      00004 ; Build date : Jul 02 2017
                      00005 ;  MPASM PIC16F873A processor include
                      00006 ; 
                      00007 ;  (c) Copyright 1999-2017 Microchip Technology, All rights reserved
                      00008 ;==========================================================================
                      00009 
                      00527         LIST
                      00007 
                      00008 ; CONFIG
                      00009 ; __config 0xFF3A
2007   3F3A           00010  __CONFIG _FOSC_HS & _WDTE_OFF & _PWRTE_OFF & _BOREN_OFF & _LVP_OFF & _CPD_OFF & _WRT_OFF & _CP_OFF
                      00011 
                      00012 ;============================================================
                      00013 ; MACROS
                      00014 ;============================================================
                      00015 ; Macros to select the register banks
                      00016 Bank0   MACRO               ; Select RAM bank 0
                      00017         BCF     STATUS,RP0
                      00018         BCF     STATUS,RP1
                      00019         ENDM
                      00020 ;----------------------------------------------
                      00021 Bank1   MACRO               ; Select RAM bank 1
                      00022         BSF     STATUS,RP0
                      00023         BCF     STATUS,RP1
                      00024         ENDM
                      00025 ;-----------------------------------------------
                      00026 Bank2   MACRO               ; Select RAM bank 2
                      00027         BCF     STATUS,RP0
                      00028         BSF     STATUS,RP1
                      00029         ENDM
                      00030 ;----------------------------------------------
                      00031 Bank3   MACRO               ; Select RAM bank 3
                      00032         BSF     STATUS,RP0
                      00033         BSF     STATUS,RP1
                      00034         ENDM
                      00035 ;===============================================================================
                      00036 ; variables in PIC RAM
                      00037 ;===============================================================================
                      00038 ; Local variables
Warning[205]: Found directive in column 1. (CBLOCK)
                      00039 CBLOCK           H'20'   ; Start of block
  00000020            00040     count1
  00000021            00041     count2
  00000022            00042     count3
MPASM 5.75              NEWPIC_8B_SIMPLE.ASM   10-21-2022  4:19:56         PAGE  2


LOC  OBJECT CODE     LINE SOURCE TEXT
  VALUE

  00000023            00043     count4
  00000024            00044     W_TEMP
  00000025            00045     STATUS_TEMP
  00000026            00046     PCLATH_TEMP
Warning[205]: Found directive in column 1. (ENDC)
                      00047 ENDC
                      00048 ;===============================================================================
                      00049 RES_VECT  CODE    H'0000'            ; processor reset vector
0000   2???           00050     GOTO    START                   ; go to beginning of program
                      00051 ;===============================================================================
                      00052 ; add interrupts here if used
                      00053     ORG     H'0004'
0004   2???           00054     GOTO    RB0_ISR
                      00055 ;===============================================================================    
                      00056 ; PROGRAM
                      00057 ;===============================================================================
                      00058 MAIN_PROG CODE                      ; let linker place main program
                      00059 
                      00060 ;------------------------------------------------------------------------------;
0000                  00061 START    
                      00062 
                      00063     Bank1                          ; select bank 1  
0000   1683               M         BSF     STATUS,RP0
0001   1303               M         BCF     STATUS,RP1
0002   3001           00064     MOVLW   (1<<RB0)               ; set RB0 as input for  
Message[305]: Using default destination of 1 (file).
Message[302]: Register in operand not in bank 0.  Ensure that bank bits are correct.
0003   0486           00065     IORWF   TRISB                  ; push button and external interrupt
0004   30BF           00066     MOVLW   ~(1<<INTEDG)           ; clear bit 6, for a falling edge interrupt
Message[305]: Using default destination of 1 (file).
Message[302]: Register in operand not in bank 0.  Ensure that bank bits are correct.
0005   0581           00067     ANDWF   OPTION_REG             ; since push button is pullup
                      00068     
                      00069     Bank0                          ; select bank 0
0006   1283               M         BCF     STATUS,RP0
0007   1303               M         BCF     STATUS,RP1
0008   0186           00070     CLRF    PORTB                  ; clear portB
0009   30FD           00071     MOVLW   ~(1<<INTF)             ; make sure interrupt flag is cleared
Message[305]: Using default destination of 1 (file).
000A   058B           00072     ANDWF   INTCON                 ; 
000B   3090           00073     MOVLW   (1<<GIE) | (1<<INTE)   ; enable global and external interrupts
Message[305]: Using default destination of 1 (file).
000C   048B           00074     IORWF   INTCON                 ;
000D   3002           00075     MOVLW   D'2'
000E   00A0           00076     MOVWF   count1
000F   1003           00077     BCF     STATUS, C              ; clear carry bit
                      00078 ;-------------------------------------------------------------------------------
0010                  00079 Loop:
0010   0986           00080     COMF    PORTB, RB1             ; invert PORTB state
0011   2???           00081 L1: CALL    Delay_100ms            ; wait some time
Message[305]: Using default destination of 1 (file).
0012   0BA0           00082     DECFSZ  count1
0013   2???           00083     GOTO    L1
MPASM 5.75              NEWPIC_8B_SIMPLE.ASM   10-21-2022  4:19:56         PAGE  3


LOC  OBJECT CODE     LINE SOURCE TEXT
  VALUE

0014   2???           00084     GOTO    Loop
                      00085     
                      00086 ;===============================================================================    
                      00087 ;   Subroutines
                      00088 ;===============================================================================    
0015                  00089 Btn1_debounce
0015   1506           00090     BSF     PORTB, RB2
0016   2???           00091     CALL    Delay_100ms
0017   0008           00092     RETURN
                      00093 ;-------------------------------------------------------------------------------    
0018                  00094 Btn2_debounce
0018   1586           00095     BSF     PORTB, RB3
0019   2???           00096     CALL    Delay_100ms
001A   0008           00097     RETURN
                      00098 ;-------------------------------------------------------------------------------    
001B                  00099 Delay_100ms
001B   30FF           00100     MOVLW   D'255'
001C   00A1           00101     MOVWF   count2
001D                  00102 Outer_a
001D   2???           00103     CALL    Inner_b
Message[305]: Using default destination of 1 (file).
001E   0BA1           00104     DECFSZ  count2
001F   2???           00105     GOTO    Outer_a
0020   0008           00106     RETURN
0021                  00107 Inner_b
0021   307A           00108     MOVLW   D'122'
0022   00A2           00109     MOVWF   count3
0023                  00110 Outer_b    
0023   2???           00111     CALL    Inner_c
Message[305]: Using default destination of 1 (file).
0024   0BA2           00112     DECFSZ  count3
0025   2???           00113     GOTO    Outer_b
0026   0008           00114     return
0027                  00115 Inner_c
0027   3064           00116     MOVLW   D'100'
0028   00A3           00117     MOVWF   count4
0029                  00118 Outer_c
Message[305]: Using default destination of 1 (file).
0029   0BA3           00119     DECFSZ  count4
002A   2???           00120     GOTO    Outer_c
002B   0008           00121     RETURN
                      00122 ;===============================================================================    
                      00123 ;    Interrupt service routine
                      00124 ;===============================================================================    
002C                  00125 RB0_ISR
002C   188B           00126     BTFSC   INTCON, INTF           ; if flag is not set
002D   2???           00127     CALL    led_IRQn               ; go to this label
002E   0009           00128     RETFIE
                      00129 ;------------------------------------------------------------------------------
002F                  00130 led_IRQn
                      00131     ; save context
002F   00A4           00132     MOVWF   W_TEMP                  ; Copy W to TEMP register
0030   0E03           00133     SWAPF   STATUS,W                ; Swap status to be saved into W 
MPASM 5.75              NEWPIC_8B_SIMPLE.ASM   10-21-2022  4:19:56         PAGE  4


LOC  OBJECT CODE     LINE SOURCE TEXT
  VALUE

0031   0183           00134     CLRF    STATUS                  ; bank 0, regardless of current bank, 
                      00135                                     ;it clears IRP,RP1,RP0
0032   00A5           00136     MOVWF   STATUS_TEMP             ;Save status to bank zero STATUS_TEMP reg
                      00137 ;------------------------------------------------------------------------------
0033   1A06           00138     BTFSC  PORTB, RB4              ; check for led state
0034   2???           00139     GOTO   ledOFF                  ; go here if it is on
                      00140 ;------------------------------------------------------------------------------                         
                               
0035                  00141 ledON
0035   1606           00142     BSF     PORTB, RB4             ; execute this code (turn led on)
0036   2???           00143     GOTO    exitISR
                      00144 ;------------------------------------------------------------------------------    
0037                  00145 ledOFF
0037   1606           00146     BSF     PORTB, RB4             ; execute this code (turn led off)
                      00147 ;------------------------------------------------------------------------------    
0038                  00148 exitISR    
                      00149     ; restore context
0038   0E25           00150     SWAPF   STATUS_TEMP,W           ;Swap STATUS_TEMP register into W 
                      00151                                     ;(sets bank to original state)
0039   0083           00152     MOVWF   STATUS                  ;Move W into STATUS register
003A   0EA4           00153     SWAPF   W_TEMP,F                ;Swap W_TEMP
003B   0E24           00154     SWAPF   W_TEMP,W                ;Swap W_TEMP into W reg
003C   108B           00155     BCF     INTCON, INTF           ; clear interrupt flag
003D   0008           00156     RETURN                         
                      00157 ;===============================================================================    
3F3A                  00158     END
MPASM 5.75              NEWPIC_8B_SIMPLE.ASM   10-21-2022  4:19:56         PAGE  5


SYMBOL TABLE
  LABEL                             VALUE 

ACKDT                             00000005
ACKEN                             00000004
ACKSTAT                           00000006
ADCON0                            0000001F
ADCON1                            0000009F
ADCS0                             00000006
ADCS1                             00000007
ADCS2                             00000006
ADDEN                             00000003
ADFM                              00000007
ADIE                              00000006
ADIF                              00000006
ADON                              00000000
ADRESH                            0000001E
ADRESL                            0000009E
BCLIE                             00000003
BCLIF                             00000003
BF                                00000000
BRGH                              00000002
Bank0                             
Bank1                             
Bank2                             
Bank3                             
Btn1_debounce                     00000015
Btn2_debounce                     00000018
C                                 00000000
C1INV                             00000004
C1OUT                             00000006
C2INV                             00000005
C2OUT                             00000007
CCP1CON                           00000017
CCP1IE                            00000002
CCP1IF                            00000002
CCP1M0                            00000000
CCP1M1                            00000001
CCP1M2                            00000002
CCP1M3                            00000003
CCP1X                             00000005
CCP1Y                             00000004
CCP2CON                           0000001D
CCP2IE                            00000000
CCP2IF                            00000000
CCP2M0                            00000000
CCP2M1                            00000001
CCP2M2                            00000002
CCP2M3                            00000003
CCP2X                             00000005
CCP2Y                             00000004
CCPR1                             00000015
CCPR1H                            00000016
CCPR1L                            00000015
CCPR2                             0000001B
CCPR2H                            0000001C
MPASM 5.75              NEWPIC_8B_SIMPLE.ASM   10-21-2022  4:19:56         PAGE  6


SYMBOL TABLE
  LABEL                             VALUE 

CCPR2L                            0000001B
CHS0                              00000003
CHS1                              00000004
CHS2                              00000005
CIS                               00000003
CKE                               00000006
CKP                               00000004
CM0                               00000000
CM1                               00000001
CM2                               00000002
CMCON                             0000009C
CMIE                              00000006
CMIF                              00000006
CREN                              00000004
CSRC                              00000007
CVR0                              00000000
CVR1                              00000001
CVR2                              00000002
CVR3                              00000003
CVRCON                            0000009D
CVREN                             00000007
CVROE                             00000006
CVRR                              00000005
D                                 00000005
DATA_ADDRESS                      00000005
DC                                00000001
D_A                               00000005
D_NOT_A                           00000005
Delay_100ms                       0000001B
EEADR                             0000010D
EEADRH                            0000010F
EECON1                            0000018C
EECON2                            0000018D
EEDATA                            0000010C
EEDATH                            0000010E
EEIE                              00000004
EEIF                              00000004
EEPGD                             00000007
F                                 00000001
FERR                              00000002
FSR                               00000004
GCEN                              00000007
GIE                               00000007
GO                                00000002
GO_DONE                           00000002
GO_NOT_DONE                       00000002
I2C_DATA                          00000005
I2C_READ                          00000002
I2C_START                         00000003
I2C_STOP                          00000004
INDF                              00000000
INTCON                            0000000B
INTE                              00000004
MPASM 5.75              NEWPIC_8B_SIMPLE.ASM   10-21-2022  4:19:56         PAGE  7


SYMBOL TABLE
  LABEL                             VALUE 

INTEDG                            00000006
INTF                              00000001
IRP                               00000007
Inner_b                           00000021
Inner_c                           00000027
L1                                00000011
Loop                              00000010
NOT_A                             00000005
NOT_ADDRESS                       00000005
NOT_BO                            00000000
NOT_BOR                           00000000
NOT_DONE                          00000002
NOT_PD                            00000003
NOT_POR                           00000001
NOT_RBPU                          00000007
NOT_RC8                           00000006
NOT_T1SYNC                        00000002
NOT_TO                            00000004
NOT_TX8                           00000006
NOT_W                             00000002
NOT_WRITE                         00000002
OERR                              00000001
OPTION_REG                        00000081
Outer_a                           0000001D
Outer_b                           00000023
Outer_c                           00000029
P                                 00000004
PCFG0                             00000000
PCFG1                             00000001
PCFG2                             00000002
PCFG3                             00000003
PCL                               00000002
PCLATH                            0000000A
PCLATH_TEMP                       00000026
PCON                              0000008E
PEIE                              00000006
PEN                               00000002
PIE1                              0000008C
PIE2                              0000008D
PIR1                              0000000C
PIR2                              0000000D
PORTA                             00000005
PORTB                             00000006
PORTC                             00000007
PR2                               00000092
PS0                               00000000
PS1                               00000001
PS2                               00000002
PSA                               00000003
R                                 00000002
RA0                               00000000
RA1                               00000001
RA2                               00000002
MPASM 5.75              NEWPIC_8B_SIMPLE.ASM   10-21-2022  4:19:56         PAGE  8


SYMBOL TABLE
  LABEL                             VALUE 

RA3                               00000003
RA4                               00000004
RA5                               00000005
RB0                               00000000
RB0_ISR                           0000002C
RB1                               00000001
RB2                               00000002
RB3                               00000003
RB4                               00000004
RB5                               00000005
RB6                               00000006
RB7                               00000007
RBIE                              00000003
RBIF                              00000000
RC0                               00000000
RC1                               00000001
RC2                               00000002
RC3                               00000003
RC4                               00000004
RC5                               00000005
RC6                               00000006
RC7                               00000007
RC8_9                             00000006
RC9                               00000006
RCD8                              00000000
RCEN                              00000003
RCIE                              00000005
RCIF                              00000005
RCREG                             0000001A
RCSTA                             00000018
RD                                00000000
READ_WRITE                        00000002
RP0                               00000005
RP1                               00000006
RSEN                              00000001
RX9                               00000006
RX9D                              00000000
R_NOT_W                           00000002
R_W                               00000002
S                                 00000003
SEN                               00000000
SMP                               00000007
SPBRG                             00000099
SPEN                              00000007
SREN                              00000005
SSPADD                            00000093
SSPBUF                            00000013
SSPCON                            00000014
SSPCON2                           00000091
SSPEN                             00000005
SSPIE                             00000003
SSPIF                             00000003
SSPM0                             00000000
MPASM 5.75              NEWPIC_8B_SIMPLE.ASM   10-21-2022  4:19:56         PAGE  9


SYMBOL TABLE
  LABEL                             VALUE 

SSPM1                             00000001
SSPM2                             00000002
SSPM3                             00000003
SSPOV                             00000006
SSPSTAT                           00000094
START                             00000000
STATUS                            00000003
STATUS_TEMP                       00000025
SYNC                              00000004
T0CS                              00000005
T0IE                              00000005
T0IF                              00000002
T0SE                              00000004
T1CKPS0                           00000004
T1CKPS1                           00000005
T1CON                             00000010
T1INSYNC                          00000002
T1OSCEN                           00000003
T1SYNC                            00000002
T2CKPS0                           00000000
T2CKPS1                           00000001
T2CON                             00000012
TMR0                              00000001
TMR0IE                            00000005
TMR0IF                            00000002
TMR1                              0000000E
TMR1CS                            00000001
TMR1H                             0000000F
TMR1IE                            00000000
TMR1IF                            00000000
TMR1L                             0000000E
TMR1ON                            00000000
TMR2                              00000011
TMR2IE                            00000001
TMR2IF                            00000001
TMR2ON                            00000002
TOUTPS0                           00000003
TOUTPS1                           00000004
TOUTPS2                           00000005
TOUTPS3                           00000006
TRISA                             00000085
TRISA0                            00000000
TRISA1                            00000001
TRISA2                            00000002
TRISA3                            00000003
TRISA4                            00000004
TRISA5                            00000005
TRISB                             00000086
TRISB0                            00000000
TRISB1                            00000001
TRISB2                            00000002
TRISB3                            00000003
TRISB4                            00000004
MPASM 5.75              NEWPIC_8B_SIMPLE.ASM   10-21-2022  4:19:56         PAGE 10


SYMBOL TABLE
  LABEL                             VALUE 

TRISB5                            00000005
TRISB6                            00000006
TRISB7                            00000007
TRISC                             00000087
TRISC0                            00000000
TRISC1                            00000001
TRISC2                            00000002
TRISC3                            00000003
TRISC4                            00000004
TRISC5                            00000005
TRISC6                            00000006
TRISC7                            00000007
TRMT                              00000001
TX8_9                             00000006
TX9                               00000006
TX9D                              00000000
TXD8                              00000000
TXEN                              00000005
TXIE                              00000004
TXIF                              00000004
TXREG                             00000019
TXSTA                             00000098
UA                                00000001
W                                 00000000
WCOL                              00000007
WR                                00000001
WREN                              00000002
WRERR                             00000003
W_TEMP                            00000024
Z                                 00000002
_BODEN_OFF                        00003FBF
_BODEN_ON                         00003FFF
_BOREN_OFF                        00003FBF
_BOREN_ON                         00003FFF
_CONFIG                           00002007
_CPD_OFF                          00003FFF
_CPD_ON                           00003EFF
_CP_ALL                           00001FFF
_CP_OFF                           00003FFF
_CP_ON                            00001FFF
_DEBUG_OFF                        00003FFF
_DEBUG_ON                         000037FF
_DEVID1                           00002006
_FOSC_EXTRC                       00003FFF
_FOSC_HS                          00003FFE
_FOSC_LP                          00003FFC
_FOSC_XT                          00003FFD
_HS_OSC                           00003FFE
_IDLOC0                           00002000
_IDLOC1                           00002001
_IDLOC2                           00002002
_IDLOC3                           00002003
_LP_OSC                           00003FFC
MPASM 5.75              NEWPIC_8B_SIMPLE.ASM   10-21-2022  4:19:56         PAGE 11


SYMBOL TABLE
  LABEL                             VALUE 

_LVP_OFF                          00003F7F
_LVP_ON                           00003FFF
_PWRTE_OFF                        00003FFF
_PWRTE_ON                         00003FF7
_RC_OSC                           00003FFF
_WDTE_OFF                         00003FFB
_WDTE_ON                          00003FFF
_WDT_OFF                          00003FFB
_WDT_ON                           00003FFF
_WRT_1FOURTH                      00003BFF
_WRT_256                          00003DFF
_WRT_HALF                         000039FF
_WRT_OFF                          00003FFF
_XT_OSC                           00003FFD
__16F873A                         00000001
count1                            00000020
count2                            00000021
count3                            00000022
count4                            00000023
exitISR                           00000038
ledOFF                            00000037
ledON                             00000035
led_IRQn                          0000002F

Errors   :     0
Warnings :     2 reported,     0 suppressed
Messages :    10 reported,     0 suppressed

