MPASM 5.75                PIC_8B_GENERAL.ASM   10-17-2022  23:20:59         PAGE  1


LOC  OBJECT CODE     LINE SOURCE TEXT
  VALUE

                      00001 ;*******************************************************************************
                      00002 ;  Program to test interrupt om port RB0. A pushbutton is connected to port
                      00003 ;  RB0 and it toggles a LED on portB, ilne2. Another LED on portB, line 1, flashes 
                      00004 ;  on and off at 1/2 second intervals
                      00005 ;*******************************************************************************
                      00006 #include "p16f887.inc"
                      00001         LIST
                      00002 
                      00003 ;==========================================================================
                      00004 ; Build date : Jul 02 2017
                      00005 ;  MPASM PIC16F887 processor include
                      00006 ; 
                      00007 ;  (c) Copyright 1999-2017 Microchip Technology, All rights reserved
                      00008 ;==========================================================================
                      00009 
                      00810         LIST
                      00007     
                      00008 ; __config 0xE0D7
2007   20D7           00009  __CONFIG _CONFIG1, _FOSC_EXTRC_CLKOUT & _WDTE_OFF & _PWRTE_OFF & _MCLRE_OFF & _CP_OFF & _CPD_OFF & _BOR
                            EN_OFF & _IESO_OFF & _FCMEN_OFF & _LVP_OFF
                      00010 
                      00011 ; __config 0xFEFF
2008   3EFF           00012  __CONFIG _CONFIG2, _BOR4V_BOR21V & _WRT_OFF
                      00013 
                      00014 ; TODO PLACE VARIABLE DEFINITIONS GO HERE
                      00015  cblock         H'200'
  00000200            00016    I                            ; a counter register
  00000201            00017    J                            ; a counter register
  00000202            00018    K                            ; another counter register
  00000203            00019    count1                       ; auxiliary counter
  00000204            00020    count2                       ; ISR counter
  00000205            00021    OLD_W                        ; varabiables for 
  00000206            00022    OLD_STATUS                   ; context saving in ISR due to interrupt latency
                      00023  endc
                      00024  
                      00025 ;*******************************************************************************
                      00026 ; Reset Vector
                      00027 ;*******************************************************************************
                      00028 
                      00029 RES_VECT  CODE    0x0000            ; processor reset vector
0000   2???           00030     GOTO    START                   ; go to beginning of program
                      00031     
                      00032 ;*******************************************************************************
                      00033     org         H'0004'
0004   2???           00034     goto    IntServ
                      00035     
                      00036 ; TODO INSERT ISR HERE
                      00037 
                      00038 ;*******************************************************************************
                      00039 ; MAIN PROGRAM
                      00040 ;*******************************************************************************
                      00041 
                      00042 MAIN_PROG CODE                     ; let linker place main program
MPASM 5.75                PIC_8B_GENERAL.ASM   10-17-2022  23:20:59         PAGE  2


LOC  OBJECT CODE     LINE SOURCE TEXT
  VALUE

                      00043 
0000                  00044 START:
                      00045     ; set up interrupt on falling edge by
                      00046     ; clearing OPTION register bit 6
                      00047     ;-----------------------------------------------------------
0000   1303           00048     BCF     STATUS,RP1             ; select bank 0
                      00049     ; BSF STATUS,RP1 BCF   STATUS,RP0 -> goto bank 2
0001   30BF           00050     MOVLW   H'BF'                  ; b'10111111
Message[302]: Register in operand not in bank 0.  Ensure that bank bits are correct.
0002   0081           00051     MOVWF   OPTION_REG
0003   30FF           00052     MOVLW   H'FF'                  ; b'11111111
Message[302]: Register in operand not in bank 0.  Ensure that bank bits are correct.
0004   0085           00053     MOVWF   TRISA                  ; set port A for input
0005   3001           00054     MOVLW   H'01'                  ; b'00000001
Message[302]: Register in operand not in bank 0.  Ensure that bank bits are correct.
0006   0086           00055     MOVWF   TRISB                  ; set port B bit 0 as input
Message[302]: Register in operand not in bank 0.  Ensure that bank bits are correct.
0007   1416           00056     BSF     IOCB, RB0              ; enable state change in RB0
                      00057     ;-----------------------------------------------------------
0008   1703           00058     BSF     STATUS,RP1             ; select bank 1
                      00059     ; BSF STATUS,RP1   BSF STATUS,RP0 -> select bank 3
0009   0186           00060     CLRF    PORTB                  ; all portB pins to 0
000A   1406           00061     BSF     PORTB, RB0             ; set line 0 bit to turn on led
                      00062     ;-----------------------------------------------------------
000B   1703           00063     BSF     STATUS, RP1            ;   
000C   1283           00064     BCF     STATUS, RP0            ; select bank 2
Message[302]: Register in operand not in bank 0.  Ensure that bank bits are correct.
000D   1387           00065     BCF     CM1CON0, C1ON          ; turn off comparator 1
Message[302]: Register in operand not in bank 0.  Ensure that bank bits are correct.
000E   1388           00066     BCF     CM2CON0, C2ON          ; turn off comparator 2
                      00067 ;-------------------------------------------------------------------------------    
000F   1683           00068     BSF     STATUS,RP0             ; select bank 3
0010   3000           00069     MOVLW   H'00'                  ; load W with zero to 
Message[302]: Register in operand not in bank 0.  Ensure that bank bits are correct.
0011   0089           00070     MOVWF   ANSELH                 ; all ports as digital output
                      00071 
                      00072 ;*******************************************************************************
                      00073 ; INTERRUPT SETUP
                      00074 ;*******************************************************************************
0012   108B           00075     BCF     INTCON, INTF           ; clear the external interrupt flag
0013   178B           00076     BSF     INTCON, GIE            ; enable global interrupts
0014   158B           00077     BSF     INTCON, RBIE           ; enable rb0 interrupt
                      00078     
                      00079 ;*******************************************************************************
                      00080 ;   FLASH LED
                      00081 ;*******************************************************************************
0015                  00082 LIGHTS:
                      00083     
0015   3003           00084     MOVLW   D'3'
Warning[219]: Invalid RAM location specified.
Message[302]: Register in operand not in bank 0.  Ensure that bank bits are correct.
0016   0080           00085     MOVWF   I                      ; prepare counter for the 3 time loop
0017   3002           00086     MOVLW   H'02'                  ; copy b'00000010 to W register
MPASM 5.75                PIC_8B_GENERAL.ASM   10-17-2022  23:20:59         PAGE  3


LOC  OBJECT CODE     LINE SOURCE TEXT
  VALUE

0018   0686           00087     XORWF   PORTB, F               ; invert port state
0019   2???           00088 L1: CALL    LongDelay              ; call LongDelay subroutine 3 times
Warning[219]: Invalid RAM location specified.
Message[302]: Register in operand not in bank 0.  Ensure that bank bits are correct.
001A   0B80           00089     DECFSZ  I, F
001B   2???           00090     GOTO    L1                     ; skip this line of code if i = 0
001C   2???           00091     GOTO    LIGHTS                 ; repeat main routine
                      00092     
                      00093 ;*******************************************************************************
                      00094 ; INTERRUPT SERVICE ROUTINE
                      00095 ;*******************************************************************************
001D                  00096 IntServ:
                      00097     ; first, test if source is an RB0 interrupt
001D   1C8B           00098     BTFSS   INTCON, INTF
001E   2???           00099     GOTO    notRB0
                      00100     
                      00101     ; save context due to interrupt latency------------------------- 
Warning[219]: Invalid RAM location specified.
Message[302]: Register in operand not in bank 0.  Ensure that bank bits are correct.
001F   0085           00102     MOVWF   OLD_W                   ; save W register
0020   0E03           00103     SWAPF   STATUS, W
Warning[219]: Invalid RAM location specified.
Message[302]: Register in operand not in bank 0.  Ensure that bank bits are correct.
0021   0086           00104     MOVWF   OLD_STATUS              ; save status
                      00105     ;--------------------------------------------------------------
                      00106     
                      00107     ; make sure interrupt occured on the falling edge of the signal
0022   1683           00108     BSF     STATUS, RP0             ; go to bank 1
0023   1806           00109     BTFSC   PORTB, RB0             ; is bit set? 
0024   2???           00110     GOTO    exitISR                ; leave ISR if not set
                      00111     
                      00112     ; interrupt action -> debounce switch. 
                      00113     ; Logic: debounce algorithm consists in waiting until the
                      00114     ; same level is repeated on a number of samplings of the 
                      00115     ; button. At this point RB0 line is clear since the interrupt
                      00116     ; takes place on the falling edge. An initial short delay 
                      00117     ; makes sure that spikes for mechanical accomodation are ignored
0025   300A           00118     MOVLW   D'10'                  ; number of repetitions
Warning[219]: Invalid RAM location specified.
Message[302]: Register in operand not in bank 0.  Ensure that bank bits are correct.
0026   0084           00119     MOVWF   count2                 ; stored in counter
0027                  00120 WAIT:
                      00121     ; check to see that portB bit 0 is still low, if not
                      00122     ; wait until its state chagnes
0027   1806           00123     BTFSC   PORTB, RB0
0028   2???           00124     GOTO    exitISR
                      00125     ; at this pint rb0 bit is clear, so
Warning[219]: Invalid RAM location specified.
Message[302]: Register in operand not in bank 0.  Ensure that bank bits are correct.
0029   0B84           00126     DECFSZ  count2, F             ; count this iteration
002A   2???           00127     GOTO    WAIT                  ; go there if bit not 0
                      00128     
                      00129     ; toggle bit 2 of PORTB to turn LED on and off
MPASM 5.75                PIC_8B_GENERAL.ASM   10-17-2022  23:20:59         PAGE  4


LOC  OBJECT CODE     LINE SOURCE TEXT
  VALUE

002B   3002           00130     MOVLW   H'02'                 ; Xoring with a 1-bit produces
002C   0686           00131     XORWF   PORTB, F              ; complement bit 2, port B
                      00132     
002D                  00133 exitISR:
                      00134     ; restore saved context ---------------------------------------
Warning[219]: Invalid RAM location specified.
Message[302]: Register in operand not in bank 0.  Ensure that bank bits are correct.
002D   0E06           00135     SWAPF   OLD_STATUS, W         ; save STATUS to W
002E   0803           00136     MOVFW   STATUS                ; store in current STATUS regiser
Warning[219]: Invalid RAM location specified.
Message[302]: Register in operand not in bank 0.  Ensure that bank bits are correct.
002F   0E85           00137     SWAPF   OLD_W, F              ; swap file register in itself
Warning[219]: Invalid RAM location specified.
Message[302]: Register in operand not in bank 0.  Ensure that bank bits are correct.
0030   0E05           00138     SWAPF   OLD_W, W              ; reswap back to W
                      00139     ;--------------------------------------------------------------
0031                  00140 notRB0:
0031   108B           00141     BCF     INTCON, INTF         ; interrupt flag cleared
0032   0009           00142     RETFIE
                      00143 ;*******************************************************************************
                      00144 ; SUBROUTINES
                      00145 ;******************************************************************************* 
                      00146 ; procedure to delay 10 machine cycles
0033                  00147 delay:
0033   3004           00148     MOVLW   D'4'                 ; repeat 12 machine cycles
Warning[219]: Invalid RAM location specified.
Message[302]: Register in operand not in bank 0.  Ensure that bank bits are correct.
0034   0083           00149     MOVWF   count1               ; store value in counter
0035                  00150 repeat:
Warning[219]: Invalid RAM location specified.
Message[302]: Register in operand not in bank 0.  Ensure that bank bits are correct.
0035   0B83           00151     DECFSZ  count1, F
0036   2???           00152     GOTO    repeat
0037   0008           00153     RETURN
                      00154 ;*******************************************************************************
0038                  00155 LongDelay:
0038   30C8           00156     MOVLW   D'200'
Warning[219]: Invalid RAM location specified.
Message[302]: Register in operand not in bank 0.  Ensure that bank bits are correct.
0039   0081           00157     MOVWF   J
003A                  00158 Jloop:
Warning[219]: Invalid RAM location specified.
Message[302]: Register in operand not in bank 0.  Ensure that bank bits are correct.
003A   0082           00159     MOVWF   K
003B                  00160 Kloop:
Warning[219]: Invalid RAM location specified.
Message[302]: Register in operand not in bank 0.  Ensure that bank bits are correct.
003B   0B82           00161     DECFSZ  K, F                 ; skip next opcode if K = 0
003C   2???           00162     GOTO    Kloop
Warning[219]: Invalid RAM location specified.
Message[302]: Register in operand not in bank 0.  Ensure that bank bits are correct.
003D   0B81           00163     DECFSZ  J, F
003E   2???           00164     GOTO    Jloop
MPASM 5.75                PIC_8B_GENERAL.ASM   10-17-2022  23:20:59         PAGE  5


LOC  OBJECT CODE     LINE SOURCE TEXT
  VALUE

003F   0008           00165     RETURN
                      00166     
                      00167 ;*******************************************************************************    
20D7 3EFF             00168     END
MPASM 5.75                PIC_8B_GENERAL.ASM   10-17-2022  23:20:59         PAGE  6


SYMBOL TABLE
  LABEL                             VALUE 

ABDEN                             00000000
ABDOVF                            00000007
ACKDT                             00000005
ACKEN                             00000004
ACKSTAT                           00000006
ADCON0                            0000001F
ADCON1                            0000009F
ADCS0                             00000006
ADCS1                             00000007
ADDEN                             00000003
ADFM                              00000007
ADIE                              00000006
ADIF                              00000006
ADON                              00000000
ADRESH                            0000001E
ADRESL                            0000009E
ANS0                              00000000
ANS1                              00000001
ANS10                             00000002
ANS11                             00000003
ANS12                             00000004
ANS13                             00000005
ANS2                              00000002
ANS3                              00000003
ANS4                              00000004
ANS5                              00000005
ANS6                              00000006
ANS7                              00000007
ANS8                              00000000
ANS9                              00000001
ANSEL                             00000188
ANSELH                            00000189
BAUDCTL                           00000187
BCLIE                             00000003
BCLIF                             00000003
BF                                00000000
BRG0                              00000000
BRG1                              00000001
BRG10                             00000002
BRG11                             00000003
BRG12                             00000004
BRG13                             00000005
BRG14                             00000006
BRG15                             00000007
BRG16                             00000003
BRG2                              00000002
BRG3                              00000003
BRG4                              00000004
BRG5                              00000005
BRG6                              00000006
BRG7                              00000007
BRG8                              00000000
BRG9                              00000001
MPASM 5.75                PIC_8B_GENERAL.ASM   10-17-2022  23:20:59         PAGE  7


SYMBOL TABLE
  LABEL                             VALUE 

BRGH                              00000002
C                                 00000000
C1CH0                             00000000
C1CH1                             00000001
C1IE                              00000005
C1IF                              00000005
C1OE                              00000005
C1ON                              00000007
C1OUT                             00000006
C1POL                             00000004
C1R                               00000002
C1RSEL                            00000005
C1SEN                             00000005
C2CH0                             00000000
C2CH1                             00000001
C2IE                              00000006
C2IF                              00000006
C2OE                              00000005
C2ON                              00000007
C2OUT                             00000006
C2POL                             00000004
C2R                               00000002
C2REN                             00000004
C2RSEL                            00000004
C2SYNC                            00000000
CCP1CON                           00000017
CCP1IE                            00000002
CCP1IF                            00000002
CCP1M0                            00000000
CCP1M1                            00000001
CCP1M2                            00000002
CCP1M3                            00000003
CCP1X                             00000005
CCP1Y                             00000004
CCP2CON                           0000001D
CCP2IE                            00000000
CCP2IF                            00000000
CCP2M0                            00000000
CCP2M1                            00000001
CCP2M2                            00000002
CCP2M3                            00000003
CCP2X                             00000005
CCP2Y                             00000004
CCPR1                             00000015
CCPR1H                            00000016
CCPR1L                            00000015
CCPR2                             0000001B
CCPR2H                            0000001C
CCPR2L                            0000001B
CHS0                              00000002
CHS1                              00000003
CHS2                              00000004
CHS3                              00000005
MPASM 5.75                PIC_8B_GENERAL.ASM   10-17-2022  23:20:59         PAGE  8


SYMBOL TABLE
  LABEL                             VALUE 

CKE                               00000006
CKP                               00000004
CM1CON0                           00000107
CM2CON0                           00000108
CM2CON1                           00000109
CREN                              00000004
CSRC                              00000007
D                                 00000005
DATA_ADDRESS                      00000005
DC                                00000001
DC1B0                             00000004
DC1B1                             00000005
DC2B0                             00000004
DC2B1                             00000005
D_A                               00000005
D_NOT_A                           00000005
ECCPAS                            0000009C
ECCPAS0                           00000004
ECCPAS1                           00000005
ECCPAS2                           00000006
ECCPASE                           00000007
EEADR                             0000010D
EEADRH                            0000010F
EECON1                            0000018C
EECON2                            0000018D
EEDAT                             0000010C
EEDATA                            0000010C
EEDATH                            0000010E
EEIE                              00000004
EEIF                              00000004
EEPGD                             00000007
F                                 00000001
FERR                              00000002
FSR                               00000004
FVREN                             00000000
GCEN                              00000007
GIE                               00000007
GO                                00000001
GO_DONE                           00000001
GO_NOT_DONE                       00000001
HTS                               00000002
I                                 00000200
I2C_DATA                          00000005
I2C_READ                          00000002
I2C_START                         00000003
I2C_STOP                          00000004
INDF                              00000000
INTCON                            0000000B
INTE                              00000004
INTEDG                            00000006
INTF                              00000001
IOCB                              00000096
IOCB0                             00000000
MPASM 5.75                PIC_8B_GENERAL.ASM   10-17-2022  23:20:59         PAGE  9


SYMBOL TABLE
  LABEL                             VALUE 

IOCB1                             00000001
IOCB2                             00000002
IOCB3                             00000003
IOCB4                             00000004
IOCB5                             00000005
IOCB6                             00000006
IOCB7                             00000007
IRCF0                             00000004
IRCF1                             00000005
IRCF2                             00000006
IRP                               00000007
IntServ                           0000001D
J                                 00000201
Jloop                             0000003A
K                                 00000202
Kloop                             0000003B
L1                                00000019
LIGHTS                            00000015
LTS                               00000001
LongDelay                         00000038
MC1OUT                            00000007
MC2OUT                            00000006
MSK                               00000093
MSK0                              00000000
MSK1                              00000001
MSK2                              00000002
MSK3                              00000003
MSK4                              00000004
MSK5                              00000005
MSK6                              00000006
MSK7                              00000007
NOT_A                             00000005
NOT_ADDRESS                       00000005
NOT_BO                            00000000
NOT_BOR                           00000000
NOT_DONE                          00000001
NOT_PD                            00000003
NOT_POR                           00000001
NOT_RBPU                          00000007
NOT_RC8                           00000006
NOT_T1SYNC                        00000002
NOT_TO                            00000004
NOT_TX8                           00000006
NOT_W                             00000002
NOT_WRITE                         00000002
OERR                              00000001
OLD_STATUS                        00000206
OLD_W                             00000205
OPTION_REG                        00000081
OSCCON                            0000008F
OSCTUNE                           00000090
OSFIE                             00000007
OSFIF                             00000007
MPASM 5.75                PIC_8B_GENERAL.ASM   10-17-2022  23:20:59         PAGE 10


SYMBOL TABLE
  LABEL                             VALUE 

OSTS                              00000003
P                                 00000004
P1M0                              00000006
P1M1                              00000007
PCL                               00000002
PCLATH                            0000000A
PCON                              0000008E
PDC0                              00000000
PDC1                              00000001
PDC2                              00000002
PDC3                              00000003
PDC4                              00000004
PDC5                              00000005
PDC6                              00000006
PEIE                              00000006
PEN                               00000002
PIE1                              0000008C
PIE2                              0000008D
PIR1                              0000000C
PIR2                              0000000D
PORTA                             00000005
PORTB                             00000006
PORTC                             00000007
PORTD                             00000008
PORTE                             00000009
PR2                               00000092
PRSEN                             00000007
PS0                               00000000
PS1                               00000001
PS2                               00000002
PSA                               00000003
PSSAC0                            00000002
PSSAC1                            00000003
PSSBD0                            00000000
PSSBD1                            00000001
PSTRCON                           0000009D
PULSR                             00000002
PULSS                             00000003
PWM1CON                           0000009B
R                                 00000002
RA0                               00000000
RA1                               00000001
RA2                               00000002
RA3                               00000003
RA4                               00000004
RA5                               00000005
RA6                               00000006
RA7                               00000007
RB0                               00000000
RB1                               00000001
RB2                               00000002
RB3                               00000003
RB4                               00000004
MPASM 5.75                PIC_8B_GENERAL.ASM   10-17-2022  23:20:59         PAGE 11


SYMBOL TABLE
  LABEL                             VALUE 

RB5                               00000005
RB6                               00000006
RB7                               00000007
RBIE                              00000003
RBIF                              00000000
RC0                               00000000
RC1                               00000001
RC2                               00000002
RC3                               00000003
RC4                               00000004
RC5                               00000005
RC6                               00000006
RC7                               00000007
RC8_9                             00000006
RC9                               00000006
RCD8                              00000000
RCEN                              00000003
RCIDL                             00000006
RCIE                              00000005
RCIF                              00000005
RCREG                             0000001A
RCSTA                             00000018
RD                                00000000
RD0                               00000000
RD1                               00000001
RD2                               00000002
RD3                               00000003
RD4                               00000004
RD5                               00000005
RD6                               00000006
RD7                               00000007
RE0                               00000000
RE1                               00000001
RE2                               00000002
RE3                               00000003
READ_WRITE                        00000002
RP0                               00000005
RP1                               00000006
RSEN                              00000001
RX9                               00000006
RX9D                              00000000
R_NOT_W                           00000002
R_W                               00000002
S                                 00000003
SBOREN                            00000004
SCKP                              00000004
SCS                               00000000
SEN                               00000000
SENDB                             00000003
SMP                               00000007
SPBRG                             00000099
SPBRGH                            0000009A
SPEN                              00000007
MPASM 5.75                PIC_8B_GENERAL.ASM   10-17-2022  23:20:59         PAGE 12


SYMBOL TABLE
  LABEL                             VALUE 

SR0                               00000006
SR1                               00000007
SRCON                             00000185
SREN                              00000005
SSPADD                            00000093
SSPBUF                            00000013
SSPCON                            00000014
SSPCON2                           00000091
SSPEN                             00000005
SSPIE                             00000003
SSPIF                             00000003
SSPM0                             00000000
SSPM1                             00000001
SSPM2                             00000002
SSPM3                             00000003
SSPMSK                            00000093
SSPOV                             00000006
SSPSTAT                           00000094
START                             00000000
STATUS                            00000003
STRA                              00000000
STRB                              00000001
STRC                              00000002
STRD                              00000003
STRSYNC                           00000004
SWDTEN                            00000000
SYNC                              00000004
T0CS                              00000005
T0IE                              00000005
T0IF                              00000002
T0SE                              00000004
T1CKPS0                           00000004
T1CKPS1                           00000005
T1CON                             00000010
T1GINV                            00000007
T1GIV                             00000007
T1GSS                             00000001
T1INSYNC                          00000002
T1OSCEN                           00000003
T1SYNC                            00000002
T2CKPS0                           00000000
T2CKPS1                           00000001
T2CON                             00000012
TMR0                              00000001
TMR0IE                            00000005
TMR0IF                            00000002
TMR1                              0000000E
TMR1CS                            00000001
TMR1GE                            00000006
TMR1H                             0000000F
TMR1IE                            00000000
TMR1IF                            00000000
TMR1L                             0000000E
MPASM 5.75                PIC_8B_GENERAL.ASM   10-17-2022  23:20:59         PAGE 13


SYMBOL TABLE
  LABEL                             VALUE 

TMR1ON                            00000000
TMR2                              00000011
TMR2IE                            00000001
TMR2IF                            00000001
TMR2ON                            00000002
TOUTPS0                           00000003
TOUTPS1                           00000004
TOUTPS2                           00000005
TOUTPS3                           00000006
TRISA                             00000085
TRISA0                            00000000
TRISA1                            00000001
TRISA2                            00000002
TRISA3                            00000003
TRISA4                            00000004
TRISA5                            00000005
TRISA6                            00000006
TRISA7                            00000007
TRISB                             00000086
TRISB0                            00000000
TRISB1                            00000001
TRISB2                            00000002
TRISB3                            00000003
TRISB4                            00000004
TRISB5                            00000005
TRISB6                            00000006
TRISB7                            00000007
TRISC                             00000087
TRISC0                            00000000
TRISC1                            00000001
TRISC2                            00000002
TRISC3                            00000003
TRISC4                            00000004
TRISC5                            00000005
TRISC6                            00000006
TRISC7                            00000007
TRISD                             00000088
TRISD0                            00000000
TRISD1                            00000001
TRISD2                            00000002
TRISD3                            00000003
TRISD4                            00000004
TRISD5                            00000005
TRISD6                            00000006
TRISD7                            00000007
TRISE                             00000089
TRISE0                            00000000
TRISE1                            00000001
TRISE2                            00000002
TRISE3                            00000003
TRMT                              00000001
TUN0                              00000000
TUN1                              00000001
MPASM 5.75                PIC_8B_GENERAL.ASM   10-17-2022  23:20:59         PAGE 14


SYMBOL TABLE
  LABEL                             VALUE 

TUN2                              00000002
TUN3                              00000003
TUN4                              00000004
TX8_9                             00000006
TX9                               00000006
TX9D                              00000000
TXD8                              00000000
TXEN                              00000005
TXIE                              00000004
TXIF                              00000004
TXREG                             00000019
TXSTA                             00000098
UA                                00000001
ULPWUE                            00000005
ULPWUIE                           00000002
ULPWUIF                           00000002
VCFG0                             00000004
VCFG1                             00000005
VR0                               00000000
VR1                               00000001
VR2                               00000002
VR3                               00000003
VRCON                             00000097
VREN                              00000007
VROE                              00000006
VRR                               00000005
VRSS                              00000004
W                                 00000000
WAIT                              00000027
WCOL                              00000007
WDTCON                            00000105
WDTPS0                            00000001
WDTPS1                            00000002
WDTPS2                            00000003
WDTPS3                            00000004
WPUB                              00000095
WPUB0                             00000000
WPUB1                             00000001
WPUB2                             00000002
WPUB3                             00000003
WPUB4                             00000004
WPUB5                             00000005
WPUB6                             00000006
WPUB7                             00000007
WR                                00000001
WREN                              00000002
WRERR                             00000003
WUE                               00000001
Z                                 00000002
_BOR21V                           00003EFF
_BOR40V                           00003FFF
_BOR4V_BOR21V                     00003EFF
_BOR4V_BOR40V                     00003FFF
MPASM 5.75                PIC_8B_GENERAL.ASM   10-17-2022  23:20:59         PAGE 15


SYMBOL TABLE
  LABEL                             VALUE 

_BOREN_NSLEEP                     00003EFF
_BOREN_OFF                        00003CFF
_BOREN_ON                         00003FFF
_BOREN_SBODEN                     00003DFF
_BOR_NSLEEP                       00003EFF
_BOR_OFF                          00003CFF
_BOR_ON                           00003FFF
_BOR_SBODEN                       00003DFF
_CONFIG1                          00002007
_CONFIG2                          00002008
_CPD_OFF                          00003FFF
_CPD_ON                           00003F7F
_CP_OFF                           00003FFF
_CP_ON                            00003FBF
_DEBUG_OFF                        00003FFF
_DEBUG_ON                         00001FFF
_DEVID1                           00002006
_EC_OSC                           00003FFB
_EXTRC                            00003FFF
_EXTRCIO                          00003FFE
_EXTRC_OSC_CLKOUT                 00003FFF
_EXTRC_OSC_NOCLKOUT               00003FFE
_FCMEN_OFF                        000037FF
_FCMEN_ON                         00003FFF
_FOSC_EC                          00003FFB
_FOSC_EXTRC_CLKOUT                00003FFF
_FOSC_EXTRC_NOCLKOUT              00003FFE
_FOSC_HS                          00003FFA
_FOSC_INTRC_CLKOUT                00003FFD
_FOSC_INTRC_NOCLKOUT              00003FFC
_FOSC_LP                          00003FF8
_FOSC_XT                          00003FF9
_HS_OSC                           00003FFA
_IDLOC0                           00002000
_IDLOC1                           00002001
_IDLOC2                           00002002
_IDLOC3                           00002003
_IESO_OFF                         00003BFF
_IESO_ON                          00003FFF
_INTOSC                           00003FFD
_INTOSCIO                         00003FFC
_INTRC_OSC_CLKOUT                 00003FFD
_INTRC_OSC_NOCLKOUT               00003FFC
_LP_OSC                           00003FF8
_LVP_OFF                          00002FFF
_LVP_ON                           00003FFF
_MCLRE_OFF                        00003FDF
_MCLRE_ON                         00003FFF
_PWRTE_OFF                        00003FFF
_PWRTE_ON                         00003FEF
_WDTE_OFF                         00003FF7
_WDTE_ON                          00003FFF
_WDT_OFF                          00003FF7
MPASM 5.75                PIC_8B_GENERAL.ASM   10-17-2022  23:20:59         PAGE 16


SYMBOL TABLE
  LABEL                             VALUE 

_WDT_ON                           00003FFF
_WRT_1FOURTH                      00003BFF
_WRT_256                          00003DFF
_WRT_HALF                         000039FF
_WRT_OFF                          00003FFF
_XT_OSC                           00003FF9
__16F887                          00000001
count1                            00000203
count2                            00000204
delay                             00000033
exitISR                           0000002D
notRB0                            00000031
repeat                            00000035

Errors   :     0
Warnings :    15 reported,     0 suppressed
Messages :    22 reported,     0 suppressed

