MPASM 5.75                PIC_8B_GENERAL.ASM   9-26-2022  0:25:08         PAGE  1


LOC  OBJECT CODE     LINE SOURCE TEXT
  VALUE

                      00001 
                      00002 ;*******************************************************************************
                      00003 #include "p16f627a.inc"
                      00001         LIST
                      00002 
                      00003 ;==========================================================================
                      00004 ; Build date : Jul 02 2017
                      00005 ;  MPASM PIC16F627A processor include
                      00006 ; 
                      00007 ;  (c) Copyright 1999-2017 Microchip Technology, All rights reserved
                      00008 ;==========================================================================
                      00009 
                      00386         LIST
                      00004 
                      00005 ; CONFIG
                      00006 ; __config 0xFF19
2007   3F19           00007  __CONFIG _FOSC_INTOSCCLK & _WDTE_OFF & _PWRTE_OFF & _MCLRE_OFF & _BOREN_OFF & _LVP_OFF & _CPD_OFF & _CP
                            _OFF
                      00008 
                      00009  ;*******************************************************************************
                      00010 
                      00011 ; TODO PLACE VARIABLE DEFINITIONS GO HERE
                      00012  #define BANK0  BCF STATUS,RP0
                      00013  #define BANK1  BSF STATUS,RP0
                      00014 
                      00015  CBLOCK      H'20'
  00000020            00016     REG1
  00000021            00017     REG2
                      00018  ENDC
                      00019  ;******************************************************************************
                      00020 ;  Reset Vector
                      00021 ;*******************************************************************************
                      00022 
                      00023 RES_VECT   CODE    0x0000            ; processor reset vector
0000   2???           00024          GOTO    START                   ; go to beginning of program
                      00025 
                      00026 ;*******************************************************************************
                      00027 ; TODO Step #4 - Interrupt Service Routines
                      00028 ;
                      00029 ; There are a few different ways to structure interrupt routines in the 8
                      00030 ; bit device families.  On PIC18's the high priority and low priority
                      00031 ; interrupts are located at 0x0008 and 0x0018, respectively.  On PIC16's and
                      00032 ; lower the interrupt is at 0x0004.  Between device families there is subtle
                      00033 ; variation in the both the hardware supporting the ISR (for restoring
                      00034 ; interrupt context) as well as the software used to restore the context
                      00035 ; (without corrupting the STATUS bits).
                      00036 ;
                      00037 ; General formats are shown below in relocatible format.
                      00038 ;
                      00039 ;*******************************************************************************
                      00040 
                      00041 ; TODO INSERT ISR HERE
                      00042         ORG         H'0004'
MPASM 5.75                PIC_8B_GENERAL.ASM   9-26-2022  0:25:08         PAGE  2


LOC  OBJECT CODE     LINE SOURCE TEXT
  VALUE

0004   0009           00043         RETFIE
                      00044 ;*******************************************************************************
                      00045 ; MAIN PROGRAM
                      00046 ;*******************************************************************************
                      00047 
                      00048 MAIN_PROG CODE                      ; let linker place main program
                      00049 
0000                  00050 START
                      00051 
                      00052     ; TODO Step #5 - Insert Your Program Here
0000   1683           00053         BANK1
0001   3000           00054         MOVLW       H'00'           ; your instructions
Message[302]: Register in operand not in bank 0.  Ensure that bank bits are correct.
0002   0086           00055         MOVWF       TRISB           ; output
                      00056 
0003   1283           00057         BANK0
0004   3055           00058         MOVLW       H'55'
0005   0086           00059         MOVWF       PORTB           ; b'00001010
                      00060 
0006                  00061 LOOP
0006   0986           00062         COMF        PORTB,F         ; not operation to invert state
0007   2???           00063         CALL        DELAY_500ms
0008   2???           00064         GOTO        LOOP
                      00065         
                      00066 ; ------------ SUBROUTINE -----------------------------------------------------
0009                  00067 DELAY_500ms
                      00068         
0009   30C8           00069         MOVLW       D'200'
000A   00A0           00070         MOVWF       REG1        ; endereco de onde se comeca a guardar variaveis
                      00071         
000B                  00072 AUX1
000B   30FA           00073         MOVLW       D'250'
000C   00A1           00074         MOVWF       REG2        ; NEXT ADDRESS, see datasheet page 18
                      00075         
000D                  00076 AUX2
000D   0000           00077         NOP
000E   0000           00078         NOP
000F   0000           00079         NOP
0010   0000           00080         NOP
0011   0000           00081         NOP
0012   0000           00082         NOP
0013   0000           00083         NOP
                      00084         
Message[305]: Using default destination of 1 (file).
0014   0BA0           00085         DECFSZ      REG1
0015   2???           00086         GOTO        AUX2
                      00087         
Message[305]: Using default destination of 1 (file).
0016   0BA1           00088         DECFSZ      REG2
0017   2???           00089         GOTO        AUX1
                      00090         
0018   0008           00091         RETURN
                      00092 ; -----------------------------------------------------------------------------
MPASM 5.75                PIC_8B_GENERAL.ASM   9-26-2022  0:25:08         PAGE  3


LOC  OBJECT CODE     LINE SOURCE TEXT
  VALUE

3F19                  00093         END
MPASM 5.75                PIC_8B_GENERAL.ASM   9-26-2022  0:25:08         PAGE  4


SYMBOL TABLE
  LABEL                             VALUE 

ADDEN                             00000003
ADEN                              00000003
AUX1                              0000000B
AUX2                              0000000D
BANK0                             BCF STATUS,RP0
BANK1                             BSF STATUS,RP0
BRGH                              00000002
C                                 00000000
C1INV                             00000004
C1OUT                             00000006
C2INV                             00000005
C2OUT                             00000007
CCP1CON                           00000017
CCP1IE                            00000002
CCP1IF                            00000002
CCP1M0                            00000000
CCP1M1                            00000001
CCP1M2                            00000002
CCP1M3                            00000003
CCP1X                             00000005
CCP1Y                             00000004
CCPR1                             00000015
CCPR1H                            00000016
CCPR1L                            00000015
CIS                               00000003
CM0                               00000000
CM1                               00000001
CM2                               00000002
CMCON                             0000001F
CMIE                              00000006
CMIF                              00000006
CREN                              00000004
CSRC                              00000007
DATA_CP_OFF                       00003FFF
DATA_CP_ON                        00003EFF
DC                                00000001
DELAY_500ms                       00000009
EEADR                             0000009B
EECON1                            0000009C
EECON2                            0000009D
EEDATA                            0000009A
EEIE                              00000007
EEIF                              00000007
F                                 00000001
FERR                              00000002
FSR                               00000004
GIE                               00000007
INDF                              00000000
INTCON                            0000000B
INTE                              00000004
INTEDG                            00000006
INTF                              00000001
IRP                               00000007
MPASM 5.75                PIC_8B_GENERAL.ASM   9-26-2022  0:25:08         PAGE  5


SYMBOL TABLE
  LABEL                             VALUE 

LOOP                              00000006
NOT_BO                            00000000
NOT_BOD                           00000000
NOT_BOR                           00000000
NOT_PD                            00000003
NOT_POR                           00000001
NOT_RBPU                          00000007
NOT_T1SYNC                        00000002
NOT_TO                            00000004
OERR                              00000001
OPTION_REG                        00000081
OSCF                              00000003
PCL                               00000002
PCLATH                            0000000A
PCON                              0000008E
PEIE                              00000006
PIE1                              0000008C
PIR1                              0000000C
PORTA                             00000005
PORTB                             00000006
PR2                               00000092
PS0                               00000000
PS1                               00000001
PS2                               00000002
PSA                               00000003
RA0                               00000000
RA1                               00000001
RA2                               00000002
RA3                               00000003
RA4                               00000004
RA5                               00000005
RA6                               00000006
RA7                               00000007
RB0                               00000000
RB1                               00000001
RB2                               00000002
RB3                               00000003
RB4                               00000004
RB5                               00000005
RB6                               00000006
RB7                               00000007
RBIE                              00000003
RBIF                              00000000
RCIE                              00000005
RCIF                              00000005
RCREG                             0000001A
RCSTA                             00000018
RD                                00000000
REG1                              00000020
REG2                              00000021
RP0                               00000005
RP1                               00000006
RX9                               00000006
MPASM 5.75                PIC_8B_GENERAL.ASM   9-26-2022  0:25:08         PAGE  6


SYMBOL TABLE
  LABEL                             VALUE 

RX9D                              00000000
SPBRG                             00000099
SPEN                              00000007
SREN                              00000005
START                             00000000
STATUS                            00000003
SYNC                              00000004
T0CS                              00000005
T0IE                              00000005
T0IF                              00000002
T0SE                              00000004
T1CKPS0                           00000004
T1CKPS1                           00000005
T1CON                             00000010
T1OSCEN                           00000003
T2CKPS0                           00000000
T2CKPS1                           00000001
T2CON                             00000012
TMR0                              00000001
TMR0IE                            00000005
TMR0IF                            00000002
TMR1                              0000000E
TMR1CS                            00000001
TMR1H                             0000000F
TMR1IE                            00000000
TMR1IF                            00000000
TMR1L                             0000000E
TMR1ON                            00000000
TMR2                              00000011
TMR2IE                            00000001
TMR2IF                            00000001
TMR2ON                            00000002
TOUTPS0                           00000003
TOUTPS1                           00000004
TOUTPS2                           00000005
TOUTPS3                           00000006
TRISA                             00000085
TRISA0                            00000000
TRISA1                            00000001
TRISA2                            00000002
TRISA3                            00000003
TRISA4                            00000004
TRISA5                            00000005
TRISA6                            00000006
TRISA7                            00000007
TRISB                             00000086
TRISB0                            00000000
TRISB1                            00000001
TRISB2                            00000002
TRISB3                            00000003
TRISB4                            00000004
TRISB5                            00000005
TRISB6                            00000006
MPASM 5.75                PIC_8B_GENERAL.ASM   9-26-2022  0:25:08         PAGE  7


SYMBOL TABLE
  LABEL                             VALUE 

TRISB7                            00000007
TRMT                              00000001
TX9                               00000006
TX9D                              00000000
TXEN                              00000005
TXIE                              00000004
TXIF                              00000004
TXREG                             00000019
TXSTA                             00000098
VR0                               00000000
VR1                               00000001
VR2                               00000002
VR3                               00000003
VRCON                             0000009F
VREN                              00000007
VROE                              00000006
VRR                               00000005
W                                 00000000
WR                                00000001
WREN                              00000002
WRERR                             00000003
Z                                 00000002
_BODEN_OFF                        00003FBF
_BODEN_ON                         00003FFF
_BOREN_OFF                        00003FBF
_BOREN_ON                         00003FFF
_CONFIG                           00002007
_CPD_OFF                          00003FFF
_CPD_ON                           00003EFF
_CP_OFF                           00003FFF
_CP_ON                            00001FFF
_DEVID1                           00002006
_ER_OSC_CLKOUT                    00003FFF
_ER_OSC_NOCLKOUT                  00003FFE
_EXTCLK_OSC                       00003FEF
_FOSC_ECIO                        00003FEF
_FOSC_EXTRCCLK                    00003FFF
_FOSC_EXTRCIO                     00003FFE
_FOSC_HS                          00003FEE
_FOSC_INTOSCCLK                   00003FFD
_FOSC_INTOSCIO                    00003FFC
_FOSC_LP                          00003FEC
_FOSC_XT                          00003FED
_HS_OSC                           00003FEE
_IDLOC0                           00002000
_IDLOC1                           00002001
_IDLOC2                           00002002
_IDLOC3                           00002003
_INTOSC_OSC_CLKOUT                00003FFD
_INTOSC_OSC_NOCLKOUT              00003FFC
_INTRC_OSC_CLKOUT                 00003FFD
_INTRC_OSC_NOCLKOUT               00003FFC
_LP_OSC                           00003FEC
MPASM 5.75                PIC_8B_GENERAL.ASM   9-26-2022  0:25:08         PAGE  8


SYMBOL TABLE
  LABEL                             VALUE 

_LVP_OFF                          00003F7F
_LVP_ON                           00003FFF
_MCLRE_OFF                        00003FDF
_MCLRE_ON                         00003FFF
_PWRTE_OFF                        00003FFF
_PWRTE_ON                         00003FF7
_RC_OSC_CLKOUT                    00003FFF
_RC_OSC_NOCLKOUT                  00003FFE
_WDTE_OFF                         00003FFB
_WDTE_ON                          00003FFF
_WDT_OFF                          00003FFB
_WDT_ON                           00003FFF
_XT_OSC                           00003FED
__16F627A                         00000001

Errors   :     0
Warnings :     0 reported,     0 suppressed
Messages :     3 reported,     0 suppressed

