

Microchip Technology PIC LITE Macro Assembler V1.36 build -262312587 
                                                                                               Wed Sep 21 01:55:37 2022

Microchip Technology Omniscient Code Generator v1.36 (Free mode) build 201601150325
     1                           	processor	16F876A
     2                           	opt	pw 120
     3                           	opt	lm
     4                           	psect	cinit,global,class=CODE,merge=1,delta=2
     5                           	psect	cstackCOMMON,global,class=COMMON,space=1,delta=1
     6                           	psect	maintext,global,class=CODE,split=1,delta=2
     7                           	psect	text1,local,class=CODE,merge=1,delta=2
     8                           	psect	text2,local,class=CODE,merge=1,delta=2
     9                           	dabs	1,0x7E,2
    10  0000                     	;# 
    11  0001                     	;# 
    12  0002                     	;# 
    13  0003                     	;# 
    14  0004                     	;# 
    15  0005                     	;# 
    16  0006                     	;# 
    17  0007                     	;# 
    18  000A                     	;# 
    19  000B                     	;# 
    20  000C                     	;# 
    21  000D                     	;# 
    22  000E                     	;# 
    23  000E                     	;# 
    24  000F                     	;# 
    25  0010                     	;# 
    26  0011                     	;# 
    27  0012                     	;# 
    28  0013                     	;# 
    29  0014                     	;# 
    30  0015                     	;# 
    31  0015                     	;# 
    32  0016                     	;# 
    33  0017                     	;# 
    34  0018                     	;# 
    35  0019                     	;# 
    36  001A                     	;# 
    37  001B                     	;# 
    38  001B                     	;# 
    39  001C                     	;# 
    40  001D                     	;# 
    41  001E                     	;# 
    42  001F                     	;# 
    43  0081                     	;# 
    44  0085                     	;# 
    45  0086                     	;# 
    46  0087                     	;# 
    47  008C                     	;# 
    48  008D                     	;# 
    49  008E                     	;# 
    50  0091                     	;# 
    51  0092                     	;# 
    52  0093                     	;# 
    53  0094                     	;# 
    54  0098                     	;# 
    55  0099                     	;# 
    56  009C                     	;# 
    57  009D                     	;# 
    58  009E                     	;# 
    59  009F                     	;# 
    60  010C                     	;# 
    61  010D                     	;# 
    62  010E                     	;# 
    63  010F                     	;# 
    64  018C                     	;# 
    65  018D                     	;# 
    66  0007                     _PORTC	set	7
    67  0087                     _TRISC	set	135
    68                           
    69                           ; #config settings
    70  0000                     
    71                           	psect	cinit
    72  07FC                     start_initialization:	
    73  07FC                     __initialization:	
    74  07FC                     end_of_initialization:	
    75                           ;End of C runtime variable initialization code
    76                           
    77  07FC                     __end_of__initialization:	
    78  07FC  0183               	clrf	3
    79  07FD  120A  118A  2FCD   	ljmp	_main	;jump to C main() function
    80                           
    81                           	psect	cstackCOMMON
    82  0070                     __pcstackCOMMON:	
    83  0070                     ?_initialize:	
    84  0070                     ??_initialize:	
    85                           ; 1 bytes @ 0x0
    86                           
    87  0070                     ?_blink_led:	
    88                           ; 1 bytes @ 0x0
    89                           
    90  0070                     ??_blink_led:	
    91                           ; 1 bytes @ 0x0
    92                           
    93  0070                     ?_main:	
    94                           ; 1 bytes @ 0x0
    95                           
    96                           
    97                           ; 1 bytes @ 0x0
    98  0070                     	ds	3
    99  0073                     ??_main:	
   100                           
   101                           	psect	maintext
   102  07CD                     __pmaintext:	
   103                           ; 1 bytes @ 0x3
   104 ;;
   105 ;;Main: autosize = 0, tempsize = 0, incstack = 0, save=0
   106 ;;
   107 ;; *************** function _main *****************
   108 ;; Defined at:
   109 ;;		line 23 in file "main.c"
   110 ;; Parameters:    Size  Location     Type
   111 ;;		None
   112 ;; Auto vars:     Size  Location     Type
   113 ;;		None
   114 ;; Return value:  Size  Location     Type
   115 ;;                  1    wreg      void 
   116 ;; Registers used:
   117 ;;		wreg, status,2, status,0, pclath, cstack
   118 ;; Tracked objects:
   119 ;;		On entry : B00/0
   120 ;;		On exit  : 0/0
   121 ;;		Unchanged: 0/0
   122 ;; Data sizes:     COMMON   BANK0   BANK1   BANK3   BANK2
   123 ;;      Params:         0       0       0       0       0
   124 ;;      Locals:         0       0       0       0       0
   125 ;;      Temps:          0       0       0       0       0
   126 ;;      Totals:         0       0       0       0       0
   127 ;;Total ram usage:        0 bytes
   128 ;; Hardware stack levels required when called:    1
   129 ;; This function calls:
   130 ;;		_blink_led
   131 ;;		_initialize
   132 ;; This function is called by:
   133 ;;		Startup code after reset
   134 ;; This function uses a non-reentrant model
   135 ;;
   136                           
   137                           
   138                           ;psect for function _main
   139  07CD                     _main:	
   140                           
   141                           ;main.c: 25: initialize();
   142                           
   143                           ;incstack = 0
   144                           ; Regs used in _main: [wreg+status,2+status,0+pclath+cstack]
   145  07CD  120A  118A  27C5  120A  118A  	fcall	_initialize
   146  07D2                     l13:	
   147                           ;main.c: 27: do {
   148                           
   149                           
   150                           ;main.c: 28: blink_led();
   151  07D2  120A  118A  27D8  120A  118A  	fcall	_blink_led
   152                           
   153                           ;main.c: 29: } while(1);
   154  07D7  2FD2               	goto	l13
   155  07D8                     __end_of_main:	
   156                           
   157                           	psect	text1
   158  07C5                     __ptext1:	
   159 ;; *************** function _initialize *****************
   160 ;; Defined at:
   161 ;;		line 32 in file "main.c"
   162 ;; Parameters:    Size  Location     Type
   163 ;;		None
   164 ;; Auto vars:     Size  Location     Type
   165 ;;		None
   166 ;; Return value:  Size  Location     Type
   167 ;;                  1    wreg      void 
   168 ;; Registers used:
   169 ;;		wreg, status,2
   170 ;; Tracked objects:
   171 ;;		On entry : 0/0
   172 ;;		On exit  : 0/0
   173 ;;		Unchanged: 0/0
   174 ;; Data sizes:     COMMON   BANK0   BANK1   BANK3   BANK2
   175 ;;      Params:         0       0       0       0       0
   176 ;;      Locals:         0       0       0       0       0
   177 ;;      Temps:          0       0       0       0       0
   178 ;;      Totals:         0       0       0       0       0
   179 ;;Total ram usage:        0 bytes
   180 ;; Hardware stack levels used:    1
   181 ;; This function calls:
   182 ;;		Nothing
   183 ;; This function is called by:
   184 ;;		_main
   185 ;; This function uses a non-reentrant model
   186 ;;
   187                           
   188                           
   189                           ;psect for function _initialize
   190  07C5                     _initialize:	
   191                           
   192                           ;main.c: 33: TRISC = 0x00;
   193                           
   194                           ;incstack = 0
   195                           ; Regs used in _initialize: [wreg+status,2]
   196  07C5  1683               	bsf	3,5	;RP0=1, select bank1
   197  07C6  1303               	bcf	3,6	;RP1=0, select bank1
   198  07C7  0187               	clrf	7	;volatile
   199                           
   200                           ;main.c: 34: PORTC = 0x01;
   201  07C8  3001               	movlw	1
   202  07C9  1283               	bcf	3,5	;RP0=0, select bank0
   203  07CA  1303               	bcf	3,6	;RP1=0, select bank0
   204  07CB  0087               	movwf	7	;volatile
   205  07CC  0008               	return
   206  07CD                     __end_of_initialize:	
   207                           
   208                           	psect	text2
   209  07D8                     __ptext2:	
   210 ;; *************** function _blink_led *****************
   211 ;; Defined at:
   212 ;;		line 37 in file "main.c"
   213 ;; Parameters:    Size  Location     Type
   214 ;;		None
   215 ;; Auto vars:     Size  Location     Type
   216 ;;		None
   217 ;; Return value:  Size  Location     Type
   218 ;;                  1    wreg      void 
   219 ;; Registers used:
   220 ;;		wreg, status,2, status,0
   221 ;; Tracked objects:
   222 ;;		On entry : 0/0
   223 ;;		On exit  : 0/0
   224 ;;		Unchanged: 0/0
   225 ;; Data sizes:     COMMON   BANK0   BANK1   BANK3   BANK2
   226 ;;      Params:         0       0       0       0       0
   227 ;;      Locals:         0       0       0       0       0
   228 ;;      Temps:          3       0       0       0       0
   229 ;;      Totals:         3       0       0       0       0
   230 ;;Total ram usage:        3 bytes
   231 ;; Hardware stack levels used:    1
   232 ;; This function calls:
   233 ;;		Nothing
   234 ;; This function is called by:
   235 ;;		_main
   236 ;; This function uses a non-reentrant model
   237 ;;
   238                           
   239                           
   240                           ;psect for function _blink_led
   241  07D8                     _blink_led:	
   242                           
   243                           ;main.c: 38: PORTC |= 0x01;
   244                           
   245                           ;incstack = 0
   246                           ; Regs used in _blink_led: [wreg+status,2+status,0]
   247  07D8  1283               	bcf	3,5	;RP0=0, select bank0
   248  07D9  1303               	bcf	3,6	;RP1=0, select bank0
   249  07DA  1407               	bsf	7,0	;volatile
   250                           
   251                           ;main.c: 40: _delay((unsigned long)((1000)*(16000000/4000.0)));
   252  07DB  3015               	movlw	21
   253  07DC  00F2               	movwf	??_blink_led+2
   254  07DD  304B               	movlw	75
   255  07DE  00F1               	movwf	??_blink_led+1
   256  07DF  30D1               	movlw	209
   257  07E0  00F0               	movwf	??_blink_led
   258  07E1                     u17:	
   259  07E1  0BF0               	decfsz	??_blink_led,f
   260  07E2  2FE1               	goto	u17
   261  07E3  0BF1               	decfsz	??_blink_led+1,f
   262  07E4  2FE1               	goto	u17
   263  07E5  0BF2               	decfsz	??_blink_led+2,f
   264  07E6  2FE1               	goto	u17
   265  07E7  0000               	nop
   266                           
   267                           ;main.c: 41: PORTC &= ~0x01;
   268  07E8  30FE               	movlw	254
   269  07E9  00F0               	movwf	??_blink_led
   270  07EA  0870               	movf	??_blink_led,w
   271  07EB  1283               	bcf	3,5	;RP0=0, select bank0
   272  07EC  1303               	bcf	3,6	;RP1=0, select bank0
   273  07ED  0587               	andwf	7,f	;volatile
   274                           
   275                           ;main.c: 43: _delay((unsigned long)((1000)*(16000000/4000.0)));
   276  07EE  3015               	movlw	21
   277  07EF  00F2               	movwf	??_blink_led+2
   278  07F0  304B               	movlw	75
   279  07F1  00F1               	movwf	??_blink_led+1
   280  07F2  30D1               	movlw	209
   281  07F3  00F0               	movwf	??_blink_led
   282  07F4                     u27:	
   283  07F4  0BF0               	decfsz	??_blink_led,f
   284  07F5  2FF4               	goto	u27
   285  07F6  0BF1               	decfsz	??_blink_led+1,f
   286  07F7  2FF4               	goto	u27
   287  07F8  0BF2               	decfsz	??_blink_led+2,f
   288  07F9  2FF4               	goto	u27
   289  07FA  0000               	nop
   290  07FB  0008               	return
   291  07FC                     __end_of_blink_led:	
   292  007E                     btemp	set	126	;btemp
   293  007E                     wtemp	set	126
   294  007E                     wtemp0	set	126
   295  0080                     wtemp1	set	128
   296  0082                     wtemp2	set	130
   297  0084                     wtemp3	set	132
   298  0086                     wtemp4	set	134
   299  0088                     wtemp5	set	136
   300  007F                     wtemp6	set	127
   301  007E                     ttemp	set	126
   302  007E                     ttemp0	set	126
   303  0081                     ttemp1	set	129
   304  0084                     ttemp2	set	132
   305  0087                     ttemp3	set	135
   306  007F                     ttemp4	set	127
   307  007E                     ltemp	set	126
   308  007E                     ltemp0	set	126
   309  0082                     ltemp1	set	130
   310  0086                     ltemp2	set	134
   311  0080                     ltemp3	set	128


Data Sizes:
    Strings     0
    Constant    0
    Data        0
    BSS         0
    Persistent  0
    Stack       0

Auto Spaces:
    Space          Size  Autos    Used
    COMMON           14      3       3
    BANK0            80      0       0
    BANK1            80      0       0
    BANK3            96      0       0
    BANK2            96      0       0

Pointer List with Targets:

    None.

Critical Paths under _main in COMMON

    _main->_blink_led

Critical Paths under _main in BANK0

    None.

Critical Paths under _main in BANK1

    None.

Critical Paths under _main in BANK3

    None.

Critical Paths under _main in BANK2

    None.

Call Graph Tables:

 ---------------------------------------------------------------------------------
 (Depth) Function   	        Calls       Base Space   Used Autos Params    Refs
 ---------------------------------------------------------------------------------
 (0) _main                                                 0     0      0       0
                          _blink_led
                         _initialize
 ---------------------------------------------------------------------------------
 (1) _initialize                                           0     0      0       0
 ---------------------------------------------------------------------------------
 (1) _blink_led                                            3     3      0       0
                                              0 COMMON     3     3      0
 ---------------------------------------------------------------------------------
 Estimated maximum stack depth 1
 ---------------------------------------------------------------------------------

 Call Graph Graphs:

 _main (ROOT)
   _blink_led
   _initialize

 Address spaces:
Name               Size   Autos  Total    Cost      Usage
BITCOMMON            E      0       0       0        0.0%
EEDATA             100      0       0       0        0.0%
NULL                 0      0       0       0        0.0%
CODE                 0      0       0       0        0.0%
COMMON               E      3       3       1       21.4%
BITSFR0              0      0       0       1        0.0%
SFR0                 0      0       0       1        0.0%
BITSFR1              0      0       0       2        0.0%
SFR1                 0      0       0       2        0.0%
STACK                0      0       0       2        0.0%
ABS                  0      0       0       3        0.0%
BITBANK0            50      0       0       4        0.0%
BITSFR3              0      0       0       4        0.0%
SFR3                 0      0       0       4        0.0%
BANK0               50      0       0       5        0.0%
BITSFR2              0      0       0       5        0.0%
SFR2                 0      0       0       5        0.0%
BITBANK1            50      0       0       6        0.0%
BANK1               50      0       0       7        0.0%
BITBANK3            60      0       0       8        0.0%
BANK3               60      0       0       9        0.0%
BITBANK2            60      0       0      10        0.0%
BANK2               60      0       0      11        0.0%
DATA                 0      0       0      12        0.0%


Microchip Technology PIC Macro Assembler V1.36 build -262312587 
Symbol Table                                                                                   Wed Sep 21 01:55:37 2022

            __CFG_CP$OFF 0000                       l13 07D2                       u17 07E1  
                     u27 07F4              __CFG_LVP$ON 0000             __CFG_CPD$OFF 0000  
           __CFG_FOSC$HS 0000             __CFG_WRT$OFF 0000                     _main 07CD  
                   btemp 007E            __CFG_BOREN$ON 0000                     ltemp 007E  
                   start 0000                     ttemp 007E                     wtemp 007E  
                  ?_main 0070            __CFG_WDTE$OFF 0000                    _PORTC 0007  
                  _TRISC 0087                    ltemp0 007E                    ltemp1 0082  
                  ltemp2 0086                    ltemp3 0080                    ttemp0 007E  
                  ttemp1 0081                    ttemp2 0084                    ttemp3 0087  
                  ttemp4 007F                    status 0003                    wtemp0 007E  
                  wtemp1 0080                    wtemp2 0082                    wtemp3 0084  
                  wtemp4 0086                    wtemp5 0088                    wtemp6 007F  
        __initialization 07FC             __end_of_main 07D8                   ??_main 0073  
         __CFG_PWRTE$OFF 0000  __end_of__initialization 07FC           __pcstackCOMMON 0070  
     __size_of_blink_led 0024               __pmaintext 07CD        __end_of_blink_led 07FC  
             _initialize 07C5                  __ptext1 07C5                  __ptext2 07D8  
   end_of_initialization 07FC              ?_initialize 0070      start_initialization 07FC  
              ___latbits 0002      __size_of_initialize 0008                _blink_led 07D8  
             ?_blink_led 0070             ??_initialize 0070            __size_of_main 000B  
     __end_of_initialize 07CD              ??_blink_led 0070  
