MPASM 5.75                PIC_8B_GENERAL.ASM   10-21-2022  4:55:25         PAGE  1


LOC  OBJECT CODE     LINE SOURCE TEXT
  VALUE

                      00001 ;*******************************************************************************
                      00002 ; TODO INSERT INCLUDE CODE HERE
                      00003 #include "p10f200.inc"
                      00001         LIST
                      00002 
                      00003 ;==========================================================================
                      00004 ; Build date : Jul 02 2017
                      00005 ;  MPASM PIC10F200 processor include
                      00006 ; 
                      00007 ;  (c) Copyright 1999-2017 Microchip Technology, All rights reserved
                      00008 ;==========================================================================
                      00009 
                      00152         LIST
                      00004     
                      00005 ; __config 0xFFEB
0FFF   0FEB           00006  __CONFIG _WDTE_OFF & _CP_OFF & _MCLRE_OFF
                      00007 ;*******************************************************************************
                      00008 ; TODO PLACE VARIABLE DEFINITIONS GO HERE
Warning[205]: Found directive in column 1. (CBLOCK)
                      00009 CBLOCK      H'10'
  00000010            00010    count1
  00000011            00011    count2
  00000012            00012    count3
Warning[205]: Found directive in column 1. (ENDC)
                      00013 ENDC
                      00014 ;*******************************************************************************
                      00015 ; Reset Vector
                      00016 ;*******************************************************************************
                      00017 
                      00018 RES_VECT  CODE    0x0000            ; processor reset vector
0000   0A??           00019     GOTO    START                   ; go to beginning of program
                      00020 
                      00021 ;*******************************************************************************
                      00022 ; TODO Step #4 - Interrupt
                      00023 ;*******************************************************************************
                      00024 ; TODO INSERT ISR HERE
Warning[207]: Found label after column 1. (ISR)
                      00025      ISR       CODE    0x0004
Warning[207]: Found label after column 1. (RETFIE)
0004                  00026        RETFIE
                      00027 
                      00028 ;*******************************************************************************
                      00029 ; MAIN PROGRAM
                      00030 ;*******************************************************************************
                      00031 
                      00032 MAIN_PROG CODE                      ; let linker place main program
                      00033 
0000                  00034 START
0000   0CDF           00035     MOVLW   ~(1<<T0CS)              ; enable GPIO2
0001   0002           00036     OPTION
0002   0CFB           00037     MOVLW   ~(1<<GP2)               ; set GPIO2 as an output
0003   0006           00038     TRIS    GPIO
                      00039 ;===============================================================================    
MPASM 5.75                PIC_8B_GENERAL.ASM   10-21-2022  4:55:25         PAGE  2


LOC  OBJECT CODE     LINE SOURCE TEXT
  VALUE

0004                  00040 LOOP    
0004   0546           00041     BSF     GPIO, GP2               ; turn led on
0005   09??           00042     CALL    DELAY                   ; wait
0006   0446           00043     BCF     GPIO, GP2               ; turn led off
0007   09??           00044     CALL    DELAY                   ; wait
0008   0A??           00045     GOTO    LOOP                    ; loop forever
                      00046 ;===============================================================================
                      00047 ;  Subroutines
                      00048 ;===============================================================================
0009                  00049 DELAY
0009   0CFF           00050     MOVLW   D'255'
000A   0030           00051     MOVWF   count1
000B   0000           00052     NOP
000C                  00053 iloop
000C   0CC8           00054     MOVLW   D'200'
000D   0031           00055     MOVWF   count2
000E   0000           00056     NOP
000F                  00057 jloop
000F   0C96           00058     MOVLW   D'150'
0010   0032           00059     MOVWF   count3
0011   0000           00060     NOP
0012                  00061 kloop
Message[305]: Using default destination of 1 (file).
0012   02F2           00062     DECFSZ  count3
0013   0A??           00063     GOTO    kloop
Message[305]: Using default destination of 1 (file).
0014   02F1           00064     DECFSZ  count2
0015   0A??           00065     GOTO    jloop
Message[305]: Using default destination of 1 (file).
0016   02F0           00066     DECFSZ  count1
0017   0A??           00067     GOTO    iloop
Warning[227]: Substituting RETLW 0 for RETURN pseudo-op
0018   0800           00068     RETURN
                      00069 ;*******************************************************************************
0FEB                  00070     END
MPASM 5.75                PIC_8B_GENERAL.ASM   10-21-2022  4:55:25         PAGE  3


SYMBOL TABLE
  LABEL                             VALUE 

C                                 00000000
CAL0                              00000001
CAL1                              00000002
CAL2                              00000003
CAL3                              00000004
CAL4                              00000005
CAL5                              00000006
CAL6                              00000007
DC                                00000001
DELAY                             00000009
F                                 00000001
FOSC4                             00000000
FSR                               00000004
GP0                               00000000
GP1                               00000001
GP2                               00000002
GP3                               00000003
GPIO                              00000006
GPWUF                             00000007
INDF                              00000000
LOOP                              00000004
NOT_GPPU                          00000006
NOT_GPWU                          00000007
NOT_PD                            00000003
NOT_TO                            00000004
OSCCAL                            00000005
PCL                               00000002
PS0                               00000000
PS1                               00000001
PS2                               00000002
PSA                               00000003
RETFIE                            00000004
START                             00000000
STATUS                            00000003
T0CS                              00000005
T0SE                              00000004
TMR0                              00000001
TRISIO0                           00000000
TRISIO1                           00000001
TRISIO2                           00000002
TRISIO3                           00000003
W                                 00000000
Z                                 00000002
_CONFIG                           00000FFF
_CP_OFF                           00000FFF
_CP_ON                            00000FF7
_IDLOC0                           00000100
_IDLOC1                           00000101
_IDLOC2                           00000102
_IDLOC3                           00000103
_IntRC_OSC                        00000FFF
_MCLRE_OFF                        00000FEF
_MCLRE_ON                         00000FFF
MPASM 5.75                PIC_8B_GENERAL.ASM   10-21-2022  4:55:25         PAGE  4


SYMBOL TABLE
  LABEL                             VALUE 

_OSC_IntRC                        00000FFF
_WDTE_OFF                         00000FFB
_WDTE_ON                          00000FFF
_WDT_OFF                          00000FFB
_WDT_ON                           00000FFF
__10F200                          00000001
count1                            00000010
count2                            00000011
count3                            00000012
iloop                             0000000C
jloop                             0000000F
kloop                             00000012

Errors   :     0
Warnings :     5 reported,     0 suppressed
Messages :     3 reported,     0 suppressed

