MPASM 5.75                 PIC_8B_SIMPLE.ASM   10-24-2022  1:06:14         PAGE  1


LOC  OBJECT CODE     LINE SOURCE TEXT
  VALUE

                      00001 ;=================================================================
                      00002 #include "p12f675.inc"
                      00001         LIST
                      00002 
                      00003 ;==========================================================================
                      00004 ; Build date : Jul 02 2017
                      00005 ;  MPASM PIC12F675 processor include
                      00006 ; 
                      00007 ;  (c) Copyright 1999-2017 Microchip Technology, All rights reserved
                      00008 ;==========================================================================
                      00009 
                      00367         LIST
                      00003 
                      00004 ; __config 0xF1B5
2007   3F94           00005  __CONFIG _FOSC_INTRCIO & _WDTE_OFF & _PWRTE_OFF & _MCLRE_OFF & _BOREN_OFF & _CP_OFF & _CPD_OFF
                      00006 
                      00007 ;=================================================================
                      00008 ; MACROS
                      00009 ;============================================================
                      00010 ; Macros to select the register banks
                      00011 Bank0   MACRO               ; Select RAM bank 0
                      00012         BCF     STATUS,RP0
                      00013         ENDM
                      00014 ;----------------------------------------------
                      00015 Bank1   MACRO               ; Select RAM bank 1
                      00016         BSF     STATUS,RP0
                      00017         ENDM    
                      00018 ;===============================================================================
                      00019 ; variables in PIC RAM
                      00020 ;===============================================================================        
                      00021 ; Constant value        
  0000000C            00022 OFFSET     EQU      H'0C'       
                      00023 ;-------------------------------------------------------------------------------
                      00024            
                      00025 ; Global variables
Warning[205]: Found directive in column 1. (CBLOCK)
                      00026 CBLOCK           H'20'   ; Start of memory block
  00000020            00027     count1
  00000021            00028     count2
  00000022            00029     count3
  00000023            00030     count4
Warning[205]: Found directive in column 1. (ENDC)
                      00031 ENDC
                      00032 ;===============================================================================
                      00033 RES_VECT  CODE    H'0000'           ; processor reset vector
0000   2???           00034     GOTO    START                   ; go to beginning of program
                      00035 ;===============================================================================
                      00036 ; add interrupts here if used
                      00037     ORG     H'0004'
Warning[207]: Found label after column 1. (REFTIE)
0004                  00038     REFTIE
                      00039 ;===============================================================================    
                      00040 ; PROGRAM
MPASM 5.75                 PIC_8B_SIMPLE.ASM   10-24-2022  1:06:14         PAGE  2


LOC  OBJECT CODE     LINE SOURCE TEXT
  VALUE

                      00041 ;===============================================================================
                      00042 MAIN_PROG CODE                      ; let linker place main program
                      00043 
0000                  00044 START
                      00045     Bank0           
0000   1283               M         BCF     STATUS,RP0
0001   0185           00046     CLRF    GPIO                    ; clear gpio
0002   3007           00047     MOVLW   H'07'                   ; copy value to W reg
0003   0099           00048     MOVWF   CMCON                   ; turn off comparators
                      00049     ;---------------------------------------------------------------------------
                      00050     Bank1                           ; select bank 1  
0004   1683               M         BSF     STATUS,RP0
Message[302]: Register in operand not in bank 0.  Ensure that bank bits are correct.
0005   019F           00051     CLRF    ANSEL                   ; gpio as digital
Message[302]: Register in operand not in bank 0.  Ensure that bank bits are correct.
0006   0185           00052     CLRF    TRISIO                  ; clear port to set it as output 
                      00053                                     ; this is done according to the datasheet --
0007   23FF           00054     CALL    3FFh                    ; get CALL value to callibrate
Message[302]: Register in operand not in bank 0.  Ensure that bank bits are correct.
0008   0090           00055     MOVWF   OSCCAL                  ; the 4 MHz internal oscillator ------------
0009   3085           00056     MOVLW   H'85'                   ; B'1000 0101', prescaler 1:256
Message[302]: Register in operand not in bank 0.  Ensure that bank bits are correct.
000A   0081           00057     MOVWF   OPTION_REG      
                      00058         ; bit7 - rbpu (internal pull-ups), 0 enable, 1 disabled
                      00059         ; bit6 - intedg, 0 falling edge, 1 raising edge
                      00060         ; bit5 - tocs (tmr0 clock src), 0 - interal clock, 1 ra4/tockI bit src
                      00061         ; bit4 - tose (tmr0 edge select), 0 inc low-to-high, 1 inc high-to-low
                      00062         ; bit3 - psa (prescaler assing) 1 to WDT, 0 to timer0
                      00063         ; bit2-0: value for timer0 prescaler --> *101* = 1:64, 111 = 1:256**
                      00064         ; 000 = 1:2, 010 = 1:8, 100 = 1:32, 110 = 1:128, 001 = 1:3, 011 = 1:16
                      00065         
                      00066 ;-------------------------------------------------------------------------------    
                      00067     Bank0                           ; go back bank 0
000B   1283               M         BCF     STATUS,RP0
000C   0185           00068     CLRF    GPIO                    ; set all gpio as output
000D   0064           00069     CLRWDT                          ; clear watchdog timer
                      00070     
                      00071 ;*******************************************************************************
                      00072 ;   Main routine
                      00073 ;*******************************************************************************
000E                  00074 MAIN
                      00075     
000E   2???           00076     CALL    BLINK_LEDS
000F   2???           00077     GOTO    MAIN
                      00078 
                      00079 ;*******************************************************************************
                      00080 ;   subroutines
                      00081 ;*******************************************************************************
0010                  00082 BLINK_LEDS
                      00083     
0010   0181           00084     CLRF    TMR0                                    ; since the prescaler is 
0011   110B           00085     BCF     INTCON, T0IF                            ; 1:64, so 0.016384 s is the
0012   301F           00086     MOVLW   D'31'                                   ; overflow, wich should be
MPASM 5.75                 PIC_8B_SIMPLE.ASM   10-24-2022  1:06:14         PAGE  3


LOC  OBJECT CODE     LINE SOURCE TEXT
  VALUE

0013   00A0           00087     MOVWF   count1                                  ; counted 31 times.
0014   303E           00088     MOVLW   D'62'                                   ; overflow, wich should be
0015   00A1           00089     MOVWF   count2                                  ; counted 31 times.
0016   307C           00090     MOVLW   D'124'                                  ; overflow, wich should be
0017   00A2           00091     MOVWF   count3                                  ; counted 31 times.
0018   30F8           00092     MOVLW   D'248'                                  ; overflow, wich should be
0019   00A3           00093     MOVWF   count4                                  ; counted 31 times.
001A   1D0B           00094 L1  BTFSS   INTCON, T0IF                            ; when TMR0 counts up to
001B   2???           00095     GOTO    L1                                      ; 255, the flag is set
001C   0181           00096     CLRF    TMR0
001D   110B           00097     BCF     INTCON, T0IF
001E                  00098 TASK1  
Message[305]: Using default destination of 1 (file).
001E   0BA0           00099     DECFSZ  count1                                  ; a cycle of 31 overflows
001F   2???           00100     GOTO    L1                                      ; is need to create a 0.5 s
0020   3001           00101     MOVLW   (1<<GP0)                                ; delay, use 62 for 1 sec
Message[305]: Using default destination of 1 (file).
0021   0685           00102     XORWF   GPIO
0022   301F           00103     MOVLW   D'31'
0023   00A0           00104     MOVWF   count1
0024                  00105 TASK2    
Message[305]: Using default destination of 1 (file).
0024   0BA1           00106     DECFSZ  count2                                  ; a cycle of 62 overflows
0025   2???           00107     GOTO    L1                                      ; is needed to create a
0026   3002           00108     MOVLW   (1<<GP1)                                ; one second-long delay
Message[305]: Using default destination of 1 (file).
0027   0685           00109     XORWF   GPIO
0028   303E           00110     MOVLW   D'62'
0029   00A1           00111     MOVWF   count2
002A                  00112 TASK3  
Message[305]: Using default destination of 1 (file).
002A   0BA2           00113     DECFSZ  count3                                  ; a cycle of 62*2 overflows
002B   2???           00114     GOTO    L1                                      ; is needed to create a
002C   3004           00115     MOVLW   (1<<GP2)                                ; 2 second delay
Message[305]: Using default destination of 1 (file).
002D   0685           00116     XORWF   GPIO
002E   307C           00117     MOVLW   D'124'
002F   00A2           00118     MOVWF   count3
0030                  00119 TASK4  
Message[305]: Using default destination of 1 (file).
0030   0BA3           00120     DECFSZ  count4                                  ; a cycle of 124*2 overflows
0031   2???           00121     GOTO    L1                                      ; is needed to create a
0032   3008           00122     MOVLW   (1<<GP3)                                ; 4 second delay
Message[305]: Using default destination of 1 (file).
0033   0685           00123     XORWF   GPIO
0034   30F8           00124     MOVLW   D'248'
0035   00A3           00125     MOVWF   count4
                      00126   
0036   0008           00127     RETURN
                      00128 ;*******************************************************************************
                      00129 ;   end of program
                      00130 ;*******************************************************************************
3F94                  00131     END
MPASM 5.75                 PIC_8B_SIMPLE.ASM   10-24-2022  1:06:14         PAGE  4


SYMBOL TABLE
  LABEL                             VALUE 

ADCON0                            0000001F
ADCS0                             00000004
ADCS1                             00000005
ADCS2                             00000006
ADFM                              00000007
ADIE                              00000006
ADIF                              00000006
ADON                              00000000
ADRESH                            0000001E
ADRESL                            0000009E
ANS0                              00000000
ANS1                              00000001
ANS2                              00000002
ANS3                              00000003
ANSEL                             0000009F
BLINK_LEDS                        00000010
Bank0                             
Bank1                             
C                                 00000000
CAL0                              00000002
CAL1                              00000003
CAL2                              00000004
CAL3                              00000005
CAL4                              00000006
CAL5                              00000007
CHS0                              00000002
CHS1                              00000003
CINV                              00000004
CIS                               00000003
CM0                               00000000
CM1                               00000001
CM2                               00000002
CMCON                             00000019
CMIE                              00000003
CMIF                              00000003
COUT                              00000006
DC                                00000001
EEADR                             0000009B
EECON1                            0000009C
EECON2                            0000009D
EEDAT                             0000009A
EEDATA                            0000009A
EEIE                              00000007
EEIF                              00000007
F                                 00000001
FSR                               00000004
GIE                               00000007
GO                                00000001
GO_DONE                           00000001
GO_NOT_DONE                       00000001
GP0                               00000000
GP1                               00000001
GP2                               00000002
MPASM 5.75                 PIC_8B_SIMPLE.ASM   10-24-2022  1:06:14         PAGE  5


SYMBOL TABLE
  LABEL                             VALUE 

GP3                               00000003
GP4                               00000004
GP5                               00000005
GPIE                              00000003
GPIF                              00000000
GPIO                              00000005
GPIO0                             00000000
GPIO1                             00000001
GPIO2                             00000002
GPIO3                             00000003
GPIO4                             00000004
GPIO5                             00000005
INDF                              00000000
INTCON                            0000000B
INTE                              00000004
INTEDG                            00000006
INTF                              00000001
IOC                               00000096
IOC0                              00000000
IOC1                              00000001
IOC2                              00000002
IOC3                              00000003
IOC4                              00000004
IOC5                              00000005
IOCB                              00000096
IOCB0                             00000000
IOCB1                             00000001
IOCB2                             00000002
IOCB3                             00000003
IOCB4                             00000004
IOCB5                             00000005
IRP                               00000007
L1                                0000001A
MAIN                              0000000E
NOT_BOD                           00000000
NOT_BOR                           00000000
NOT_DONE                          00000001
NOT_GPPU                          00000007
NOT_PD                            00000003
NOT_POR                           00000001
NOT_T1SYNC                        00000002
NOT_TO                            00000004
OFFSET                            0000000C
OPTION_REG                        00000081
OSCCAL                            00000090
PCL                               00000002
PCLATH                            0000000A
PCON                              0000008E
PEIE                              00000006
PIE1                              0000008C
PIR1                              0000000C
PS0                               00000000
PS1                               00000001
MPASM 5.75                 PIC_8B_SIMPLE.ASM   10-24-2022  1:06:14         PAGE  6


SYMBOL TABLE
  LABEL                             VALUE 

PS2                               00000002
PSA                               00000003
RD                                00000000
REFTIE                            00000004
RP0                               00000005
RP1                               00000006
START                             00000000
STATUS                            00000003
T0CS                              00000005
T0IE                              00000005
T0IF                              00000002
T0SE                              00000004
T1CKPS0                           00000004
T1CKPS1                           00000005
T1CON                             00000010
T1IE                              00000000
T1IF                              00000000
T1OSCEN                           00000003
TASK1                             0000001E
TASK2                             00000024
TASK3                             0000002A
TASK4                             00000030
TMR0                              00000001
TMR0IE                            00000005
TMR0IF                            00000002
TMR1                              0000000E
TMR1CS                            00000001
TMR1GE                            00000006
TMR1H                             0000000F
TMR1IE                            00000000
TMR1IF                            00000000
TMR1L                             0000000E
TMR1ON                            00000000
TRISIO                            00000085
TRISIO0                           00000000
TRISIO1                           00000001
TRISIO2                           00000002
TRISIO3                           00000003
TRISIO4                           00000004
TRISIO5                           00000005
VCFG                              00000006
VR0                               00000000
VR1                               00000001
VR2                               00000002
VR3                               00000003
VRCON                             00000099
VREN                              00000007
VRR                               00000005
W                                 00000000
WPU                               00000095
WPU0                              00000000
WPU1                              00000001
WPU2                              00000002
MPASM 5.75                 PIC_8B_SIMPLE.ASM   10-24-2022  1:06:14         PAGE  7


SYMBOL TABLE
  LABEL                             VALUE 

WPU4                              00000004
WPU5                              00000005
WR                                00000001
WREN                              00000002
WRERR                             00000003
Z                                 00000002
_BODEN_OFF                        00003FBF
_BODEN_ON                         00003FFF
_BOREN_OFF                        00003FBF
_BOREN_ON                         00003FFF
_CONFIG                           00002007
_CPD_OFF                          00003FFF
_CPD_ON                           00003EFF
_CP_OFF                           00003FFF
_CP_ON                            00003F7F
_DEVID1                           00002006
_EC_OSC                           00003FFB
_EXTRC_OSC_CLKOUT                 00003FFF
_EXTRC_OSC_NOCLKOUT               00003FFE
_FOSC_EC                          00003FFB
_FOSC_EXTRCCLK                    00003FFF
_FOSC_EXTRCIO                     00003FFE
_FOSC_HS                          00003FFA
_FOSC_INTRCCLK                    00003FFD
_FOSC_INTRCIO                     00003FFC
_FOSC_LP                          00003FF8
_FOSC_XT                          00003FF9
_HS_OSC                           00003FFA
_IDLOC0                           00002000
_IDLOC1                           00002001
_IDLOC2                           00002002
_IDLOC3                           00002003
_INTRC_OSC_CLKOUT                 00003FFD
_INTRC_OSC_NOCLKOUT               00003FFC
_LP_OSC                           00003FF8
_MCLRE_OFF                        00003FDF
_MCLRE_ON                         00003FFF
_PWRTE_OFF                        00003FFF
_PWRTE_ON                         00003FEF
_WDTE_OFF                         00003FF7
_WDTE_ON                          00003FFF
_WDT_OFF                          00003FF7
_WDT_ON                           00003FFF
_XT_OSC                           00003FF9
__12F675                          00000001
count1                            00000020
count2                            00000021
count3                            00000022
count4                            00000023

MPASM 5.75                 PIC_8B_SIMPLE.ASM   10-24-2022  1:06:14         PAGE  8





Errors   :     0
Warnings :     3 reported,     0 suppressed
Messages :    12 reported,     0 suppressed

