MPASM 5.75                PIC_8B_GENERAL.ASM   9-29-2022  1:42:46         PAGE  1


LOC  OBJECT CODE     LINE SOURCE TEXT
  VALUE

                      00001 ;
                      00002 ;  Create a STATE CHANGE every 5 button presses
                      00003 ;*******************************************************************************
                      00004 #include "p16f887.inc"
                      00001         LIST
                      00002 
                      00003 ;==========================================================================
                      00004 ; Build date : Jul 02 2017
                      00005 ;  MPASM PIC16F887 processor include
                      00006 ; 
                      00007 ;  (c) Copyright 1999-2017 Microchip Technology, All rights reserved
                      00008 ;==========================================================================
                      00009 
                      00810         LIST
                      00005 
                      00006 ; CONFIG1
                      00007 ; __config 0xE0D2
2007   20D2           00008  __CONFIG _CONFIG1, _FOSC_HS & _WDTE_OFF & _PWRTE_OFF & _MCLRE_OFF & _CP_OFF & _CPD_OFF & _BOREN_OFF & _
                            IESO_OFF & _FCMEN_OFF & _LVP_OFF
                      00009 ; CONFIG2
                      00010 ; __config 0xFEFF
2008   3EFF           00011  __CONFIG _CONFIG2, _BOR4V_BOR21V & _WRT_OFF
                      00012  
                      00013 ; TODO PLACE VARIABLE DEFINITIONS GO HERE
                      00014  #define BANK0    BCF STATUS,RP0
                      00015  #define BANK1    BSF STATUS,RP0
                      00016  
                      00017  ; LCD wiring to pic
                      00018  #define RS_PIN   PORTB,RB2 ; CHOOSE COMMAND OR WRITING MODE
                      00019  #define EN_PIN   PORTB,RB1 ; ENABLE INFORMATION
                      00020  
                      00021 ;*******************************************************************************
Warning[207]: Found label after column 1. (TIME1)
  00000020            00022   TIME1   EQU H'20'
Warning[207]: Found label after column 1. (TIME2)
  00000021            00023   TIME2   EQU H'21'
Warning[207]: Found label after column 1. (COUNT)
  00000022            00024   COUNT   EQU H'22'   
                      00025         
                      00026 ; Reset Vector
                      00027 ;*******************************************************************************
                      00028 
                      00029 RES_VECT  CODE    0x0000            ; processor reset vector
0000   2???           00030     GOTO    START                   ; go to beginning of program
                      00031 
                      00032 ;*******************************************************************************
                      00033 
                      00034 ; TODO INSERT ISR HERE
                      00035         ORG     H'0004'         ; WITH D'8' AND D'12' creates a 500ms delay
0004   0009           00036         RETFIE
                      00037 ;*******************************************************************************
                      00038 ; MAIN PROGRAM
                      00039 ;*******************************************************************************
MPASM 5.75                PIC_8B_GENERAL.ASM   9-29-2022  1:42:46         PAGE  2


LOC  OBJECT CODE     LINE SOURCE TEXT
  VALUE

                      00040 
                      00041 MAIN_PROG CODE                      ; let linker place main program
                      00042 
0000                  00043 START
                      00044         ; TODO Step #5 - Insert Your Program Here
0000   1683           00045             BANK1
0001   3003           00046             MOVLW       H'03'               ; b'0000 0011'
Message[302]: Register in operand not in bank 0.  Ensure that bank bits are correct.
0002   0086           00047             MOVWF       TRISB               ; 8 outputs
                      00048           
0003   1283           00049             BANK0
0004   1806           00050             BTFSC       PORTB,RB0           ; button is wired to this pin
0005   2???           00051             GOTO        $ -1
0006   2???           00052             GOTO        INIT_LCD            ; when btn is pressed, init LCD
                      00053 
                      00054 ; ------------ MAIN ROUTINE ---------------------------------------------------
0007                  00055 INIT_LCD
0007   3018           00056             MOVLW       B'0011000'          ; SET D4 and D5 to HIGH level
0008   0086           00057             MOVWF       PORTB
                      00058         
0009   3003           00059             MOVLW       D'3'
000A   00A2           00060             MOVWF       COUNT
                      00061             
000B   1486           00062 REPEAT_3    BSF         EN_PIN          ; set and clear ENABLE three times
000C   1086           00063             BCF         EN_PIN
000D   2???           00064             CALL        WAIT
Message[305]: Using default destination of 1 (file).
000E   0BA2           00065             DECFSZ      COUNT
000F   2???           00066             GOTO        REPEAT_3 
                      00067             
0010   3020           00068             MOVLW       B'00100000'
0011   0086           00069             MOVWF       PORTB
                      00070             
0012   3002           00071             MOVLW       D'2'
0013   00A2           00072             MOVWF       COUNT
                      00073             
0014   1486           00074 REPEAT_2    BSF         EN_PIN          ; set and clear ENABLE twice
0015   1086           00075             BCF         EN_PIN
0016   2???           00076             CALL        WAIT
Message[305]: Using default destination of 1 (file).
0017   0BA2           00077             DECFSZ      COUNT
0018   2???           00078             GOTO        REPEAT_2 
                      00079             
0019   3080           00080             MOVLW       B'10000000'
001A   0086           00081             MOVWF       PORTB
                      00082             
001B   1486           00083             BSF         EN_PIN          ; set and clear ENABLE once
001C   1086           00084             BCF         EN_PIN
001D   2???           00085             CALL        WAIT
                      00086             
001E   0186           00087             CLRF        PORTB
                      00088             
001F   1486           00089             BSF         EN_PIN          ; set and clear ENABLE ONCE
MPASM 5.75                PIC_8B_GENERAL.ASM   9-29-2022  1:42:46         PAGE  3


LOC  OBJECT CODE     LINE SOURCE TEXT
  VALUE

0020   1086           00090             BCF         EN_PIN
0021   2???           00091             CALL        WAIT
                      00092             
0022   30F0           00093             MOVLW       H'F0'           ; D7, D6, D5, D4 at high level
0023   0086           00094             MOVWF       PORTB
                      00095 
0024   1486           00096             BSF         EN_PIN          ; set and clear ENABLE ONCE
0025   1086           00097             BCF         EN_PIN
0026   2???           00098             CALL        WAIT
                      00099 ; ---------------------------- ROUTINE ----------------------------------------
                      00100             
0027   1886           00101             BTFSC       PORTB,RB1
0028   2???           00102             GOTO        $ -1
0029   2???           00103             GOTO        LCD_WRITE
                      00104 
                      00105 ; -----------------------------------------------------------------------------
002A                  00106 LCD_WRITE
                      00107 ; == LETTER 'C' ====================
002A   3044           00108             MOVLW       B'01000100'
002B   0086           00109             MOVWF       PORTB
002C   1486           00110             BSF         EN_PIN
002D   1086           00111             BCF         EN_PIN
002E   2???           00112             CALL        WAIT
                      00113             
002F   3034           00114             MOVLW       B'00110100'
0030   0086           00115             MOVWF       PORTB
0031   1486           00116             BSF         EN_PIN
0032   1086           00117             BCF         EN_PIN
0033   2???           00118             CALL        WAIT
                      00119             
                      00120 ; == LETTER 'A' ====================
0034   3044           00121             MOVLW       B'01000100'
0035   0086           00122             MOVWF       PORTB
0036   1486           00123             BSF         EN_PIN
0037   1086           00124             BCF         EN_PIN
0038   2???           00125             CALL        WAIT
                      00126             
0039   3014           00127             MOVLW       B'00010100'
003A   0086           00128             MOVWF       PORTB
003B   1486           00129             BSF         EN_PIN
003C   1086           00130             BCF         EN_PIN
003D   2???           00131             CALL        WAIT
                      00132             
                      00133 ; == LETTER 'N' ======================
003E   3044           00134             MOVLW       B'01000100'
003F   0086           00135             MOVWF       PORTB
0040   1486           00136             BSF         EN_PIN
0041   1086           00137             BCF         EN_PIN
0042   2???           00138             CALL        WAIT
                      00139             
0043   30E4           00140             MOVLW       B'11100100'
0044   0086           00141             MOVWF       PORTB
0045   1486           00142             BSF         EN_PIN
MPASM 5.75                PIC_8B_GENERAL.ASM   9-29-2022  1:42:46         PAGE  4


LOC  OBJECT CODE     LINE SOURCE TEXT
  VALUE

0046   1086           00143             BCF         EN_PIN
0047   2???           00144             CALL        WAIT
                      00145             
                      00146 ; == LETTER 'A' =====================
0048   3044           00147             MOVLW       B'01000100'
0049   0086           00148             MOVWF       PORTB
004A   1486           00149             BSF         EN_PIN
004B   1086           00150             BCF         EN_PIN
004C   2???           00151             CALL        WAIT
                      00152             
004D   3014           00153             MOVLW       B'00010100'
004E   0086           00154             MOVWF       PORTB
004F   1486           00155             BSF         EN_PIN
0050   1086           00156             BCF         EN_PIN
0051   2???           00157             CALL        WAIT
                      00158             
                      00159 ; == LETTER 'L' =====================
0052   3044           00160             MOVLW       B'01000100'
0053   0086           00161             MOVWF       PORTB
0054   1486           00162             BSF         EN_PIN
0055   1086           00163             BCF         EN_PIN
0056   2???           00164             CALL        WAIT
                      00165             
0057   30C4           00166             MOVLW       B'11000100'
0058   0086           00167             MOVWF       PORTB
0059   1486           00168             BSF         EN_PIN
005A   1086           00169             BCF         EN_PIN
005B   2???           00170             CALL        WAIT
                      00171 
                      00172 ; ========================= DELAY SUBROUTINE ===================================
005C                  00173 WAIT
005C   3064           00174             MOVLW       D'100'
005D   00A0           00175             MOVWF       TIME1
                      00176             
005E   30FF           00177 FOR         MOVLW       D'255'
005F   00A1           00178             MOVWF       TIME2
Message[305]: Using default destination of 1 (file).
0060   0BA1           00179             DECFSZ      TIME2
0061   2???           00180             GOTO        $ -1
Message[305]: Using default destination of 1 (file).
0062   0BA0           00181             DECFSZ      TIME1
0063   2???           00182             GOTO        FOR
                      00183             
0064   0008           00184             RETURN
                      00185 ; -----------------------------------------------------------------------------
                      00186             
20D2 3EFF             00187             END
MPASM 5.75                PIC_8B_GENERAL.ASM   9-29-2022  1:42:46         PAGE  5


SYMBOL TABLE
  LABEL                             VALUE 

ABDEN                             00000000
ABDOVF                            00000007
ACKDT                             00000005
ACKEN                             00000004
ACKSTAT                           00000006
ADCON0                            0000001F
ADCON1                            0000009F
ADCS0                             00000006
ADCS1                             00000007
ADDEN                             00000003
ADFM                              00000007
ADIE                              00000006
ADIF                              00000006
ADON                              00000000
ADRESH                            0000001E
ADRESL                            0000009E
ANS0                              00000000
ANS1                              00000001
ANS10                             00000002
ANS11                             00000003
ANS12                             00000004
ANS13                             00000005
ANS2                              00000002
ANS3                              00000003
ANS4                              00000004
ANS5                              00000005
ANS6                              00000006
ANS7                              00000007
ANS8                              00000000
ANS9                              00000001
ANSEL                             00000188
ANSELH                            00000189
BANK0                             BCF STATUS,RP0
BANK1                             BSF STATUS,RP0
BAUDCTL                           00000187
BCLIE                             00000003
BCLIF                             00000003
BF                                00000000
BRG0                              00000000
BRG1                              00000001
BRG10                             00000002
BRG11                             00000003
BRG12                             00000004
BRG13                             00000005
BRG14                             00000006
BRG15                             00000007
BRG16                             00000003
BRG2                              00000002
BRG3                              00000003
BRG4                              00000004
BRG5                              00000005
BRG6                              00000006
BRG7                              00000007
MPASM 5.75                PIC_8B_GENERAL.ASM   9-29-2022  1:42:46         PAGE  6


SYMBOL TABLE
  LABEL                             VALUE 

BRG8                              00000000
BRG9                              00000001
BRGH                              00000002
C                                 00000000
C1CH0                             00000000
C1CH1                             00000001
C1IE                              00000005
C1IF                              00000005
C1OE                              00000005
C1ON                              00000007
C1OUT                             00000006
C1POL                             00000004
C1R                               00000002
C1RSEL                            00000005
C1SEN                             00000005
C2CH0                             00000000
C2CH1                             00000001
C2IE                              00000006
C2IF                              00000006
C2OE                              00000005
C2ON                              00000007
C2OUT                             00000006
C2POL                             00000004
C2R                               00000002
C2REN                             00000004
C2RSEL                            00000004
C2SYNC                            00000000
CCP1CON                           00000017
CCP1IE                            00000002
CCP1IF                            00000002
CCP1M0                            00000000
CCP1M1                            00000001
CCP1M2                            00000002
CCP1M3                            00000003
CCP1X                             00000005
CCP1Y                             00000004
CCP2CON                           0000001D
CCP2IE                            00000000
CCP2IF                            00000000
CCP2M0                            00000000
CCP2M1                            00000001
CCP2M2                            00000002
CCP2M3                            00000003
CCP2X                             00000005
CCP2Y                             00000004
CCPR1                             00000015
CCPR1H                            00000016
CCPR1L                            00000015
CCPR2                             0000001B
CCPR2H                            0000001C
CCPR2L                            0000001B
CHS0                              00000002
CHS1                              00000003
MPASM 5.75                PIC_8B_GENERAL.ASM   9-29-2022  1:42:46         PAGE  7


SYMBOL TABLE
  LABEL                             VALUE 

CHS2                              00000004
CHS3                              00000005
CKE                               00000006
CKP                               00000004
CM1CON0                           00000107
CM2CON0                           00000108
CM2CON1                           00000109
COUNT                             00000022
CREN                              00000004
CSRC                              00000007
D                                 00000005
DATA_ADDRESS                      00000005
DC                                00000001
DC1B0                             00000004
DC1B1                             00000005
DC2B0                             00000004
DC2B1                             00000005
D_A                               00000005
D_NOT_A                           00000005
ECCPAS                            0000009C
ECCPAS0                           00000004
ECCPAS1                           00000005
ECCPAS2                           00000006
ECCPASE                           00000007
EEADR                             0000010D
EEADRH                            0000010F
EECON1                            0000018C
EECON2                            0000018D
EEDAT                             0000010C
EEDATA                            0000010C
EEDATH                            0000010E
EEIE                              00000004
EEIF                              00000004
EEPGD                             00000007
EN_PIN                            PORTB,RB1
F                                 00000001
FERR                              00000002
FOR                               0000005E
FSR                               00000004
FVREN                             00000000
GCEN                              00000007
GIE                               00000007
GO                                00000001
GO_DONE                           00000001
GO_NOT_DONE                       00000001
HTS                               00000002
I2C_DATA                          00000005
I2C_READ                          00000002
I2C_START                         00000003
I2C_STOP                          00000004
INDF                              00000000
INIT_LCD                          00000007
INTCON                            0000000B
MPASM 5.75                PIC_8B_GENERAL.ASM   9-29-2022  1:42:46         PAGE  8


SYMBOL TABLE
  LABEL                             VALUE 

INTE                              00000004
INTEDG                            00000006
INTF                              00000001
IOCB                              00000096
IOCB0                             00000000
IOCB1                             00000001
IOCB2                             00000002
IOCB3                             00000003
IOCB4                             00000004
IOCB5                             00000005
IOCB6                             00000006
IOCB7                             00000007
IRCF0                             00000004
IRCF1                             00000005
IRCF2                             00000006
IRP                               00000007
LCD_WRITE                         0000002A
LTS                               00000001
MC1OUT                            00000007
MC2OUT                            00000006
MSK                               00000093
MSK0                              00000000
MSK1                              00000001
MSK2                              00000002
MSK3                              00000003
MSK4                              00000004
MSK5                              00000005
MSK6                              00000006
MSK7                              00000007
NOT_A                             00000005
NOT_ADDRESS                       00000005
NOT_BO                            00000000
NOT_BOR                           00000000
NOT_DONE                          00000001
NOT_PD                            00000003
NOT_POR                           00000001
NOT_RBPU                          00000007
NOT_RC8                           00000006
NOT_T1SYNC                        00000002
NOT_TO                            00000004
NOT_TX8                           00000006
NOT_W                             00000002
NOT_WRITE                         00000002
OERR                              00000001
OPTION_REG                        00000081
OSCCON                            0000008F
OSCTUNE                           00000090
OSFIE                             00000007
OSFIF                             00000007
OSTS                              00000003
P                                 00000004
P1M0                              00000006
P1M1                              00000007
MPASM 5.75                PIC_8B_GENERAL.ASM   9-29-2022  1:42:46         PAGE  9


SYMBOL TABLE
  LABEL                             VALUE 

PCL                               00000002
PCLATH                            0000000A
PCON                              0000008E
PDC0                              00000000
PDC1                              00000001
PDC2                              00000002
PDC3                              00000003
PDC4                              00000004
PDC5                              00000005
PDC6                              00000006
PEIE                              00000006
PEN                               00000002
PIE1                              0000008C
PIE2                              0000008D
PIR1                              0000000C
PIR2                              0000000D
PORTA                             00000005
PORTB                             00000006
PORTC                             00000007
PORTD                             00000008
PORTE                             00000009
PR2                               00000092
PRSEN                             00000007
PS0                               00000000
PS1                               00000001
PS2                               00000002
PSA                               00000003
PSSAC0                            00000002
PSSAC1                            00000003
PSSBD0                            00000000
PSSBD1                            00000001
PSTRCON                           0000009D
PULSR                             00000002
PULSS                             00000003
PWM1CON                           0000009B
R                                 00000002
RA0                               00000000
RA1                               00000001
RA2                               00000002
RA3                               00000003
RA4                               00000004
RA5                               00000005
RA6                               00000006
RA7                               00000007
RB0                               00000000
RB1                               00000001
RB2                               00000002
RB3                               00000003
RB4                               00000004
RB5                               00000005
RB6                               00000006
RB7                               00000007
RBIE                              00000003
MPASM 5.75                PIC_8B_GENERAL.ASM   9-29-2022  1:42:46         PAGE 10


SYMBOL TABLE
  LABEL                             VALUE 

RBIF                              00000000
RC0                               00000000
RC1                               00000001
RC2                               00000002
RC3                               00000003
RC4                               00000004
RC5                               00000005
RC6                               00000006
RC7                               00000007
RC8_9                             00000006
RC9                               00000006
RCD8                              00000000
RCEN                              00000003
RCIDL                             00000006
RCIE                              00000005
RCIF                              00000005
RCREG                             0000001A
RCSTA                             00000018
RD                                00000000
RD0                               00000000
RD1                               00000001
RD2                               00000002
RD3                               00000003
RD4                               00000004
RD5                               00000005
RD6                               00000006
RD7                               00000007
RE0                               00000000
RE1                               00000001
RE2                               00000002
RE3                               00000003
READ_WRITE                        00000002
REPEAT_2                          00000014
REPEAT_3                          0000000B
RP0                               00000005
RP1                               00000006
RSEN                              00000001
RS_PIN                            PORTB,RB2
RX9                               00000006
RX9D                              00000000
R_NOT_W                           00000002
R_W                               00000002
S                                 00000003
SBOREN                            00000004
SCKP                              00000004
SCS                               00000000
SEN                               00000000
SENDB                             00000003
SMP                               00000007
SPBRG                             00000099
SPBRGH                            0000009A
SPEN                              00000007
SR0                               00000006
MPASM 5.75                PIC_8B_GENERAL.ASM   9-29-2022  1:42:46         PAGE 11


SYMBOL TABLE
  LABEL                             VALUE 

SR1                               00000007
SRCON                             00000185
SREN                              00000005
SSPADD                            00000093
SSPBUF                            00000013
SSPCON                            00000014
SSPCON2                           00000091
SSPEN                             00000005
SSPIE                             00000003
SSPIF                             00000003
SSPM0                             00000000
SSPM1                             00000001
SSPM2                             00000002
SSPM3                             00000003
SSPMSK                            00000093
SSPOV                             00000006
SSPSTAT                           00000094
START                             00000000
STATUS                            00000003
STRA                              00000000
STRB                              00000001
STRC                              00000002
STRD                              00000003
STRSYNC                           00000004
SWDTEN                            00000000
SYNC                              00000004
T0CS                              00000005
T0IE                              00000005
T0IF                              00000002
T0SE                              00000004
T1CKPS0                           00000004
T1CKPS1                           00000005
T1CON                             00000010
T1GINV                            00000007
T1GIV                             00000007
T1GSS                             00000001
T1INSYNC                          00000002
T1OSCEN                           00000003
T1SYNC                            00000002
T2CKPS0                           00000000
T2CKPS1                           00000001
T2CON                             00000012
TIME1                             00000020
TIME2                             00000021
TMR0                              00000001
TMR0IE                            00000005
TMR0IF                            00000002
TMR1                              0000000E
TMR1CS                            00000001
TMR1GE                            00000006
TMR1H                             0000000F
TMR1IE                            00000000
TMR1IF                            00000000
MPASM 5.75                PIC_8B_GENERAL.ASM   9-29-2022  1:42:46         PAGE 12


SYMBOL TABLE
  LABEL                             VALUE 

TMR1L                             0000000E
TMR1ON                            00000000
TMR2                              00000011
TMR2IE                            00000001
TMR2IF                            00000001
TMR2ON                            00000002
TOUTPS0                           00000003
TOUTPS1                           00000004
TOUTPS2                           00000005
TOUTPS3                           00000006
TRISA                             00000085
TRISA0                            00000000
TRISA1                            00000001
TRISA2                            00000002
TRISA3                            00000003
TRISA4                            00000004
TRISA5                            00000005
TRISA6                            00000006
TRISA7                            00000007
TRISB                             00000086
TRISB0                            00000000
TRISB1                            00000001
TRISB2                            00000002
TRISB3                            00000003
TRISB4                            00000004
TRISB5                            00000005
TRISB6                            00000006
TRISB7                            00000007
TRISC                             00000087
TRISC0                            00000000
TRISC1                            00000001
TRISC2                            00000002
TRISC3                            00000003
TRISC4                            00000004
TRISC5                            00000005
TRISC6                            00000006
TRISC7                            00000007
TRISD                             00000088
TRISD0                            00000000
TRISD1                            00000001
TRISD2                            00000002
TRISD3                            00000003
TRISD4                            00000004
TRISD5                            00000005
TRISD6                            00000006
TRISD7                            00000007
TRISE                             00000089
TRISE0                            00000000
TRISE1                            00000001
TRISE2                            00000002
TRISE3                            00000003
TRMT                              00000001
TUN0                              00000000
MPASM 5.75                PIC_8B_GENERAL.ASM   9-29-2022  1:42:46         PAGE 13


SYMBOL TABLE
  LABEL                             VALUE 

TUN1                              00000001
TUN2                              00000002
TUN3                              00000003
TUN4                              00000004
TX8_9                             00000006
TX9                               00000006
TX9D                              00000000
TXD8                              00000000
TXEN                              00000005
TXIE                              00000004
TXIF                              00000004
TXREG                             00000019
TXSTA                             00000098
UA                                00000001
ULPWUE                            00000005
ULPWUIE                           00000002
ULPWUIF                           00000002
VCFG0                             00000004
VCFG1                             00000005
VR0                               00000000
VR1                               00000001
VR2                               00000002
VR3                               00000003
VRCON                             00000097
VREN                              00000007
VROE                              00000006
VRR                               00000005
VRSS                              00000004
W                                 00000000
WAIT                              0000005C
WCOL                              00000007
WDTCON                            00000105
WDTPS0                            00000001
WDTPS1                            00000002
WDTPS2                            00000003
WDTPS3                            00000004
WPUB                              00000095
WPUB0                             00000000
WPUB1                             00000001
WPUB2                             00000002
WPUB3                             00000003
WPUB4                             00000004
WPUB5                             00000005
WPUB6                             00000006
WPUB7                             00000007
WR                                00000001
WREN                              00000002
WRERR                             00000003
WUE                               00000001
Z                                 00000002
_BOR21V                           00003EFF
_BOR40V                           00003FFF
_BOR4V_BOR21V                     00003EFF
MPASM 5.75                PIC_8B_GENERAL.ASM   9-29-2022  1:42:46         PAGE 14


SYMBOL TABLE
  LABEL                             VALUE 

_BOR4V_BOR40V                     00003FFF
_BOREN_NSLEEP                     00003EFF
_BOREN_OFF                        00003CFF
_BOREN_ON                         00003FFF
_BOREN_SBODEN                     00003DFF
_BOR_NSLEEP                       00003EFF
_BOR_OFF                          00003CFF
_BOR_ON                           00003FFF
_BOR_SBODEN                       00003DFF
_CONFIG1                          00002007
_CONFIG2                          00002008
_CPD_OFF                          00003FFF
_CPD_ON                           00003F7F
_CP_OFF                           00003FFF
_CP_ON                            00003FBF
_DEBUG_OFF                        00003FFF
_DEBUG_ON                         00001FFF
_DEVID1                           00002006
_EC_OSC                           00003FFB
_EXTRC                            00003FFF
_EXTRCIO                          00003FFE
_EXTRC_OSC_CLKOUT                 00003FFF
_EXTRC_OSC_NOCLKOUT               00003FFE
_FCMEN_OFF                        000037FF
_FCMEN_ON                         00003FFF
_FOSC_EC                          00003FFB
_FOSC_EXTRC_CLKOUT                00003FFF
_FOSC_EXTRC_NOCLKOUT              00003FFE
_FOSC_HS                          00003FFA
_FOSC_INTRC_CLKOUT                00003FFD
_FOSC_INTRC_NOCLKOUT              00003FFC
_FOSC_LP                          00003FF8
_FOSC_XT                          00003FF9
_HS_OSC                           00003FFA
_IDLOC0                           00002000
_IDLOC1                           00002001
_IDLOC2                           00002002
_IDLOC3                           00002003
_IESO_OFF                         00003BFF
_IESO_ON                          00003FFF
_INTOSC                           00003FFD
_INTOSCIO                         00003FFC
_INTRC_OSC_CLKOUT                 00003FFD
_INTRC_OSC_NOCLKOUT               00003FFC
_LP_OSC                           00003FF8
_LVP_OFF                          00002FFF
_LVP_ON                           00003FFF
_MAIN_PROG_0005                   00000005
_MAIN_PROG_0028                   00000028
_MAIN_PROG_0061                   00000061
_MCLRE_OFF                        00003FDF
_MCLRE_ON                         00003FFF
_PWRTE_OFF                        00003FFF
MPASM 5.75                PIC_8B_GENERAL.ASM   9-29-2022  1:42:46         PAGE 15


SYMBOL TABLE
  LABEL                             VALUE 

_PWRTE_ON                         00003FEF
_WDTE_OFF                         00003FF7
_WDTE_ON                          00003FFF
_WDT_OFF                          00003FF7
_WDT_ON                           00003FFF
_WRT_1FOURTH                      00003BFF
_WRT_256                          00003DFF
_WRT_HALF                         000039FF
_WRT_OFF                          00003FFF
_XT_OSC                           00003FF9
__16F887                          00000001

Errors   :     0
Warnings :     3 reported,     0 suppressed
Messages :     5 reported,     0 suppressed

