MPASM 5.75             NEWPIC_8B_GENERAL.ASM   10-12-2022  0:41:15         PAGE  1


LOC  OBJECT CODE     LINE SOURCE TEXT
  VALUE

                      00001 ;*******************************************************************************
                      00002 ; TWO multiplexed
                      00003 ; 7 segment displays - common cathode ( - ), they're turned on by a HIGH signal.
                      00004 ;    
                      00005 ; wiring: a -> rb1, b -> rb2, c -> rb3, d -> rb4 
                      00006 ;          e -> rb5, f -> rb6, g -> rb7
                      00007 ;    
                      00008 ;           btn2 -> ra5
                      00009 ;           btn1 -> rb0  bc547(1) -> RA1, bc547(2) ->RA0 
                      00010 ;    
                      00011 ; pic with an internal 16 MHz crystal
                      00012 ;
                      00013 ;*******************************************************************************
                      00014     
                      00015 #include "p16f628a.inc"
                      00001         LIST
                      00002 
                      00003 ;==========================================================================
                      00004 ; Build date : Jul 02 2017
                      00005 ;  MPASM PIC16F628A processor include
                      00006 ; 
                      00007 ;  (c) Copyright 1999-2017 Microchip Technology, All rights reserved
                      00008 ;==========================================================================
                      00009 
                      00386         LIST
                      00016 
                      00017 ; CONFIG
                      00018 ; __config 0xFF19
2007   3F19           00019  __CONFIG _FOSC_INTOSCCLK & _WDTE_OFF & _PWRTE_OFF & _MCLRE_OFF & _BOREN_OFF & _LVP_OFF & _CPD_OFF & _CP
                            _OFF
                      00020 
                      00021 
                      00022 #define BANK0   BCF STATUS,RP0
                      00023 #define BANK1   BSF STATUS,RP0
                      00024 
                      00025 #define LED1    PORTA,RA3
                      00026 #define BTN1    PORTB,RB0
                      00027 
                      00028 #define LED2    PORTA,RA2
                      00029 #define BTN2    PORTA,RA5
                      00030 
                      00031 #define digit1  PORTA,RA1           ; MSB, transistor bc547
                      00032 #define digit2  PORTA,RA0           ; LSB, transistor bc547
                      00033 
                      00034 ; TODO PLACE VARIABLE DEFINITIONS GO HERE
Warning[205]: Found directive in column 1. (CBLOCK)
                      00035 CBLOCK      H'20'
  00000020            00036     OLD_STATUS
  00000021            00037     OLD_W
                      00038     
  00000022            00039     dez
  00000023            00040     uni
                      00041     
MPASM 5.75             NEWPIC_8B_GENERAL.ASM   10-12-2022  0:41:15         PAGE  2


LOC  OBJECT CODE     LINE SOURCE TEXT
  VALUE

  00000024            00042     flags
                      00043     
  00000025            00044     btn1_bounceA
  00000026            00045     btn1_bounceB
  00000027            00046     btn2_bounceA
  00000028            00047     btn2_bounceB
Warning[205]: Found directive in column 1. (ENDC)
                      00048 ENDC
                      00049     
                      00050 #define btn1_flag   flags,0         ; btn1 state flag
                      00051 #define btn2_flag   flags,1         ; btn2 state flag
                      00052     
                      00053 ; --- contants --- 
                      00054 ;  BOUNCE_BTN1A     equ     D'255'
                      00055 ;  BOUNCE_BTN1B     equ     D'8'
                      00056 ;  
                      00057 ;  BOUNCE_BTN2A     equ     D'255'
                      00058 ;  BOUNCE_BTN2B     equ     D'8'        
                      00059 ;    
                      00060 ;*******************************************************************************
                      00061 ; Reset Vector
                      00062 ;*******************************************************************************
                      00063 
                      00064 RES_VECT  CODE    0x0000            ; processor reset vector
0000   2???           00065     goto    START                   ; go to beginning of program
                      00066 
                      00067 ;*******************************************************************************
                      00068 
                      00069 ;*******************************************************************************
                      00070 
                      00071 ; TODO INSERT ISR HERE
                      00072         org         H'0004'
0004   2???           00073         goto        TMR0_ISR
                      00074 ;*******************************************************************************
                      00075 ; MAIN PROGRAM
                      00076 ;*******************************************************************************
                      00077 
                      00078 MAIN_PROG CODE                      ; let linker place main program
                      00079 
0000                  00080 START
                      00081     
0000   1683           00082     BANK1
0001   30F0           00083     movlw       H'F0'
Message[302]: Register in operand not in bank 0.  Ensure that bank bits are correct.
0002   0085           00084     movwf       TRISA               ; RA3, RA2, RA1, RA0 as outputs
0003   3001           00085     movlw       H'01'
Message[302]: Register in operand not in bank 0.  Ensure that bank bits are correct.
0004   0086           00086     movwf       TRISB               ; configures rb as output, except for
0005   3053           00087     movlw       H'53'
Message[302]: Register in operand not in bank 0.  Ensure that bank bits are correct.
0006   0081           00088     movwf       OPTION_REG          ; enable pull up, icrement tmr0 every machine cycle
                      00089     
0007   1283           00090     BANK0
MPASM 5.75             NEWPIC_8B_GENERAL.ASM   10-12-2022  0:41:15         PAGE  3


LOC  OBJECT CODE     LINE SOURCE TEXT
  VALUE

0008   3007           00091     movlw       H'07'               ; send value b1100 0000 to INTCON
0009   009F           00092     movwf       CMCON               ; turn off comparators
000A   30A0           00093     movlw       H'A0'               ; enable tmr0 interruption
000B   008B           00094     movwf       INTCON              ; enable also GIE
000C   01A4           00095     clrf        flags
000D   30FF           00096     movlw       H'FF'
000E   00A5           00097     movwf       btn1_bounceA
000F   3008           00098     movlw       H'08'
0010   00A6           00099     movwf       btn1_bounceB
0011   01A2           00100     clrf        dez                 ; prepare both variable for later use 
0012   01A3           00101     clrf        uni
                      00102 
0013                  00103 LOOP
0013   2???           00104     call        BTN1_PRESS
0014   2???           00105     call        BTN2_PRESS
0015   2???           00106     goto        LOOP
                      00107 
                      00108 ;------------------------------------------------------------------------------
                      00109 ; subroutine meant to update number showed on display
                      00110 ;------------------------------------------------------------------------------
0016                  00111 BTN1_PRESS
0016   1C24           00112     btfss       btn1_flag           ; has flag been set?
0017   2???           00113     goto        CHECK_BTN1          ; No, so jump to this label
0018   1C06           00114     btfss       BTN1                ; Yes, has btn been released?
0019   0008           00115     return                          ; No, so return
001A   1024           00116     bcf         btn1_flag           ; Yes, set the state flag
                      00117 ;------------------------------------------------------------------------------    
001B                  00118 CHECK_BTN1
001B   1806           00119     btfsc       BTN1                ; has btn been pressed?
001C   2???           00120     goto        DEBOUNCE1           ; No, jump to label
001D   0BA5           00121     decfsz      btn1_bounceA,F      ; Yes, decrement variable, and is it zero?
001E   0008           00122     return                          ; No, so return
001F   30FF           00123     movlw       H'FF'               ; Yes, so copy this value to the W reg
0020   00A5           00124     movwf       btn1_bounceA        ; and reload the variable
0021   0BA6           00125     decfsz      btn1_bounceB,F      ; decrement second variable
0022   0008           00126     return
0023   3008           00127     movlw       H'08'
0024   00A6           00128     movwf       btn1_bounceB        ; reload auxiliary register B
0025   1424           00129     bsf         btn1_flag           ; set button state flag
0026   03A3           00130     decf        uni,F
0027   300A           00131     movlw       H'0A'
0028   0623           00132     xorwf       uni,W
0029   1D03           00133     btfss       STATUS,Z
002A   0008           00134     return
002B   01A3           00135     clrf        uni
002C   0AA2           00136     incf        dez, F
002D   300A           00137     movlw       H'0A'
002E   0622           00138     xorwf       dez,W
002F   1D03           00139     btfss       STATUS,Z
0030   0008           00140     return
0031   01A2           00141     clrf        dez
0032   0008           00142     return
                      00143 ;------------------------------------------------------------------------------        
MPASM 5.75             NEWPIC_8B_GENERAL.ASM   10-12-2022  0:41:15         PAGE  4


LOC  OBJECT CODE     LINE SOURCE TEXT
  VALUE

0033                  00144 DEBOUNCE1   
0033   30FF           00145     movlw       H'FF'
0034   00A5           00146     movwf       btn1_bounceA
0035   3008           00147     movlw       H'08'
0036   00A6           00148     movwf       btn1_bounceB
0037   0008           00149     return
                      00150 ;------------------------------------------------------------------------------    
                      00151     
0038                  00152 BTN2_PRESS    
0038   1CA4           00153     btfss       btn2_flag           ; has flag been set?
0039   2???           00154     goto        CHECK_BTN2          ; No, so jump to this label
003A   1E85           00155     btfss       BTN2                ; Yes, has btn been released?
003B   0008           00156     return                          ; No, so return
003C   10A4           00157     bcf         btn2_flag           ; Yes, set the state flag
                      00158 ;-------------------------------------------------------------------------------
003D                  00159 CHECK_BTN2
003D   1A85           00160     btfsc       BTN2                ; has btn been pressed?
003E   2???           00161     goto        DEBOUNCE2           ; No, jump to label
003F   0BA7           00162     decfsz      btn2_bounceA,F      ; Yes, decrement variable, and is it zero?
0040   0008           00163     return                          ; No, so return
0041   30FF           00164     movlw       H'FF'               ; Yes, so copy this value to the W reg
0042   00A7           00165     movwf       btn2_bounceA        ; and reload the variable
0043   0BA8           00166     decfsz      btn2_bounceB,F      ; decrement second variable
0044   0008           00167     return
0045   3008           00168     movlw       H'08'
0046   00A8           00169     movwf       btn2_bounceB        ; reload auxiliary register B
0047   14A4           00170     bsf         btn2_flag           ; set button state flag
0048   03A3           00171     decf        uni,F
0049   30FF           00172     movlw       H'FF'
004A   0623           00173     xorwf       uni,W
004B   1D03           00174     btfss       STATUS,Z
004C   0008           00175     return
004D   3009           00176     movlw       H'09'
004E   00A3           00177     movwf       uni
004F   03A2           00178     decf        dez,F
0050   30FF           00179     movlw       H'FF'
0051   0622           00180     xorwf       dez,W
0052   1D03           00181     btfss       STATUS,Z
0053   0008           00182     return
0054   3009           00183     movlw       H'09'
0055   00A2           00184     movwf       dez
0056   0008           00185     return
                      00186     
                      00187 ;----------------------------------------------
Warning[207]: Found label after column 1. (DEBOUNCE2)
0057                  00188  DEBOUNCE2   
0057   30FF           00189     movlw       H'FF'
0058   00A7           00190     movwf       btn2_bounceA
0059   3008           00191     movlw       H'08'
005A   00A8           00192     movwf       btn2_bounceB
005B   0008           00193     return
                      00194 ;------------------------------------------------------------------------------    
005C                  00195 DISPLAY
MPASM 5.75             NEWPIC_8B_GENERAL.ASM   10-12-2022  0:41:15         PAGE  5


LOC  OBJECT CODE     LINE SOURCE TEXT
  VALUE

005C   0782           00196     addwf       PCL,F               ; PCL = PCL + W
                      00197                 ;  gfedcba
005D   34EE           00198     retlw       B'11101110'         ; returns '0'
005E   3428           00199     retlw       B'00101000'         ; returns '1'
005F   34CD           00200     retlw       B'11001101'         ; returns '2'
0060   346D           00201     retlw       B'01101101'         ; returns '3'
0061   342B           00202     retlw       B'00101011'         ; returns '4'
0062   3467           00203     retlw       B'01100111'         ; returns '4'
0063   34E7           00204     retlw       B'11100111'         ; returns '5'
0064   342C           00205     retlw       B'00101100'         ; returns '6'
0065   34EF           00206     retlw       B'11101111'         ; returns '7'
0066   34AF           00207     retlw       B'10101111'         ; returns '8'
0067   34E3           00208     retlw       B'11100011'         ; returns '9'
                      00209     
                      00210 ; -----------------------------------------------------------------------------    
0068                  00211 TMR0_ISR
                      00212     ; save context because of ISR latency --------------------------
0068   00A1           00213     movwf       OLD_W
0069   0E03           00214     swapf       STATUS,W
Warning[207]: Found label after column 1. (bank0)
006A                  00215     bank0
006A   00A0           00216     movwf       OLD_STATUS
                      00217     ; --------------------------------------------------------------
                      00218     
006B   1D0B           00219     btfss       INTCON, T0IF        ; has a timer 1 overflow happened?
006C   2???           00220     goto        exit_ISR            ; if not, just leave ISR
006D   110B           00221     bcf         INTCON, T0IF        ; clear interrupt flag
006E   1C85           00222     btfss       digit1
006F   2???           00223     goto        DIGIT2_OFF
0070   1085           00224     bcf         digit1
0071   0186           00225     clrf        PORTB
0072   1405           00226     bsf         digit2
0073   2???           00227     goto        COPY_UNIT
                      00228     
0074                  00229 DIGIT2_OFF
0074   1005           00230     bcf         digit2
0075   0186           00231     clrf        PORTB
0076   1485           00232     bsf         digit1
0077   0822           00233     movf        dez,W
0078   2???           00234     call        DISPLAY
0079   0086           00235     movwf       PORTB
007A   2???           00236     goto        exit_ISR
                      00237     
007B                  00238 COPY_UNIT
007B   0823           00239     movf        uni,W
007C   2???           00240     call        DISPLAY
007D   0086           00241     movwf       PORTB
                      00242 
                      00243 ; -------- recover saved context and exit --------------------
007E                  00244 exit_ISR
007E   0E20           00245     swapf       OLD_STATUS, W
007F   0083           00246     movwf       STATUS
0080   0EA1           00247     swapf       OLD_W, F
MPASM 5.75             NEWPIC_8B_GENERAL.ASM   10-12-2022  0:41:15         PAGE  6


LOC  OBJECT CODE     LINE SOURCE TEXT
  VALUE

0081   0E21           00248     swapf       OLD_W, W
                      00249     
0082   0009           00250     retfie   
                      00251 ;------------------------------------------------------------------------------
3F19                  00252     END 
MPASM 5.75             NEWPIC_8B_GENERAL.ASM   10-12-2022  0:41:15         PAGE  7


SYMBOL TABLE
  LABEL                             VALUE 

ADDEN                             00000003
ADEN                              00000003
BANK0                             BCF STATUS,RP0
BANK1                             BSF STATUS,RP0
BRGH                              00000002
BTN1                              PORTB,RB0
BTN1_PRESS                        00000016
BTN2                              PORTA,RA5
BTN2_PRESS                        00000038
C                                 00000000
C1INV                             00000004
C1OUT                             00000006
C2INV                             00000005
C2OUT                             00000007
CCP1CON                           00000017
CCP1IE                            00000002
CCP1IF                            00000002
CCP1M0                            00000000
CCP1M1                            00000001
CCP1M2                            00000002
CCP1M3                            00000003
CCP1X                             00000005
CCP1Y                             00000004
CCPR1                             00000015
CCPR1H                            00000016
CCPR1L                            00000015
CHECK_BTN1                        0000001B
CHECK_BTN2                        0000003D
CIS                               00000003
CM0                               00000000
CM1                               00000001
CM2                               00000002
CMCON                             0000001F
CMIE                              00000006
CMIF                              00000006
COPY_UNIT                         0000007B
CREN                              00000004
CSRC                              00000007
DATA_CP_OFF                       00003FFF
DATA_CP_ON                        00003EFF
DC                                00000001
DEBOUNCE1                         00000033
DEBOUNCE2                         00000057
DIGIT2_OFF                        00000074
DISPLAY                           0000005C
EEADR                             0000009B
EECON1                            0000009C
EECON2                            0000009D
EEDATA                            0000009A
EEIE                              00000007
EEIF                              00000007
F                                 00000001
FERR                              00000002
MPASM 5.75             NEWPIC_8B_GENERAL.ASM   10-12-2022  0:41:15         PAGE  8


SYMBOL TABLE
  LABEL                             VALUE 

FSR                               00000004
GIE                               00000007
INDF                              00000000
INTCON                            0000000B
INTE                              00000004
INTEDG                            00000006
INTF                              00000001
IRP                               00000007
LED1                              PORTA,RA3
LED2                              PORTA,RA2
LOOP                              00000013
NOT_BO                            00000000
NOT_BOD                           00000000
NOT_BOR                           00000000
NOT_PD                            00000003
NOT_POR                           00000001
NOT_RBPU                          00000007
NOT_T1SYNC                        00000002
NOT_TO                            00000004
OERR                              00000001
OLD_STATUS                        00000020
OLD_W                             00000021
OPTION_REG                        00000081
OSCF                              00000003
PCL                               00000002
PCLATH                            0000000A
PCON                              0000008E
PEIE                              00000006
PIE1                              0000008C
PIR1                              0000000C
PORTA                             00000005
PORTB                             00000006
PR2                               00000092
PS0                               00000000
PS1                               00000001
PS2                               00000002
PSA                               00000003
RA0                               00000000
RA1                               00000001
RA2                               00000002
RA3                               00000003
RA4                               00000004
RA5                               00000005
RA6                               00000006
RA7                               00000007
RB0                               00000000
RB1                               00000001
RB2                               00000002
RB3                               00000003
RB4                               00000004
RB5                               00000005
RB6                               00000006
RB7                               00000007
MPASM 5.75             NEWPIC_8B_GENERAL.ASM   10-12-2022  0:41:15         PAGE  9


SYMBOL TABLE
  LABEL                             VALUE 

RBIE                              00000003
RBIF                              00000000
RCIE                              00000005
RCIF                              00000005
RCREG                             0000001A
RCSTA                             00000018
RD                                00000000
RP0                               00000005
RP1                               00000006
RX9                               00000006
RX9D                              00000000
SPBRG                             00000099
SPEN                              00000007
SREN                              00000005
START                             00000000
STATUS                            00000003
SYNC                              00000004
T0CS                              00000005
T0IE                              00000005
T0IF                              00000002
T0SE                              00000004
T1CKPS0                           00000004
T1CKPS1                           00000005
T1CON                             00000010
T1OSCEN                           00000003
T2CKPS0                           00000000
T2CKPS1                           00000001
T2CON                             00000012
TMR0                              00000001
TMR0IE                            00000005
TMR0IF                            00000002
TMR0_ISR                          00000068
TMR1                              0000000E
TMR1CS                            00000001
TMR1H                             0000000F
TMR1IE                            00000000
TMR1IF                            00000000
TMR1L                             0000000E
TMR1ON                            00000000
TMR2                              00000011
TMR2IE                            00000001
TMR2IF                            00000001
TMR2ON                            00000002
TOUTPS0                           00000003
TOUTPS1                           00000004
TOUTPS2                           00000005
TOUTPS3                           00000006
TRISA                             00000085
TRISA0                            00000000
TRISA1                            00000001
TRISA2                            00000002
TRISA3                            00000003
TRISA4                            00000004
MPASM 5.75             NEWPIC_8B_GENERAL.ASM   10-12-2022  0:41:15         PAGE 10


SYMBOL TABLE
  LABEL                             VALUE 

TRISA5                            00000005
TRISA6                            00000006
TRISA7                            00000007
TRISB                             00000086
TRISB0                            00000000
TRISB1                            00000001
TRISB2                            00000002
TRISB3                            00000003
TRISB4                            00000004
TRISB5                            00000005
TRISB6                            00000006
TRISB7                            00000007
TRMT                              00000001
TX9                               00000006
TX9D                              00000000
TXEN                              00000005
TXIE                              00000004
TXIF                              00000004
TXREG                             00000019
TXSTA                             00000098
VR0                               00000000
VR1                               00000001
VR2                               00000002
VR3                               00000003
VRCON                             0000009F
VREN                              00000007
VROE                              00000006
VRR                               00000005
W                                 00000000
WR                                00000001
WREN                              00000002
WRERR                             00000003
Z                                 00000002
_BODEN_OFF                        00003FBF
_BODEN_ON                         00003FFF
_BOREN_OFF                        00003FBF
_BOREN_ON                         00003FFF
_CONFIG                           00002007
_CPD_OFF                          00003FFF
_CPD_ON                           00003EFF
_CP_OFF                           00003FFF
_CP_ON                            00001FFF
_DEVID1                           00002006
_ER_OSC_CLKOUT                    00003FFF
_ER_OSC_NOCLKOUT                  00003FFE
_EXTCLK_OSC                       00003FEF
_FOSC_ECIO                        00003FEF
_FOSC_EXTRCCLK                    00003FFF
_FOSC_EXTRCIO                     00003FFE
_FOSC_HS                          00003FEE
_FOSC_INTOSCCLK                   00003FFD
_FOSC_INTOSCIO                    00003FFC
_FOSC_LP                          00003FEC
MPASM 5.75             NEWPIC_8B_GENERAL.ASM   10-12-2022  0:41:15         PAGE 11


SYMBOL TABLE
  LABEL                             VALUE 

_FOSC_XT                          00003FED
_HS_OSC                           00003FEE
_IDLOC0                           00002000
_IDLOC1                           00002001
_IDLOC2                           00002002
_IDLOC3                           00002003
_INTOSC_OSC_CLKOUT                00003FFD
_INTOSC_OSC_NOCLKOUT              00003FFC
_INTRC_OSC_CLKOUT                 00003FFD
_INTRC_OSC_NOCLKOUT               00003FFC
_LP_OSC                           00003FEC
_LVP_OFF                          00003F7F
_LVP_ON                           00003FFF
_MCLRE_OFF                        00003FDF
_MCLRE_ON                         00003FFF
_PWRTE_OFF                        00003FFF
_PWRTE_ON                         00003FF7
_RC_OSC_CLKOUT                    00003FFF
_RC_OSC_NOCLKOUT                  00003FFE
_WDTE_OFF                         00003FFB
_WDTE_ON                          00003FFF
_WDT_OFF                          00003FFB
_WDT_ON                           00003FFF
_XT_OSC                           00003FED
__16F628A                         00000001
bank0                             0000006A
btn1_bounceA                      00000025
btn1_bounceB                      00000026
btn1_flag                         flags,0
btn2_bounceA                      00000027
btn2_bounceB                      00000028
btn2_flag                         flags,1
dez                               00000022
digit1                            PORTA,RA1
digit2                            PORTA,RA0
exit_ISR                          0000007E
flags                             00000024
uni                               00000023

Errors   :     0
Warnings :     4 reported,     0 suppressed
Messages :     3 reported,     0 suppressed

