MPASM 5.75                PIC_8B_GENERAL.ASM   9-27-2022  23:56:27         PAGE  1


LOC  OBJECT CODE     LINE SOURCE TEXT
  VALUE

                      00001 
                      00002 ;*******************************************************************************
                      00003 #include "p16f887.inc"
                      00001         LIST
                      00002 
                      00003 ;==========================================================================
                      00004 ; Build date : Jul 02 2017
                      00005 ;  MPASM PIC16F887 processor include
                      00006 ; 
                      00007 ;  (c) Copyright 1999-2017 Microchip Technology, All rights reserved
                      00008 ;==========================================================================
                      00009 
                      00810         LIST
                      00004 
                      00005 ; CONFIG1
                      00006 ; __config 0xE0D2
2007   20D2           00007  __CONFIG _CONFIG1, _FOSC_HS & _WDTE_OFF & _PWRTE_OFF & _MCLRE_OFF & _CP_OFF & _CPD_OFF & _BOREN_OFF & _
                            IESO_OFF & _FCMEN_OFF & _LVP_OFF
                      00008 ; CONFIG2
                      00009 ; __config 0xFEFF
2008   3EFF           00010  __CONFIG _CONFIG2, _BOR4V_BOR21V & _WRT_OFF
                      00011  
                      00012 ; TODO PLACE VARIABLE DEFINITIONS GO HERE
                      00013  #define BANK0  BCF STATUS,RP0
                      00014  #define BANK1  BSF STATUS,RP0
                      00015  #define BUTTON PORTB,RB0
                      00016  
                      00017 ;******************************************************************************
                      00018   cblock        H'20'   ; REGISTRADORES DE USO GERAL, 'VARIAVEIS
                      00019                         ; INICIO DO REGISTRADOR
  00000020            00020     J                   ; counter used in delay routine
  00000021            00021     K                   ; counter used in delay routine
  00000022            00022     OLD_W               ; context saving storage
  00000023            00023     OLD_STATUS          ; context saving storage
  00000024            00024     COUNT1              ; auxiliary counter
  00000025            00025     COUNT2              ; ISR counter
  00000026            00026     BITS_B47            ; storage for previous value in portB, bits 4-7
  00000027            00027     READING             ; temporary storage
                      00028   endc
                      00029 ;*******************************************************************************
                      00030 ; Reset Vector
                      00031 ;*******************************************************************************
                      00032 
                      00033 RES_VECT  CODE    0x0000            ; processor reset vector
0000   2???           00034     GOTO    START                   ; go to beginning of program
                      00035 
                      00036 ;*******************************************************************************
                      00037 ; TODO Step #4 - Interrupt Service Routines
                      00038 ;
                      00039 ; There are a few different ways to structure interrupt routines in the 8
                      00040 ; bit device families.  On PIC18's the high priority and low priority
                      00041 ; interrupts are located at 0x0008 and 0x0018, respectively.  On PIC16's and
                      00042 ; lower the interrupt is at 0x0004.  Between device families there is subtle
MPASM 5.75                PIC_8B_GENERAL.ASM   9-27-2022  23:56:27         PAGE  2


LOC  OBJECT CODE     LINE SOURCE TEXT
  VALUE

                      00043 ; variation in the both the hardware supporting the ISR (for restoring
                      00044 ; interrupt context) as well as the software used to restore the context
                      00045 ; (without corrupting the STATUS bits).
                      00046 ;
                      00047 ; General formats are shown below in relocatible format.
                      00048 ;
                      00049 ;------------------------------PIC16's and below--------------------------------
                      00050 ;
                      00051 ; ISR       CODE    0x0004           ; interrupt vector location
                      00052 ;
                      00053 ;     <Search the device datasheet for 'context' and copy interrupt
                      00054 ;     context saving code here.  Older devices need context saving code,
                      00055 ;     but newer devices like the 16F#### don't need context saving code.>
                      00056 ;
                      00057 ;     RETFIE
                      00058 ;
                      00059 ;----------------------------------PIC18's--------------------------------------
                      00060 ;
                      00061 ; ISRHV     CODE    0x0008
                      00062 ;     GOTO    HIGH_ISR
                      00063 ; ISRLV     CODE    0x0018
                      00064 ;     GOTO    LOW_ISR
                      00065 ;
                      00066 ; ISRH      CODE                     ; let linker place high ISR routine
                      00067 ; HIGH_ISR
                      00068 ;     <Insert High Priority ISR Here - no SW context saving>
                      00069 ;     RETFIE  FAST
                      00070 ;
                      00071 ; ISRL      CODE                     ; let linker place low ISR routine
                      00072 ; LOW_ISR
                      00073 ;       <Search the device datasheet for 'context' and copy interrupt
                      00074 ;       context saving code here>
                      00075 ;     RETFIE
                      00076 ;
                      00077 ;*******************************************************************************
                      00078 
                      00079 ; TODO INSERT ISR HERE
                      00080         ORG         H'0004'
0004   2???           00081         GOTO    ISR
                      00082 ;*******************************************************************************
                      00083 ; MAIN PROGRAM
                      00084 ;*******************************************************************************
                      00085 
                      00086 MAIN_PROG CODE                      ; let linker place main program
                      00087 
0000                  00088 START
                      00089 
                      00090     ; TODO Step #5 - Insert Your Program Here
0000   1683           00091         BANK1
0001   30F0           00092         MOVLW       H'F0'           ; bit0 input for button
Message[302]: Register in operand not in bank 0.  Ensure that bank bits are correct.
0002   0086           00093         MOVWF       TRISB           ; 4 inputs + 4 outputs
0003   3000           00094         MOVLW       H'00'           ; set port-a for output
MPASM 5.75                PIC_8B_GENERAL.ASM   9-27-2022  23:56:27         PAGE  3


LOC  OBJECT CODE     LINE SOURCE TEXT
  VALUE

Message[302]: Register in operand not in bank 0.  Ensure that bank bits are correct.
0004   0085           00095         MOVWF       TRISA
                      00096         
0005   30BF           00097         MOVLW       H'BF'           ; B'1011 1111'
Message[302]: Register in operand not in bank 0.  Ensure that bank bits are correct.
0006   0081           00098         MOVWF       OPTION_REG      ; set up interrupT on falling edge
                      00099 
0007   1283           00100         BANK0
0008   3003           00101         MOVLW       H'03'           ; set LEDs on line 0 and 1
0009   0085           00102         MOVWF       PORTA
000A   3000           00103         MOVLW       H'00'
000B   0086           00104         MOVWF       PORTB           ; clear all port-B pins
                      00105         
                      00106 ; ===========================
                      00107 ;   setup interrupt routines
                      00108 ; ===========================
                      00109 ; CLEAR external interupt flag, int = bit 1
000C   100B           00110         BCF         INTCON,RBIF
                      00111         
000D   178B           00112         BSF         INTCON,GIE     ; enable global interrupt, bit 7
000E   160B           00113         BSF         INTCON,INTE    ; enable RB0 pin interrupt, bit 4
                      00114 
                      00115 ; =================================
                      00116 ;  flash led wired to portb, line 2
                      00117 ; =================================
000F                  00118 LIGHTS
000F   0000           00119         NOP         ; main program does nothing, all action takes
                      00120                     ; place in the interrupt service routine
0010   2???           00121         GOTO        LIGHTS
                      00122 ; ==========================================
                      00123 ;    interrupt service routine - ISR
                      00124 ; ==========================================
                      00125 ; this ISR receives control when there is action
                      00126 ; on pushbutton switch wired to portb, line 0
0011                  00127 ISR
0011   1C0B           00128         BTFSS       INTCON,RBIF     ; check if src is an RB0 interrupt
0012   2???           00129         GOTO        NOT_PRESSED
                      00130         
0013   00A2           00131         MOVWF       OLD_W           ; save context in W register
0014   0E03           00132         SWAPF       STATUS,W        ; set STATUS to W
0015   00A3           00133         MOVWF       OLD_STATUS      ; save STATUS
                      00134         
                      00135 ; ====================================
                      00136 ;  interrupt action
                      00137 ; ====================================
                      00138 ; HERE the interrupt occurs when any of port-b bits 4 to 7
                      00139 ; have changed their logical status
0016   0806           00140         MOVF        PORTB,W         ; read port-b bits
0017   00A7           00141         MOVWF       READING         ; save read status
0018   06A6           00142         XORWF       BITS_B47,F      ; XOR with old bits
                      00143                                     ; store result in F register
0019   1A26           00144         BTFSC       BITS_B47,RB4    ; test bit 4
001A   2???           00145         GOTO        RB4_CHNG
MPASM 5.75                PIC_8B_GENERAL.ASM   9-27-2022  23:56:27         PAGE  4


LOC  OBJECT CODE     LINE SOURCE TEXT
  VALUE

                      00146         
001B   1BA6           00147         BTFSC       BITS_B47,RB7
001C   2???           00148         GOTO        RB7_CHNG
                      00149         
001D   2???           00150         GOTO        BTN_RELEASE     ; invalid port line change. Exit
                      00151         
                      00152 ; ---------bit 4 change routine due button press ------------------------------
001E                  00153 RB4_CHNG
001E   1A06           00154         BTFSC       PORTB,RB4       ; is bit 4 high
                      00155                                     ; has button been pressed?
001F   2???           00156         GOTO        BTN_RELEASE     ; bit is high, igore it
                      00157         
0020   3002           00158         MOVLW       H'02'           ; toggle bit 1 of port-a
0021   0685           00159         XORWF       PORTA,F         ; xoring will produce its complement
0022   2???           00160         GOTO        BTN_RELEASE
                      00161 
                      00162 ; ---------bit 7 change routine due button press ------------------------------
0023                  00163 RB7_CHNG
0023   1B86           00164         BTFSC       PORTB,RB7       ; has button been pressed? is bit high?
0024   2???           00165         GOTO        EXIT_ISR
                      00166         
0025   3001           00167         MOVLW       H'01'           ; toggle second led by xoring
0026   0685           00168         XORWF       PORTA,F
                      00169 
0027                  00170 BTN_RELEASE
0027   2???           00171         CALL        DELAY           ; debounce switch
0028   0806           00172         MOVF        PORTB,W         ; read port-b into W
0029   3990           00173         ANDLW       H'90'           ; B'1001000' - eliminate unused bits
002A   1903           00174         BTFSC       STATUS,Z        ; check for zero
002B   2???           00175         GOTO        BTN_RELEASE     ; wait a while
                      00176         
                      00177 ; at this point all port-b pushbuttons have been released
                      00178 
                      00179 ; ------------ SUBROUTINE ------------------------------------------------------
002C                  00180 EXIT_ISR                            ; store new value of portB
002C   0827           00181         MOVF        READING,W       ; into W register
002D   00A6           00182         MOVWF       BITS_B47        ; copy value into this register
                      00183 ; restore context
002E   0E23           00184         SWAPF       OLD_STATUS,W
002F   0803           00185         MOVFW       STATUS
0030   0EA2           00186         SWAPF       OLD_W,F
0031   0E22           00187         SWAPF       OLD_W,W
                      00188 
                      00189 ; ------------ SUBROUTINE 2 -----------------------------------------------------
                      00190 ; reset interrupt
0032                  00191 NOT_PRESSED
0032   100B           00192         BCF         INTCON,RBIF     ; clear intcon bit 0
0033   0009           00193         RETFIE
                      00194 ; ------------ SUBROUTINE 3 -----------------------------------------------------
                      00195 ; procedure meant to delay 10 machine cycles
0034                  00196 DELAY
0034   3006           00197         MOVLW       D'6'            ; repeat 18 machine cycles
0035   00A4           00198         MOVWF       COUNT1
MPASM 5.75                PIC_8B_GENERAL.ASM   9-27-2022  23:56:27         PAGE  5


LOC  OBJECT CODE     LINE SOURCE TEXT
  VALUE

0036                  00199 REPEAT
0036   0BA4           00200         DECFSZ      COUNT1,F        ; decrement counter
0037   2???           00201         GOTO        REPEAT          ; continue if not 0
0038   0008           00202         RETURN
                      00203 ; ------------ SUBROUTINE 4 -----------------------------------------------------
                      00204 ; THIS IS USED FOR DEBUGGING
0039                  00205 LONG_DELAY
0039   30C8           00206         MOVLW       D'200'
003A   00A0           00207         MOVWF       J               ; endereco de onde se comeca a guardar variaveis
003B                  00208 JLOOP
003B   00A1           00209         MOVWF       K
003C                  00210 KLOOP
003C   0BA1           00211         DECFSZ      K,F
003D   2???           00212         GOTO        KLOOP
                      00213         
003E   0BA0           00214         DECFSZ      J,F
003F   2???           00215         GOTO        JLOOP
0040   0008           00216         RETURN
                      00217         
                      00218 ; -----------------------------------------------------------------------------
20D2 3EFF             00219         END
MPASM 5.75                PIC_8B_GENERAL.ASM   9-27-2022  23:56:27         PAGE  6


SYMBOL TABLE
  LABEL                             VALUE 

ABDEN                             00000000
ABDOVF                            00000007
ACKDT                             00000005
ACKEN                             00000004
ACKSTAT                           00000006
ADCON0                            0000001F
ADCON1                            0000009F
ADCS0                             00000006
ADCS1                             00000007
ADDEN                             00000003
ADFM                              00000007
ADIE                              00000006
ADIF                              00000006
ADON                              00000000
ADRESH                            0000001E
ADRESL                            0000009E
ANS0                              00000000
ANS1                              00000001
ANS10                             00000002
ANS11                             00000003
ANS12                             00000004
ANS13                             00000005
ANS2                              00000002
ANS3                              00000003
ANS4                              00000004
ANS5                              00000005
ANS6                              00000006
ANS7                              00000007
ANS8                              00000000
ANS9                              00000001
ANSEL                             00000188
ANSELH                            00000189
BANK0                             BCF STATUS,RP0
BANK1                             BSF STATUS,RP0
BAUDCTL                           00000187
BCLIE                             00000003
BCLIF                             00000003
BF                                00000000
BITS_B47                          00000026
BRG0                              00000000
BRG1                              00000001
BRG10                             00000002
BRG11                             00000003
BRG12                             00000004
BRG13                             00000005
BRG14                             00000006
BRG15                             00000007
BRG16                             00000003
BRG2                              00000002
BRG3                              00000003
BRG4                              00000004
BRG5                              00000005
BRG6                              00000006
MPASM 5.75                PIC_8B_GENERAL.ASM   9-27-2022  23:56:27         PAGE  7


SYMBOL TABLE
  LABEL                             VALUE 

BRG7                              00000007
BRG8                              00000000
BRG9                              00000001
BRGH                              00000002
BTN_RELEASE                       00000027
BUTTON                            PORTB,RB0
C                                 00000000
C1CH0                             00000000
C1CH1                             00000001
C1IE                              00000005
C1IF                              00000005
C1OE                              00000005
C1ON                              00000007
C1OUT                             00000006
C1POL                             00000004
C1R                               00000002
C1RSEL                            00000005
C1SEN                             00000005
C2CH0                             00000000
C2CH1                             00000001
C2IE                              00000006
C2IF                              00000006
C2OE                              00000005
C2ON                              00000007
C2OUT                             00000006
C2POL                             00000004
C2R                               00000002
C2REN                             00000004
C2RSEL                            00000004
C2SYNC                            00000000
CCP1CON                           00000017
CCP1IE                            00000002
CCP1IF                            00000002
CCP1M0                            00000000
CCP1M1                            00000001
CCP1M2                            00000002
CCP1M3                            00000003
CCP1X                             00000005
CCP1Y                             00000004
CCP2CON                           0000001D
CCP2IE                            00000000
CCP2IF                            00000000
CCP2M0                            00000000
CCP2M1                            00000001
CCP2M2                            00000002
CCP2M3                            00000003
CCP2X                             00000005
CCP2Y                             00000004
CCPR1                             00000015
CCPR1H                            00000016
CCPR1L                            00000015
CCPR2                             0000001B
CCPR2H                            0000001C
MPASM 5.75                PIC_8B_GENERAL.ASM   9-27-2022  23:56:27         PAGE  8


SYMBOL TABLE
  LABEL                             VALUE 

CCPR2L                            0000001B
CHS0                              00000002
CHS1                              00000003
CHS2                              00000004
CHS3                              00000005
CKE                               00000006
CKP                               00000004
CM1CON0                           00000107
CM2CON0                           00000108
CM2CON1                           00000109
COUNT1                            00000024
COUNT2                            00000025
CREN                              00000004
CSRC                              00000007
D                                 00000005
DATA_ADDRESS                      00000005
DC                                00000001
DC1B0                             00000004
DC1B1                             00000005
DC2B0                             00000004
DC2B1                             00000005
DELAY                             00000034
D_A                               00000005
D_NOT_A                           00000005
ECCPAS                            0000009C
ECCPAS0                           00000004
ECCPAS1                           00000005
ECCPAS2                           00000006
ECCPASE                           00000007
EEADR                             0000010D
EEADRH                            0000010F
EECON1                            0000018C
EECON2                            0000018D
EEDAT                             0000010C
EEDATA                            0000010C
EEDATH                            0000010E
EEIE                              00000004
EEIF                              00000004
EEPGD                             00000007
EXIT_ISR                          0000002C
F                                 00000001
FERR                              00000002
FSR                               00000004
FVREN                             00000000
GCEN                              00000007
GIE                               00000007
GO                                00000001
GO_DONE                           00000001
GO_NOT_DONE                       00000001
HTS                               00000002
I2C_DATA                          00000005
I2C_READ                          00000002
I2C_START                         00000003
MPASM 5.75                PIC_8B_GENERAL.ASM   9-27-2022  23:56:27         PAGE  9


SYMBOL TABLE
  LABEL                             VALUE 

I2C_STOP                          00000004
INDF                              00000000
INTCON                            0000000B
INTE                              00000004
INTEDG                            00000006
INTF                              00000001
IOCB                              00000096
IOCB0                             00000000
IOCB1                             00000001
IOCB2                             00000002
IOCB3                             00000003
IOCB4                             00000004
IOCB5                             00000005
IOCB6                             00000006
IOCB7                             00000007
IRCF0                             00000004
IRCF1                             00000005
IRCF2                             00000006
IRP                               00000007
ISR                               00000011
J                                 00000020
JLOOP                             0000003B
K                                 00000021
KLOOP                             0000003C
LIGHTS                            0000000F
LONG_DELAY                        00000039
LTS                               00000001
MC1OUT                            00000007
MC2OUT                            00000006
MSK                               00000093
MSK0                              00000000
MSK1                              00000001
MSK2                              00000002
MSK3                              00000003
MSK4                              00000004
MSK5                              00000005
MSK6                              00000006
MSK7                              00000007
NOT_A                             00000005
NOT_ADDRESS                       00000005
NOT_BO                            00000000
NOT_BOR                           00000000
NOT_DONE                          00000001
NOT_PD                            00000003
NOT_POR                           00000001
NOT_PRESSED                       00000032
NOT_RBPU                          00000007
NOT_RC8                           00000006
NOT_T1SYNC                        00000002
NOT_TO                            00000004
NOT_TX8                           00000006
NOT_W                             00000002
NOT_WRITE                         00000002
MPASM 5.75                PIC_8B_GENERAL.ASM   9-27-2022  23:56:27         PAGE 10


SYMBOL TABLE
  LABEL                             VALUE 

OERR                              00000001
OLD_STATUS                        00000023
OLD_W                             00000022
OPTION_REG                        00000081
OSCCON                            0000008F
OSCTUNE                           00000090
OSFIE                             00000007
OSFIF                             00000007
OSTS                              00000003
P                                 00000004
P1M0                              00000006
P1M1                              00000007
PCL                               00000002
PCLATH                            0000000A
PCON                              0000008E
PDC0                              00000000
PDC1                              00000001
PDC2                              00000002
PDC3                              00000003
PDC4                              00000004
PDC5                              00000005
PDC6                              00000006
PEIE                              00000006
PEN                               00000002
PIE1                              0000008C
PIE2                              0000008D
PIR1                              0000000C
PIR2                              0000000D
PORTA                             00000005
PORTB                             00000006
PORTC                             00000007
PORTD                             00000008
PORTE                             00000009
PR2                               00000092
PRSEN                             00000007
PS0                               00000000
PS1                               00000001
PS2                               00000002
PSA                               00000003
PSSAC0                            00000002
PSSAC1                            00000003
PSSBD0                            00000000
PSSBD1                            00000001
PSTRCON                           0000009D
PULSR                             00000002
PULSS                             00000003
PWM1CON                           0000009B
R                                 00000002
RA0                               00000000
RA1                               00000001
RA2                               00000002
RA3                               00000003
RA4                               00000004
MPASM 5.75                PIC_8B_GENERAL.ASM   9-27-2022  23:56:27         PAGE 11


SYMBOL TABLE
  LABEL                             VALUE 

RA5                               00000005
RA6                               00000006
RA7                               00000007
RB0                               00000000
RB1                               00000001
RB2                               00000002
RB3                               00000003
RB4                               00000004
RB4_CHNG                          0000001E
RB5                               00000005
RB6                               00000006
RB7                               00000007
RB7_CHNG                          00000023
RBIE                              00000003
RBIF                              00000000
RC0                               00000000
RC1                               00000001
RC2                               00000002
RC3                               00000003
RC4                               00000004
RC5                               00000005
RC6                               00000006
RC7                               00000007
RC8_9                             00000006
RC9                               00000006
RCD8                              00000000
RCEN                              00000003
RCIDL                             00000006
RCIE                              00000005
RCIF                              00000005
RCREG                             0000001A
RCSTA                             00000018
RD                                00000000
RD0                               00000000
RD1                               00000001
RD2                               00000002
RD3                               00000003
RD4                               00000004
RD5                               00000005
RD6                               00000006
RD7                               00000007
RE0                               00000000
RE1                               00000001
RE2                               00000002
RE3                               00000003
READING                           00000027
READ_WRITE                        00000002
REPEAT                            00000036
RP0                               00000005
RP1                               00000006
RSEN                              00000001
RX9                               00000006
RX9D                              00000000
MPASM 5.75                PIC_8B_GENERAL.ASM   9-27-2022  23:56:27         PAGE 12


SYMBOL TABLE
  LABEL                             VALUE 

R_NOT_W                           00000002
R_W                               00000002
S                                 00000003
SBOREN                            00000004
SCKP                              00000004
SCS                               00000000
SEN                               00000000
SENDB                             00000003
SMP                               00000007
SPBRG                             00000099
SPBRGH                            0000009A
SPEN                              00000007
SR0                               00000006
SR1                               00000007
SRCON                             00000185
SREN                              00000005
SSPADD                            00000093
SSPBUF                            00000013
SSPCON                            00000014
SSPCON2                           00000091
SSPEN                             00000005
SSPIE                             00000003
SSPIF                             00000003
SSPM0                             00000000
SSPM1                             00000001
SSPM2                             00000002
SSPM3                             00000003
SSPMSK                            00000093
SSPOV                             00000006
SSPSTAT                           00000094
START                             00000000
STATUS                            00000003
STRA                              00000000
STRB                              00000001
STRC                              00000002
STRD                              00000003
STRSYNC                           00000004
SWDTEN                            00000000
SYNC                              00000004
T0CS                              00000005
T0IE                              00000005
T0IF                              00000002
T0SE                              00000004
T1CKPS0                           00000004
T1CKPS1                           00000005
T1CON                             00000010
T1GINV                            00000007
T1GIV                             00000007
T1GSS                             00000001
T1INSYNC                          00000002
T1OSCEN                           00000003
T1SYNC                            00000002
T2CKPS0                           00000000
MPASM 5.75                PIC_8B_GENERAL.ASM   9-27-2022  23:56:27         PAGE 13


SYMBOL TABLE
  LABEL                             VALUE 

T2CKPS1                           00000001
T2CON                             00000012
TMR0                              00000001
TMR0IE                            00000005
TMR0IF                            00000002
TMR1                              0000000E
TMR1CS                            00000001
TMR1GE                            00000006
TMR1H                             0000000F
TMR1IE                            00000000
TMR1IF                            00000000
TMR1L                             0000000E
TMR1ON                            00000000
TMR2                              00000011
TMR2IE                            00000001
TMR2IF                            00000001
TMR2ON                            00000002
TOUTPS0                           00000003
TOUTPS1                           00000004
TOUTPS2                           00000005
TOUTPS3                           00000006
TRISA                             00000085
TRISA0                            00000000
TRISA1                            00000001
TRISA2                            00000002
TRISA3                            00000003
TRISA4                            00000004
TRISA5                            00000005
TRISA6                            00000006
TRISA7                            00000007
TRISB                             00000086
TRISB0                            00000000
TRISB1                            00000001
TRISB2                            00000002
TRISB3                            00000003
TRISB4                            00000004
TRISB5                            00000005
TRISB6                            00000006
TRISB7                            00000007
TRISC                             00000087
TRISC0                            00000000
TRISC1                            00000001
TRISC2                            00000002
TRISC3                            00000003
TRISC4                            00000004
TRISC5                            00000005
TRISC6                            00000006
TRISC7                            00000007
TRISD                             00000088
TRISD0                            00000000
TRISD1                            00000001
TRISD2                            00000002
TRISD3                            00000003
MPASM 5.75                PIC_8B_GENERAL.ASM   9-27-2022  23:56:27         PAGE 14


SYMBOL TABLE
  LABEL                             VALUE 

TRISD4                            00000004
TRISD5                            00000005
TRISD6                            00000006
TRISD7                            00000007
TRISE                             00000089
TRISE0                            00000000
TRISE1                            00000001
TRISE2                            00000002
TRISE3                            00000003
TRMT                              00000001
TUN0                              00000000
TUN1                              00000001
TUN2                              00000002
TUN3                              00000003
TUN4                              00000004
TX8_9                             00000006
TX9                               00000006
TX9D                              00000000
TXD8                              00000000
TXEN                              00000005
TXIE                              00000004
TXIF                              00000004
TXREG                             00000019
TXSTA                             00000098
UA                                00000001
ULPWUE                            00000005
ULPWUIE                           00000002
ULPWUIF                           00000002
VCFG0                             00000004
VCFG1                             00000005
VR0                               00000000
VR1                               00000001
VR2                               00000002
VR3                               00000003
VRCON                             00000097
VREN                              00000007
VROE                              00000006
VRR                               00000005
VRSS                              00000004
W                                 00000000
WCOL                              00000007
WDTCON                            00000105
WDTPS0                            00000001
WDTPS1                            00000002
WDTPS2                            00000003
WDTPS3                            00000004
WPUB                              00000095
WPUB0                             00000000
WPUB1                             00000001
WPUB2                             00000002
WPUB3                             00000003
WPUB4                             00000004
WPUB5                             00000005
MPASM 5.75                PIC_8B_GENERAL.ASM   9-27-2022  23:56:27         PAGE 15


SYMBOL TABLE
  LABEL                             VALUE 

WPUB6                             00000006
WPUB7                             00000007
WR                                00000001
WREN                              00000002
WRERR                             00000003
WUE                               00000001
Z                                 00000002
_BOR21V                           00003EFF
_BOR40V                           00003FFF
_BOR4V_BOR21V                     00003EFF
_BOR4V_BOR40V                     00003FFF
_BOREN_NSLEEP                     00003EFF
_BOREN_OFF                        00003CFF
_BOREN_ON                         00003FFF
_BOREN_SBODEN                     00003DFF
_BOR_NSLEEP                       00003EFF
_BOR_OFF                          00003CFF
_BOR_ON                           00003FFF
_BOR_SBODEN                       00003DFF
_CONFIG1                          00002007
_CONFIG2                          00002008
_CPD_OFF                          00003FFF
_CPD_ON                           00003F7F
_CP_OFF                           00003FFF
_CP_ON                            00003FBF
_DEBUG_OFF                        00003FFF
_DEBUG_ON                         00001FFF
_DEVID1                           00002006
_EC_OSC                           00003FFB
_EXTRC                            00003FFF
_EXTRCIO                          00003FFE
_EXTRC_OSC_CLKOUT                 00003FFF
_EXTRC_OSC_NOCLKOUT               00003FFE
_FCMEN_OFF                        000037FF
_FCMEN_ON                         00003FFF
_FOSC_EC                          00003FFB
_FOSC_EXTRC_CLKOUT                00003FFF
_FOSC_EXTRC_NOCLKOUT              00003FFE
_FOSC_HS                          00003FFA
_FOSC_INTRC_CLKOUT                00003FFD
_FOSC_INTRC_NOCLKOUT              00003FFC
_FOSC_LP                          00003FF8
_FOSC_XT                          00003FF9
_HS_OSC                           00003FFA
_IDLOC0                           00002000
_IDLOC1                           00002001
_IDLOC2                           00002002
_IDLOC3                           00002003
_IESO_OFF                         00003BFF
_IESO_ON                          00003FFF
_INTOSC                           00003FFD
_INTOSCIO                         00003FFC
_INTRC_OSC_CLKOUT                 00003FFD
MPASM 5.75                PIC_8B_GENERAL.ASM   9-27-2022  23:56:27         PAGE 16


SYMBOL TABLE
  LABEL                             VALUE 

_INTRC_OSC_NOCLKOUT               00003FFC
_LP_OSC                           00003FF8
_LVP_OFF                          00002FFF
_LVP_ON                           00003FFF
_MCLRE_OFF                        00003FDF
_MCLRE_ON                         00003FFF
_PWRTE_OFF                        00003FFF
_PWRTE_ON                         00003FEF
_WDTE_OFF                         00003FF7
_WDTE_ON                          00003FFF
_WDT_OFF                          00003FF7
_WDT_ON                           00003FFF
_WRT_1FOURTH                      00003BFF
_WRT_256                          00003DFF
_WRT_HALF                         000039FF
_WRT_OFF                          00003FFF
_XT_OSC                           00003FF9
__16F887                          00000001

Errors   :     0
Warnings :     0 reported,     0 suppressed
Messages :     3 reported,     0 suppressed

