

Microchip Technology PIC LITE Macro Assembler V1.36 build -262312587 
                                                                                               Sun Sep 25 00:44:34 2022

Microchip Technology Omniscient Code Generator v1.36 (Free mode) build 201601150325
     1                           	processor	16F876A
     2                           	opt	pw 120
     3                           	opt	lm
     4                           	psect	cinit,global,class=CODE,merge=1,delta=2
     5                           	psect	cstackCOMMON,global,class=COMMON,space=1,delta=1
     6                           	psect	maintext,global,class=CODE,split=1,delta=2
     7                           	psect	text1,local,class=CODE,merge=1,delta=2
     8                           	psect	text2,local,class=CODE,merge=1,delta=2
     9                           	dabs	1,0x7E,2
    10  0000                     	;# 
    11  0001                     	;# 
    12  0002                     	;# 
    13  0003                     	;# 
    14  0004                     	;# 
    15  0005                     	;# 
    16  0006                     	;# 
    17  0007                     	;# 
    18  000A                     	;# 
    19  000B                     	;# 
    20  000C                     	;# 
    21  000D                     	;# 
    22  000E                     	;# 
    23  000E                     	;# 
    24  000F                     	;# 
    25  0010                     	;# 
    26  0011                     	;# 
    27  0012                     	;# 
    28  0013                     	;# 
    29  0014                     	;# 
    30  0015                     	;# 
    31  0015                     	;# 
    32  0016                     	;# 
    33  0017                     	;# 
    34  0018                     	;# 
    35  0019                     	;# 
    36  001A                     	;# 
    37  001B                     	;# 
    38  001B                     	;# 
    39  001C                     	;# 
    40  001D                     	;# 
    41  001E                     	;# 
    42  001F                     	;# 
    43  0081                     	;# 
    44  0085                     	;# 
    45  0086                     	;# 
    46  0087                     	;# 
    47  008C                     	;# 
    48  008D                     	;# 
    49  008E                     	;# 
    50  0091                     	;# 
    51  0092                     	;# 
    52  0093                     	;# 
    53  0094                     	;# 
    54  0098                     	;# 
    55  0099                     	;# 
    56  009C                     	;# 
    57  009D                     	;# 
    58  009E                     	;# 
    59  009F                     	;# 
    60  010C                     	;# 
    61  010D                     	;# 
    62  010E                     	;# 
    63  010F                     	;# 
    64  018C                     	;# 
    65  018D                     	;# 
    66  0006                     _PORTB	set	6
    67  009C                     _CMCON	set	156
    68  0086                     _TRISB	set	134
    69                           
    70                           ; #config settings
    71  0000                     
    72                           	psect	cinit
    73  07FC                     start_initialization:	
    74  07FC                     __initialization:	
    75  07FC                     end_of_initialization:	
    76                           ;End of C runtime variable initialization code
    77                           
    78  07FC                     __end_of__initialization:	
    79  07FC  0183               	clrf	3
    80  07FD  120A  118A  2FD8   	ljmp	_main	;jump to C main() function
    81                           
    82                           	psect	cstackCOMMON
    83  0070                     __pcstackCOMMON:	
    84  0070                     ?_initialize:	
    85  0070                     ??_initialize:	
    86                           ; 1 bytes @ 0x0
    87                           
    88  0070                     ?_blink_next_led:	
    89                           ; 1 bytes @ 0x0
    90                           
    91  0070                     ??_blink_next_led:	
    92                           ; 1 bytes @ 0x0
    93                           
    94  0070                     ?_main:	
    95                           ; 1 bytes @ 0x0
    96                           
    97                           
    98                           ; 1 bytes @ 0x0
    99  0070                     	ds	3
   100  0073                     ??_main:	
   101                           
   102                           	psect	maintext
   103  07D8                     __pmaintext:	
   104                           ; 1 bytes @ 0x3
   105 ;;
   106 ;;Main: autosize = 0, tempsize = 0, incstack = 0, save=0
   107 ;;
   108 ;; *************** function _main *****************
   109 ;; Defined at:
   110 ;;		line 24 in file "main.c"
   111 ;; Parameters:    Size  Location     Type
   112 ;;		None
   113 ;; Auto vars:     Size  Location     Type
   114 ;;		None
   115 ;; Return value:  Size  Location     Type
   116 ;;                  1    wreg      void 
   117 ;; Registers used:
   118 ;;		wreg, status,2, status,0, pclath, cstack
   119 ;; Tracked objects:
   120 ;;		On entry : B00/0
   121 ;;		On exit  : 0/0
   122 ;;		Unchanged: 0/0
   123 ;; Data sizes:     COMMON   BANK0   BANK1   BANK3   BANK2
   124 ;;      Params:         0       0       0       0       0
   125 ;;      Locals:         0       0       0       0       0
   126 ;;      Temps:          0       0       0       0       0
   127 ;;      Totals:         0       0       0       0       0
   128 ;;Total ram usage:        0 bytes
   129 ;; Hardware stack levels required when called:    1
   130 ;; This function calls:
   131 ;;		_blink_next_led
   132 ;;		_initialize
   133 ;; This function is called by:
   134 ;;		Startup code after reset
   135 ;; This function uses a non-reentrant model
   136 ;;
   137                           
   138                           
   139                           ;psect for function _main
   140  07D8                     _main:	
   141                           
   142                           ;main.c: 26: initialize();
   143                           
   144                           ;incstack = 0
   145                           ; Regs used in _main: [wreg+status,2+status,0+pclath+cstack]
   146  07D8  120A  118A  27CE  120A  118A  	fcall	_initialize
   147  07DD                     l15:	
   148                           ;main.c: 28: do {
   149                           
   150                           
   151                           ;main.c: 29: blink_next_led();
   152  07DD  120A  118A  27E3  120A  118A  	fcall	_blink_next_led
   153                           
   154                           ;main.c: 30: } while(1);
   155  07E2  2FDD               	goto	l15
   156  07E3                     __end_of_main:	
   157                           
   158                           	psect	text1
   159  07CE                     __ptext1:	
   160 ;; *************** function _initialize *****************
   161 ;; Defined at:
   162 ;;		line 33 in file "main.c"
   163 ;; Parameters:    Size  Location     Type
   164 ;;		None
   165 ;; Auto vars:     Size  Location     Type
   166 ;;		None
   167 ;; Return value:  Size  Location     Type
   168 ;;                  1    wreg      void 
   169 ;; Registers used:
   170 ;;		wreg, status,2
   171 ;; Tracked objects:
   172 ;;		On entry : 0/0
   173 ;;		On exit  : 0/0
   174 ;;		Unchanged: 0/0
   175 ;; Data sizes:     COMMON   BANK0   BANK1   BANK3   BANK2
   176 ;;      Params:         0       0       0       0       0
   177 ;;      Locals:         0       0       0       0       0
   178 ;;      Temps:          0       0       0       0       0
   179 ;;      Totals:         0       0       0       0       0
   180 ;;Total ram usage:        0 bytes
   181 ;; Hardware stack levels used:    1
   182 ;; This function calls:
   183 ;;		Nothing
   184 ;; This function is called by:
   185 ;;		_main
   186 ;; This function uses a non-reentrant model
   187 ;;
   188                           
   189                           
   190                           ;psect for function _initialize
   191  07CE                     _initialize:	
   192                           
   193                           ;main.c: 34: CMCON = 0x07;
   194                           
   195                           ;incstack = 0
   196                           ; Regs used in _initialize: [wreg+status,2]
   197  07CE  3007               	movlw	7
   198  07CF  1683               	bsf	3,5	;RP0=1, select bank1
   199  07D0  1303               	bcf	3,6	;RP1=0, select bank1
   200  07D1  009C               	movwf	28	;volatile
   201                           
   202                           ;main.c: 35: TRISB = 0x00;
   203  07D2  0186               	clrf	6	;volatile
   204                           
   205                           ;main.c: 36: PORTB = 0x01;
   206  07D3  3001               	movlw	1
   207  07D4  1283               	bcf	3,5	;RP0=0, select bank0
   208  07D5  1303               	bcf	3,6	;RP1=0, select bank0
   209  07D6  0086               	movwf	6	;volatile
   210  07D7  0008               	return
   211  07D8                     __end_of_initialize:	
   212                           
   213                           	psect	text2
   214  07E3                     __ptext2:	
   215 ;; *************** function _blink_next_led *****************
   216 ;; Defined at:
   217 ;;		line 39 in file "main.c"
   218 ;; Parameters:    Size  Location     Type
   219 ;;		None
   220 ;; Auto vars:     Size  Location     Type
   221 ;;		None
   222 ;; Return value:  Size  Location     Type
   223 ;;                  1    wreg      void 
   224 ;; Registers used:
   225 ;;		wreg, status,2, status,0
   226 ;; Tracked objects:
   227 ;;		On entry : 0/0
   228 ;;		On exit  : 0/0
   229 ;;		Unchanged: 0/0
   230 ;; Data sizes:     COMMON   BANK0   BANK1   BANK3   BANK2
   231 ;;      Params:         0       0       0       0       0
   232 ;;      Locals:         0       0       0       0       0
   233 ;;      Temps:          3       0       0       0       0
   234 ;;      Totals:         3       0       0       0       0
   235 ;;Total ram usage:        3 bytes
   236 ;; Hardware stack levels used:    1
   237 ;; This function calls:
   238 ;;		Nothing
   239 ;; This function is called by:
   240 ;;		_main
   241 ;; This function uses a non-reentrant model
   242 ;;
   243                           
   244                           
   245                           ;psect for function _blink_next_led
   246  07E3                     _blink_next_led:	
   247                           
   248                           ;main.c: 40: _delay((unsigned long)((1000)*(8000000/4000.0)));
   249                           
   250                           ;incstack = 0
   251                           ; Regs used in _blink_next_led: [wreg+status,2+status,0]
   252  07E3  300B               	movlw	11
   253  07E4  00F2               	movwf	??_blink_next_led+2
   254  07E5  3026               	movlw	38
   255  07E6  00F1               	movwf	??_blink_next_led+1
   256  07E7  3066               	movlw	102
   257  07E8  00F0               	movwf	??_blink_next_led
   258  07E9                     u27:	
   259  07E9  0BF0               	decfsz	??_blink_next_led,f
   260  07EA  2FE9               	goto	u27
   261  07EB  0BF1               	decfsz	??_blink_next_led+1,f
   262  07EC  2FE9               	goto	u27
   263  07ED  0BF2               	decfsz	??_blink_next_led+2,f
   264  07EE  2FE9               	goto	u27
   265  07EF  2FF0               	nop2
   266                           
   267                           ;main.c: 41: PORTB = (PORTB << 1);
   268  07F0  1283               	bcf	3,5	;RP0=0, select bank0
   269  07F1  1303               	bcf	3,6	;RP1=0, select bank0
   270  07F2  0806               	movf	6,w	;volatile
   271  07F3  00F0               	movwf	??_blink_next_led
   272  07F4  0770               	addwf	??_blink_next_led,w
   273  07F5  0086               	movwf	6	;volatile
   274                           
   275                           ;main.c: 42: if(!PORTB){
   276  07F6  0806               	movf	6,w	;volatile
   277  07F7  1D03               	btfss	3,2
   278  07F8  0008               	return
   279                           
   280                           ;main.c: 44: PORTB = 0x01;
   281  07F9  3001               	movlw	1
   282  07FA  0086               	movwf	6	;volatile
   283  07FB  0008               	return
   284  07FC                     __end_of_blink_next_led:	
   285  007E                     btemp	set	126	;btemp
   286  007E                     wtemp	set	126
   287  007E                     wtemp0	set	126
   288  0080                     wtemp1	set	128
   289  0082                     wtemp2	set	130
   290  0084                     wtemp3	set	132
   291  0086                     wtemp4	set	134
   292  0088                     wtemp5	set	136
   293  007F                     wtemp6	set	127
   294  007E                     ttemp	set	126
   295  007E                     ttemp0	set	126
   296  0081                     ttemp1	set	129
   297  0084                     ttemp2	set	132
   298  0087                     ttemp3	set	135
   299  007F                     ttemp4	set	127
   300  007E                     ltemp	set	126
   301  007E                     ltemp0	set	126
   302  0082                     ltemp1	set	130
   303  0086                     ltemp2	set	134
   304  0080                     ltemp3	set	128


Data Sizes:
    Strings     0
    Constant    0
    Data        0
    BSS         0
    Persistent  0
    Stack       0

Auto Spaces:
    Space          Size  Autos    Used
    COMMON           14      3       3
    BANK0            80      0       0
    BANK1            80      0       0
    BANK3            96      0       0
    BANK2            96      0       0

Pointer List with Targets:

    None.

Critical Paths under _main in COMMON

    _main->_blink_next_led

Critical Paths under _main in BANK0

    None.

Critical Paths under _main in BANK1

    None.

Critical Paths under _main in BANK3

    None.

Critical Paths under _main in BANK2

    None.

Call Graph Tables:

 ---------------------------------------------------------------------------------
 (Depth) Function   	        Calls       Base Space   Used Autos Params    Refs
 ---------------------------------------------------------------------------------
 (0) _main                                                 0     0      0       0
                     _blink_next_led
                         _initialize
 ---------------------------------------------------------------------------------
 (1) _initialize                                           0     0      0       0
 ---------------------------------------------------------------------------------
 (1) _blink_next_led                                       3     3      0       0
                                              0 COMMON     3     3      0
 ---------------------------------------------------------------------------------
 Estimated maximum stack depth 1
 ---------------------------------------------------------------------------------

 Call Graph Graphs:

 _main (ROOT)
   _blink_next_led
   _initialize

 Address spaces:
Name               Size   Autos  Total    Cost      Usage
BITCOMMON            E      0       0       0        0.0%
EEDATA             100      0       0       0        0.0%
NULL                 0      0       0       0        0.0%
CODE                 0      0       0       0        0.0%
COMMON               E      3       3       1       21.4%
BITSFR0              0      0       0       1        0.0%
SFR0                 0      0       0       1        0.0%
BITSFR1              0      0       0       2        0.0%
SFR1                 0      0       0       2        0.0%
STACK                0      0       0       2        0.0%
ABS                  0      0       0       3        0.0%
BITBANK0            50      0       0       4        0.0%
BITSFR3              0      0       0       4        0.0%
SFR3                 0      0       0       4        0.0%
BANK0               50      0       0       5        0.0%
BITSFR2              0      0       0       5        0.0%
SFR2                 0      0       0       5        0.0%
BITBANK1            50      0       0       6        0.0%
BANK1               50      0       0       7        0.0%
BITBANK3            60      0       0       8        0.0%
BANK3               60      0       0       9        0.0%
BITBANK2            60      0       0      10        0.0%
BANK2               60      0       0      11        0.0%
DATA                 0      0       0      12        0.0%


Microchip Technology PIC Macro Assembler V1.36 build -262312587 
Symbol Table                                                                                   Sun Sep 25 00:44:34 2022

            __CFG_CP$OFF 0000                       l15 07DD                       u27 07E9  
           __CFG_CPD$OFF 0000             __CFG_FOSC$HS 0000             __CFG_LVP$OFF 0000  
           __CFG_WRT$OFF 0000                     _main 07D8                     btemp 007E  
          __CFG_BOREN$ON 0000                     ltemp 007E                     start 0000  
                   ttemp 007E                     wtemp 007E                    ?_main 0070  
          __CFG_WDTE$OFF 0000                    _CMCON 009C                    _PORTB 0006  
                  _TRISB 0086                    ltemp0 007E                    ltemp1 0082  
                  ltemp2 0086                    ltemp3 0080                    ttemp0 007E  
                  ttemp1 0081                    ttemp2 0084                    ttemp3 0087  
                  ttemp4 007F                    status 0003                    wtemp0 007E  
                  wtemp1 0080                    wtemp2 0082                    wtemp3 0084  
                  wtemp4 0086                    wtemp5 0088                    wtemp6 007F  
        __initialization 07FC             __end_of_main 07E3                   ??_main 0073  
         __CFG_PWRTE$OFF 0000  __end_of__initialization 07FC           __pcstackCOMMON 0070  
__size_of_blink_next_led 0019               __pmaintext 07D8               _initialize 07CE  
                __ptext1 07CE                  __ptext2 07E3     end_of_initialization 07FC  
         _blink_next_led 07E3              ?_initialize 0070   __end_of_blink_next_led 07FC  
    start_initialization 07FC          ?_blink_next_led 0070                ___latbits 0002  
    __size_of_initialize 000A             ??_initialize 0070            __size_of_main 000B  
     __end_of_initialize 07D8         ??_blink_next_led 0070  
