MPASM 5.75                 PIC_8B_SIMPLE.ASM   10-19-2022  21:52:37         PAGE  1


LOC  OBJECT CODE     LINE SOURCE TEXT
  VALUE

                      00001 ;*******************************************************************************
                      00002 ;
                      00003 ; Originally this code was for pic16f84a running at 4MHz. 
                      00004 ; It sneds data through a single line. 
                      00005 ;
                      00006 ; Circuit:
                      00007 ;   portA RA0 is the serial transmission line
                      00008 ;   portA RA2  is an active-low push button switch that serves to initiate
                      00009 ;   communications.
                      00010 ;
                      00011 ;   portA RA3  is a Led that is ON when the program is ready to send data.
                      00012 ;   Once data starts being sent the LED is turned off.
                      00013 ;    
                      00014 ;   PORTB, B0-B7 is a 8 x toggle switch that provides the data byte to be
                      00015 ;   sent. A push button switch is in the 16f84 RESET line
                      00016 ;
                      00017 ;   A push button switch is in pic16f84a reset line and serves to restart app.
                      00018 ;    
                      00019 ;    Communication params:
                      00020 ;        Timer channel TMR0 is used for synchronizing data transmission.
                      00021 ;    The timer runs at the maximum rate of 256 cycles per iteration. In a
                      00022 ;    4 MHz system the rate is 1 MHz, thus the bit rate is 1 Mi/256
                      00023 ;    which is approximately 3,906 microseconds per bit
                      00024 ;    
                      00025 ;    Upon receiving the START bit, the program waits for one hald a clock cycle
                      00026 ;    (128 timer beats) to synchronize with the send.
                      00027 ;    
                      00028 ;*******************************************************************************
                      00029 #include "p16f628a.inc"
                      00001         LIST
                      00002 
                      00003 ;==========================================================================
                      00004 ; Build date : Jul 02 2017
                      00005 ;  MPASM PIC16F628A processor include
                      00006 ; 
                      00007 ;  (c) Copyright 1999-2017 Microchip Technology, All rights reserved
                      00008 ;==========================================================================
                      00009 
Message[301]: MESSAGE: (Processor-header file mismatch.  Verify selected processor.)
                      00386         LIST
                      00030 
                      00031 ;*******************************************************************************
                      00032 ; __config 0xFF19
2007   3F19           00033  __CONFIG _FOSC_INTOSCCLK & _WDTE_OFF & _PWRTE_OFF & _MCLRE_OFF & _BOREN_OFF & _LVP_OFF & _CPD_OFF & _CP
                            _OFF
                      00034 
                      00035 ;*******************************************************************************
                      00036 Bank0   MACRO                           ; select RAM bank 0
                      00037         bcf     STATUS, RP0
                      00038         ENDM
                      00039 ;------------------------------------------------------------
                      00040 Bank1   MACRO                           ; select RAM bank 1
                      00041         bsf     STATUS, RP0
MPASM 5.75                 PIC_8B_SIMPLE.ASM   10-19-2022  21:52:37         PAGE  2


LOC  OBJECT CODE     LINE SOURCE TEXT
  VALUE

                      00042         ENDM    
                      00043 ;*******************************************************************************
                      00044 ; Constant definitions for pin wiring
                      00045 ;*******************************************************************************
                      00046 #define readySW     2
                      00047 #define readyLED    3
                      00048 #define serialLN    1   
                      00049         
                      00050 ;*******************************************************************************
                      00051 ; PIC register flag equates
                      00052 ;*******************************************************************************
  00000000            00053 c_flag      EQU     0                   ; Carry flag ("vai um")
  00000002            00054 tmr0_overf  EQU     T0IF                ; timer overflow bit
                      00055             
                      00056 ;*******************************************************************************
                      00057 ; Variables defined in PIC RAM
                      00058 ;*******************************************************************************
Warning[205]: Found directive in column 1. (CBLOCK)
                      00059 CBLOCK      H'20'
  00000020            00060    bitCount                             ; a counter for eight bits
  00000021            00061    dataReg                               ; data to be sent through USART
  00000022            00062    temp
Warning[205]: Found directive in column 1. (ENDC)
                      00063 ENDC        
                      00064 ;*******************************************************************************
                      00065 ; Reset Vector
                      00066 ;*******************************************************************************
                      00067 RES_VECT  CODE    0x0000            ; processor reset vector
0000   2???           00068     GOTO    START                   ; go to beginning of program
                      00069 
                      00070 ;*******************************************************************************
                      00071 ; INSERT ISR HERE
Warning[207]: Found label after column 1. (ISR)
                      00072      ISR     CODE    0x0004           ; interrupt vector location
0004   0009           00073      RETFIE   
                      00074 ;*******************************************************************************
                      00075 ; MAIN PROGRAM
                      00076 ;*******************************************************************************
                      00077 
                      00078 MAIN_PROG CODE                      ; let linker place main program
                      00079 
0000                  00080 START
                      00081 
                      00082     Bank1
0000   1683               M         bsf     STATUS, RP0
0001   3005           00083     MOVLW   H'05'                   ; b'0101, RA0 and RA2 as input
Message[302]: Register in operand not in bank 0.  Ensure that bank bits are correct.
0002   0085           00084     MOVWF   TRISA                   ; 
0003   3000           00085     MOVLW   H'00'
Message[302]: Register in operand not in bank 0.  Ensure that bank bits are correct.
0004   0086           00086     MOVWF   TRISB                   ; PORTB as output
                      00087     
                      00088     Bank0
MPASM 5.75                 PIC_8B_SIMPLE.ASM   10-19-2022  21:52:37         PAGE  3


LOC  OBJECT CODE     LINE SOURCE TEXT
  VALUE

0005   1283               M         bcf     STATUS, RP0
0006   0186           00089     CLRF    PORTB                   ; turn off all portb leds
0007   01A1           00090     CLRF    dataReg                 ; prepare receiver register
0008   0181           00091     CLRF    TMR0
0009   0064           00092     CLRWDT
                      00093     
                      00094     ;----------------------------------------------------
                      00095     ; set up option_reg register for full timer speed
                      00096     ; NOT_RBPU: pullups -> 1, disabled
                      00097     ; INTEDG: 1, raising edge
                      00098     ; T0CS: timer zero clock source -> 0, internal clock
                      00099     ; T0SE: timer zero edge select -> 1, inc for hi-to-lo
                      00100     ; PSA: prescaler assign, 1: to WDT
                      00101     
000A   30D8           00102     MOVLW   H'D8'                   ; 0  0  0 -> 1:2 prescaler 
Message[302]: Register in operand not in bank 0.  Ensure that bank bits are correct.
000B   0081           00103     MOVWF   OPTION_REG              ; value: b'11011000'
                      00104     
000C   128B           00105     BCF     INTCON, T0IE            ; timer0 overflow interrupt enable OFF
000D   138B           00106     BCF     INTCON, GIE             ; global interrup disabled
                      00107     
                      00108 ;*******************************************************************************
                      00109 ;  Wait for ready switch to be pressed
                      00110 ;*******************************************************************************
000E                  00111 ready2Rcv
000E   1905           00112     BTFSC   PORTA, readySW          ; test push button
000F   2???           00113     GOTO    ready2Rcv
0010   1585           00114     BSF     PORTA, readyLED         ; turn on the ready-to-rcv LED
                      00115     
                      00116 ;***********************;
                      00117 ;     receiving DATA    ; 
                      00118 ;***********************;
0011   2???           00119     CALL    rcvData                 ; invoke serial input procedure
                      00120     
                      00121 ;*****************;
                      00122 ;  DATA received  ;
                      00123 ;*****************;
0012   1185           00124     BCF     PORTA, readyLED         ; turn off the ready-to-rcv LED
0013   0821           00125     MOVF    dataReg, W              ; display received data, copy byte to W
0014   0086           00126     MOVWF   PORTB                   ; display it in PORTB
                      00127 
                      00128 ;***************;
                      00129 ;  wait forever ;
                      00130 ;***************;
0015                  00131 EndLoop
0015   2???           00132     GOTO    EndLoop
                      00133 
                      00134 ;*******************************************************************************
                      00135 ;  SUBROUTINES to deal with serial data
                      00136 ;*******************************************************************************
                      00137 ; ON ENTRY:
                      00138 ;       local variable dataReg holds 8-bit value to be transmitted through
                      00139 ;       port labeled serialLN
MPASM 5.75                 PIC_8B_SIMPLE.ASM   10-19-2022  21:52:37         PAGE  4


LOC  OBJECT CODE     LINE SOURCE TEXT
  VALUE

                      00140 ;
                      00141 ; OPERATION:
                      00142 ;     1. the timer at register TMR0 is set to run at max clock speed, that is
                      00143 ;         to say: 256 clock beats. The timer overflow flag in the INTCON register
                      00144 ;`        is set when the timer cycles from 0xFF to 0x00
                      00145 ;     2. each bit (start, data and stop bits) is sent at a rate of 256 timer
                      00146 ;         beats. That is, each bit is held high or low one full timer cycle 
                      00147 ;        (256 clock beats)
                      00148 ;     3. the procdure tests the timer overflow flag (tmr_ovf) to determine when
                      00149 ;        the timer cycle has ended, that is when 256 clock beats have passed
                      00150 ;     4. the procedure tests the timer overflow flag to determine when the 
                      00151 ;         timer cycle has ended, that is when 256 clock beat have passed.
                      00152 ;        
                      00153 ; ------------------------------------------------------------------------------
0016                  00154 rcvData
0016   0181           00155     CLRF    TMR0                    ; reset timer zero
0017   3008           00156     MOVLW   H'08'                   ; setup bit counter
0018   00A0           00157     MOVWF   bitCount
                      00158 
                      00159 ;**********************;
                      00160 ;  wait for start bit  ;
                      00161 ;**********************;
0019                  00162 startWait    
0019   1885           00163     BTFSC   PORTA, serialLN         ; is RA0 low?
001A   2???           00164     GOTO    startWait               ; no, wait for mark
                      00165     
                      00166 ;*************************;
                      00167 ;  offset 128 clock beats ;
                      00168 ;*************************;--------------------------------------;
                      00169 ; at this point the receiver has found the falling edge of       ;
                      00170 ; the start bit. It must now wait 128 timer beats to synchronize ;
                      00171 ; in the middle of the sender's data rate, as follows:           ;
                      00172 ;         |<================= falling edge of START bit          ;
                      00173 ;         |                                                      ;
                      00174 ;         | --------|<============ 128 clock beats offset        ;
                      00175 ; ------- |                 .------------                        ;
                      00176 ;         |                 |  <== SIGNAL                        ;
                      00177 ;          -----------------                                     ;
                      00178 ;         |<--     256   -->|                                    ;
                      00179 ;                                                                ;
                      00180 ;----------------------------------------------------------------;
001B   3080           00181     MOVLW   H'80'                   ; 128 clock beats offset
001C   0181           00182     CLRF    TMR0                    ; reset timer counter
001D   110B           00183     BCF     INTCON, tmr0_overf      ; reset T0IF, timer0 overflow interrupt flag
                      00184     
001E                  00185 offsetWait
001E   1D0B           00186     BTFSS   INTCON, tmr0_overf      ; timer 0 overflow?
001F   2???           00187     GOTO    offsetWait              ; wait until
0020   1885           00188     BTFSC   PORTA, serialLN         ; test start bit for error
0021   2???           00189     GOTO    offsetWait              ; recycle if it is a false start
                      00190     
                      00191 ;******************;
                      00192 ;  received  data  ;
MPASM 5.75                 PIC_8B_SIMPLE.ASM   10-19-2022  21:52:37         PAGE  5


LOC  OBJECT CODE     LINE SOURCE TEXT
  VALUE

                      00193 ;******************;
0022   0181           00194     CLRF    TMR0                    ; restart timer
0023   110B           00195     BCF     INTCON, tmr0_overf      ; clear overflow flag
                      00196     
                      00197 ;***************************************************;
                      00198 ; wait for 256 timer cycles for first/next data bit ;   
                      00199 ;***************************************************;
0024                  00200 bitWait
0024   1D0B           00201     BTFSS   INTCON, tmr0_overf      ; reset overflow flag
0025   0805           00202     MOVF    PORTA, W                ; copy PORTA into W
0026   00A2           00203     MOVWF   temp                    ; store read value
0027   0CA2           00204     RRF     temp, F                 ; rotate bit 0 into carry flag
0028   0DA1           00205     RLF     dataReg, F              ; rotate carry into dataReg 0
0029   0BA0           00206     DECFSZ  bitCount, F             ; eight bits received
002A   2???           00207     GOTO    bitWait                 ; next bit
                      00208 
                      00209 ;*******************************************;    
                      00210 ; wait for 1 time cycle at end of reception ;
                      00211 ;*******************************************;    
002B                  00212 markWait
002B   1D0B           00213     BTFSS   INTCON, tmr0_overf      ; timer 0 overflow flag
002C   2???           00214     GOTO    markWait                ; keep waiting
                      00215     
                      00216 ;*********************;
                      00217 ;  end of tansmission ;
                      00218 ;*********************;    
002D   0008           00219     RETURN                          ; done.
                      00220     
                      00221 ;*******************************************************************************
3F19                  00222     END
MPASM 5.75                 PIC_8B_SIMPLE.ASM   10-19-2022  21:52:37         PAGE  6


SYMBOL TABLE
  LABEL                             VALUE 

ADDEN                             00000003
ADEN                              00000003
BRGH                              00000002
Bank0                             
Bank1                             
C                                 00000000
C1INV                             00000004
C1OUT                             00000006
C2INV                             00000005
C2OUT                             00000007
CCP1CON                           00000017
CCP1IE                            00000002
CCP1IF                            00000002
CCP1M0                            00000000
CCP1M1                            00000001
CCP1M2                            00000002
CCP1M3                            00000003
CCP1X                             00000005
CCP1Y                             00000004
CCPR1                             00000015
CCPR1H                            00000016
CCPR1L                            00000015
CIS                               00000003
CM0                               00000000
CM1                               00000001
CM2                               00000002
CMCON                             0000001F
CMIE                              00000006
CMIF                              00000006
CREN                              00000004
CSRC                              00000007
DATA_CP_OFF                       00003FFF
DATA_CP_ON                        00003EFF
DC                                00000001
EEADR                             0000009B
EECON1                            0000009C
EECON2                            0000009D
EEDATA                            0000009A
EEIE                              00000007
EEIF                              00000007
EndLoop                           00000015
F                                 00000001
FERR                              00000002
FSR                               00000004
GIE                               00000007
INDF                              00000000
INTCON                            0000000B
INTE                              00000004
INTEDG                            00000006
INTF                              00000001
IRP                               00000007
NOT_BO                            00000000
NOT_BOD                           00000000
MPASM 5.75                 PIC_8B_SIMPLE.ASM   10-19-2022  21:52:37         PAGE  7


SYMBOL TABLE
  LABEL                             VALUE 

NOT_BOR                           00000000
NOT_PD                            00000003
NOT_POR                           00000001
NOT_RBPU                          00000007
NOT_T1SYNC                        00000002
NOT_TO                            00000004
OERR                              00000001
OPTION_REG                        00000081
OSCF                              00000003
PCL                               00000002
PCLATH                            0000000A
PCON                              0000008E
PEIE                              00000006
PIE1                              0000008C
PIR1                              0000000C
PORTA                             00000005
PORTB                             00000006
PR2                               00000092
PS0                               00000000
PS1                               00000001
PS2                               00000002
PSA                               00000003
RA0                               00000000
RA1                               00000001
RA2                               00000002
RA3                               00000003
RA4                               00000004
RA5                               00000005
RA6                               00000006
RA7                               00000007
RB0                               00000000
RB1                               00000001
RB2                               00000002
RB3                               00000003
RB4                               00000004
RB5                               00000005
RB6                               00000006
RB7                               00000007
RBIE                              00000003
RBIF                              00000000
RCIE                              00000005
RCIF                              00000005
RCREG                             0000001A
RCSTA                             00000018
RD                                00000000
RP0                               00000005
RP1                               00000006
RX9                               00000006
RX9D                              00000000
SPBRG                             00000099
SPEN                              00000007
SREN                              00000005
START                             00000000
MPASM 5.75                 PIC_8B_SIMPLE.ASM   10-19-2022  21:52:37         PAGE  8


SYMBOL TABLE
  LABEL                             VALUE 

STATUS                            00000003
SYNC                              00000004
T0CS                              00000005
T0IE                              00000005
T0IF                              00000002
T0SE                              00000004
T1CKPS0                           00000004
T1CKPS1                           00000005
T1CON                             00000010
T1OSCEN                           00000003
T2CKPS0                           00000000
T2CKPS1                           00000001
T2CON                             00000012
TMR0                              00000001
TMR0IE                            00000005
TMR0IF                            00000002
TMR1                              0000000E
TMR1CS                            00000001
TMR1H                             0000000F
TMR1IE                            00000000
TMR1IF                            00000000
TMR1L                             0000000E
TMR1ON                            00000000
TMR2                              00000011
TMR2IE                            00000001
TMR2IF                            00000001
TMR2ON                            00000002
TOUTPS0                           00000003
TOUTPS1                           00000004
TOUTPS2                           00000005
TOUTPS3                           00000006
TRISA                             00000085
TRISA0                            00000000
TRISA1                            00000001
TRISA2                            00000002
TRISA3                            00000003
TRISA4                            00000004
TRISA5                            00000005
TRISA6                            00000006
TRISA7                            00000007
TRISB                             00000086
TRISB0                            00000000
TRISB1                            00000001
TRISB2                            00000002
TRISB3                            00000003
TRISB4                            00000004
TRISB5                            00000005
TRISB6                            00000006
TRISB7                            00000007
TRMT                              00000001
TX9                               00000006
TX9D                              00000000
TXEN                              00000005
MPASM 5.75                 PIC_8B_SIMPLE.ASM   10-19-2022  21:52:37         PAGE  9


SYMBOL TABLE
  LABEL                             VALUE 

TXIE                              00000004
TXIF                              00000004
TXREG                             00000019
TXSTA                             00000098
VR0                               00000000
VR1                               00000001
VR2                               00000002
VR3                               00000003
VRCON                             0000009F
VREN                              00000007
VROE                              00000006
VRR                               00000005
W                                 00000000
WR                                00000001
WREN                              00000002
WRERR                             00000003
Z                                 00000002
_BODEN_OFF                        00003FBF
_BODEN_ON                         00003FFF
_BOREN_OFF                        00003FBF
_BOREN_ON                         00003FFF
_CONFIG                           00002007
_CPD_OFF                          00003FFF
_CPD_ON                           00003EFF
_CP_OFF                           00003FFF
_CP_ON                            00001FFF
_DEVID1                           00002006
_ER_OSC_CLKOUT                    00003FFF
_ER_OSC_NOCLKOUT                  00003FFE
_EXTCLK_OSC                       00003FEF
_FOSC_ECIO                        00003FEF
_FOSC_EXTRCCLK                    00003FFF
_FOSC_EXTRCIO                     00003FFE
_FOSC_HS                          00003FEE
_FOSC_INTOSCCLK                   00003FFD
_FOSC_INTOSCIO                    00003FFC
_FOSC_LP                          00003FEC
_FOSC_XT                          00003FED
_HS_OSC                           00003FEE
_IDLOC0                           00002000
_IDLOC1                           00002001
_IDLOC2                           00002002
_IDLOC3                           00002003
_INTOSC_OSC_CLKOUT                00003FFD
_INTOSC_OSC_NOCLKOUT              00003FFC
_INTRC_OSC_CLKOUT                 00003FFD
_INTRC_OSC_NOCLKOUT               00003FFC
_LP_OSC                           00003FEC
_LVP_OFF                          00003F7F
_LVP_ON                           00003FFF
_MCLRE_OFF                        00003FDF
_MCLRE_ON                         00003FFF
_PWRTE_OFF                        00003FFF
MPASM 5.75                 PIC_8B_SIMPLE.ASM   10-19-2022  21:52:37         PAGE 10


SYMBOL TABLE
  LABEL                             VALUE 

_PWRTE_ON                         00003FF7
_RC_OSC_CLKOUT                    00003FFF
_RC_OSC_NOCLKOUT                  00003FFE
_WDTE_OFF                         00003FFB
_WDTE_ON                          00003FFF
_WDT_OFF                          00003FFB
_WDT_ON                           00003FFF
_XT_OSC                           00003FED
__16F627A                         00000001
bitCount                          00000020
bitWait                           00000024
c_flag                            00000000
dataReg                           00000021
markWait                          0000002B
offsetWait                        0000001E
rcvData                           00000016
ready2Rcv                         0000000E
readyLED                          3
readySW                           2
serialLN                          1
startWait                         00000019
temp                              00000022
tmr0_overf                        00000002

Errors   :     0
Warnings :     3 reported,     0 suppressed
Messages :     4 reported,     0 suppressed

