MPASM 5.75                 PIC_8B_SIMPLE.ASM   10-23-2022  20:05:13         PAGE  1


LOC  OBJECT CODE     LINE SOURCE TEXT
  VALUE

                      00001 ;*******************************************************************************
                      00002 ; TODO INSERT INCLUDE CODE HERE
                      00003 #include "p10f200.inc"
                      00001         LIST
                      00002 
                      00003 ;==========================================================================
                      00004 ; Build date : Jul 02 2017
                      00005 ;  MPASM PIC10F200 processor include
                      00006 ; 
                      00007 ;  (c) Copyright 1999-2017 Microchip Technology, All rights reserved
                      00008 ;==========================================================================
                      00009 
                      00152         LIST
                      00004 #define  OFFSET  H'0C'    
                      00005     
                      00006 ; __config 0xFFEB
0FFF   0FEB           00007  __CONFIG _WDTE_OFF & _CP_OFF & _MCLRE_OFF
                      00008 ;*******************************************************************************
                      00009 ; TODO PLACE VARIABLE DEFINITIONS GO HERE
Warning[205]: Found directive in column 1. (CBLOCK)
                      00010 CBLOCK      H'10'
  00000010            00011    i
  00000011            00012    limit
  00000012            00013    j
  00000013            00014    dir
Warning[205]: Found directive in column 1. (ENDC)
                      00015 ENDC
                      00016 ;*******************************************************************************
                      00017 ; Reset Vector
                      00018 ;*******************************************************************************
                      00019 
                      00020 RES_VECT  CODE    0x0000            ; processor reset vector
0000   0A??           00021     GOTO    START                   ; go to beginning of program
                      00022 
                      00023 ;*******************************************************************************
                      00024 ; TODO Step #4 - Interrupt
                      00025 ;*******************************************************************************
                      00026 ; TODO INSERT ISR HERE
Warning[207]: Found label after column 1. (ISR)
                      00027      ISR       CODE    0x0004
Warning[207]: Found label after column 1. (RETFIE)
0004                  00028        RETFIE
                      00029 
                      00030 ;*******************************************************************************
                      00031 ; MAIN PROGRAM
                      00032 ;*******************************************************************************
                      00033 MAIN_PROG CODE                      ; let linker place main program
                      00034 
0000                  00035 START                               
0000   0CFD           00036     MOVLW   ~(1<<GP1)               ; set GP1 as an output
0001   0006           00037     TRIS    GPIO
0002   0071           00038     CLRF    limit                   ; prepare PWM limit register
                      00039     
MPASM 5.75                 PIC_8B_SIMPLE.ASM   10-23-2022  20:05:13         PAGE  2


LOC  OBJECT CODE     LINE SOURCE TEXT
  VALUE

                      00040 ;===============================================================================
                      00041 ;  Main program
                      00042 ;===============================================================================
0003                  00043 LOOP
0003   0CFF           00044     MOVLW   H'FF'                   ; set initial value of i
0004   0030           00045     MOVWF   i                       ; as 255
0005   0526           00046     BSF     GPIO, GP1               ; set gp1 high
0006                  00047 L1
0006   0211           00048     MOVF    limit, W                ; copy PWM limit into W
0007   0090           00049     SUBWF   i, W                    ; subtract it from i
0008   0743           00050     BTFSS   STATUS, Z               ; if result is not zero     
0009   0A??           00051     GOTO    $ +2                    ; then go down 2 lines (DELAY)
000A   0426           00052     BCF     GPIO, GP1               ; set gp1 low
000B   09??           00053     CALL    DELAY                   ; wait some time
000C   02F0           00054     DECFSZ  i, F                    ; decrement i variable
000D   0A??           00055     GOTO    L1                      ; go to this label if not zero
000E   0713           00056     BTFSS   dir, 0
000F   0A??           00057     GOTO    DEC_BRIGHTNESS
0010   02F1           00058     DECFSZ  limit, F                ; or else, decrement limit
0011   0A??           00059     GOTO    LOOP                    ; and skipt this if it is zero
0012   0A??           00060     GOTO    TOGGLE_DIR
                      00061 ;==============================================================================
0013                  00062 DEC_BRIGHTNESS
0013   02B1           00063     INCF    limit, F                ; increment limit variable
0014   0CFF           00064     MOVLW   H'FF'                   ; load 255 into W
0015   0091           00065     SUBWF   limit, W                ; subtract value from W
0016   0743           00066     BTFSS   STATUS, Z               ; if zero flag is not set
0017   0A??           00067     GOTO    LOOP                    ; go back to LOOP routine
                      00068     
                      00069 ;------------------------------------------------------------------------------    
0018                  00070 TOGGLE_DIR
0018   0713           00071     BTFSS   dir, 0                  ; check whether variable is set
0019   0A??           00072     GOTO    SET_DIR
001A   0413           00073     BCF     dir, 0
001B   0A??           00074     GOTO    LOOP
                      00075 
                      00076 
                      00077 ;------------------------------------------------------------------------------    
001C                  00078 SET_DIR    
001C   0513           00079     BSF     dir, 0
001D   0A??           00080     GOTO    LOOP
                      00081     
                      00082 ;==============================================================================
                      00083 ;  Subroutines
                      00084 ;==============================================================================
                      00085 
001E                  00086 DELAY
001E   0C10           00087     MOVLW    H'10'                  ; movlw and movwf both take 1 cycle
001F   0032           00088     MOVWF    j                      ; goto and retlw take 2 cycles   
0020                  00089 L2
0020   02F2           00090     DECFSZ   j, F
0021   0A??           00091     GOTO     L2
                      00092     
MPASM 5.75                 PIC_8B_SIMPLE.ASM   10-23-2022  20:05:13         PAGE  3


LOC  OBJECT CODE     LINE SOURCE TEXT
  VALUE

0022   0800           00093     RETLW   0
                      00094    
                      00095 ;*******************************************************************************
0FEB                  00096     END
MPASM 5.75                 PIC_8B_SIMPLE.ASM   10-23-2022  20:05:13         PAGE  4


SYMBOL TABLE
  LABEL                             VALUE 

C                                 00000000
CAL0                              00000001
CAL1                              00000002
CAL2                              00000003
CAL3                              00000004
CAL4                              00000005
CAL5                              00000006
CAL6                              00000007
DC                                00000001
DEC_BRIGHTNESS                    00000013
DELAY                             0000001E
F                                 00000001
FOSC4                             00000000
FSR                               00000004
GP0                               00000000
GP1                               00000001
GP2                               00000002
GP3                               00000003
GPIO                              00000006
GPWUF                             00000007
INDF                              00000000
L1                                00000006
L2                                00000020
LOOP                              00000003
NOT_GPPU                          00000006
NOT_GPWU                          00000007
NOT_PD                            00000003
NOT_TO                            00000004
OFFSET                            H'0C'
OSCCAL                            00000005
PCL                               00000002
PS0                               00000000
PS1                               00000001
PS2                               00000002
PSA                               00000003
RETFIE                            00000004
SET_DIR                           0000001C
START                             00000000
STATUS                            00000003
T0CS                              00000005
T0SE                              00000004
TMR0                              00000001
TOGGLE_DIR                        00000018
TRISIO0                           00000000
TRISIO1                           00000001
TRISIO2                           00000002
TRISIO3                           00000003
W                                 00000000
Z                                 00000002
_CONFIG                           00000FFF
_CP_OFF                           00000FFF
_CP_ON                            00000FF7
_IDLOC0                           00000100
MPASM 5.75                 PIC_8B_SIMPLE.ASM   10-23-2022  20:05:13         PAGE  5


SYMBOL TABLE
  LABEL                             VALUE 

_IDLOC1                           00000101
_IDLOC2                           00000102
_IDLOC3                           00000103
_IntRC_OSC                        00000FFF
_MAIN_PROG_0009                   00000009
_MCLRE_OFF                        00000FEF
_MCLRE_ON                         00000FFF
_OSC_IntRC                        00000FFF
_WDTE_OFF                         00000FFB
_WDTE_ON                          00000FFF
_WDT_OFF                          00000FFB
_WDT_ON                           00000FFF
__10F200                          00000001
dir                               00000013
i                                 00000010
j                                 00000012
limit                             00000011

Errors   :     0
Warnings :     4 reported,     0 suppressed
Messages :     0 reported,     0 suppressed

