MPASM 5.75                 PIC_8B_SIMPLE.ASM   10-17-2022  23:17:14         PAGE  1


LOC  OBJECT CODE     LINE SOURCE TEXT
  VALUE

                      00001 
                      00002 ;*******************************************************************************
                      00003 ;  Program to demonstrate programming the TIMER0 module.
                      00004 ;    8 LEDS are flashed in sequence counting from 0 to 0xFF. TIMER0
                      00005 ;    is used to delay the count 
                      00006 ;*******************************************************************************
                      00007 #include "p16f887.inc"
                      00001         LIST
                      00002 
                      00003 ;==========================================================================
                      00004 ; Build date : Jul 02 2017
                      00005 ;  MPASM PIC16F887 processor include
                      00006 ; 
                      00007 ;  (c) Copyright 1999-2017 Microchip Technology, All rights reserved
                      00008 ;==========================================================================
                      00009 
                      00810         LIST
                      00008     
                      00009 ; __config 0xE0D7
2007   20D7           00010  __CONFIG _CONFIG1, _FOSC_EXTRC_CLKOUT & _WDTE_OFF & _PWRTE_OFF & _MCLRE_OFF & _CP_OFF & _CPD_OFF & _BOR
                            EN_OFF & _IESO_OFF & _FCMEN_OFF & _LVP_OFF
                      00011 
                      00012 ; __config 0xFEFF
2008   3EFF           00013  __CONFIG _CONFIG2, _BOR4V_BOR21V & _WRT_OFF
                      00014 
                      00015 ; TODO PLACE VARIABLE DEFINITIONS GO HERE
                      00016  
                      00017 ;*******************************************************************************
                      00018 ; Reset Vector
                      00019 ;*******************************************************************************
                      00020 
                      00021 RES_VECT  CODE    0x0000            ; processor reset vector
0000   2???           00022     GOTO    START                   ; go to beginning of program
                      00023     
                      00024 ;*******************************************************************************
                      00025     org         H'0004'
0004   0009           00026     RETFIE
                      00027     
                      00028 ; TODO INSERT ISR HERE
                      00029 
                      00030 ;*******************************************************************************
                      00031 ; MAIN PROGRAM
                      00032 ;*******************************************************************************
                      00033 
                      00034 MAIN_PROG CODE                     ; let linker place main program
                      00035 
0000                  00036 START:
                      00037     ; OPTION_REG
                      00038     ; 
                      00039     ; bt7: NOT_RBPU -> 0 = EN, 1 = DIS
                      00040     ; bt6: INTEDG -> 0 = falling edge
                      00041     ; bit5: T0CS (TMR0 clock source), 0 = internal, 1 = RA4/TOCKI bit src
                      00042     ; bit4: T0SE (TMR0 edge select), 0 = inc low-to-high, 1 = inc high-to-low
MPASM 5.75                 PIC_8B_SIMPLE.ASM   10-17-2022  23:17:14         PAGE  2


LOC  OBJECT CODE     LINE SOURCE TEXT
  VALUE

                      00043     ; bit3: PSA (prescaler assign) 1 = to WDT, 0 = to TMR0
                      00044     ; <bit2:0> presclaer bits, 000 1:2, 010 1:8, 100 1:32, 110 1:128, 
                      00045     ; 001 1:4, 011 1:16, 101 1:64 and 111 1:256, VALUE: b'11010111'
0000   1303           00046     BCF     STATUS, RP1            ; select bank 0  
0001   30D7           00047     MOVLW   H'D7'                  ; set value: b'11010111'
Message[302]: Register in operand not in bank 0.  Ensure that bank bits are correct.
0002   0081           00048     MOVWF   OPTION_REG
0003   3000           00049     MOVLW   H'00'                  ; load W with zero to 
Message[302]: Register in operand not in bank 0.  Ensure that bank bits are correct.
0004   0086           00050     MOVWF   TRISB                  ;   set port B pins as output
                      00051 ;-------------------------------------------------------------------------------    
0005   1703           00052     BSF     STATUS,RP1             ; select bank 1
0006   0186           00053     CLRF    PORTB
                      00054 ;-------------------------------------------------------------------------------
0007   1303           00055     BCF     STATUS, RP1            ;   
0008   1683           00056     BSF     STATUS, RP0            ; select bank 2
Message[302]: Register in operand not in bank 0.  Ensure that bank bits are correct.
0009   1387           00057     BCF     CM1CON0, C1ON          ; turn off comparator 1
Message[302]: Register in operand not in bank 0.  Ensure that bank bits are correct.
000A   1388           00058     BCF     CM2CON0, C2ON          ; turn off comparator 2
                      00059 ;-------------------------------------------------------------------------------    
000B   1703           00060     BSF     STATUS, RP1            ; select bank 0  
000C   1683           00061     BSF     STATUS,RP0             ; select bank 3
000D   3000           00062     MOVLW   H'00'                  ; load W with zero to 
Message[302]: Register in operand not in bank 0.  Ensure that bank bits are correct.
000E   0089           00063     MOVWF   ANSELH                 ; all ports as digital output
                      00064     
                      00065 ;*******************************************************************************
                      00066 ;   Main routine
                      00067 ;*******************************************************************************
                      00068 
000F                  00069 Loop: 
000F   0A86           00070     INCF    PORTB, F               ; turn on next LED
0010   2???           00071     CALL    TMR0_Delay             ; invoke subroutine 
0011   2???           00072     GOTO    Loop                   ; repeat process
                      00073     
                      00074 ;*******************************************************************************
                      00075 ; Timer 0 routine 
                      00076 ;   it tests the vlaue in the TMR0 register
                      00077 ;   by sbustracting 0xFF from the value stored there. The zero flag
                      00078 ;   is then set if TMR0 = 0xFF
                      00079 ;*******************************************************************************
0012                  00080 TMR0_Delay:
0012   0181           00081     CLRF    TMR0
0013                  00082 Cycle:
0013   0801           00083     MOVF    TMR0, W                 ; store TMR0 in W register
0014   3CFF           00084     SUBLW   H'FF'
0015   1D03           00085     BTFSS   STATUS, Z               ; test for zero
0016   2???           00086     GOTO    Cycle                   ; repeat it
0017   0008           00087     RETURN  
                      00088     
                      00089 ;*******************************************************************************
                      00090 ;CONVERT
MPASM 5.75                 PIC_8B_SIMPLE.ASM   10-17-2022  23:17:14         PAGE  3


LOC  OBJECT CODE     LINE SOURCE TEXT
  VALUE

                      00091 ;    movf       timer,W             ; copy timer contents to Work register
                      00092 ;    andlw      H'0F'               ; mask for counter value
                      00093 ;    addwf      PCL,F               ; PCL = PCL + W
                      00094 ;    retlw      B'11101110'         ; returns '0'
                      00095 ;    retlw      B'00101000'         ; returns '1'
                      00096 ;    retlw      B'11001101'         ; returns '2'
                      00097 ;    retlw      B'01101101'         ; returns '3'
                      00098 ;    retlw      B'00101011'         ; returns '4'
                      00099 ;    retlw      B'01100111'         ; returns '4'
                      00100 ;    retlw      B'11100111'         ; returns '5'
                      00101 ;    retlw      B'00101100'         ; returns '6'
                      00102 ;    retlw      B'11101111'         ; returns '7'
                      00103 ;    retlw      B'10101111'         ; returns '8'
                      00104 ;    retlw      B'11100011'         ; returns '9'
                      00105 ;    retlw      B'11000110'         ; returns 'A'
                      00106 ;    retlw      B'11101001'         ; returns 'B'
                      00107 ;    retlw      B'11000110'         ; returns 'C'
                      00108 ;    retlw      B'11101001'         ; returns 'D'
                      00109 ;    retlw      B'11000111'         ; returns 'E'
                      00110 ;    retlw      B'10000111'         ; returns 'F'
                      00111 ; -----------------------------------------------------------------------------
                      00112 ;UPDATE
                      00113 ;    call       CONVERT             ; get a binary sequence for character
                      00114 ;    movwf      PORTB
                      00115 ;    return
                      00116 
20D7 3EFF             00117     END
MPASM 5.75                 PIC_8B_SIMPLE.ASM   10-17-2022  23:17:14         PAGE  4


SYMBOL TABLE
  LABEL                             VALUE 

ABDEN                             00000000
ABDOVF                            00000007
ACKDT                             00000005
ACKEN                             00000004
ACKSTAT                           00000006
ADCON0                            0000001F
ADCON1                            0000009F
ADCS0                             00000006
ADCS1                             00000007
ADDEN                             00000003
ADFM                              00000007
ADIE                              00000006
ADIF                              00000006
ADON                              00000000
ADRESH                            0000001E
ADRESL                            0000009E
ANS0                              00000000
ANS1                              00000001
ANS10                             00000002
ANS11                             00000003
ANS12                             00000004
ANS13                             00000005
ANS2                              00000002
ANS3                              00000003
ANS4                              00000004
ANS5                              00000005
ANS6                              00000006
ANS7                              00000007
ANS8                              00000000
ANS9                              00000001
ANSEL                             00000188
ANSELH                            00000189
BAUDCTL                           00000187
BCLIE                             00000003
BCLIF                             00000003
BF                                00000000
BRG0                              00000000
BRG1                              00000001
BRG10                             00000002
BRG11                             00000003
BRG12                             00000004
BRG13                             00000005
BRG14                             00000006
BRG15                             00000007
BRG16                             00000003
BRG2                              00000002
BRG3                              00000003
BRG4                              00000004
BRG5                              00000005
BRG6                              00000006
BRG7                              00000007
BRG8                              00000000
BRG9                              00000001
MPASM 5.75                 PIC_8B_SIMPLE.ASM   10-17-2022  23:17:14         PAGE  5


SYMBOL TABLE
  LABEL                             VALUE 

BRGH                              00000002
C                                 00000000
C1CH0                             00000000
C1CH1                             00000001
C1IE                              00000005
C1IF                              00000005
C1OE                              00000005
C1ON                              00000007
C1OUT                             00000006
C1POL                             00000004
C1R                               00000002
C1RSEL                            00000005
C1SEN                             00000005
C2CH0                             00000000
C2CH1                             00000001
C2IE                              00000006
C2IF                              00000006
C2OE                              00000005
C2ON                              00000007
C2OUT                             00000006
C2POL                             00000004
C2R                               00000002
C2REN                             00000004
C2RSEL                            00000004
C2SYNC                            00000000
CCP1CON                           00000017
CCP1IE                            00000002
CCP1IF                            00000002
CCP1M0                            00000000
CCP1M1                            00000001
CCP1M2                            00000002
CCP1M3                            00000003
CCP1X                             00000005
CCP1Y                             00000004
CCP2CON                           0000001D
CCP2IE                            00000000
CCP2IF                            00000000
CCP2M0                            00000000
CCP2M1                            00000001
CCP2M2                            00000002
CCP2M3                            00000003
CCP2X                             00000005
CCP2Y                             00000004
CCPR1                             00000015
CCPR1H                            00000016
CCPR1L                            00000015
CCPR2                             0000001B
CCPR2H                            0000001C
CCPR2L                            0000001B
CHS0                              00000002
CHS1                              00000003
CHS2                              00000004
CHS3                              00000005
MPASM 5.75                 PIC_8B_SIMPLE.ASM   10-17-2022  23:17:14         PAGE  6


SYMBOL TABLE
  LABEL                             VALUE 

CKE                               00000006
CKP                               00000004
CM1CON0                           00000107
CM2CON0                           00000108
CM2CON1                           00000109
CREN                              00000004
CSRC                              00000007
Cycle                             00000013
D                                 00000005
DATA_ADDRESS                      00000005
DC                                00000001
DC1B0                             00000004
DC1B1                             00000005
DC2B0                             00000004
DC2B1                             00000005
D_A                               00000005
D_NOT_A                           00000005
ECCPAS                            0000009C
ECCPAS0                           00000004
ECCPAS1                           00000005
ECCPAS2                           00000006
ECCPASE                           00000007
EEADR                             0000010D
EEADRH                            0000010F
EECON1                            0000018C
EECON2                            0000018D
EEDAT                             0000010C
EEDATA                            0000010C
EEDATH                            0000010E
EEIE                              00000004
EEIF                              00000004
EEPGD                             00000007
F                                 00000001
FERR                              00000002
FSR                               00000004
FVREN                             00000000
GCEN                              00000007
GIE                               00000007
GO                                00000001
GO_DONE                           00000001
GO_NOT_DONE                       00000001
HTS                               00000002
I2C_DATA                          00000005
I2C_READ                          00000002
I2C_START                         00000003
I2C_STOP                          00000004
INDF                              00000000
INTCON                            0000000B
INTE                              00000004
INTEDG                            00000006
INTF                              00000001
IOCB                              00000096
IOCB0                             00000000
MPASM 5.75                 PIC_8B_SIMPLE.ASM   10-17-2022  23:17:14         PAGE  7


SYMBOL TABLE
  LABEL                             VALUE 

IOCB1                             00000001
IOCB2                             00000002
IOCB3                             00000003
IOCB4                             00000004
IOCB5                             00000005
IOCB6                             00000006
IOCB7                             00000007
IRCF0                             00000004
IRCF1                             00000005
IRCF2                             00000006
IRP                               00000007
LTS                               00000001
Loop                              0000000F
MC1OUT                            00000007
MC2OUT                            00000006
MSK                               00000093
MSK0                              00000000
MSK1                              00000001
MSK2                              00000002
MSK3                              00000003
MSK4                              00000004
MSK5                              00000005
MSK6                              00000006
MSK7                              00000007
NOT_A                             00000005
NOT_ADDRESS                       00000005
NOT_BO                            00000000
NOT_BOR                           00000000
NOT_DONE                          00000001
NOT_PD                            00000003
NOT_POR                           00000001
NOT_RBPU                          00000007
NOT_RC8                           00000006
NOT_T1SYNC                        00000002
NOT_TO                            00000004
NOT_TX8                           00000006
NOT_W                             00000002
NOT_WRITE                         00000002
OERR                              00000001
OPTION_REG                        00000081
OSCCON                            0000008F
OSCTUNE                           00000090
OSFIE                             00000007
OSFIF                             00000007
OSTS                              00000003
P                                 00000004
P1M0                              00000006
P1M1                              00000007
PCL                               00000002
PCLATH                            0000000A
PCON                              0000008E
PDC0                              00000000
PDC1                              00000001
MPASM 5.75                 PIC_8B_SIMPLE.ASM   10-17-2022  23:17:14         PAGE  8


SYMBOL TABLE
  LABEL                             VALUE 

PDC2                              00000002
PDC3                              00000003
PDC4                              00000004
PDC5                              00000005
PDC6                              00000006
PEIE                              00000006
PEN                               00000002
PIE1                              0000008C
PIE2                              0000008D
PIR1                              0000000C
PIR2                              0000000D
PORTA                             00000005
PORTB                             00000006
PORTC                             00000007
PORTD                             00000008
PORTE                             00000009
PR2                               00000092
PRSEN                             00000007
PS0                               00000000
PS1                               00000001
PS2                               00000002
PSA                               00000003
PSSAC0                            00000002
PSSAC1                            00000003
PSSBD0                            00000000
PSSBD1                            00000001
PSTRCON                           0000009D
PULSR                             00000002
PULSS                             00000003
PWM1CON                           0000009B
R                                 00000002
RA0                               00000000
RA1                               00000001
RA2                               00000002
RA3                               00000003
RA4                               00000004
RA5                               00000005
RA6                               00000006
RA7                               00000007
RB0                               00000000
RB1                               00000001
RB2                               00000002
RB3                               00000003
RB4                               00000004
RB5                               00000005
RB6                               00000006
RB7                               00000007
RBIE                              00000003
RBIF                              00000000
RC0                               00000000
RC1                               00000001
RC2                               00000002
RC3                               00000003
MPASM 5.75                 PIC_8B_SIMPLE.ASM   10-17-2022  23:17:14         PAGE  9


SYMBOL TABLE
  LABEL                             VALUE 

RC4                               00000004
RC5                               00000005
RC6                               00000006
RC7                               00000007
RC8_9                             00000006
RC9                               00000006
RCD8                              00000000
RCEN                              00000003
RCIDL                             00000006
RCIE                              00000005
RCIF                              00000005
RCREG                             0000001A
RCSTA                             00000018
RD                                00000000
RD0                               00000000
RD1                               00000001
RD2                               00000002
RD3                               00000003
RD4                               00000004
RD5                               00000005
RD6                               00000006
RD7                               00000007
RE0                               00000000
RE1                               00000001
RE2                               00000002
RE3                               00000003
READ_WRITE                        00000002
RP0                               00000005
RP1                               00000006
RSEN                              00000001
RX9                               00000006
RX9D                              00000000
R_NOT_W                           00000002
R_W                               00000002
S                                 00000003
SBOREN                            00000004
SCKP                              00000004
SCS                               00000000
SEN                               00000000
SENDB                             00000003
SMP                               00000007
SPBRG                             00000099
SPBRGH                            0000009A
SPEN                              00000007
SR0                               00000006
SR1                               00000007
SRCON                             00000185
SREN                              00000005
SSPADD                            00000093
SSPBUF                            00000013
SSPCON                            00000014
SSPCON2                           00000091
SSPEN                             00000005
MPASM 5.75                 PIC_8B_SIMPLE.ASM   10-17-2022  23:17:14         PAGE 10


SYMBOL TABLE
  LABEL                             VALUE 

SSPIE                             00000003
SSPIF                             00000003
SSPM0                             00000000
SSPM1                             00000001
SSPM2                             00000002
SSPM3                             00000003
SSPMSK                            00000093
SSPOV                             00000006
SSPSTAT                           00000094
START                             00000000
STATUS                            00000003
STRA                              00000000
STRB                              00000001
STRC                              00000002
STRD                              00000003
STRSYNC                           00000004
SWDTEN                            00000000
SYNC                              00000004
T0CS                              00000005
T0IE                              00000005
T0IF                              00000002
T0SE                              00000004
T1CKPS0                           00000004
T1CKPS1                           00000005
T1CON                             00000010
T1GINV                            00000007
T1GIV                             00000007
T1GSS                             00000001
T1INSYNC                          00000002
T1OSCEN                           00000003
T1SYNC                            00000002
T2CKPS0                           00000000
T2CKPS1                           00000001
T2CON                             00000012
TMR0                              00000001
TMR0IE                            00000005
TMR0IF                            00000002
TMR0_Delay                        00000012
TMR1                              0000000E
TMR1CS                            00000001
TMR1GE                            00000006
TMR1H                             0000000F
TMR1IE                            00000000
TMR1IF                            00000000
TMR1L                             0000000E
TMR1ON                            00000000
TMR2                              00000011
TMR2IE                            00000001
TMR2IF                            00000001
TMR2ON                            00000002
TOUTPS0                           00000003
TOUTPS1                           00000004
TOUTPS2                           00000005
MPASM 5.75                 PIC_8B_SIMPLE.ASM   10-17-2022  23:17:14         PAGE 11


SYMBOL TABLE
  LABEL                             VALUE 

TOUTPS3                           00000006
TRISA                             00000085
TRISA0                            00000000
TRISA1                            00000001
TRISA2                            00000002
TRISA3                            00000003
TRISA4                            00000004
TRISA5                            00000005
TRISA6                            00000006
TRISA7                            00000007
TRISB                             00000086
TRISB0                            00000000
TRISB1                            00000001
TRISB2                            00000002
TRISB3                            00000003
TRISB4                            00000004
TRISB5                            00000005
TRISB6                            00000006
TRISB7                            00000007
TRISC                             00000087
TRISC0                            00000000
TRISC1                            00000001
TRISC2                            00000002
TRISC3                            00000003
TRISC4                            00000004
TRISC5                            00000005
TRISC6                            00000006
TRISC7                            00000007
TRISD                             00000088
TRISD0                            00000000
TRISD1                            00000001
TRISD2                            00000002
TRISD3                            00000003
TRISD4                            00000004
TRISD5                            00000005
TRISD6                            00000006
TRISD7                            00000007
TRISE                             00000089
TRISE0                            00000000
TRISE1                            00000001
TRISE2                            00000002
TRISE3                            00000003
TRMT                              00000001
TUN0                              00000000
TUN1                              00000001
TUN2                              00000002
TUN3                              00000003
TUN4                              00000004
TX8_9                             00000006
TX9                               00000006
TX9D                              00000000
TXD8                              00000000
TXEN                              00000005
MPASM 5.75                 PIC_8B_SIMPLE.ASM   10-17-2022  23:17:14         PAGE 12


SYMBOL TABLE
  LABEL                             VALUE 

TXIE                              00000004
TXIF                              00000004
TXREG                             00000019
TXSTA                             00000098
UA                                00000001
ULPWUE                            00000005
ULPWUIE                           00000002
ULPWUIF                           00000002
VCFG0                             00000004
VCFG1                             00000005
VR0                               00000000
VR1                               00000001
VR2                               00000002
VR3                               00000003
VRCON                             00000097
VREN                              00000007
VROE                              00000006
VRR                               00000005
VRSS                              00000004
W                                 00000000
WCOL                              00000007
WDTCON                            00000105
WDTPS0                            00000001
WDTPS1                            00000002
WDTPS2                            00000003
WDTPS3                            00000004
WPUB                              00000095
WPUB0                             00000000
WPUB1                             00000001
WPUB2                             00000002
WPUB3                             00000003
WPUB4                             00000004
WPUB5                             00000005
WPUB6                             00000006
WPUB7                             00000007
WR                                00000001
WREN                              00000002
WRERR                             00000003
WUE                               00000001
Z                                 00000002
_BOR21V                           00003EFF
_BOR40V                           00003FFF
_BOR4V_BOR21V                     00003EFF
_BOR4V_BOR40V                     00003FFF
_BOREN_NSLEEP                     00003EFF
_BOREN_OFF                        00003CFF
_BOREN_ON                         00003FFF
_BOREN_SBODEN                     00003DFF
_BOR_NSLEEP                       00003EFF
_BOR_OFF                          00003CFF
_BOR_ON                           00003FFF
_BOR_SBODEN                       00003DFF
_CONFIG1                          00002007
MPASM 5.75                 PIC_8B_SIMPLE.ASM   10-17-2022  23:17:14         PAGE 13


SYMBOL TABLE
  LABEL                             VALUE 

_CONFIG2                          00002008
_CPD_OFF                          00003FFF
_CPD_ON                           00003F7F
_CP_OFF                           00003FFF
_CP_ON                            00003FBF
_DEBUG_OFF                        00003FFF
_DEBUG_ON                         00001FFF
_DEVID1                           00002006
_EC_OSC                           00003FFB
_EXTRC                            00003FFF
_EXTRCIO                          00003FFE
_EXTRC_OSC_CLKOUT                 00003FFF
_EXTRC_OSC_NOCLKOUT               00003FFE
_FCMEN_OFF                        000037FF
_FCMEN_ON                         00003FFF
_FOSC_EC                          00003FFB
_FOSC_EXTRC_CLKOUT                00003FFF
_FOSC_EXTRC_NOCLKOUT              00003FFE
_FOSC_HS                          00003FFA
_FOSC_INTRC_CLKOUT                00003FFD
_FOSC_INTRC_NOCLKOUT              00003FFC
_FOSC_LP                          00003FF8
_FOSC_XT                          00003FF9
_HS_OSC                           00003FFA
_IDLOC0                           00002000
_IDLOC1                           00002001
_IDLOC2                           00002002
_IDLOC3                           00002003
_IESO_OFF                         00003BFF
_IESO_ON                          00003FFF
_INTOSC                           00003FFD
_INTOSCIO                         00003FFC
_INTRC_OSC_CLKOUT                 00003FFD
_INTRC_OSC_NOCLKOUT               00003FFC
_LP_OSC                           00003FF8
_LVP_OFF                          00002FFF
_LVP_ON                           00003FFF
_MCLRE_OFF                        00003FDF
_MCLRE_ON                         00003FFF
_PWRTE_OFF                        00003FFF
_PWRTE_ON                         00003FEF
_WDTE_OFF                         00003FF7
_WDTE_ON                          00003FFF
_WDT_OFF                          00003FF7
_WDT_ON                           00003FFF
_WRT_1FOURTH                      00003BFF
_WRT_256                          00003DFF
_WRT_HALF                         000039FF
_WRT_OFF                          00003FFF
_XT_OSC                           00003FF9
__16F887                          00000001

MPASM 5.75                 PIC_8B_SIMPLE.ASM   10-17-2022  23:17:14         PAGE 14





Errors   :     0
Warnings :     0 reported,     0 suppressed
Messages :     5 reported,     0 suppressed

